ARM GAS  /tmp/ccpr0aft.s 			page 1


   1              		.syntax unified
   2              		.cpu cortex-m4
   3              		.eabi_attribute 27, 3
   4              		.eabi_attribute 28, 1
   5              		.fpu fpv4-sp-d16
   6              		.eabi_attribute 20, 1
   7              		.eabi_attribute 21, 1
   8              		.eabi_attribute 23, 3
   9              		.eabi_attribute 24, 1
  10              		.eabi_attribute 25, 1
  11              		.eabi_attribute 26, 1
  12              		.eabi_attribute 30, 2
  13              		.eabi_attribute 18, 4
  14              		.thumb
  15              		.file	"chcore.c"
  16              		.section	.debug_abbrev,"",%progbits
  17              	.Ldebug_abbrev0:
  18              		.section	.debug_info,"",%progbits
  19              	.Ldebug_info0:
  20              		.section	.debug_line,"",%progbits
  21              	.Ldebug_line0:
  22 0000 5F000000 		.text
  22      02004900 
  22      00000201 
  22      FB0E0D00 
  22      01010101 
  23              	.Ltext0:
  24              		.cfi_sections	.debug_frame
  25              		.section	.text.port_halt,"ax",%progbits
  26              		.align	2
  27              		.p2align 4,,15
  28              		.weak	port_halt
  29              		.thumb
  30              		.thumb_func
  31              		.type	port_halt, %function
  32              	port_halt:
  33              	.LFB7:
  34              		.file 1 "../libs/ChibiOS_2.4.0/os/ports/GCC/ARMCMx/chcore.c"
  35              		.loc 1 46 0
  36              		.cfi_startproc
  37              		@ args = 0, pretend = 0, frame = 0
  38              		@ frame_needed = 0, uses_anonymous_args = 0
  39              		@ link register save eliminated.
  40              		.loc 1 48 0
  41              	@ 48 "../libs/ChibiOS_2.4.0/os/ports/GCC/ARMCMx/chcore.c" 1
  42 0000 72B6     		cpsid   i
  43              	@ 0 "" 2
  44              		.thumb
  45              	.L2:
  46 0002 FEE7     		b	.L2
  47              		.cfi_endproc
  48              	.LFE7:
  49              		.size	port_halt, .-port_halt
  50 0004 AFF30080 		.text
  50      AFF30080 
  50      AFF30080 
  51              	.Letext0:
ARM GAS  /tmp/ccpr0aft.s 			page 2


  52              		.section	.debug_info
  53 0000 87000000 		.4byte	0x87
  54 0004 0200     		.2byte	0x2
  55 0006 00000000 		.4byte	.Ldebug_abbrev0
  56 000a 04       		.byte	0x4
  57 000b 01       		.uleb128 0x1
  58 000c B3000000 		.4byte	.LASF10
  59 0010 01       		.byte	0x1
  60 0011 64000000 		.4byte	.LASF11
  61 0015 BF000000 		.4byte	.LASF12
  62 0019 00000000 		.4byte	0x0
  63 001d 00000000 		.4byte	0x0
  64 0021 00000000 		.4byte	.Ldebug_ranges0+0x0
  65 0025 00000000 		.4byte	.Ldebug_line0
  66 0029 02       		.uleb128 0x2
  67 002a 04       		.byte	0x4
  68 002b 05       		.byte	0x5
  69 002c 696E7400 		.ascii	"int\000"
  70 0030 03       		.uleb128 0x3
  71 0031 04       		.byte	0x4
  72 0032 07       		.byte	0x7
  73 0033 00000000 		.4byte	.LASF0
  74 0037 03       		.uleb128 0x3
  75 0038 01       		.byte	0x1
  76 0039 06       		.byte	0x6
  77 003a 2D000000 		.4byte	.LASF1
  78 003e 03       		.uleb128 0x3
  79 003f 01       		.byte	0x1
  80 0040 08       		.byte	0x8
  81 0041 1F000000 		.4byte	.LASF2
  82 0045 03       		.uleb128 0x3
  83 0046 02       		.byte	0x2
  84 0047 05       		.byte	0x5
  85 0048 43000000 		.4byte	.LASF3
  86 004c 03       		.uleb128 0x3
  87 004d 02       		.byte	0x2
  88 004e 07       		.byte	0x7
  89 004f 97000000 		.4byte	.LASF4
  90 0053 03       		.uleb128 0x3
  91 0054 04       		.byte	0x4
  92 0055 05       		.byte	0x5
  93 0056 AA000000 		.4byte	.LASF5
  94 005a 03       		.uleb128 0x3
  95 005b 04       		.byte	0x4
  96 005c 07       		.byte	0x7
  97 005d 0D000000 		.4byte	.LASF6
  98 0061 03       		.uleb128 0x3
  99 0062 08       		.byte	0x8
 100 0063 05       		.byte	0x5
 101 0064 E9000000 		.4byte	.LASF7
 102 0068 03       		.uleb128 0x3
 103 0069 08       		.byte	0x8
 104 006a 07       		.byte	0x7
 105 006b 4D000000 		.4byte	.LASF8
 106 006f 03       		.uleb128 0x3
 107 0070 01       		.byte	0x1
 108 0071 08       		.byte	0x8
ARM GAS  /tmp/ccpr0aft.s 			page 3


 109 0072 E4000000 		.4byte	.LASF9
 110 0076 04       		.uleb128 0x4
 111 0077 01       		.byte	0x1
 112 0078 39000000 		.4byte	.LASF13
 113 007c 01       		.byte	0x1
 114 007d 2E       		.byte	0x2e
 115 007e 01       		.byte	0x1
 116 007f 00000000 		.4byte	.LFB7
 117 0083 04000000 		.4byte	.LFE7
 118 0087 02       		.byte	0x2
 119 0088 7D       		.byte	0x7d
 120 0089 00       		.sleb128 0
 121 008a 00       		.byte	0x0
 122              		.section	.debug_abbrev
 123 0000 01       		.uleb128 0x1
 124 0001 11       		.uleb128 0x11
 125 0002 01       		.byte	0x1
 126 0003 25       		.uleb128 0x25
 127 0004 0E       		.uleb128 0xe
 128 0005 13       		.uleb128 0x13
 129 0006 0B       		.uleb128 0xb
 130 0007 03       		.uleb128 0x3
 131 0008 0E       		.uleb128 0xe
 132 0009 1B       		.uleb128 0x1b
 133 000a 0E       		.uleb128 0xe
 134 000b 11       		.uleb128 0x11
 135 000c 01       		.uleb128 0x1
 136 000d 52       		.uleb128 0x52
 137 000e 01       		.uleb128 0x1
 138 000f 55       		.uleb128 0x55
 139 0010 06       		.uleb128 0x6
 140 0011 10       		.uleb128 0x10
 141 0012 06       		.uleb128 0x6
 142 0013 00       		.byte	0x0
 143 0014 00       		.byte	0x0
 144 0015 02       		.uleb128 0x2
 145 0016 24       		.uleb128 0x24
 146 0017 00       		.byte	0x0
 147 0018 0B       		.uleb128 0xb
 148 0019 0B       		.uleb128 0xb
 149 001a 3E       		.uleb128 0x3e
 150 001b 0B       		.uleb128 0xb
 151 001c 03       		.uleb128 0x3
 152 001d 08       		.uleb128 0x8
 153 001e 00       		.byte	0x0
 154 001f 00       		.byte	0x0
 155 0020 03       		.uleb128 0x3
 156 0021 24       		.uleb128 0x24
 157 0022 00       		.byte	0x0
 158 0023 0B       		.uleb128 0xb
 159 0024 0B       		.uleb128 0xb
 160 0025 3E       		.uleb128 0x3e
 161 0026 0B       		.uleb128 0xb
 162 0027 03       		.uleb128 0x3
 163 0028 0E       		.uleb128 0xe
 164 0029 00       		.byte	0x0
 165 002a 00       		.byte	0x0
ARM GAS  /tmp/ccpr0aft.s 			page 4


 166 002b 04       		.uleb128 0x4
 167 002c 2E       		.uleb128 0x2e
 168 002d 00       		.byte	0x0
 169 002e 3F       		.uleb128 0x3f
 170 002f 0C       		.uleb128 0xc
 171 0030 03       		.uleb128 0x3
 172 0031 0E       		.uleb128 0xe
 173 0032 3A       		.uleb128 0x3a
 174 0033 0B       		.uleb128 0xb
 175 0034 3B       		.uleb128 0x3b
 176 0035 0B       		.uleb128 0xb
 177 0036 27       		.uleb128 0x27
 178 0037 0C       		.uleb128 0xc
 179 0038 11       		.uleb128 0x11
 180 0039 01       		.uleb128 0x1
 181 003a 12       		.uleb128 0x12
 182 003b 01       		.uleb128 0x1
 183 003c 40       		.uleb128 0x40
 184 003d 0A       		.uleb128 0xa
 185 003e 00       		.byte	0x0
 186 003f 00       		.byte	0x0
 187 0040 00       		.byte	0x0
 188              		.section	.debug_pubnames,"",%progbits
 189 0000 1C000000 		.4byte	0x1c
 190 0004 0200     		.2byte	0x2
 191 0006 00000000 		.4byte	.Ldebug_info0
 192 000a 8B000000 		.4byte	0x8b
 193 000e 76000000 		.4byte	0x76
 194 0012 706F7274 		.ascii	"port_halt\000"
 194      5F68616C 
 194      7400
 195 001c 00000000 		.4byte	0x0
 196              		.section	.debug_pubtypes,"",%progbits
 197 0000 0E000000 		.4byte	0xe
 198 0004 0200     		.2byte	0x2
 199 0006 00000000 		.4byte	.Ldebug_info0
 200 000a 8B000000 		.4byte	0x8b
 201 000e 00000000 		.4byte	0x0
 202              		.section	.debug_aranges,"",%progbits
 203 0000 1C000000 		.4byte	0x1c
 204 0004 0200     		.2byte	0x2
 205 0006 00000000 		.4byte	.Ldebug_info0
 206 000a 04       		.byte	0x4
 207 000b 00       		.byte	0x0
 208 000c 0000     		.2byte	0x0
 209 000e 0000     		.2byte	0x0
 210 0010 00000000 		.4byte	.LFB7
 211 0014 04000000 		.4byte	.LFE7-.LFB7
 212 0018 00000000 		.4byte	0x0
 213 001c 00000000 		.4byte	0x0
 214              		.section	.debug_ranges,"",%progbits
 215              	.Ldebug_ranges0:
 216 0000 00000000 		.4byte	.LFB7
 217 0004 04000000 		.4byte	.LFE7
 218 0008 00000000 		.4byte	0x0
 219 000c 00000000 		.4byte	0x0
 220              		.section	.debug_str,"MS",%progbits,1
ARM GAS  /tmp/ccpr0aft.s 			page 5


 221              	.LASF0:
 222 0000 756E7369 		.ascii	"unsigned int\000"
 222      676E6564 
 222      20696E74 
 222      00
 223              	.LASF6:
 224 000d 6C6F6E67 		.ascii	"long unsigned int\000"
 224      20756E73 
 224      69676E65 
 224      6420696E 
 224      7400
 225              	.LASF2:
 226 001f 756E7369 		.ascii	"unsigned char\000"
 226      676E6564 
 226      20636861 
 226      7200
 227              	.LASF1:
 228 002d 7369676E 		.ascii	"signed char\000"
 228      65642063 
 228      68617200 
 229              	.LASF13:
 230 0039 706F7274 		.ascii	"port_halt\000"
 230      5F68616C 
 230      7400
 231              	.LASF3:
 232 0043 73686F72 		.ascii	"short int\000"
 232      7420696E 
 232      7400
 233              	.LASF8:
 234 004d 6C6F6E67 		.ascii	"long long unsigned int\000"
 234      206C6F6E 
 234      6720756E 
 234      7369676E 
 234      65642069 
 235              	.LASF11:
 236 0064 2E2E2F6C 		.ascii	"../libs/ChibiOS_2.4.0/os/ports/GCC/ARMCMx/chcore.c\000"
 236      6962732F 
 236      43686962 
 236      694F535F 
 236      322E342E 
 237              	.LASF4:
 238 0097 73686F72 		.ascii	"short unsigned int\000"
 238      7420756E 
 238      7369676E 
 238      65642069 
 238      6E7400
 239              	.LASF5:
 240 00aa 6C6F6E67 		.ascii	"long int\000"
 240      20696E74 
 240      00
 241              	.LASF10:
 242 00b3 474E5520 		.ascii	"GNU C 4.5.2\000"
 242      4320342E 
 242      352E3200 
 243              	.LASF12:
 244 00bf 2F686F6D 		.ascii	"/home/stm32/Workspace/FirmwareSpykee\000"
 244      652F7374 
ARM GAS  /tmp/ccpr0aft.s 			page 6


 244      6D33322F 
 244      576F726B 
 244      73706163 
 245              	.LASF9:
 246 00e4 63686172 		.ascii	"char\000"
 246      00
 247              	.LASF7:
 248 00e9 6C6F6E67 		.ascii	"long long int\000"
 248      206C6F6E 
 248      6720696E 
 248      7400
 249              		.ident	"GCC: (Sourcery G++ Lite 2011.03-42) 4.5.2"
ARM GAS  /tmp/ccpr0aft.s 			page 7


DEFINED SYMBOLS
                            *ABS*:00000000 chcore.c
     /tmp/ccpr0aft.s:26     .text.port_halt:00000000 $t
     /tmp/ccpr0aft.s:32     .text.port_halt:00000000 port_halt
                     .debug_frame:00000010 $d

NO UNDEFINED SYMBOLS
