ARM GAS  /tmp/ccKnu8Um.s 			page 1


   1              		.syntax unified
   2              		.cpu cortex-m4
   3              		.eabi_attribute 27, 3
   4              		.eabi_attribute 28, 1
   5              		.fpu fpv4-sp-d16
   6              		.eabi_attribute 20, 1
   7              		.eabi_attribute 21, 1
   8              		.eabi_attribute 23, 3
   9              		.eabi_attribute 24, 1
  10              		.eabi_attribute 25, 1
  11              		.eabi_attribute 26, 1
  12              		.eabi_attribute 30, 2
  13              		.eabi_attribute 18, 4
  14              		.thumb
  15              		.file	"chdebug.c"
  16              		.section	.debug_abbrev,"",%progbits
  17              	.Ldebug_abbrev0:
  18              		.section	.debug_info,"",%progbits
  19              	.Ldebug_info0:
  20              		.section	.debug_line,"",%progbits
  21              	.Ldebug_line0:
  22 0000 19000000 		.text
  22      02001300 
  22      00000201 
  22      FB0E0D00 
  22      01010101 
  23              	.Ltext0:
  24              		.cfi_sections	.debug_frame
  25              	.Letext0:
  26              		.section	.debug_info
  27 0000 6F000000 		.4byte	0x6f
  28 0004 0200     		.2byte	0x2
  29 0006 00000000 		.4byte	.Ldebug_abbrev0
  30 000a 04       		.byte	0x4
  31 000b 01       		.uleb128 0x1
  32 000c B7000000 		.4byte	.LASF10
  33 0010 01       		.byte	0x1
  34 0011 0D000000 		.4byte	.LASF11
  35 0015 3B000000 		.4byte	.LASF12
  36 0019 00000000 		.4byte	.Ltext0
  37 001d 00000000 		.4byte	.Letext0
  38 0021 00000000 		.4byte	.Ldebug_line0
  39 0025 02       		.uleb128 0x2
  40 0026 04       		.byte	0x4
  41 0027 05       		.byte	0x5
  42 0028 696E7400 		.ascii	"int\000"
  43 002c 03       		.uleb128 0x3
  44 002d 04       		.byte	0x4
  45 002e 07       		.byte	0x7
  46 002f 00000000 		.4byte	.LASF0
  47 0033 03       		.uleb128 0x3
  48 0034 01       		.byte	0x1
  49 0035 06       		.byte	0x6
  50 0036 60000000 		.4byte	.LASF1
  51 003a 03       		.uleb128 0x3
  52 003b 01       		.byte	0x1
  53 003c 08       		.byte	0x8
ARM GAS  /tmp/ccKnu8Um.s 			page 2


  54 003d A0000000 		.4byte	.LASF2
  55 0041 03       		.uleb128 0x3
  56 0042 02       		.byte	0x2
  57 0043 05       		.byte	0x5
  58 0044 7F000000 		.4byte	.LASF3
  59 0048 03       		.uleb128 0x3
  60 0049 02       		.byte	0x2
  61 004a 07       		.byte	0x7
  62 004b 6C000000 		.4byte	.LASF4
  63 004f 03       		.uleb128 0x3
  64 0050 04       		.byte	0x4
  65 0051 05       		.byte	0x5
  66 0052 AE000000 		.4byte	.LASF5
  67 0056 03       		.uleb128 0x3
  68 0057 04       		.byte	0x4
  69 0058 07       		.byte	0x7
  70 0059 C3000000 		.4byte	.LASF6
  71 005d 03       		.uleb128 0x3
  72 005e 08       		.byte	0x8
  73 005f 05       		.byte	0x5
  74 0060 DA000000 		.4byte	.LASF7
  75 0064 03       		.uleb128 0x3
  76 0065 08       		.byte	0x8
  77 0066 07       		.byte	0x7
  78 0067 89000000 		.4byte	.LASF8
  79 006b 03       		.uleb128 0x3
  80 006c 01       		.byte	0x1
  81 006d 08       		.byte	0x8
  82 006e D5000000 		.4byte	.LASF9
  83 0072 00       		.byte	0x0
  84              		.section	.debug_abbrev
  85 0000 01       		.uleb128 0x1
  86 0001 11       		.uleb128 0x11
  87 0002 01       		.byte	0x1
  88 0003 25       		.uleb128 0x25
  89 0004 0E       		.uleb128 0xe
  90 0005 13       		.uleb128 0x13
  91 0006 0B       		.uleb128 0xb
  92 0007 03       		.uleb128 0x3
  93 0008 0E       		.uleb128 0xe
  94 0009 1B       		.uleb128 0x1b
  95 000a 0E       		.uleb128 0xe
  96 000b 11       		.uleb128 0x11
  97 000c 01       		.uleb128 0x1
  98 000d 12       		.uleb128 0x12
  99 000e 01       		.uleb128 0x1
 100 000f 10       		.uleb128 0x10
 101 0010 06       		.uleb128 0x6
 102 0011 00       		.byte	0x0
 103 0012 00       		.byte	0x0
 104 0013 02       		.uleb128 0x2
 105 0014 24       		.uleb128 0x24
 106 0015 00       		.byte	0x0
 107 0016 0B       		.uleb128 0xb
 108 0017 0B       		.uleb128 0xb
 109 0018 3E       		.uleb128 0x3e
 110 0019 0B       		.uleb128 0xb
ARM GAS  /tmp/ccKnu8Um.s 			page 3


 111 001a 03       		.uleb128 0x3
 112 001b 08       		.uleb128 0x8
 113 001c 00       		.byte	0x0
 114 001d 00       		.byte	0x0
 115 001e 03       		.uleb128 0x3
 116 001f 24       		.uleb128 0x24
 117 0020 00       		.byte	0x0
 118 0021 0B       		.uleb128 0xb
 119 0022 0B       		.uleb128 0xb
 120 0023 3E       		.uleb128 0x3e
 121 0024 0B       		.uleb128 0xb
 122 0025 03       		.uleb128 0x3
 123 0026 0E       		.uleb128 0xe
 124 0027 00       		.byte	0x0
 125 0028 00       		.byte	0x0
 126 0029 00       		.byte	0x0
 127              		.section	.debug_pubtypes,"",%progbits
 128 0000 0E000000 		.4byte	0xe
 129 0004 0200     		.2byte	0x2
 130 0006 00000000 		.4byte	.Ldebug_info0
 131 000a 73000000 		.4byte	0x73
 132 000e 00000000 		.4byte	0x0
 133              		.section	.debug_str,"MS",%progbits,1
 134              	.LASF0:
 135 0000 756E7369 		.ascii	"unsigned int\000"
 135      676E6564 
 135      20696E74 
 135      00
 136              	.LASF11:
 137 000d 2E2E2F6C 		.ascii	"../libs/ChibiOS_2.4.0/os/kernel/src/chdebug.c\000"
 137      6962732F 
 137      43686962 
 137      694F535F 
 137      322E342E 
 138              	.LASF12:
 139 003b 2F686F6D 		.ascii	"/home/stm32/Workspace/FirmwareSpykee\000"
 139      652F7374 
 139      6D33322F 
 139      576F726B 
 139      73706163 
 140              	.LASF1:
 141 0060 7369676E 		.ascii	"signed char\000"
 141      65642063 
 141      68617200 
 142              	.LASF4:
 143 006c 73686F72 		.ascii	"short unsigned int\000"
 143      7420756E 
 143      7369676E 
 143      65642069 
 143      6E7400
 144              	.LASF3:
 145 007f 73686F72 		.ascii	"short int\000"
 145      7420696E 
 145      7400
 146              	.LASF8:
 147 0089 6C6F6E67 		.ascii	"long long unsigned int\000"
 147      206C6F6E 
ARM GAS  /tmp/ccKnu8Um.s 			page 4


 147      6720756E 
 147      7369676E 
 147      65642069 
 148              	.LASF2:
 149 00a0 756E7369 		.ascii	"unsigned char\000"
 149      676E6564 
 149      20636861 
 149      7200
 150              	.LASF5:
 151 00ae 6C6F6E67 		.ascii	"long int\000"
 151      20696E74 
 151      00
 152              	.LASF10:
 153 00b7 474E5520 		.ascii	"GNU C 4.5.2\000"
 153      4320342E 
 153      352E3200 
 154              	.LASF6:
 155 00c3 6C6F6E67 		.ascii	"long unsigned int\000"
 155      20756E73 
 155      69676E65 
 155      6420696E 
 155      7400
 156              	.LASF9:
 157 00d5 63686172 		.ascii	"char\000"
 157      00
 158              	.LASF7:
 159 00da 6C6F6E67 		.ascii	"long long int\000"
 159      206C6F6E 
 159      6720696E 
 159      7400
 160              		.ident	"GCC: (Sourcery G++ Lite 2011.03-42) 4.5.2"
ARM GAS  /tmp/ccKnu8Um.s 			page 5


DEFINED SYMBOLS
                            *ABS*:00000000 chdebug.c

NO UNDEFINED SYMBOLS
