ARM GAS  /tmp/cchsVHEX.s 			page 1


   1              		.syntax unified
   2              		.cpu cortex-m4
   3              		.eabi_attribute 27, 3
   4              		.eabi_attribute 28, 1
   5              		.fpu fpv4-sp-d16
   6              		.eabi_attribute 20, 1
   7              		.eabi_attribute 21, 1
   8              		.eabi_attribute 23, 3
   9              		.eabi_attribute 24, 1
  10              		.eabi_attribute 25, 1
  11              		.eabi_attribute 26, 1
  12              		.eabi_attribute 30, 2
  13              		.eabi_attribute 18, 4
  14              		.thumb
  15              		.file	"chheap.c"
  16              		.section	.debug_abbrev,"",%progbits
  17              	.Ldebug_abbrev0:
  18              		.section	.debug_info,"",%progbits
  19              	.Ldebug_info0:
  20              		.section	.debug_line,"",%progbits
  21              	.Ldebug_line0:
  22 0000 AF020000 		.text
  22      0200BE01 
  22      00000201 
  22      FB0E0D00 
  22      01010101 
  23              	.Ltext0:
  24              		.cfi_sections	.debug_frame
  25              		.section	.text._heap_init,"ax",%progbits
  26              		.align	2
  27              		.p2align 4,,15
  28              		.global	_heap_init
  29              		.thumb
  30              		.thumb_func
  31              		.type	_heap_init, %function
  32              	_heap_init:
  33              	.LFB7:
  34              		.file 1 "../libs/ChibiOS_2.4.0/os/kernel/src/chheap.c"
  35              		.loc 1 75 0
  36              		.cfi_startproc
  37              		@ args = 0, pretend = 0, frame = 0
  38              		@ frame_needed = 0, uses_anonymous_args = 0
  39              		@ link register save eliminated.
  40              		.loc 1 76 0
  41 0000 044B     		ldr	r3, .L2
  42 0002 0549     		ldr	r1, .L2+4
  43              		.loc 1 77 0
  44 0004 0022     		movs	r2, #0
  45              		.loc 1 80 0
  46 0006 03F11000 		add	r0, r3, #16
  47              		.loc 1 76 0
  48 000a 1960     		str	r1, [r3, #0]
  49              		.loc 1 77 0
  50 000c 9A60     		str	r2, [r3, #8]
  51              		.loc 1 78 0
  52 000e DA60     		str	r2, [r3, #12]
  53              		.loc 1 84 0
ARM GAS  /tmp/cchsVHEX.s 			page 2


  54              		.loc 1 80 0
  55 0010 FFF7FEBF 		b	chMtxInit
  56              	.L3:
  57              		.align	2
  58              	.L2:
  59 0014 00000000 		.word	.LANCHOR0
  60 0018 00000000 		.word	chCoreAlloc
  61              		.cfi_endproc
  62              	.LFE7:
  63              		.size	_heap_init, .-_heap_init
  64 001c AFF30080 		.section	.text.chHeapInit,"ax",%progbits
  65              		.align	2
  66              		.p2align 4,,15
  67              		.global	chHeapInit
  68              		.thumb
  69              		.thumb_func
  70              		.type	chHeapInit, %function
  71              	chHeapInit:
  72              	.LFB8:
  73              		.loc 1 99 0
  74              		.cfi_startproc
  75              		@ args = 0, pretend = 0, frame = 0
  76              		@ frame_needed = 0, uses_anonymous_args = 0
  77              		@ link register save eliminated.
  78              	.LVL0:
  79              		.loc 1 104 0
  80 0000 0023     		movs	r3, #0
  81 0002 0360     		str	r3, [r0, #0]
  82              	.LVL1:
  83              		.loc 1 105 0
  84 0004 8160     		str	r1, [r0, #8]
  85              		.loc 1 106 0
  86 0006 C360     		str	r3, [r0, #12]
  87              		.loc 1 108 0
  88 0008 083A     		subs	r2, r2, #8
  89              	.LVL2:
  90              		.loc 1 110 0
  91 000a 1030     		adds	r0, r0, #16
  92              	.LVL3:
  93              		.loc 1 107 0
  94 000c 0B60     		str	r3, [r1, #0]
  95              		.loc 1 108 0
  96 000e 4A60     		str	r2, [r1, #4]
  97              		.loc 1 114 0
  98              		.loc 1 110 0
  99 0010 FFF7FEBF 		b	chMtxInit
 100              		.cfi_endproc
 101              	.LFE8:
 102              		.size	chHeapInit, .-chHeapInit
 103 0014 AFF30080 		.section	.text.chHeapAlloc,"ax",%progbits
 103      AFF30080 
 103      AFF30080 
 104              		.align	2
 105              		.p2align 4,,15
 106              		.global	chHeapAlloc
 107              		.thumb
 108              		.thumb_func
ARM GAS  /tmp/cchsVHEX.s 			page 3


 109              		.type	chHeapAlloc, %function
 110              	chHeapAlloc:
 111              	.LFB9:
 112              		.loc 1 132 0
 113              		.cfi_startproc
 114              		@ args = 0, pretend = 0, frame = 0
 115              		@ frame_needed = 0, uses_anonymous_args = 0
 116              	.LVL4:
 117 0000 F8B5     		push	{r3, r4, r5, r6, r7, lr}
 118              	.LCFI0:
 119              		.cfi_def_cfa_offset 24
 120              		.loc 1 136 0
 121 0002 204C     		ldr	r4, .L19
 122              		.cfi_offset 14, -4
 123              		.cfi_offset 7, -8
 124              		.cfi_offset 6, -12
 125              		.cfi_offset 5, -16
 126              		.cfi_offset 4, -20
 127              		.cfi_offset 3, -24
 128 0004 0028     		cmp	r0, #0
 129 0006 18BF     		it	ne
 130 0008 0446     		movne	r4, r0
 131              	.LVL5:
 132              		.loc 1 138 0
 133 000a 0731     		adds	r1, r1, #7
 134              	.LVL6:
 135              		.loc 1 140 0
 136 000c 04F11000 		add	r0, r4, #16
 137              		.loc 1 138 0
 138 0010 21F00706 		bic	r6, r1, #7
 139              	.LVL7:
 140              		.loc 1 139 0
 141 0014 04F10805 		add	r5, r4, #8
 142              	.LVL8:
 143              		.loc 1 140 0
 144 0018 FFF7FEFF 		bl	chMtxLock
 145              		.loc 1 142 0
 146 001c 00E0     		b	.L7
 147              	.LVL9:
 148              	.L13:
 149              		.loc 1 144 0
 150 001e 1D46     		mov	r5, r3
 151              	.LVL10:
 152              	.L7:
 153              		.loc 1 142 0 discriminator 1
 154 0020 2B68     		ldr	r3, [r5, #0]
 155 0022 F3B1     		cbz	r3, .L17
 156              	.LVL11:
 157              		.loc 1 144 0
 158 0024 5A68     		ldr	r2, [r3, #4]
 159 0026 9642     		cmp	r6, r2
 160 0028 F9D8     		bhi	.L13
 161              		.loc 1 145 0
 162 002a 06F10801 		add	r1, r6, #8
 163 002e 8A42     		cmp	r2, r1
 164 0030 14D3     		bcc	.L18
 165              		.loc 1 155 0
ARM GAS  /tmp/cchsVHEX.s 			page 4


 166 0032 6FF00700 		mvn	r0, #7
 167              		.loc 1 153 0
 168 0036 5F18     		adds	r7, r3, r1
 169              	.LVL12:
 170              		.loc 1 154 0
 171 0038 D3F800E0 		ldr	lr, [r3, #0]
 172              		.loc 1 155 0
 173 003c C6EB000C 		rsb	ip, r6, r0
 174 0040 0CEB0200 		add	r0, ip, r2
 175              		.loc 1 154 0
 176 0044 43F801E0 		str	lr, [r3, r1]
 177              		.loc 1 155 0
 178 0048 7860     		str	r0, [r7, #4]
 179              		.loc 1 156 0
 180 004a 2F60     		str	r7, [r5, #0]
 181              		.loc 1 157 0
 182 004c 5E60     		str	r6, [r3, #4]
 183              	.LVL13:
 184              	.L9:
 185              		.loc 1 159 0
 186 004e 1D46     		mov	r5, r3
 187              	.LVL14:
 188 0050 45F8084B 		str	r4, [r5], #8
 189              		.loc 1 161 0
 190 0054 FFF7FEFF 		bl	chMtxUnlock
 191              	.LVL15:
 192              	.L10:
 193              		.loc 1 181 0
 194 0058 2846     		mov	r0, r5
 195 005a F8BD     		pop	{r3, r4, r5, r6, r7, pc}
 196              	.LVL16:
 197              	.L18:
 198              		.loc 1 149 0
 199 005c 1A68     		ldr	r2, [r3, #0]
 200 005e 2A60     		str	r2, [r5, #0]
 201 0060 F5E7     		b	.L9
 202              	.LVL17:
 203              	.L17:
 204              		.loc 1 167 0
 205 0062 FFF7FEFF 		bl	chMtxUnlock
 206              		.loc 1 171 0
 207 0066 2568     		ldr	r5, [r4, #0]
 208              	.LVL18:
 209 0068 002D     		cmp	r5, #0
 210 006a F5D0     		beq	.L10
 211              		.loc 1 172 0
 212 006c 06F10800 		add	r0, r6, #8
 213 0070 A847     		blx	r5
 214              	.LVL19:
 215              		.loc 1 173 0
 216 0072 20B1     		cbz	r0, .L15
 217              		.loc 1 174 0
 218 0074 0460     		str	r4, [r0, #0]
 219              		.loc 1 175 0
 220 0076 4660     		str	r6, [r0, #4]
 221              		.loc 1 176 0
 222 0078 00F10805 		add	r5, r0, #8
ARM GAS  /tmp/cchsVHEX.s 			page 5


 223              	.LVL20:
 224              		.loc 1 177 0
 225 007c ECE7     		b	.L10
 226              	.LVL21:
 227              	.L15:
 228              		.loc 1 180 0
 229 007e 0546     		mov	r5, r0
 230 0080 EAE7     		b	.L10
 231              	.L20:
 232 0082 00BF     		.align	2
 233              	.L19:
 234 0084 00000000 		.word	.LANCHOR0
 235              		.cfi_endproc
 236              	.LFE9:
 237              		.size	chHeapAlloc, .-chHeapAlloc
 238 0088 AFF30080 		.section	.text.chHeapFree,"ax",%progbits
 238      AFF30080 
 239              		.align	2
 240              		.p2align 4,,15
 241              		.global	chHeapFree
 242              		.thumb
 243              		.thumb_func
 244              		.type	chHeapFree, %function
 245              	chHeapFree:
 246              	.LFB10:
 247              		.loc 1 194 0
 248              		.cfi_startproc
 249              		@ args = 0, pretend = 0, frame = 0
 250              		@ frame_needed = 0, uses_anonymous_args = 0
 251              	.LVL22:
 252 0000 70B5     		push	{r4, r5, r6, lr}
 253              	.LCFI1:
 254              		.cfi_def_cfa_offset 16
 255              		.loc 1 194 0
 256 0002 0646     		mov	r6, r0
 257              		.cfi_offset 14, -4
 258              		.cfi_offset 6, -8
 259              		.cfi_offset 5, -12
 260              		.cfi_offset 4, -16
 261              		.loc 1 200 0
 262 0004 A0F10804 		sub	r4, r0, #8
 263              	.LVL23:
 264              		.loc 1 201 0
 265 0008 50F8080C 		ldr	r0, [r0, #-8]
 266              	.LVL24:
 267              		.loc 1 202 0
 268 000c 00F10805 		add	r5, r0, #8
 269              	.LVL25:
 270              		.loc 1 203 0
 271 0010 1030     		adds	r0, r0, #16
 272 0012 FFF7FEFF 		bl	chMtxLock
 273              	.LVL26:
 274              		.loc 1 202 0
 275 0016 2B46     		mov	r3, r5
 276              		.loc 1 210 0
 277 0018 AB42     		cmp	r3, r5
 278 001a 05D0     		beq	.L22
ARM GAS  /tmp/cchsVHEX.s 			page 6


 279              	.LVL27:
 280              	.L29:
 281              		.loc 1 210 0 is_stmt 0 discriminator 2
 282 001c A342     		cmp	r3, r4
 283 001e 03D3     		bcc	.L22
 284              		.loc 1 224 0 is_stmt 1
 285 0020 1A68     		ldr	r2, [r3, #0]
 286              	.L25:
 287              	.LVL28:
 288              		.loc 1 228 0
 289 0022 1346     		mov	r3, r2
 290              		.loc 1 210 0
 291 0024 AB42     		cmp	r3, r5
 292 0026 F9D1     		bne	.L29
 293              	.LVL29:
 294              	.L22:
 295              		.loc 1 211 0 discriminator 1
 296 0028 1A68     		ldr	r2, [r3, #0]
 297              		.loc 1 210 0 discriminator 1
 298 002a 0AB1     		cbz	r2, .L24
 299              		.loc 1 211 0
 300 002c 9442     		cmp	r4, r2
 301 002e F8D2     		bcs	.L25
 302              	.L24:
 303              		.loc 1 216 0
 304 0030 6168     		ldr	r1, [r4, #4]
 305              		.loc 1 213 0
 306 0032 46F8082C 		str	r2, [r6, #-8]
 307              		.loc 1 214 0
 308 0036 1C60     		str	r4, [r3, #0]
 309              		.loc 1 216 0
 310 0038 01F10802 		add	r2, r1, #8
 311 003c 56F8085C 		ldr	r5, [r6, #-8]
 312              	.LVL30:
 313 0040 A018     		adds	r0, r4, r2
 314 0042 A842     		cmp	r0, r5
 315 0044 0AD0     		beq	.L30
 316              		.loc 1 221 0
 317 0046 5A68     		ldr	r2, [r3, #4]
 318 0048 02F1080E 		add	lr, r2, #8
 319 004c 03EB0E0C 		add	ip, r3, lr
 320 0050 A445     		cmp	ip, r4
 321 0052 11D0     		beq	.L31
 322              	.L27:
 323              		.loc 1 233 0
 324 0054 BDE87040 		pop	{r4, r5, r6, lr}
 325              		.loc 1 231 0
 326 0058 FFF7FEBF 		b	chMtxUnlock
 327              	.LVL31:
 328              	.L30:
 329              		.loc 1 218 0
 330 005c 4068     		ldr	r0, [r0, #4]
 331              		.loc 1 219 0
 332 005e A258     		ldr	r2, [r4, r2]
 333              		.loc 1 218 0
 334 0060 0918     		adds	r1, r1, r0
 335 0062 0831     		adds	r1, r1, #8
ARM GAS  /tmp/cchsVHEX.s 			page 7


 336 0064 6160     		str	r1, [r4, #4]
 337              		.loc 1 219 0
 338 0066 46F8082C 		str	r2, [r6, #-8]
 339              		.loc 1 221 0
 340 006a 5A68     		ldr	r2, [r3, #4]
 341 006c 02F1080E 		add	lr, r2, #8
 342 0070 03EB0E0C 		add	ip, r3, lr
 343 0074 A445     		cmp	ip, r4
 344 0076 EDD1     		bne	.L27
 345              	.L31:
 346              		.loc 1 223 0
 347 0078 6068     		ldr	r0, [r4, #4]
 348              		.loc 1 224 0
 349 007a 56F8081C 		ldr	r1, [r6, #-8]
 350              		.loc 1 223 0
 351 007e 1218     		adds	r2, r2, r0
 352 0080 0832     		adds	r2, r2, #8
 353 0082 5A60     		str	r2, [r3, #4]
 354              		.loc 1 224 0
 355 0084 1960     		str	r1, [r3, #0]
 356 0086 E5E7     		b	.L27
 357              		.cfi_endproc
 358              	.LFE10:
 359              		.size	chHeapFree, .-chHeapFree
 360 0088 AFF30080 		.section	.text.chHeapStatus,"ax",%progbits
 360      AFF30080 
 361              		.align	2
 362              		.p2align 4,,15
 363              		.global	chHeapStatus
 364              		.thumb
 365              		.thumb_func
 366              		.type	chHeapStatus, %function
 367              	chHeapStatus:
 368              	.LFB11:
 369              		.loc 1 250 0
 370              		.cfi_startproc
 371              		@ args = 0, pretend = 0, frame = 0
 372              		@ frame_needed = 0, uses_anonymous_args = 0
 373              	.LVL32:
 374 0000 38B5     		push	{r3, r4, r5, lr}
 375              	.LCFI2:
 376              		.cfi_def_cfa_offset 16
 377              		.loc 1 255 0
 378 0002 0E4C     		ldr	r4, .L40
 379              		.cfi_offset 14, -4
 380              		.cfi_offset 5, -8
 381              		.cfi_offset 4, -12
 382              		.cfi_offset 3, -16
 383 0004 0028     		cmp	r0, #0
 384 0006 18BF     		it	ne
 385 0008 0446     		movne	r4, r0
 386              	.LVL33:
 387              		.loc 1 257 0
 388 000a 04F11000 		add	r0, r4, #16
 389              		.loc 1 250 0
 390 000e 0D46     		mov	r5, r1
 391              		.loc 1 257 0
ARM GAS  /tmp/cchsVHEX.s 			page 8


 392 0010 FFF7FEFF 		bl	chMtxLock
 393              	.LVL34:
 394              		.loc 1 260 0
 395 0014 A368     		ldr	r3, [r4, #8]
 396 0016 6BB1     		cbz	r3, .L38
 397              		.loc 1 260 0 is_stmt 0 discriminator 2
 398 0018 0022     		movs	r2, #0
 399 001a 1446     		mov	r4, r2
 400              	.LVL35:
 401              	.L35:
 402              		.loc 1 261 0 is_stmt 1 discriminator 2
 403 001c 5968     		ldr	r1, [r3, #4]
 404              		.loc 1 260 0 discriminator 2
 405 001e 1B68     		ldr	r3, [r3, #0]
 406              		.loc 1 261 0 discriminator 2
 407 0020 5218     		adds	r2, r2, r1
 408              	.LVL36:
 409              		.loc 1 260 0 discriminator 2
 410 0022 0134     		adds	r4, r4, #1
 411              	.LVL37:
 412 0024 002B     		cmp	r3, #0
 413 0026 F9D1     		bne	.L35
 414              	.LVL38:
 415              	.L34:
 416              		.loc 1 262 0
 417 0028 05B1     		cbz	r5, .L36
 418              		.loc 1 263 0
 419 002a 2A60     		str	r2, [r5, #0]
 420              	.L36:
 421              		.loc 1 265 0
 422 002c FFF7FEFF 		bl	chMtxUnlock
 423              		.loc 1 267 0
 424 0030 2046     		mov	r0, r4
 425 0032 38BD     		pop	{r3, r4, r5, pc}
 426              	.LVL39:
 427              	.L38:
 428              		.loc 1 259 0
 429 0034 1A46     		mov	r2, r3
 430              		.loc 1 260 0
 431 0036 1C46     		mov	r4, r3
 432 0038 F6E7     		b	.L34
 433              	.L41:
 434 003a 00BF     		.align	2
 435              	.L40:
 436 003c 00000000 		.word	.LANCHOR0
 437              		.cfi_endproc
 438              	.LFE11:
 439              		.size	chHeapStatus, .-chHeapStatus
 440              		.section	.bss.default_heap,"aw",%nobits
 441              		.align	3
 442              		.set	.LANCHOR0,. + 0
 443              		.type	default_heap, %object
 444              		.size	default_heap, 32
 445              	default_heap:
 446 0000 00000000 		.space	32
 446      00000000 
 446      00000000 
ARM GAS  /tmp/cchsVHEX.s 			page 9


 446      00000000 
 446      00000000 
 447              		.text
 448              	.Letext0:
 449              		.section	.debug_loc,"",%progbits
 450              	.Ldebug_loc0:
 451              	.LLST0:
 452 0000 00000000 		.4byte	.LVL0
 453 0004 0C000000 		.4byte	.LVL3
 454 0008 0100     		.2byte	0x1
 455 000a 50       		.byte	0x50
 456 000b 0C000000 		.4byte	.LVL3
 457 000f 14000000 		.4byte	.LFE8
 458 0013 0300     		.2byte	0x3
 459 0015 70       		.byte	0x70
 460 0016 70       		.sleb128 -16
 461 0017 9F       		.byte	0x9f
 462 0018 00000000 		.4byte	0x0
 463 001c 00000000 		.4byte	0x0
 464              	.LLST1:
 465 0020 00000000 		.4byte	.LVL0
 466 0024 0A000000 		.4byte	.LVL2
 467 0028 0100     		.2byte	0x1
 468 002a 52       		.byte	0x52
 469 002b 0A000000 		.4byte	.LVL2
 470 002f 14000000 		.4byte	.LFE8
 471 0033 0300     		.2byte	0x3
 472 0035 72       		.byte	0x72
 473 0036 08       		.sleb128 8
 474 0037 9F       		.byte	0x9f
 475 0038 00000000 		.4byte	0x0
 476 003c 00000000 		.4byte	0x0
 477              	.LLST2:
 478 0040 00000000 		.4byte	.LFB9
 479 0044 02000000 		.4byte	.LCFI0
 480 0048 0200     		.2byte	0x2
 481 004a 7D       		.byte	0x7d
 482 004b 00       		.sleb128 0
 483 004c 02000000 		.4byte	.LCFI0
 484 0050 88000000 		.4byte	.LFE9
 485 0054 0200     		.2byte	0x2
 486 0056 7D       		.byte	0x7d
 487 0057 18       		.sleb128 24
 488 0058 00000000 		.4byte	0x0
 489 005c 00000000 		.4byte	0x0
 490              	.LLST3:
 491 0060 00000000 		.4byte	.LVL4
 492 0064 0A000000 		.4byte	.LVL5
 493 0068 0100     		.2byte	0x1
 494 006a 50       		.byte	0x50
 495 006b 00000000 		.4byte	0x0
 496 006f 00000000 		.4byte	0x0
 497              	.LLST4:
 498 0073 00000000 		.4byte	.LVL4
 499 0077 0C000000 		.4byte	.LVL6
 500 007b 0100     		.2byte	0x1
 501 007d 51       		.byte	0x51
ARM GAS  /tmp/cchsVHEX.s 			page 10


 502 007e 0C000000 		.4byte	.LVL6
 503 0082 14000000 		.4byte	.LVL7
 504 0086 0300     		.2byte	0x3
 505 0088 71       		.byte	0x71
 506 0089 79       		.sleb128 -7
 507 008a 9F       		.byte	0x9f
 508 008b 14000000 		.4byte	.LVL7
 509 008f 88000000 		.4byte	.LFE9
 510 0093 0100     		.2byte	0x1
 511 0095 56       		.byte	0x56
 512 0096 00000000 		.4byte	0x0
 513 009a 00000000 		.4byte	0x0
 514              	.LLST5:
 515 009e 18000000 		.4byte	.LVL8
 516 00a2 20000000 		.4byte	.LVL10
 517 00a6 0100     		.2byte	0x1
 518 00a8 55       		.byte	0x55
 519 00a9 20000000 		.4byte	.LVL10
 520 00ad 50000000 		.4byte	.LVL14
 521 00b1 0100     		.2byte	0x1
 522 00b3 55       		.byte	0x55
 523 00b4 5C000000 		.4byte	.LVL16
 524 00b8 68000000 		.4byte	.LVL18
 525 00bc 0100     		.2byte	0x1
 526 00be 55       		.byte	0x55
 527 00bf 00000000 		.4byte	0x0
 528 00c3 00000000 		.4byte	0x0
 529              	.LLST6:
 530 00c7 1E000000 		.4byte	.LVL9
 531 00cb 20000000 		.4byte	.LVL10
 532 00cf 0100     		.2byte	0x1
 533 00d1 53       		.byte	0x53
 534 00d2 24000000 		.4byte	.LVL11
 535 00d6 50000000 		.4byte	.LVL14
 536 00da 0200     		.2byte	0x2
 537 00dc 75       		.byte	0x75
 538 00dd 00       		.sleb128 0
 539 00de 50000000 		.4byte	.LVL14
 540 00e2 57000000 		.4byte	.LVL15-1
 541 00e6 0100     		.2byte	0x1
 542 00e8 53       		.byte	0x53
 543 00e9 57000000 		.4byte	.LVL15-1
 544 00ed 58000000 		.4byte	.LVL15
 545 00f1 0300     		.2byte	0x3
 546 00f3 75       		.byte	0x75
 547 00f4 78       		.sleb128 -8
 548 00f5 9F       		.byte	0x9f
 549 00f6 5C000000 		.4byte	.LVL16
 550 00fa 62000000 		.4byte	.LVL17
 551 00fe 0100     		.2byte	0x1
 552 0100 53       		.byte	0x53
 553 0101 72000000 		.4byte	.LVL19
 554 0105 7C000000 		.4byte	.LVL20
 555 0109 0100     		.2byte	0x1
 556 010b 50       		.byte	0x50
 557 010c 7E000000 		.4byte	.LVL21
 558 0110 88000000 		.4byte	.LFE9
ARM GAS  /tmp/cchsVHEX.s 			page 11


 559 0114 0100     		.2byte	0x1
 560 0116 50       		.byte	0x50
 561 0117 00000000 		.4byte	0x0
 562 011b 00000000 		.4byte	0x0
 563              	.LLST7:
 564 011f 38000000 		.4byte	.LVL12
 565 0123 4E000000 		.4byte	.LVL13
 566 0127 0100     		.2byte	0x1
 567 0129 57       		.byte	0x57
 568 012a 00000000 		.4byte	0x0
 569 012e 00000000 		.4byte	0x0
 570              	.LLST8:
 571 0132 00000000 		.4byte	.LFB10
 572 0136 02000000 		.4byte	.LCFI1
 573 013a 0200     		.2byte	0x2
 574 013c 7D       		.byte	0x7d
 575 013d 00       		.sleb128 0
 576 013e 02000000 		.4byte	.LCFI1
 577 0142 88000000 		.4byte	.LFE10
 578 0146 0200     		.2byte	0x2
 579 0148 7D       		.byte	0x7d
 580 0149 10       		.sleb128 16
 581 014a 00000000 		.4byte	0x0
 582 014e 00000000 		.4byte	0x0
 583              	.LLST9:
 584 0152 00000000 		.4byte	.LVL22
 585 0156 0C000000 		.4byte	.LVL24
 586 015a 0100     		.2byte	0x1
 587 015c 50       		.byte	0x50
 588 015d 0C000000 		.4byte	.LVL24
 589 0161 88000000 		.4byte	.LFE10
 590 0165 0100     		.2byte	0x1
 591 0167 56       		.byte	0x56
 592 0168 00000000 		.4byte	0x0
 593 016c 00000000 		.4byte	0x0
 594              	.LLST10:
 595 0170 10000000 		.4byte	.LVL25
 596 0174 1C000000 		.4byte	.LVL27
 597 0178 0100     		.2byte	0x1
 598 017a 55       		.byte	0x55
 599 017b 1C000000 		.4byte	.LVL27
 600 017f 22000000 		.4byte	.LVL28
 601 0183 0100     		.2byte	0x1
 602 0185 53       		.byte	0x53
 603 0186 22000000 		.4byte	.LVL28
 604 018a 28000000 		.4byte	.LVL29
 605 018e 0100     		.2byte	0x1
 606 0190 52       		.byte	0x52
 607 0191 28000000 		.4byte	.LVL29
 608 0195 5B000000 		.4byte	.LVL31-1
 609 0199 0100     		.2byte	0x1
 610 019b 53       		.byte	0x53
 611 019c 5C000000 		.4byte	.LVL31
 612 01a0 88000000 		.4byte	.LFE10
 613 01a4 0100     		.2byte	0x1
 614 01a6 53       		.byte	0x53
 615 01a7 00000000 		.4byte	0x0
ARM GAS  /tmp/cchsVHEX.s 			page 12


 616 01ab 00000000 		.4byte	0x0
 617              	.LLST11:
 618 01af 0C000000 		.4byte	.LVL24
 619 01b3 15000000 		.4byte	.LVL26-1
 620 01b7 0200     		.2byte	0x2
 621 01b9 74       		.byte	0x74
 622 01ba 00       		.sleb128 0
 623 01bb 15000000 		.4byte	.LVL26-1
 624 01bf 40000000 		.4byte	.LVL30
 625 01c3 0300     		.2byte	0x3
 626 01c5 75       		.byte	0x75
 627 01c6 78       		.sleb128 -8
 628 01c7 9F       		.byte	0x9f
 629 01c8 00000000 		.4byte	0x0
 630 01cc 00000000 		.4byte	0x0
 631              	.LLST12:
 632 01d0 00000000 		.4byte	.LFB11
 633 01d4 02000000 		.4byte	.LCFI2
 634 01d8 0200     		.2byte	0x2
 635 01da 7D       		.byte	0x7d
 636 01db 00       		.sleb128 0
 637 01dc 02000000 		.4byte	.LCFI2
 638 01e0 40000000 		.4byte	.LFE11
 639 01e4 0200     		.2byte	0x2
 640 01e6 7D       		.byte	0x7d
 641 01e7 10       		.sleb128 16
 642 01e8 00000000 		.4byte	0x0
 643 01ec 00000000 		.4byte	0x0
 644              	.LLST13:
 645 01f0 00000000 		.4byte	.LVL32
 646 01f4 0A000000 		.4byte	.LVL33
 647 01f8 0100     		.2byte	0x1
 648 01fa 50       		.byte	0x50
 649 01fb 00000000 		.4byte	0x0
 650 01ff 00000000 		.4byte	0x0
 651              	.LLST14:
 652 0203 00000000 		.4byte	.LVL32
 653 0207 13000000 		.4byte	.LVL34-1
 654 020b 0100     		.2byte	0x1
 655 020d 51       		.byte	0x51
 656 020e 13000000 		.4byte	.LVL34-1
 657 0212 40000000 		.4byte	.LFE11
 658 0216 0100     		.2byte	0x1
 659 0218 55       		.byte	0x55
 660 0219 00000000 		.4byte	0x0
 661 021d 00000000 		.4byte	0x0
 662              	.LLST15:
 663 0221 14000000 		.4byte	.LVL34
 664 0225 1C000000 		.4byte	.LVL35
 665 0229 0200     		.2byte	0x2
 666 022b 30       		.byte	0x30
 667 022c 9F       		.byte	0x9f
 668 022d 24000000 		.4byte	.LVL37
 669 0231 28000000 		.4byte	.LVL38
 670 0235 0100     		.2byte	0x1
 671 0237 54       		.byte	0x54
 672 0238 34000000 		.4byte	.LVL39
ARM GAS  /tmp/cchsVHEX.s 			page 13


 673 023c 40000000 		.4byte	.LFE11
 674 0240 0200     		.2byte	0x2
 675 0242 30       		.byte	0x30
 676 0243 9F       		.byte	0x9f
 677 0244 00000000 		.4byte	0x0
 678 0248 00000000 		.4byte	0x0
 679              	.LLST16:
 680 024c 14000000 		.4byte	.LVL34
 681 0250 1C000000 		.4byte	.LVL35
 682 0254 0200     		.2byte	0x2
 683 0256 30       		.byte	0x30
 684 0257 9F       		.byte	0x9f
 685 0258 22000000 		.4byte	.LVL36
 686 025c 28000000 		.4byte	.LVL38
 687 0260 0100     		.2byte	0x1
 688 0262 52       		.byte	0x52
 689 0263 34000000 		.4byte	.LVL39
 690 0267 40000000 		.4byte	.LFE11
 691 026b 0200     		.2byte	0x2
 692 026d 30       		.byte	0x30
 693 026e 9F       		.byte	0x9f
 694 026f 00000000 		.4byte	0x0
 695 0273 00000000 		.4byte	0x0
 696              		.file 2 "/opt/stm32/arm-none-eabi-2011.03/bin/../lib/gcc/arm-none-eabi/4.5.2/include/stddef.h"
 697              		.file 3 "/opt/stm32/arm-none-eabi-2011.03/bin/../lib/gcc/arm-none-eabi/4.5.2/../../../../arm-none-
 698              		.file 4 "../libs/ChibiOS_2.4.0/os/ports/GCC/ARMCMx/chtypes.h"
 699              		.file 5 "../libs/ChibiOS_2.4.0/os/kernel/include/chlists.h"
 700              		.file 6 "../libs/ChibiOS_2.4.0/os/kernel/include/chthreads.h"
 701              		.file 7 "../libs/ChibiOS_2.4.0/os/ports/GCC/ARMCMx/chcore_v7m.h"
 702              		.file 8 "../libs/ChibiOS_2.4.0/os/kernel/include/chmtx.h"
 703              		.file 9 "../libs/ChibiOS_2.4.0/os/kernel/include/chmemcore.h"
 704              		.file 10 "../libs/ChibiOS_2.4.0/os/kernel/include/chheap.h"
 705              		.section	.debug_info
 706 0000 30060000 		.4byte	0x630
 707 0004 0200     		.2byte	0x2
 708 0006 00000000 		.4byte	.Ldebug_abbrev0
 709 000a 04       		.byte	0x4
 710 000b 01       		.uleb128 0x1
 711 000c C5020000 		.4byte	.LASF72
 712 0010 01       		.byte	0x1
 713 0011 0F020000 		.4byte	.LASF73
 714 0015 88000000 		.4byte	.LASF74
 715 0019 00000000 		.4byte	0x0
 716 001d 00000000 		.4byte	0x0
 717 0021 00000000 		.4byte	.Ldebug_ranges0+0x0
 718 0025 00000000 		.4byte	.Ldebug_line0
 719 0029 02       		.uleb128 0x2
 720 002a 04       		.byte	0x4
 721 002b 05       		.byte	0x5
 722 002c 696E7400 		.ascii	"int\000"
 723 0030 03       		.uleb128 0x3
 724 0031 06000000 		.4byte	.LASF2
 725 0035 02       		.byte	0x2
 726 0036 D3       		.byte	0xd3
 727 0037 3B000000 		.4byte	0x3b
 728 003b 04       		.uleb128 0x4
 729 003c 04       		.byte	0x4
ARM GAS  /tmp/cchsVHEX.s 			page 14


 730 003d 07       		.byte	0x7
 731 003e F0000000 		.4byte	.LASF0
 732 0042 04       		.uleb128 0x4
 733 0043 01       		.byte	0x1
 734 0044 06       		.byte	0x6
 735 0045 7C000000 		.4byte	.LASF1
 736 0049 03       		.uleb128 0x3
 737 004a B6020000 		.4byte	.LASF3
 738 004e 03       		.byte	0x3
 739 004f 2A       		.byte	0x2a
 740 0050 54000000 		.4byte	0x54
 741 0054 04       		.uleb128 0x4
 742 0055 01       		.byte	0x1
 743 0056 08       		.byte	0x8
 744 0057 A5010000 		.4byte	.LASF4
 745 005b 04       		.uleb128 0x4
 746 005c 02       		.byte	0x2
 747 005d 05       		.byte	0x5
 748 005e C8010000 		.4byte	.LASF5
 749 0062 04       		.uleb128 0x4
 750 0063 02       		.byte	0x2
 751 0064 07       		.byte	0x7
 752 0065 1C010000 		.4byte	.LASF6
 753 0069 03       		.uleb128 0x3
 754 006a 9D010000 		.4byte	.LASF7
 755 006e 03       		.byte	0x3
 756 006f 4F       		.byte	0x4f
 757 0070 74000000 		.4byte	0x74
 758 0074 04       		.uleb128 0x4
 759 0075 04       		.byte	0x4
 760 0076 05       		.byte	0x5
 761 0077 C7000000 		.4byte	.LASF8
 762 007b 03       		.uleb128 0x3
 763 007c 47020000 		.4byte	.LASF9
 764 0080 03       		.byte	0x3
 765 0081 50       		.byte	0x50
 766 0082 86000000 		.4byte	0x86
 767 0086 04       		.uleb128 0x4
 768 0087 04       		.byte	0x4
 769 0088 07       		.byte	0x7
 770 0089 FD000000 		.4byte	.LASF10
 771 008d 04       		.uleb128 0x4
 772 008e 08       		.byte	0x8
 773 008f 05       		.byte	0x5
 774 0090 6E000000 		.4byte	.LASF11
 775 0094 03       		.uleb128 0x3
 776 0095 14000000 		.4byte	.LASF12
 777 0099 03       		.byte	0x3
 778 009a 78       		.byte	0x78
 779 009b 9F000000 		.4byte	0x9f
 780 009f 04       		.uleb128 0x4
 781 00a0 08       		.byte	0x8
 782 00a1 07       		.byte	0x7
 783 00a2 2A000000 		.4byte	.LASF13
 784 00a6 03       		.uleb128 0x3
 785 00a7 35010000 		.4byte	.LASF14
 786 00ab 04       		.byte	0x4
ARM GAS  /tmp/cchsVHEX.s 			page 15


 787 00ac 2F       		.byte	0x2f
 788 00ad 49000000 		.4byte	0x49
 789 00b1 03       		.uleb128 0x3
 790 00b2 D0000000 		.4byte	.LASF15
 791 00b6 04       		.byte	0x4
 792 00b7 30       		.byte	0x30
 793 00b8 49000000 		.4byte	0x49
 794 00bc 03       		.uleb128 0x3
 795 00bd 86010000 		.4byte	.LASF16
 796 00c1 04       		.byte	0x4
 797 00c2 31       		.byte	0x31
 798 00c3 49000000 		.4byte	0x49
 799 00c7 03       		.uleb128 0x3
 800 00c8 95010000 		.4byte	.LASF17
 801 00cc 04       		.byte	0x4
 802 00cd 32       		.byte	0x32
 803 00ce 7B000000 		.4byte	0x7b
 804 00d2 03       		.uleb128 0x3
 805 00d3 2F010000 		.4byte	.LASF18
 806 00d7 04       		.byte	0x4
 807 00d8 33       		.byte	0x33
 808 00d9 69000000 		.4byte	0x69
 809 00dd 03       		.uleb128 0x3
 810 00de 49010000 		.4byte	.LASF19
 811 00e2 04       		.byte	0x4
 812 00e3 35       		.byte	0x35
 813 00e4 7B000000 		.4byte	0x7b
 814 00e8 03       		.uleb128 0x3
 815 00e9 7B020000 		.4byte	.LASF20
 816 00ed 04       		.byte	0x4
 817 00ee 36       		.byte	0x36
 818 00ef 7B000000 		.4byte	0x7b
 819 00f3 03       		.uleb128 0x3
 820 00f4 FC010000 		.4byte	.LASF21
 821 00f8 05       		.byte	0x5
 822 00f9 2A       		.byte	0x2a
 823 00fa FE000000 		.4byte	0xfe
 824 00fe 05       		.uleb128 0x5
 825 00ff FC010000 		.4byte	.LASF21
 826 0103 48       		.byte	0x48
 827 0104 06       		.byte	0x6
 828 0105 5E       		.byte	0x5e
 829 0106 15020000 		.4byte	0x215
 830 010a 06       		.uleb128 0x6
 831 010b ED010000 		.4byte	.LASF22
 832 010f 06       		.byte	0x6
 833 0110 5F       		.byte	0x5f
 834 0111 3A020000 		.4byte	0x23a
 835 0115 02       		.byte	0x2
 836 0116 23       		.byte	0x23
 837 0117 00       		.uleb128 0x0
 838 0118 06       		.uleb128 0x6
 839 0119 8E010000 		.4byte	.LASF23
 840 011d 06       		.byte	0x6
 841 011e 61       		.byte	0x61
 842 011f 3A020000 		.4byte	0x23a
 843 0123 02       		.byte	0x2
ARM GAS  /tmp/cchsVHEX.s 			page 16


 844 0124 23       		.byte	0x23
 845 0125 04       		.uleb128 0x4
 846 0126 06       		.uleb128 0x6
 847 0127 67000000 		.4byte	.LASF24
 848 012b 06       		.byte	0x6
 849 012c 63       		.byte	0x63
 850 012d C7000000 		.4byte	0xc7
 851 0131 02       		.byte	0x2
 852 0132 23       		.byte	0x23
 853 0133 08       		.uleb128 0x8
 854 0134 06       		.uleb128 0x6
 855 0135 EB020000 		.4byte	.LASF25
 856 0139 06       		.byte	0x6
 857 013a 64       		.byte	0x64
 858 013b 12030000 		.4byte	0x312
 859 013f 02       		.byte	0x2
 860 0140 23       		.byte	0x23
 861 0141 0C       		.uleb128 0xc
 862 0142 06       		.uleb128 0x6
 863 0143 D9000000 		.4byte	.LASF26
 864 0147 06       		.byte	0x6
 865 0148 66       		.byte	0x66
 866 0149 3A020000 		.4byte	0x23a
 867 014d 02       		.byte	0x2
 868 014e 23       		.byte	0x23
 869 014f 10       		.uleb128 0x10
 870 0150 06       		.uleb128 0x6
 871 0151 66010000 		.4byte	.LASF27
 872 0155 06       		.byte	0x6
 873 0156 67       		.byte	0x67
 874 0157 3A020000 		.4byte	0x23a
 875 015b 02       		.byte	0x2
 876 015c 23       		.byte	0x23
 877 015d 14       		.uleb128 0x14
 878 015e 06       		.uleb128 0x6
 879 015f D1020000 		.4byte	.LASF28
 880 0163 06       		.byte	0x6
 881 0164 6E       		.byte	0x6e
 882 0165 89040000 		.4byte	0x489
 883 0169 02       		.byte	0x2
 884 016a 23       		.byte	0x23
 885 016b 18       		.uleb128 0x18
 886 016c 06       		.uleb128 0x6
 887 016d D2010000 		.4byte	.LASF29
 888 0171 06       		.byte	0x6
 889 0172 79       		.byte	0x79
 890 0173 B1000000 		.4byte	0xb1
 891 0177 02       		.byte	0x2
 892 0178 23       		.byte	0x23
 893 0179 1C       		.uleb128 0x1c
 894 017a 06       		.uleb128 0x6
 895 017b F4010000 		.4byte	.LASF30
 896 017f 06       		.byte	0x6
 897 0180 7D       		.byte	0x7d
 898 0181 A6000000 		.4byte	0xa6
 899 0185 02       		.byte	0x2
 900 0186 23       		.byte	0x23
ARM GAS  /tmp/cchsVHEX.s 			page 17


 901 0187 1D       		.uleb128 0x1d
 902 0188 06       		.uleb128 0x6
 903 0189 AF020000 		.4byte	.LASF31
 904 018d 06       		.byte	0x6
 905 018e 82       		.byte	0x82
 906 018f BC000000 		.4byte	0xbc
 907 0193 02       		.byte	0x2
 908 0194 23       		.byte	0x23
 909 0195 1E       		.uleb128 0x1e
 910 0196 06       		.uleb128 0x6
 911 0197 90020000 		.4byte	.LASF32
 912 019b 06       		.byte	0x6
 913 019c 89       		.byte	0x89
 914 019d 35030000 		.4byte	0x335
 915 01a1 02       		.byte	0x2
 916 01a2 23       		.byte	0x23
 917 01a3 20       		.uleb128 0x20
 918 01a4 07       		.uleb128 0x7
 919 01a5 705F7500 		.ascii	"p_u\000"
 920 01a9 06       		.byte	0x6
 921 01aa AE       		.byte	0xae
 922 01ab 54040000 		.4byte	0x454
 923 01af 02       		.byte	0x2
 924 01b0 23       		.byte	0x23
 925 01b1 24       		.uleb128 0x24
 926 01b2 06       		.uleb128 0x6
 927 01b3 F1020000 		.4byte	.LASF33
 928 01b7 06       		.byte	0x6
 929 01b8 B3       		.byte	0xb3
 930 01b9 62020000 		.4byte	0x262
 931 01bd 02       		.byte	0x2
 932 01be 23       		.byte	0x23
 933 01bf 28       		.uleb128 0x28
 934 01c0 06       		.uleb128 0x6
 935 01c1 9E020000 		.4byte	.LASF34
 936 01c5 06       		.byte	0x6
 937 01c6 B9       		.byte	0xb9
 938 01c7 40020000 		.4byte	0x240
 939 01cb 02       		.byte	0x2
 940 01cc 23       		.byte	0x23
 941 01cd 2C       		.uleb128 0x2c
 942 01ce 06       		.uleb128 0x6
 943 01cf 00000000 		.4byte	.LASF35
 944 01d3 06       		.byte	0x6
 945 01d4 BD       		.byte	0xbd
 946 01d5 D2000000 		.4byte	0xd2
 947 01d9 02       		.byte	0x2
 948 01da 23       		.byte	0x23
 949 01db 34       		.uleb128 0x34
 950 01dc 06       		.uleb128 0x6
 951 01dd 3C020000 		.4byte	.LASF36
 952 01e1 06       		.byte	0x6
 953 01e2 C3       		.byte	0xc3
 954 01e3 DD000000 		.4byte	0xdd
 955 01e7 02       		.byte	0x2
 956 01e8 23       		.byte	0x23
 957 01e9 38       		.uleb128 0x38
ARM GAS  /tmp/cchsVHEX.s 			page 18


 958 01ea 06       		.uleb128 0x6
 959 01eb BE010000 		.4byte	.LASF37
 960 01ef 06       		.byte	0x6
 961 01f0 CA       		.byte	0xca
 962 01f1 9B040000 		.4byte	0x49b
 963 01f5 02       		.byte	0x2
 964 01f6 23       		.byte	0x23
 965 01f7 3C       		.uleb128 0x3c
 966 01f8 06       		.uleb128 0x6
 967 01f9 85020000 		.4byte	.LASF38
 968 01fd 06       		.byte	0x6
 969 01fe CE       		.byte	0xce
 970 01ff C7000000 		.4byte	0xc7
 971 0203 02       		.byte	0x2
 972 0204 23       		.byte	0x23
 973 0205 40       		.uleb128 0x40
 974 0206 06       		.uleb128 0x6
 975 0207 AC000000 		.4byte	.LASF39
 976 020b 06       		.byte	0x6
 977 020c D4       		.byte	0xd4
 978 020d 78020000 		.4byte	0x278
 979 0211 02       		.byte	0x2
 980 0212 23       		.byte	0x23
 981 0213 44       		.uleb128 0x44
 982 0214 00       		.byte	0x0
 983 0215 08       		.uleb128 0x8
 984 0216 08       		.byte	0x8
 985 0217 05       		.byte	0x5
 986 0218 61       		.byte	0x61
 987 0219 3A020000 		.4byte	0x23a
 988 021d 06       		.uleb128 0x6
 989 021e ED010000 		.4byte	.LASF22
 990 0222 05       		.byte	0x5
 991 0223 62       		.byte	0x62
 992 0224 3A020000 		.4byte	0x23a
 993 0228 02       		.byte	0x2
 994 0229 23       		.byte	0x23
 995 022a 00       		.uleb128 0x0
 996 022b 06       		.uleb128 0x6
 997 022c 8E010000 		.4byte	.LASF23
 998 0230 05       		.byte	0x5
 999 0231 64       		.byte	0x64
 1000 0232 3A020000 		.4byte	0x23a
 1001 0236 02       		.byte	0x2
 1002 0237 23       		.byte	0x23
 1003 0238 04       		.uleb128 0x4
 1004 0239 00       		.byte	0x0
 1005 023a 09       		.uleb128 0x9
 1006 023b 04       		.byte	0x4
 1007 023c F3000000 		.4byte	0xf3
 1008 0240 03       		.uleb128 0x3
 1009 0241 6E010000 		.4byte	.LASF40
 1010 0245 05       		.byte	0x5
 1011 0246 66       		.byte	0x66
 1012 0247 15020000 		.4byte	0x215
 1013 024b 08       		.uleb128 0x8
 1014 024c 04       		.byte	0x4
ARM GAS  /tmp/cchsVHEX.s 			page 19


 1015 024d 05       		.byte	0x5
 1016 024e 6B       		.byte	0x6b
 1017 024f 62020000 		.4byte	0x262
 1018 0253 06       		.uleb128 0x6
 1019 0254 ED010000 		.4byte	.LASF22
 1020 0258 05       		.byte	0x5
 1021 0259 6D       		.byte	0x6d
 1022 025a 3A020000 		.4byte	0x23a
 1023 025e 02       		.byte	0x2
 1024 025f 23       		.byte	0x23
 1025 0260 00       		.uleb128 0x0
 1026 0261 00       		.byte	0x0
 1027 0262 03       		.uleb128 0x3
 1028 0263 3D010000 		.4byte	.LASF41
 1029 0267 05       		.byte	0x5
 1030 0268 70       		.byte	0x70
 1031 0269 4B020000 		.4byte	0x24b
 1032 026d 03       		.uleb128 0x3
 1033 026e E1000000 		.4byte	.LASF42
 1034 0272 07       		.byte	0x7
 1035 0273 D7       		.byte	0xd7
 1036 0274 78020000 		.4byte	0x278
 1037 0278 0A       		.uleb128 0xa
 1038 0279 04       		.byte	0x4
 1039 027a 03       		.uleb128 0x3
 1040 027b 5B010000 		.4byte	.LASF43
 1041 027f 07       		.byte	0x7
 1042 0280 DD       		.byte	0xdd
 1043 0281 94000000 		.4byte	0x94
 1044 0285 05       		.uleb128 0x5
 1045 0286 97020000 		.4byte	.LASF44
 1046 028a 24       		.byte	0x24
 1047 028b 07       		.byte	0x7
 1048 028c FE       		.byte	0xfe
 1049 028d 12030000 		.4byte	0x312
 1050 0291 0B       		.uleb128 0xb
 1051 0292 723400   		.ascii	"r4\000"
 1052 0295 07       		.byte	0x7
 1053 0296 1101     		.2byte	0x111
 1054 0298 6D020000 		.4byte	0x26d
 1055 029c 02       		.byte	0x2
 1056 029d 23       		.byte	0x23
 1057 029e 00       		.uleb128 0x0
 1058 029f 0B       		.uleb128 0xb
 1059 02a0 723500   		.ascii	"r5\000"
 1060 02a3 07       		.byte	0x7
 1061 02a4 1201     		.2byte	0x112
 1062 02a6 6D020000 		.4byte	0x26d
 1063 02aa 02       		.byte	0x2
 1064 02ab 23       		.byte	0x23
 1065 02ac 04       		.uleb128 0x4
 1066 02ad 0B       		.uleb128 0xb
 1067 02ae 723600   		.ascii	"r6\000"
 1068 02b1 07       		.byte	0x7
 1069 02b2 1301     		.2byte	0x113
 1070 02b4 6D020000 		.4byte	0x26d
 1071 02b8 02       		.byte	0x2
ARM GAS  /tmp/cchsVHEX.s 			page 20


 1072 02b9 23       		.byte	0x23
 1073 02ba 08       		.uleb128 0x8
 1074 02bb 0B       		.uleb128 0xb
 1075 02bc 723700   		.ascii	"r7\000"
 1076 02bf 07       		.byte	0x7
 1077 02c0 1401     		.2byte	0x114
 1078 02c2 6D020000 		.4byte	0x26d
 1079 02c6 02       		.byte	0x2
 1080 02c7 23       		.byte	0x23
 1081 02c8 0C       		.uleb128 0xc
 1082 02c9 0B       		.uleb128 0xb
 1083 02ca 723800   		.ascii	"r8\000"
 1084 02cd 07       		.byte	0x7
 1085 02ce 1501     		.2byte	0x115
 1086 02d0 6D020000 		.4byte	0x26d
 1087 02d4 02       		.byte	0x2
 1088 02d5 23       		.byte	0x23
 1089 02d6 10       		.uleb128 0x10
 1090 02d7 0B       		.uleb128 0xb
 1091 02d8 723900   		.ascii	"r9\000"
 1092 02db 07       		.byte	0x7
 1093 02dc 1601     		.2byte	0x116
 1094 02de 6D020000 		.4byte	0x26d
 1095 02e2 02       		.byte	0x2
 1096 02e3 23       		.byte	0x23
 1097 02e4 14       		.uleb128 0x14
 1098 02e5 0B       		.uleb128 0xb
 1099 02e6 72313000 		.ascii	"r10\000"
 1100 02ea 07       		.byte	0x7
 1101 02eb 1701     		.2byte	0x117
 1102 02ed 6D020000 		.4byte	0x26d
 1103 02f1 02       		.byte	0x2
 1104 02f2 23       		.byte	0x23
 1105 02f3 18       		.uleb128 0x18
 1106 02f4 0B       		.uleb128 0xb
 1107 02f5 72313100 		.ascii	"r11\000"
 1108 02f9 07       		.byte	0x7
 1109 02fa 1801     		.2byte	0x118
 1110 02fc 6D020000 		.4byte	0x26d
 1111 0300 02       		.byte	0x2
 1112 0301 23       		.byte	0x23
 1113 0302 1C       		.uleb128 0x1c
 1114 0303 0B       		.uleb128 0xb
 1115 0304 6C7200   		.ascii	"lr\000"
 1116 0307 07       		.byte	0x7
 1117 0308 1901     		.2byte	0x119
 1118 030a 6D020000 		.4byte	0x26d
 1119 030e 02       		.byte	0x2
 1120 030f 23       		.byte	0x23
 1121 0310 20       		.uleb128 0x20
 1122 0311 00       		.byte	0x0
 1123 0312 0C       		.uleb128 0xc
 1124 0313 0F010000 		.4byte	.LASF45
 1125 0317 04       		.byte	0x4
 1126 0318 07       		.byte	0x7
 1127 0319 2301     		.2byte	0x123
 1128 031b 2F030000 		.4byte	0x32f
ARM GAS  /tmp/cchsVHEX.s 			page 21


 1129 031f 0B       		.uleb128 0xb
 1130 0320 72313300 		.ascii	"r13\000"
 1131 0324 07       		.byte	0x7
 1132 0325 2401     		.2byte	0x124
 1133 0327 2F030000 		.4byte	0x32f
 1134 032b 02       		.byte	0x2
 1135 032c 23       		.byte	0x23
 1136 032d 00       		.uleb128 0x0
 1137 032e 00       		.byte	0x0
 1138 032f 09       		.uleb128 0x9
 1139 0330 04       		.byte	0x4
 1140 0331 85020000 		.4byte	0x285
 1141 0335 0D       		.uleb128 0xd
 1142 0336 E8000000 		.4byte	0xe8
 1143 033a 05       		.uleb128 0x5
 1144 033b 55010000 		.4byte	.LASF46
 1145 033f 10       		.byte	0x10
 1146 0340 08       		.byte	0x8
 1147 0341 2C       		.byte	0x2c
 1148 0342 71030000 		.4byte	0x371
 1149 0346 06       		.uleb128 0x6
 1150 0347 B4000000 		.4byte	.LASF47
 1151 034b 08       		.byte	0x8
 1152 034c 2D       		.byte	0x2d
 1153 034d 40020000 		.4byte	0x240
 1154 0351 02       		.byte	0x2
 1155 0352 23       		.byte	0x23
 1156 0353 00       		.uleb128 0x0
 1157 0354 06       		.uleb128 0x6
 1158 0355 E3020000 		.4byte	.LASF48
 1159 0359 08       		.byte	0x8
 1160 035a 2F       		.byte	0x2f
 1161 035b 3A020000 		.4byte	0x23a
 1162 035f 02       		.byte	0x2
 1163 0360 23       		.byte	0x23
 1164 0361 08       		.uleb128 0x8
 1165 0362 06       		.uleb128 0x6
 1166 0363 74020000 		.4byte	.LASF49
 1167 0367 08       		.byte	0x8
 1168 0368 31       		.byte	0x31
 1169 0369 71030000 		.4byte	0x371
 1170 036d 02       		.byte	0x2
 1171 036e 23       		.byte	0x23
 1172 036f 0C       		.uleb128 0xc
 1173 0370 00       		.byte	0x0
 1174 0371 09       		.uleb128 0x9
 1175 0372 04       		.byte	0x4
 1176 0373 3A030000 		.4byte	0x33a
 1177 0377 03       		.uleb128 0x3
 1178 0378 55010000 		.4byte	.LASF46
 1179 037c 08       		.byte	0x8
 1180 037d 33       		.byte	0x33
 1181 037e 3A030000 		.4byte	0x33a
 1182 0382 03       		.uleb128 0x3
 1183 0383 1D000000 		.4byte	.LASF50
 1184 0387 09       		.byte	0x9
 1185 0388 2C       		.byte	0x2c
ARM GAS  /tmp/cchsVHEX.s 			page 22


 1186 0389 8D030000 		.4byte	0x38d
 1187 038d 09       		.uleb128 0x9
 1188 038e 04       		.byte	0x4
 1189 038f 93030000 		.4byte	0x393
 1190 0393 0E       		.uleb128 0xe
 1191 0394 01       		.byte	0x1
 1192 0395 78020000 		.4byte	0x278
 1193 0399 A3030000 		.4byte	0x3a3
 1194 039d 0F       		.uleb128 0xf
 1195 039e 30000000 		.4byte	0x30
 1196 03a2 00       		.byte	0x0
 1197 03a3 03       		.uleb128 0x3
 1198 03a4 7B010000 		.4byte	.LASF51
 1199 03a8 0A       		.byte	0xa
 1200 03a9 34       		.byte	0x34
 1201 03aa AE030000 		.4byte	0x3ae
 1202 03ae 05       		.uleb128 0x5
 1203 03af FB020000 		.4byte	.LASF52
 1204 03b3 20       		.byte	0x20
 1205 03b4 0A       		.byte	0xa
 1206 03b5 47       		.byte	0x47
 1207 03b6 E5030000 		.4byte	0x3e5
 1208 03ba 06       		.uleb128 0x6
 1209 03bb B3010000 		.4byte	.LASF53
 1210 03bf 0A       		.byte	0xa
 1211 03c0 48       		.byte	0x48
 1212 03c1 82030000 		.4byte	0x382
 1213 03c5 02       		.byte	0x2
 1214 03c6 23       		.byte	0x23
 1215 03c7 00       		.uleb128 0x0
 1216 03c8 06       		.uleb128 0x6
 1217 03c9 4A000000 		.4byte	.LASF54
 1218 03cd 0A       		.byte	0xa
 1219 03ce 4A       		.byte	0x4a
 1220 03cf 04040000 		.4byte	0x404
 1221 03d3 02       		.byte	0x2
 1222 03d4 23       		.byte	0x23
 1223 03d5 08       		.uleb128 0x8
 1224 03d6 06       		.uleb128 0x6
 1225 03d7 A6000000 		.4byte	.LASF55
 1226 03db 0A       		.byte	0xa
 1227 03dc 4C       		.byte	0x4c
 1228 03dd 77030000 		.4byte	0x377
 1229 03e1 02       		.byte	0x2
 1230 03e2 23       		.byte	0x23
 1231 03e3 10       		.uleb128 0x10
 1232 03e4 00       		.byte	0x0
 1233 03e5 10       		.uleb128 0x10
 1234 03e6 04       		.byte	0x4
 1235 03e7 0A       		.byte	0xa
 1236 03e8 3C       		.byte	0x3c
 1237 03e9 04040000 		.4byte	0x404
 1238 03ed 11       		.uleb128 0x11
 1239 03ee 62000000 		.4byte	.LASF56
 1240 03f2 0A       		.byte	0xa
 1241 03f3 3D       		.byte	0x3d
 1242 03f4 25040000 		.4byte	0x425
ARM GAS  /tmp/cchsVHEX.s 			page 23


 1243 03f8 11       		.uleb128 0x11
 1244 03f9 50020000 		.4byte	.LASF57
 1245 03fd 0A       		.byte	0xa
 1246 03fe 3E       		.byte	0x3e
 1247 03ff 2B040000 		.4byte	0x42b
 1248 0403 00       		.byte	0x0
 1249 0404 12       		.uleb128 0x12
 1250 0405 DA010000 		.4byte	.LASF75
 1251 0409 08       		.byte	0x8
 1252 040a 0A       		.byte	0xa
 1253 040b 39       		.byte	0x39
 1254 040c 25040000 		.4byte	0x425
 1255 0410 11       		.uleb128 0x11
 1256 0411 EA000000 		.4byte	.LASF58
 1257 0415 0A       		.byte	0xa
 1258 0416 3A       		.byte	0x3a
 1259 0417 7A020000 		.4byte	0x27a
 1260 041b 13       		.uleb128 0x13
 1261 041c 6800     		.ascii	"h\000"
 1262 041e 0A       		.byte	0xa
 1263 041f 41       		.byte	0x41
 1264 0420 31040000 		.4byte	0x431
 1265 0424 00       		.byte	0x0
 1266 0425 09       		.uleb128 0x9
 1267 0426 04       		.byte	0x4
 1268 0427 04040000 		.4byte	0x404
 1269 042b 09       		.uleb128 0x9
 1270 042c 04       		.byte	0x4
 1271 042d A3030000 		.4byte	0x3a3
 1272 0431 08       		.uleb128 0x8
 1273 0432 08       		.byte	0x8
 1274 0433 0A       		.byte	0xa
 1275 0434 3B       		.byte	0x3b
 1276 0435 54040000 		.4byte	0x454
 1277 0439 07       		.uleb128 0x7
 1278 043a 7500     		.ascii	"u\000"
 1279 043c 0A       		.byte	0xa
 1280 043d 3F       		.byte	0x3f
 1281 043e E5030000 		.4byte	0x3e5
 1282 0442 02       		.byte	0x2
 1283 0443 23       		.byte	0x23
 1284 0444 00       		.uleb128 0x0
 1285 0445 06       		.uleb128 0x6
 1286 0446 17010000 		.4byte	.LASF59
 1287 044a 0A       		.byte	0xa
 1288 044b 40       		.byte	0x40
 1289 044c 30000000 		.4byte	0x30
 1290 0450 02       		.byte	0x2
 1291 0451 23       		.byte	0x23
 1292 0452 04       		.uleb128 0x4
 1293 0453 00       		.byte	0x0
 1294 0454 10       		.uleb128 0x10
 1295 0455 04       		.byte	0x4
 1296 0456 06       		.byte	0x6
 1297 0457 90       		.byte	0x90
 1298 0458 89040000 		.4byte	0x489
 1299 045c 11       		.uleb128 0x11
ARM GAS  /tmp/cchsVHEX.s 			page 24


 1300 045d 0D000000 		.4byte	.LASF60
 1301 0461 06       		.byte	0x6
 1302 0462 97       		.byte	0x97
 1303 0463 D2000000 		.4byte	0xd2
 1304 0467 11       		.uleb128 0x11
 1305 0468 41000000 		.4byte	.LASF61
 1306 046c 06       		.byte	0x6
 1307 046d 9E       		.byte	0x9e
 1308 046e D2000000 		.4byte	0xd2
 1309 0472 11       		.uleb128 0x11
 1310 0473 BE020000 		.4byte	.LASF62
 1311 0477 06       		.byte	0x6
 1312 0478 A5       		.byte	0xa5
 1313 0479 78020000 		.4byte	0x278
 1314 047d 11       		.uleb128 0x11
 1315 047e E6010000 		.4byte	.LASF63
 1316 0482 06       		.byte	0x6
 1317 0483 AC       		.byte	0xac
 1318 0484 DD000000 		.4byte	0xdd
 1319 0488 00       		.byte	0x0
 1320 0489 09       		.uleb128 0x9
 1321 048a 04       		.byte	0x4
 1322 048b 8F040000 		.4byte	0x48f
 1323 048f 14       		.uleb128 0x14
 1324 0490 94040000 		.4byte	0x494
 1325 0494 04       		.uleb128 0x4
 1326 0495 01       		.byte	0x1
 1327 0496 08       		.byte	0x8
 1328 0497 62020000 		.4byte	.LASF64
 1329 049b 09       		.uleb128 0x9
 1330 049c 04       		.byte	0x4
 1331 049d 77030000 		.4byte	0x377
 1332 04a1 15       		.uleb128 0x15
 1333 04a2 01       		.byte	0x1
 1334 04a3 D8020000 		.4byte	.LASF76
 1335 04a7 01       		.byte	0x1
 1336 04a8 4B       		.byte	0x4b
 1337 04a9 01       		.byte	0x1
 1338 04aa 00000000 		.4byte	.LFB7
 1339 04ae 1C000000 		.4byte	.LFE7
 1340 04b2 02       		.byte	0x2
 1341 04b3 7D       		.byte	0x7d
 1342 04b4 00       		.sleb128 0
 1343 04b5 16       		.uleb128 0x16
 1344 04b6 01       		.byte	0x1
 1345 04b7 57000000 		.4byte	.LASF66
 1346 04bb 01       		.byte	0x1
 1347 04bc 63       		.byte	0x63
 1348 04bd 01       		.byte	0x1
 1349 04be 00000000 		.4byte	.LFB8
 1350 04c2 14000000 		.4byte	.LFE8
 1351 04c6 02       		.byte	0x2
 1352 04c7 7D       		.byte	0x7d
 1353 04c8 00       		.sleb128 0
 1354 04c9 05050000 		.4byte	0x505
 1355 04cd 17       		.uleb128 0x17
 1356 04ce 51000000 		.4byte	.LASF65
ARM GAS  /tmp/cchsVHEX.s 			page 25


 1357 04d2 01       		.byte	0x1
 1358 04d3 63       		.byte	0x63
 1359 04d4 2B040000 		.4byte	0x42b
 1360 04d8 00000000 		.4byte	.LLST0
 1361 04dc 18       		.uleb128 0x18
 1362 04dd 62756600 		.ascii	"buf\000"
 1363 04e1 01       		.byte	0x1
 1364 04e2 63       		.byte	0x63
 1365 04e3 78020000 		.4byte	0x278
 1366 04e7 01       		.byte	0x1
 1367 04e8 51       		.byte	0x51
 1368 04e9 17       		.uleb128 0x17
 1369 04ea 17010000 		.4byte	.LASF59
 1370 04ee 01       		.byte	0x1
 1371 04ef 63       		.byte	0x63
 1372 04f0 30000000 		.4byte	0x30
 1373 04f4 20000000 		.4byte	.LLST1
 1374 04f8 19       		.uleb128 0x19
 1375 04f9 687000   		.ascii	"hp\000"
 1376 04fc 01       		.byte	0x1
 1377 04fd 64       		.byte	0x64
 1378 04fe 25040000 		.4byte	0x425
 1379 0502 01       		.byte	0x1
 1380 0503 51       		.byte	0x51
 1381 0504 00       		.byte	0x0
 1382 0505 1A       		.uleb128 0x1a
 1383 0506 01       		.byte	0x1
 1384 0507 03020000 		.4byte	.LASF68
 1385 050b 01       		.byte	0x1
 1386 050c 84       		.byte	0x84
 1387 050d 01       		.byte	0x1
 1388 050e 78020000 		.4byte	0x278
 1389 0512 00000000 		.4byte	.LFB9
 1390 0516 88000000 		.4byte	.LFE9
 1391 051a 40000000 		.4byte	.LLST2
 1392 051e 6B050000 		.4byte	0x56b
 1393 0522 17       		.uleb128 0x17
 1394 0523 51000000 		.4byte	.LASF65
 1395 0527 01       		.byte	0x1
 1396 0528 84       		.byte	0x84
 1397 0529 2B040000 		.4byte	0x42b
 1398 052d 60000000 		.4byte	.LLST3
 1399 0531 17       		.uleb128 0x17
 1400 0532 17010000 		.4byte	.LASF59
 1401 0536 01       		.byte	0x1
 1402 0537 84       		.byte	0x84
 1403 0538 30000000 		.4byte	0x30
 1404 053c 73000000 		.4byte	.LLST4
 1405 0540 1B       		.uleb128 0x1b
 1406 0541 717000   		.ascii	"qp\000"
 1407 0544 01       		.byte	0x1
 1408 0545 85       		.byte	0x85
 1409 0546 25040000 		.4byte	0x425
 1410 054a 9E000000 		.4byte	.LLST5
 1411 054e 1B       		.uleb128 0x1b
 1412 054f 687000   		.ascii	"hp\000"
 1413 0552 01       		.byte	0x1
ARM GAS  /tmp/cchsVHEX.s 			page 26


 1414 0553 85       		.byte	0x85
 1415 0554 25040000 		.4byte	0x425
 1416 0558 C7000000 		.4byte	.LLST6
 1417 055c 1B       		.uleb128 0x1b
 1418 055d 667000   		.ascii	"fp\000"
 1419 0560 01       		.byte	0x1
 1420 0561 85       		.byte	0x85
 1421 0562 25040000 		.4byte	0x425
 1422 0566 1F010000 		.4byte	.LLST7
 1423 056a 00       		.byte	0x0
 1424 056b 1C       		.uleb128 0x1c
 1425 056c 01       		.byte	0x1
 1426 056d BC000000 		.4byte	.LASF67
 1427 0571 01       		.byte	0x1
 1428 0572 C2       		.byte	0xc2
 1429 0573 01       		.byte	0x1
 1430 0574 00000000 		.4byte	.LFB10
 1431 0578 88000000 		.4byte	.LFE10
 1432 057c 32010000 		.4byte	.LLST8
 1433 0580 BB050000 		.4byte	0x5bb
 1434 0584 1D       		.uleb128 0x1d
 1435 0585 7000     		.ascii	"p\000"
 1436 0587 01       		.byte	0x1
 1437 0588 C2       		.byte	0xc2
 1438 0589 78020000 		.4byte	0x278
 1439 058d 52010000 		.4byte	.LLST9
 1440 0591 1B       		.uleb128 0x1b
 1441 0592 717000   		.ascii	"qp\000"
 1442 0595 01       		.byte	0x1
 1443 0596 C3       		.byte	0xc3
 1444 0597 25040000 		.4byte	0x425
 1445 059b 70010000 		.4byte	.LLST10
 1446 059f 19       		.uleb128 0x19
 1447 05a0 687000   		.ascii	"hp\000"
 1448 05a3 01       		.byte	0x1
 1449 05a4 C3       		.byte	0xc3
 1450 05a5 25040000 		.4byte	0x425
 1451 05a9 01       		.byte	0x1
 1452 05aa 54       		.byte	0x54
 1453 05ab 1E       		.uleb128 0x1e
 1454 05ac 51000000 		.4byte	.LASF65
 1455 05b0 01       		.byte	0x1
 1456 05b1 C4       		.byte	0xc4
 1457 05b2 2B040000 		.4byte	0x42b
 1458 05b6 AF010000 		.4byte	.LLST11
 1459 05ba 00       		.byte	0x0
 1460 05bb 1A       		.uleb128 0x1a
 1461 05bc 01       		.byte	0x1
 1462 05bd 67020000 		.4byte	.LASF69
 1463 05c1 01       		.byte	0x1
 1464 05c2 FA       		.byte	0xfa
 1465 05c3 01       		.byte	0x1
 1466 05c4 30000000 		.4byte	0x30
 1467 05c8 00000000 		.4byte	.LFB11
 1468 05cc 40000000 		.4byte	.LFE11
 1469 05d0 D0010000 		.4byte	.LLST12
 1470 05d4 1C060000 		.4byte	0x61c
ARM GAS  /tmp/cchsVHEX.s 			page 27


 1471 05d8 17       		.uleb128 0x17
 1472 05d9 51000000 		.4byte	.LASF65
 1473 05dd 01       		.byte	0x1
 1474 05de FA       		.byte	0xfa
 1475 05df 2B040000 		.4byte	0x42b
 1476 05e3 F0010000 		.4byte	.LLST13
 1477 05e7 17       		.uleb128 0x17
 1478 05e8 A9020000 		.4byte	.LASF70
 1479 05ec 01       		.byte	0x1
 1480 05ed FA       		.byte	0xfa
 1481 05ee 1C060000 		.4byte	0x61c
 1482 05f2 03020000 		.4byte	.LLST14
 1483 05f6 1F       		.uleb128 0x1f
 1484 05f7 717000   		.ascii	"qp\000"
 1485 05fa 01       		.byte	0x1
 1486 05fb FB       		.byte	0xfb
 1487 05fc 25040000 		.4byte	0x425
 1488 0600 1B       		.uleb128 0x1b
 1489 0601 6E00     		.ascii	"n\000"
 1490 0603 01       		.byte	0x1
 1491 0604 FC       		.byte	0xfc
 1492 0605 30000000 		.4byte	0x30
 1493 0609 21020000 		.4byte	.LLST15
 1494 060d 1B       		.uleb128 0x1b
 1495 060e 737A00   		.ascii	"sz\000"
 1496 0611 01       		.byte	0x1
 1497 0612 FC       		.byte	0xfc
 1498 0613 30000000 		.4byte	0x30
 1499 0617 4C020000 		.4byte	.LLST16
 1500 061b 00       		.byte	0x0
 1501 061c 09       		.uleb128 0x9
 1502 061d 04       		.byte	0x4
 1503 061e 30000000 		.4byte	0x30
 1504 0622 20       		.uleb128 0x20
 1505 0623 55020000 		.4byte	.LASF71
 1506 0627 01       		.byte	0x1
 1507 0628 44       		.byte	0x44
 1508 0629 A3030000 		.4byte	0x3a3
 1509 062d 05       		.byte	0x5
 1510 062e 03       		.byte	0x3
 1511 062f 00000000 		.4byte	default_heap
 1512 0633 00       		.byte	0x0
 1513              		.section	.debug_abbrev
 1514 0000 01       		.uleb128 0x1
 1515 0001 11       		.uleb128 0x11
 1516 0002 01       		.byte	0x1
 1517 0003 25       		.uleb128 0x25
 1518 0004 0E       		.uleb128 0xe
 1519 0005 13       		.uleb128 0x13
 1520 0006 0B       		.uleb128 0xb
 1521 0007 03       		.uleb128 0x3
 1522 0008 0E       		.uleb128 0xe
 1523 0009 1B       		.uleb128 0x1b
 1524 000a 0E       		.uleb128 0xe
 1525 000b 11       		.uleb128 0x11
 1526 000c 01       		.uleb128 0x1
 1527 000d 52       		.uleb128 0x52
ARM GAS  /tmp/cchsVHEX.s 			page 28


 1528 000e 01       		.uleb128 0x1
 1529 000f 55       		.uleb128 0x55
 1530 0010 06       		.uleb128 0x6
 1531 0011 10       		.uleb128 0x10
 1532 0012 06       		.uleb128 0x6
 1533 0013 00       		.byte	0x0
 1534 0014 00       		.byte	0x0
 1535 0015 02       		.uleb128 0x2
 1536 0016 24       		.uleb128 0x24
 1537 0017 00       		.byte	0x0
 1538 0018 0B       		.uleb128 0xb
 1539 0019 0B       		.uleb128 0xb
 1540 001a 3E       		.uleb128 0x3e
 1541 001b 0B       		.uleb128 0xb
 1542 001c 03       		.uleb128 0x3
 1543 001d 08       		.uleb128 0x8
 1544 001e 00       		.byte	0x0
 1545 001f 00       		.byte	0x0
 1546 0020 03       		.uleb128 0x3
 1547 0021 16       		.uleb128 0x16
 1548 0022 00       		.byte	0x0
 1549 0023 03       		.uleb128 0x3
 1550 0024 0E       		.uleb128 0xe
 1551 0025 3A       		.uleb128 0x3a
 1552 0026 0B       		.uleb128 0xb
 1553 0027 3B       		.uleb128 0x3b
 1554 0028 0B       		.uleb128 0xb
 1555 0029 49       		.uleb128 0x49
 1556 002a 13       		.uleb128 0x13
 1557 002b 00       		.byte	0x0
 1558 002c 00       		.byte	0x0
 1559 002d 04       		.uleb128 0x4
 1560 002e 24       		.uleb128 0x24
 1561 002f 00       		.byte	0x0
 1562 0030 0B       		.uleb128 0xb
 1563 0031 0B       		.uleb128 0xb
 1564 0032 3E       		.uleb128 0x3e
 1565 0033 0B       		.uleb128 0xb
 1566 0034 03       		.uleb128 0x3
 1567 0035 0E       		.uleb128 0xe
 1568 0036 00       		.byte	0x0
 1569 0037 00       		.byte	0x0
 1570 0038 05       		.uleb128 0x5
 1571 0039 13       		.uleb128 0x13
 1572 003a 01       		.byte	0x1
 1573 003b 03       		.uleb128 0x3
 1574 003c 0E       		.uleb128 0xe
 1575 003d 0B       		.uleb128 0xb
 1576 003e 0B       		.uleb128 0xb
 1577 003f 3A       		.uleb128 0x3a
 1578 0040 0B       		.uleb128 0xb
 1579 0041 3B       		.uleb128 0x3b
 1580 0042 0B       		.uleb128 0xb
 1581 0043 01       		.uleb128 0x1
 1582 0044 13       		.uleb128 0x13
 1583 0045 00       		.byte	0x0
 1584 0046 00       		.byte	0x0
ARM GAS  /tmp/cchsVHEX.s 			page 29


 1585 0047 06       		.uleb128 0x6
 1586 0048 0D       		.uleb128 0xd
 1587 0049 00       		.byte	0x0
 1588 004a 03       		.uleb128 0x3
 1589 004b 0E       		.uleb128 0xe
 1590 004c 3A       		.uleb128 0x3a
 1591 004d 0B       		.uleb128 0xb
 1592 004e 3B       		.uleb128 0x3b
 1593 004f 0B       		.uleb128 0xb
 1594 0050 49       		.uleb128 0x49
 1595 0051 13       		.uleb128 0x13
 1596 0052 38       		.uleb128 0x38
 1597 0053 0A       		.uleb128 0xa
 1598 0054 00       		.byte	0x0
 1599 0055 00       		.byte	0x0
 1600 0056 07       		.uleb128 0x7
 1601 0057 0D       		.uleb128 0xd
 1602 0058 00       		.byte	0x0
 1603 0059 03       		.uleb128 0x3
 1604 005a 08       		.uleb128 0x8
 1605 005b 3A       		.uleb128 0x3a
 1606 005c 0B       		.uleb128 0xb
 1607 005d 3B       		.uleb128 0x3b
 1608 005e 0B       		.uleb128 0xb
 1609 005f 49       		.uleb128 0x49
 1610 0060 13       		.uleb128 0x13
 1611 0061 38       		.uleb128 0x38
 1612 0062 0A       		.uleb128 0xa
 1613 0063 00       		.byte	0x0
 1614 0064 00       		.byte	0x0
 1615 0065 08       		.uleb128 0x8
 1616 0066 13       		.uleb128 0x13
 1617 0067 01       		.byte	0x1
 1618 0068 0B       		.uleb128 0xb
 1619 0069 0B       		.uleb128 0xb
 1620 006a 3A       		.uleb128 0x3a
 1621 006b 0B       		.uleb128 0xb
 1622 006c 3B       		.uleb128 0x3b
 1623 006d 0B       		.uleb128 0xb
 1624 006e 01       		.uleb128 0x1
 1625 006f 13       		.uleb128 0x13
 1626 0070 00       		.byte	0x0
 1627 0071 00       		.byte	0x0
 1628 0072 09       		.uleb128 0x9
 1629 0073 0F       		.uleb128 0xf
 1630 0074 00       		.byte	0x0
 1631 0075 0B       		.uleb128 0xb
 1632 0076 0B       		.uleb128 0xb
 1633 0077 49       		.uleb128 0x49
 1634 0078 13       		.uleb128 0x13
 1635 0079 00       		.byte	0x0
 1636 007a 00       		.byte	0x0
 1637 007b 0A       		.uleb128 0xa
 1638 007c 0F       		.uleb128 0xf
 1639 007d 00       		.byte	0x0
 1640 007e 0B       		.uleb128 0xb
 1641 007f 0B       		.uleb128 0xb
ARM GAS  /tmp/cchsVHEX.s 			page 30


 1642 0080 00       		.byte	0x0
 1643 0081 00       		.byte	0x0
 1644 0082 0B       		.uleb128 0xb
 1645 0083 0D       		.uleb128 0xd
 1646 0084 00       		.byte	0x0
 1647 0085 03       		.uleb128 0x3
 1648 0086 08       		.uleb128 0x8
 1649 0087 3A       		.uleb128 0x3a
 1650 0088 0B       		.uleb128 0xb
 1651 0089 3B       		.uleb128 0x3b
 1652 008a 05       		.uleb128 0x5
 1653 008b 49       		.uleb128 0x49
 1654 008c 13       		.uleb128 0x13
 1655 008d 38       		.uleb128 0x38
 1656 008e 0A       		.uleb128 0xa
 1657 008f 00       		.byte	0x0
 1658 0090 00       		.byte	0x0
 1659 0091 0C       		.uleb128 0xc
 1660 0092 13       		.uleb128 0x13
 1661 0093 01       		.byte	0x1
 1662 0094 03       		.uleb128 0x3
 1663 0095 0E       		.uleb128 0xe
 1664 0096 0B       		.uleb128 0xb
 1665 0097 0B       		.uleb128 0xb
 1666 0098 3A       		.uleb128 0x3a
 1667 0099 0B       		.uleb128 0xb
 1668 009a 3B       		.uleb128 0x3b
 1669 009b 05       		.uleb128 0x5
 1670 009c 01       		.uleb128 0x1
 1671 009d 13       		.uleb128 0x13
 1672 009e 00       		.byte	0x0
 1673 009f 00       		.byte	0x0
 1674 00a0 0D       		.uleb128 0xd
 1675 00a1 35       		.uleb128 0x35
 1676 00a2 00       		.byte	0x0
 1677 00a3 49       		.uleb128 0x49
 1678 00a4 13       		.uleb128 0x13
 1679 00a5 00       		.byte	0x0
 1680 00a6 00       		.byte	0x0
 1681 00a7 0E       		.uleb128 0xe
 1682 00a8 15       		.uleb128 0x15
 1683 00a9 01       		.byte	0x1
 1684 00aa 27       		.uleb128 0x27
 1685 00ab 0C       		.uleb128 0xc
 1686 00ac 49       		.uleb128 0x49
 1687 00ad 13       		.uleb128 0x13
 1688 00ae 01       		.uleb128 0x1
 1689 00af 13       		.uleb128 0x13
 1690 00b0 00       		.byte	0x0
 1691 00b1 00       		.byte	0x0
 1692 00b2 0F       		.uleb128 0xf
 1693 00b3 05       		.uleb128 0x5
 1694 00b4 00       		.byte	0x0
 1695 00b5 49       		.uleb128 0x49
 1696 00b6 13       		.uleb128 0x13
 1697 00b7 00       		.byte	0x0
 1698 00b8 00       		.byte	0x0
ARM GAS  /tmp/cchsVHEX.s 			page 31


 1699 00b9 10       		.uleb128 0x10
 1700 00ba 17       		.uleb128 0x17
 1701 00bb 01       		.byte	0x1
 1702 00bc 0B       		.uleb128 0xb
 1703 00bd 0B       		.uleb128 0xb
 1704 00be 3A       		.uleb128 0x3a
 1705 00bf 0B       		.uleb128 0xb
 1706 00c0 3B       		.uleb128 0x3b
 1707 00c1 0B       		.uleb128 0xb
 1708 00c2 01       		.uleb128 0x1
 1709 00c3 13       		.uleb128 0x13
 1710 00c4 00       		.byte	0x0
 1711 00c5 00       		.byte	0x0
 1712 00c6 11       		.uleb128 0x11
 1713 00c7 0D       		.uleb128 0xd
 1714 00c8 00       		.byte	0x0
 1715 00c9 03       		.uleb128 0x3
 1716 00ca 0E       		.uleb128 0xe
 1717 00cb 3A       		.uleb128 0x3a
 1718 00cc 0B       		.uleb128 0xb
 1719 00cd 3B       		.uleb128 0x3b
 1720 00ce 0B       		.uleb128 0xb
 1721 00cf 49       		.uleb128 0x49
 1722 00d0 13       		.uleb128 0x13
 1723 00d1 00       		.byte	0x0
 1724 00d2 00       		.byte	0x0
 1725 00d3 12       		.uleb128 0x12
 1726 00d4 17       		.uleb128 0x17
 1727 00d5 01       		.byte	0x1
 1728 00d6 03       		.uleb128 0x3
 1729 00d7 0E       		.uleb128 0xe
 1730 00d8 0B       		.uleb128 0xb
 1731 00d9 0B       		.uleb128 0xb
 1732 00da 3A       		.uleb128 0x3a
 1733 00db 0B       		.uleb128 0xb
 1734 00dc 3B       		.uleb128 0x3b
 1735 00dd 0B       		.uleb128 0xb
 1736 00de 01       		.uleb128 0x1
 1737 00df 13       		.uleb128 0x13
 1738 00e0 00       		.byte	0x0
 1739 00e1 00       		.byte	0x0
 1740 00e2 13       		.uleb128 0x13
 1741 00e3 0D       		.uleb128 0xd
 1742 00e4 00       		.byte	0x0
 1743 00e5 03       		.uleb128 0x3
 1744 00e6 08       		.uleb128 0x8
 1745 00e7 3A       		.uleb128 0x3a
 1746 00e8 0B       		.uleb128 0xb
 1747 00e9 3B       		.uleb128 0x3b
 1748 00ea 0B       		.uleb128 0xb
 1749 00eb 49       		.uleb128 0x49
 1750 00ec 13       		.uleb128 0x13
 1751 00ed 00       		.byte	0x0
 1752 00ee 00       		.byte	0x0
 1753 00ef 14       		.uleb128 0x14
 1754 00f0 26       		.uleb128 0x26
 1755 00f1 00       		.byte	0x0
ARM GAS  /tmp/cchsVHEX.s 			page 32


 1756 00f2 49       		.uleb128 0x49
 1757 00f3 13       		.uleb128 0x13
 1758 00f4 00       		.byte	0x0
 1759 00f5 00       		.byte	0x0
 1760 00f6 15       		.uleb128 0x15
 1761 00f7 2E       		.uleb128 0x2e
 1762 00f8 00       		.byte	0x0
 1763 00f9 3F       		.uleb128 0x3f
 1764 00fa 0C       		.uleb128 0xc
 1765 00fb 03       		.uleb128 0x3
 1766 00fc 0E       		.uleb128 0xe
 1767 00fd 3A       		.uleb128 0x3a
 1768 00fe 0B       		.uleb128 0xb
 1769 00ff 3B       		.uleb128 0x3b
 1770 0100 0B       		.uleb128 0xb
 1771 0101 27       		.uleb128 0x27
 1772 0102 0C       		.uleb128 0xc
 1773 0103 11       		.uleb128 0x11
 1774 0104 01       		.uleb128 0x1
 1775 0105 12       		.uleb128 0x12
 1776 0106 01       		.uleb128 0x1
 1777 0107 40       		.uleb128 0x40
 1778 0108 0A       		.uleb128 0xa
 1779 0109 00       		.byte	0x0
 1780 010a 00       		.byte	0x0
 1781 010b 16       		.uleb128 0x16
 1782 010c 2E       		.uleb128 0x2e
 1783 010d 01       		.byte	0x1
 1784 010e 3F       		.uleb128 0x3f
 1785 010f 0C       		.uleb128 0xc
 1786 0110 03       		.uleb128 0x3
 1787 0111 0E       		.uleb128 0xe
 1788 0112 3A       		.uleb128 0x3a
 1789 0113 0B       		.uleb128 0xb
 1790 0114 3B       		.uleb128 0x3b
 1791 0115 0B       		.uleb128 0xb
 1792 0116 27       		.uleb128 0x27
 1793 0117 0C       		.uleb128 0xc
 1794 0118 11       		.uleb128 0x11
 1795 0119 01       		.uleb128 0x1
 1796 011a 12       		.uleb128 0x12
 1797 011b 01       		.uleb128 0x1
 1798 011c 40       		.uleb128 0x40
 1799 011d 0A       		.uleb128 0xa
 1800 011e 01       		.uleb128 0x1
 1801 011f 13       		.uleb128 0x13
 1802 0120 00       		.byte	0x0
 1803 0121 00       		.byte	0x0
 1804 0122 17       		.uleb128 0x17
 1805 0123 05       		.uleb128 0x5
 1806 0124 00       		.byte	0x0
 1807 0125 03       		.uleb128 0x3
 1808 0126 0E       		.uleb128 0xe
 1809 0127 3A       		.uleb128 0x3a
 1810 0128 0B       		.uleb128 0xb
 1811 0129 3B       		.uleb128 0x3b
 1812 012a 0B       		.uleb128 0xb
ARM GAS  /tmp/cchsVHEX.s 			page 33


 1813 012b 49       		.uleb128 0x49
 1814 012c 13       		.uleb128 0x13
 1815 012d 02       		.uleb128 0x2
 1816 012e 06       		.uleb128 0x6
 1817 012f 00       		.byte	0x0
 1818 0130 00       		.byte	0x0
 1819 0131 18       		.uleb128 0x18
 1820 0132 05       		.uleb128 0x5
 1821 0133 00       		.byte	0x0
 1822 0134 03       		.uleb128 0x3
 1823 0135 08       		.uleb128 0x8
 1824 0136 3A       		.uleb128 0x3a
 1825 0137 0B       		.uleb128 0xb
 1826 0138 3B       		.uleb128 0x3b
 1827 0139 0B       		.uleb128 0xb
 1828 013a 49       		.uleb128 0x49
 1829 013b 13       		.uleb128 0x13
 1830 013c 02       		.uleb128 0x2
 1831 013d 0A       		.uleb128 0xa
 1832 013e 00       		.byte	0x0
 1833 013f 00       		.byte	0x0
 1834 0140 19       		.uleb128 0x19
 1835 0141 34       		.uleb128 0x34
 1836 0142 00       		.byte	0x0
 1837 0143 03       		.uleb128 0x3
 1838 0144 08       		.uleb128 0x8
 1839 0145 3A       		.uleb128 0x3a
 1840 0146 0B       		.uleb128 0xb
 1841 0147 3B       		.uleb128 0x3b
 1842 0148 0B       		.uleb128 0xb
 1843 0149 49       		.uleb128 0x49
 1844 014a 13       		.uleb128 0x13
 1845 014b 02       		.uleb128 0x2
 1846 014c 0A       		.uleb128 0xa
 1847 014d 00       		.byte	0x0
 1848 014e 00       		.byte	0x0
 1849 014f 1A       		.uleb128 0x1a
 1850 0150 2E       		.uleb128 0x2e
 1851 0151 01       		.byte	0x1
 1852 0152 3F       		.uleb128 0x3f
 1853 0153 0C       		.uleb128 0xc
 1854 0154 03       		.uleb128 0x3
 1855 0155 0E       		.uleb128 0xe
 1856 0156 3A       		.uleb128 0x3a
 1857 0157 0B       		.uleb128 0xb
 1858 0158 3B       		.uleb128 0x3b
 1859 0159 0B       		.uleb128 0xb
 1860 015a 27       		.uleb128 0x27
 1861 015b 0C       		.uleb128 0xc
 1862 015c 49       		.uleb128 0x49
 1863 015d 13       		.uleb128 0x13
 1864 015e 11       		.uleb128 0x11
 1865 015f 01       		.uleb128 0x1
 1866 0160 12       		.uleb128 0x12
 1867 0161 01       		.uleb128 0x1
 1868 0162 40       		.uleb128 0x40
 1869 0163 06       		.uleb128 0x6
ARM GAS  /tmp/cchsVHEX.s 			page 34


 1870 0164 01       		.uleb128 0x1
 1871 0165 13       		.uleb128 0x13
 1872 0166 00       		.byte	0x0
 1873 0167 00       		.byte	0x0
 1874 0168 1B       		.uleb128 0x1b
 1875 0169 34       		.uleb128 0x34
 1876 016a 00       		.byte	0x0
 1877 016b 03       		.uleb128 0x3
 1878 016c 08       		.uleb128 0x8
 1879 016d 3A       		.uleb128 0x3a
 1880 016e 0B       		.uleb128 0xb
 1881 016f 3B       		.uleb128 0x3b
 1882 0170 0B       		.uleb128 0xb
 1883 0171 49       		.uleb128 0x49
 1884 0172 13       		.uleb128 0x13
 1885 0173 02       		.uleb128 0x2
 1886 0174 06       		.uleb128 0x6
 1887 0175 00       		.byte	0x0
 1888 0176 00       		.byte	0x0
 1889 0177 1C       		.uleb128 0x1c
 1890 0178 2E       		.uleb128 0x2e
 1891 0179 01       		.byte	0x1
 1892 017a 3F       		.uleb128 0x3f
 1893 017b 0C       		.uleb128 0xc
 1894 017c 03       		.uleb128 0x3
 1895 017d 0E       		.uleb128 0xe
 1896 017e 3A       		.uleb128 0x3a
 1897 017f 0B       		.uleb128 0xb
 1898 0180 3B       		.uleb128 0x3b
 1899 0181 0B       		.uleb128 0xb
 1900 0182 27       		.uleb128 0x27
 1901 0183 0C       		.uleb128 0xc
 1902 0184 11       		.uleb128 0x11
 1903 0185 01       		.uleb128 0x1
 1904 0186 12       		.uleb128 0x12
 1905 0187 01       		.uleb128 0x1
 1906 0188 40       		.uleb128 0x40
 1907 0189 06       		.uleb128 0x6
 1908 018a 01       		.uleb128 0x1
 1909 018b 13       		.uleb128 0x13
 1910 018c 00       		.byte	0x0
 1911 018d 00       		.byte	0x0
 1912 018e 1D       		.uleb128 0x1d
 1913 018f 05       		.uleb128 0x5
 1914 0190 00       		.byte	0x0
 1915 0191 03       		.uleb128 0x3
 1916 0192 08       		.uleb128 0x8
 1917 0193 3A       		.uleb128 0x3a
 1918 0194 0B       		.uleb128 0xb
 1919 0195 3B       		.uleb128 0x3b
 1920 0196 0B       		.uleb128 0xb
 1921 0197 49       		.uleb128 0x49
 1922 0198 13       		.uleb128 0x13
 1923 0199 02       		.uleb128 0x2
 1924 019a 06       		.uleb128 0x6
 1925 019b 00       		.byte	0x0
 1926 019c 00       		.byte	0x0
ARM GAS  /tmp/cchsVHEX.s 			page 35


 1927 019d 1E       		.uleb128 0x1e
 1928 019e 34       		.uleb128 0x34
 1929 019f 00       		.byte	0x0
 1930 01a0 03       		.uleb128 0x3
 1931 01a1 0E       		.uleb128 0xe
 1932 01a2 3A       		.uleb128 0x3a
 1933 01a3 0B       		.uleb128 0xb
 1934 01a4 3B       		.uleb128 0x3b
 1935 01a5 0B       		.uleb128 0xb
 1936 01a6 49       		.uleb128 0x49
 1937 01a7 13       		.uleb128 0x13
 1938 01a8 02       		.uleb128 0x2
 1939 01a9 06       		.uleb128 0x6
 1940 01aa 00       		.byte	0x0
 1941 01ab 00       		.byte	0x0
 1942 01ac 1F       		.uleb128 0x1f
 1943 01ad 34       		.uleb128 0x34
 1944 01ae 00       		.byte	0x0
 1945 01af 03       		.uleb128 0x3
 1946 01b0 08       		.uleb128 0x8
 1947 01b1 3A       		.uleb128 0x3a
 1948 01b2 0B       		.uleb128 0xb
 1949 01b3 3B       		.uleb128 0x3b
 1950 01b4 0B       		.uleb128 0xb
 1951 01b5 49       		.uleb128 0x49
 1952 01b6 13       		.uleb128 0x13
 1953 01b7 00       		.byte	0x0
 1954 01b8 00       		.byte	0x0
 1955 01b9 20       		.uleb128 0x20
 1956 01ba 34       		.uleb128 0x34
 1957 01bb 00       		.byte	0x0
 1958 01bc 03       		.uleb128 0x3
 1959 01bd 0E       		.uleb128 0xe
 1960 01be 3A       		.uleb128 0x3a
 1961 01bf 0B       		.uleb128 0xb
 1962 01c0 3B       		.uleb128 0x3b
 1963 01c1 0B       		.uleb128 0xb
 1964 01c2 49       		.uleb128 0x49
 1965 01c3 13       		.uleb128 0x13
 1966 01c4 02       		.uleb128 0x2
 1967 01c5 0A       		.uleb128 0xa
 1968 01c6 00       		.byte	0x0
 1969 01c7 00       		.byte	0x0
 1970 01c8 00       		.byte	0x0
 1971              		.section	.debug_pubnames,"",%progbits
 1972 0000 5C000000 		.4byte	0x5c
 1973 0004 0200     		.2byte	0x2
 1974 0006 00000000 		.4byte	.Ldebug_info0
 1975 000a 34060000 		.4byte	0x634
 1976 000e A1040000 		.4byte	0x4a1
 1977 0012 5F686561 		.ascii	"_heap_init\000"
 1977      705F696E 
 1977      697400
 1978 001d B5040000 		.4byte	0x4b5
 1979 0021 63684865 		.ascii	"chHeapInit\000"
 1979      6170496E 
 1979      697400
ARM GAS  /tmp/cchsVHEX.s 			page 36


 1980 002c 05050000 		.4byte	0x505
 1981 0030 63684865 		.ascii	"chHeapAlloc\000"
 1981      6170416C 
 1981      6C6F6300 
 1982 003c 6B050000 		.4byte	0x56b
 1983 0040 63684865 		.ascii	"chHeapFree\000"
 1983      61704672 
 1983      656500
 1984 004b BB050000 		.4byte	0x5bb
 1985 004f 63684865 		.ascii	"chHeapStatus\000"
 1985      61705374 
 1985      61747573 
 1985      00
 1986 005c 00000000 		.4byte	0x0
 1987              		.section	.debug_pubtypes,"",%progbits
 1988 0000 62010000 		.4byte	0x162
 1989 0004 0200     		.2byte	0x2
 1990 0006 00000000 		.4byte	.Ldebug_info0
 1991 000a 34060000 		.4byte	0x634
 1992 000e 30000000 		.4byte	0x30
 1993 0012 73697A65 		.ascii	"size_t\000"
 1993      5F7400
 1994 0019 49000000 		.4byte	0x49
 1995 001d 75696E74 		.ascii	"uint8_t\000"
 1995      385F7400 
 1996 0025 69000000 		.4byte	0x69
 1997 0029 696E7433 		.ascii	"int32_t\000"
 1997      325F7400 
 1998 0031 7B000000 		.4byte	0x7b
 1999 0035 75696E74 		.ascii	"uint32_t\000"
 1999      33325F74 
 1999      00
 2000 003e 94000000 		.4byte	0x94
 2001 0042 75696E74 		.ascii	"uint64_t\000"
 2001      36345F74 
 2001      00
 2002 004b A6000000 		.4byte	0xa6
 2003 004f 746D6F64 		.ascii	"tmode_t\000"
 2003      655F7400 
 2004 0057 B1000000 		.4byte	0xb1
 2005 005b 74737461 		.ascii	"tstate_t\000"
 2005      74655F74 
 2005      00
 2006 0064 BC000000 		.4byte	0xbc
 2007 0068 74726566 		.ascii	"trefs_t\000"
 2007      735F7400 
 2008 0070 C7000000 		.4byte	0xc7
 2009 0074 74707269 		.ascii	"tprio_t\000"
 2009      6F5F7400 
 2010 007c D2000000 		.4byte	0xd2
 2011 0080 6D73675F 		.ascii	"msg_t\000"
 2011      7400
 2012 0086 DD000000 		.4byte	0xdd
 2013 008a 6576656E 		.ascii	"eventmask_t\000"
 2013      746D6173 
 2013      6B5F7400 
 2014 0096 E8000000 		.4byte	0xe8
ARM GAS  /tmp/cchsVHEX.s 			page 37


 2015 009a 73797374 		.ascii	"systime_t\000"
 2015      696D655F 
 2015      7400
 2016 00a4 F3000000 		.4byte	0xf3
 2017 00a8 54687265 		.ascii	"Thread\000"
 2017      616400
 2018 00af 40020000 		.4byte	0x240
 2019 00b3 54687265 		.ascii	"ThreadsQueue\000"
 2019      61647351 
 2019      75657565 
 2019      00
 2020 00c0 62020000 		.4byte	0x262
 2021 00c4 54687265 		.ascii	"ThreadsList\000"
 2021      6164734C 
 2021      69737400 
 2022 00d0 6D020000 		.4byte	0x26d
 2023 00d4 72656761 		.ascii	"regarm_t\000"
 2023      726D5F74 
 2023      00
 2024 00dd 7A020000 		.4byte	0x27a
 2025 00e1 73746B61 		.ascii	"stkalign_t\000"
 2025      6C69676E 
 2025      5F7400
 2026 00ec 85020000 		.4byte	0x285
 2027 00f0 696E7463 		.ascii	"intctx\000"
 2027      747800
 2028 00f7 12030000 		.4byte	0x312
 2029 00fb 636F6E74 		.ascii	"context\000"
 2029      65787400 
 2030 0103 3A030000 		.4byte	0x33a
 2031 0107 4D757465 		.ascii	"Mutex\000"
 2031      7800
 2032 010d 77030000 		.4byte	0x377
 2033 0111 4D757465 		.ascii	"Mutex\000"
 2033      7800
 2034 0117 82030000 		.4byte	0x382
 2035 011b 6D656D67 		.ascii	"memgetfunc_t\000"
 2035      65746675 
 2035      6E635F74 
 2035      00
 2036 0128 A3030000 		.4byte	0x3a3
 2037 012c 4D656D6F 		.ascii	"MemoryHeap\000"
 2037      72794865 
 2037      617000
 2038 0137 04040000 		.4byte	0x404
 2039 013b 68656170 		.ascii	"heap_header\000"
 2039      5F686561 
 2039      64657200 
 2040 0147 AE030000 		.4byte	0x3ae
 2041 014b 6D656D6F 		.ascii	"memory_heap\000"
 2041      72795F68 
 2041      65617000 
 2042 0157 FE000000 		.4byte	0xfe
 2043 015b 54687265 		.ascii	"Thread\000"
 2043      616400
 2044 0162 00000000 		.4byte	0x0
 2045              		.section	.debug_aranges,"",%progbits
ARM GAS  /tmp/cchsVHEX.s 			page 38


 2046 0000 3C000000 		.4byte	0x3c
 2047 0004 0200     		.2byte	0x2
 2048 0006 00000000 		.4byte	.Ldebug_info0
 2049 000a 04       		.byte	0x4
 2050 000b 00       		.byte	0x0
 2051 000c 0000     		.2byte	0x0
 2052 000e 0000     		.2byte	0x0
 2053 0010 00000000 		.4byte	.LFB7
 2054 0014 1C000000 		.4byte	.LFE7-.LFB7
 2055 0018 00000000 		.4byte	.LFB8
 2056 001c 14000000 		.4byte	.LFE8-.LFB8
 2057 0020 00000000 		.4byte	.LFB9
 2058 0024 88000000 		.4byte	.LFE9-.LFB9
 2059 0028 00000000 		.4byte	.LFB10
 2060 002c 88000000 		.4byte	.LFE10-.LFB10
 2061 0030 00000000 		.4byte	.LFB11
 2062 0034 40000000 		.4byte	.LFE11-.LFB11
 2063 0038 00000000 		.4byte	0x0
 2064 003c 00000000 		.4byte	0x0
 2065              		.section	.debug_ranges,"",%progbits
 2066              	.Ldebug_ranges0:
 2067 0000 00000000 		.4byte	.LFB7
 2068 0004 1C000000 		.4byte	.LFE7
 2069 0008 00000000 		.4byte	.LFB8
 2070 000c 14000000 		.4byte	.LFE8
 2071 0010 00000000 		.4byte	.LFB9
 2072 0014 88000000 		.4byte	.LFE9
 2073 0018 00000000 		.4byte	.LFB10
 2074 001c 88000000 		.4byte	.LFE10
 2075 0020 00000000 		.4byte	.LFB11
 2076 0024 40000000 		.4byte	.LFE11
 2077 0028 00000000 		.4byte	0x0
 2078 002c 00000000 		.4byte	0x0
 2079              		.section	.debug_str,"MS",%progbits,1
 2080              	.LASF35:
 2081 0000 705F6D73 		.ascii	"p_msg\000"
 2081      6700
 2082              	.LASF2:
 2083 0006 73697A65 		.ascii	"size_t\000"
 2083      5F7400
 2084              	.LASF60:
 2085 000d 7264796D 		.ascii	"rdymsg\000"
 2085      736700
 2086              	.LASF12:
 2087 0014 75696E74 		.ascii	"uint64_t\000"
 2087      36345F74 
 2087      00
 2088              	.LASF50:
 2089 001d 6D656D67 		.ascii	"memgetfunc_t\000"
 2089      65746675 
 2089      6E635F74 
 2089      00
 2090              	.LASF13:
 2091 002a 6C6F6E67 		.ascii	"long long unsigned int\000"
 2091      206C6F6E 
 2091      6720756E 
 2091      7369676E 
ARM GAS  /tmp/cchsVHEX.s 			page 39


 2091      65642069 
 2092              	.LASF61:
 2093 0041 65786974 		.ascii	"exitcode\000"
 2093      636F6465 
 2093      00
 2094              	.LASF54:
 2095 004a 685F6672 		.ascii	"h_free\000"
 2095      656500
 2096              	.LASF65:
 2097 0051 68656170 		.ascii	"heapp\000"
 2097      7000
 2098              	.LASF66:
 2099 0057 63684865 		.ascii	"chHeapInit\000"
 2099      6170496E 
 2099      697400
 2100              	.LASF56:
 2101 0062 6E657874 		.ascii	"next\000"
 2101      00
 2102              	.LASF24:
 2103 0067 705F7072 		.ascii	"p_prio\000"
 2103      696F00
 2104              	.LASF11:
 2105 006e 6C6F6E67 		.ascii	"long long int\000"
 2105      206C6F6E 
 2105      6720696E 
 2105      7400
 2106              	.LASF1:
 2107 007c 7369676E 		.ascii	"signed char\000"
 2107      65642063 
 2107      68617200 
 2108              	.LASF74:
 2109 0088 2F686F6D 		.ascii	"/home/stm32/Workspace/demoarm\000"
 2109      652F7374 
 2109      6D33322F 
 2109      576F726B 
 2109      73706163 
 2110              	.LASF55:
 2111 00a6 685F6D74 		.ascii	"h_mtx\000"
 2111      7800
 2112              	.LASF39:
 2113 00ac 705F6D70 		.ascii	"p_mpool\000"
 2113      6F6F6C00 
 2114              	.LASF47:
 2115 00b4 6D5F7175 		.ascii	"m_queue\000"
 2115      65756500 
 2116              	.LASF67:
 2117 00bc 63684865 		.ascii	"chHeapFree\000"
 2117      61704672 
 2117      656500
 2118              	.LASF8:
 2119 00c7 6C6F6E67 		.ascii	"long int\000"
 2119      20696E74 
 2119      00
 2120              	.LASF15:
 2121 00d0 74737461 		.ascii	"tstate_t\000"
 2121      74655F74 
 2121      00
ARM GAS  /tmp/cchsVHEX.s 			page 40


 2122              	.LASF26:
 2123 00d9 705F6E65 		.ascii	"p_newer\000"
 2123      77657200 
 2124              	.LASF42:
 2125 00e1 72656761 		.ascii	"regarm_t\000"
 2125      726D5F74 
 2125      00
 2126              	.LASF58:
 2127 00ea 616C6967 		.ascii	"align\000"
 2127      6E00
 2128              	.LASF0:
 2129 00f0 756E7369 		.ascii	"unsigned int\000"
 2129      676E6564 
 2129      20696E74 
 2129      00
 2130              	.LASF10:
 2131 00fd 6C6F6E67 		.ascii	"long unsigned int\000"
 2131      20756E73 
 2131      69676E65 
 2131      6420696E 
 2131      7400
 2132              	.LASF45:
 2133 010f 636F6E74 		.ascii	"context\000"
 2133      65787400 
 2134              	.LASF59:
 2135 0117 73697A65 		.ascii	"size\000"
 2135      00
 2136              	.LASF6:
 2137 011c 73686F72 		.ascii	"short unsigned int\000"
 2137      7420756E 
 2137      7369676E 
 2137      65642069 
 2137      6E7400
 2138              	.LASF18:
 2139 012f 6D73675F 		.ascii	"msg_t\000"
 2139      7400
 2140              	.LASF14:
 2141 0135 746D6F64 		.ascii	"tmode_t\000"
 2141      655F7400 
 2142              	.LASF41:
 2143 013d 54687265 		.ascii	"ThreadsList\000"
 2143      6164734C 
 2143      69737400 
 2144              	.LASF19:
 2145 0149 6576656E 		.ascii	"eventmask_t\000"
 2145      746D6173 
 2145      6B5F7400 
 2146              	.LASF46:
 2147 0155 4D757465 		.ascii	"Mutex\000"
 2147      7800
 2148              	.LASF43:
 2149 015b 73746B61 		.ascii	"stkalign_t\000"
 2149      6C69676E 
 2149      5F7400
 2150              	.LASF27:
 2151 0166 705F6F6C 		.ascii	"p_older\000"
 2151      64657200 
ARM GAS  /tmp/cchsVHEX.s 			page 41


 2152              	.LASF40:
 2153 016e 54687265 		.ascii	"ThreadsQueue\000"
 2153      61647351 
 2153      75657565 
 2153      00
 2154              	.LASF51:
 2155 017b 4D656D6F 		.ascii	"MemoryHeap\000"
 2155      72794865 
 2155      617000
 2156              	.LASF16:
 2157 0186 74726566 		.ascii	"trefs_t\000"
 2157      735F7400 
 2158              	.LASF23:
 2159 018e 705F7072 		.ascii	"p_prev\000"
 2159      657600
 2160              	.LASF17:
 2161 0195 74707269 		.ascii	"tprio_t\000"
 2161      6F5F7400 
 2162              	.LASF7:
 2163 019d 696E7433 		.ascii	"int32_t\000"
 2163      325F7400 
 2164              	.LASF4:
 2165 01a5 756E7369 		.ascii	"unsigned char\000"
 2165      676E6564 
 2165      20636861 
 2165      7200
 2166              	.LASF53:
 2167 01b3 685F7072 		.ascii	"h_provider\000"
 2167      6F766964 
 2167      657200
 2168              	.LASF37:
 2169 01be 705F6D74 		.ascii	"p_mtxlist\000"
 2169      786C6973 
 2169      7400
 2170              	.LASF5:
 2171 01c8 73686F72 		.ascii	"short int\000"
 2171      7420696E 
 2171      7400
 2172              	.LASF29:
 2173 01d2 705F7374 		.ascii	"p_state\000"
 2173      61746500 
 2174              	.LASF75:
 2175 01da 68656170 		.ascii	"heap_header\000"
 2175      5F686561 
 2175      64657200 
 2176              	.LASF63:
 2177 01e6 65776D61 		.ascii	"ewmask\000"
 2177      736B00
 2178              	.LASF22:
 2179 01ed 705F6E65 		.ascii	"p_next\000"
 2179      787400
 2180              	.LASF30:
 2181 01f4 705F666C 		.ascii	"p_flags\000"
 2181      61677300 
 2182              	.LASF21:
 2183 01fc 54687265 		.ascii	"Thread\000"
 2183      616400
ARM GAS  /tmp/cchsVHEX.s 			page 42


 2184              	.LASF68:
 2185 0203 63684865 		.ascii	"chHeapAlloc\000"
 2185      6170416C 
 2185      6C6F6300 
 2186              	.LASF73:
 2187 020f 2E2E2F6C 		.ascii	"../libs/ChibiOS_2.4.0/os/kernel/src/chheap.c\000"
 2187      6962732F 
 2187      43686962 
 2187      694F535F 
 2187      322E342E 
 2188              	.LASF36:
 2189 023c 705F6570 		.ascii	"p_epending\000"
 2189      656E6469 
 2189      6E6700
 2190              	.LASF9:
 2191 0247 75696E74 		.ascii	"uint32_t\000"
 2191      33325F74 
 2191      00
 2192              	.LASF57:
 2193 0250 68656170 		.ascii	"heap\000"
 2193      00
 2194              	.LASF71:
 2195 0255 64656661 		.ascii	"default_heap\000"
 2195      756C745F 
 2195      68656170 
 2195      00
 2196              	.LASF64:
 2197 0262 63686172 		.ascii	"char\000"
 2197      00
 2198              	.LASF69:
 2199 0267 63684865 		.ascii	"chHeapStatus\000"
 2199      61705374 
 2199      61747573 
 2199      00
 2200              	.LASF49:
 2201 0274 6D5F6E65 		.ascii	"m_next\000"
 2201      787400
 2202              	.LASF20:
 2203 027b 73797374 		.ascii	"systime_t\000"
 2203      696D655F 
 2203      7400
 2204              	.LASF38:
 2205 0285 705F7265 		.ascii	"p_realprio\000"
 2205      616C7072 
 2205      696F00
 2206              	.LASF32:
 2207 0290 705F7469 		.ascii	"p_time\000"
 2207      6D6500
 2208              	.LASF44:
 2209 0297 696E7463 		.ascii	"intctx\000"
 2209      747800
 2210              	.LASF34:
 2211 029e 705F6D73 		.ascii	"p_msgqueue\000"
 2211      67717565 
 2211      756500
 2212              	.LASF70:
 2213 02a9 73697A65 		.ascii	"sizep\000"
ARM GAS  /tmp/cchsVHEX.s 			page 43


 2213      7000
 2214              	.LASF31:
 2215 02af 705F7265 		.ascii	"p_refs\000"
 2215      667300
 2216              	.LASF3:
 2217 02b6 75696E74 		.ascii	"uint8_t\000"
 2217      385F7400 
 2218              	.LASF62:
 2219 02be 77746F62 		.ascii	"wtobjp\000"
 2219      6A7000
 2220              	.LASF72:
 2221 02c5 474E5520 		.ascii	"GNU C 4.5.2\000"
 2221      4320342E 
 2221      352E3200 
 2222              	.LASF28:
 2223 02d1 705F6E61 		.ascii	"p_name\000"
 2223      6D6500
 2224              	.LASF76:
 2225 02d8 5F686561 		.ascii	"_heap_init\000"
 2225      705F696E 
 2225      697400
 2226              	.LASF48:
 2227 02e3 6D5F6F77 		.ascii	"m_owner\000"
 2227      6E657200 
 2228              	.LASF25:
 2229 02eb 705F6374 		.ascii	"p_ctx\000"
 2229      7800
 2230              	.LASF33:
 2231 02f1 705F7761 		.ascii	"p_waiting\000"
 2231      6974696E 
 2231      6700
 2232              	.LASF52:
 2233 02fb 6D656D6F 		.ascii	"memory_heap\000"
 2233      72795F68 
 2233      65617000 
 2234              		.ident	"GCC: (Sourcery G++ Lite 2011.03-42) 4.5.2"
ARM GAS  /tmp/cchsVHEX.s 			page 44


DEFINED SYMBOLS
                            *ABS*:00000000 chheap.c
     /tmp/cchsVHEX.s:26     .text._heap_init:00000000 $t
     /tmp/cchsVHEX.s:32     .text._heap_init:00000000 _heap_init
     /tmp/cchsVHEX.s:59     .text._heap_init:00000014 $d
     /tmp/cchsVHEX.s:65     .text.chHeapInit:00000000 $t
     /tmp/cchsVHEX.s:71     .text.chHeapInit:00000000 chHeapInit
     /tmp/cchsVHEX.s:104    .text.chHeapAlloc:00000000 $t
     /tmp/cchsVHEX.s:110    .text.chHeapAlloc:00000000 chHeapAlloc
     /tmp/cchsVHEX.s:234    .text.chHeapAlloc:00000084 $d
     /tmp/cchsVHEX.s:239    .text.chHeapFree:00000000 $t
     /tmp/cchsVHEX.s:245    .text.chHeapFree:00000000 chHeapFree
     /tmp/cchsVHEX.s:361    .text.chHeapStatus:00000000 $t
     /tmp/cchsVHEX.s:367    .text.chHeapStatus:00000000 chHeapStatus
     /tmp/cchsVHEX.s:436    .text.chHeapStatus:0000003c $d
     /tmp/cchsVHEX.s:441    .bss.default_heap:00000000 $d
     /tmp/cchsVHEX.s:445    .bss.default_heap:00000000 default_heap
                     .debug_frame:00000010 $d
     /tmp/cchsVHEX.s:64     .text._heap_init:0000001c $t
     /tmp/cchsVHEX.s:238    .text.chHeapAlloc:00000088 $t

UNDEFINED SYMBOLS
chMtxInit
chCoreAlloc
chMtxLock
chMtxUnlock
