ARM GAS  /tmp/ccBALyD7.s 			page 1


   1              		.syntax unified
   2              		.cpu cortex-m4
   3              		.eabi_attribute 27, 3
   4              		.eabi_attribute 28, 1
   5              		.fpu fpv4-sp-d16
   6              		.eabi_attribute 20, 1
   7              		.eabi_attribute 21, 1
   8              		.eabi_attribute 23, 3
   9              		.eabi_attribute 24, 1
  10              		.eabi_attribute 25, 1
  11              		.eabi_attribute 26, 1
  12              		.eabi_attribute 30, 2
  13              		.eabi_attribute 18, 4
  14              		.thumb
  15              		.file	"chmempools.c"
  16              		.section	.debug_abbrev,"",%progbits
  17              	.Ldebug_abbrev0:
  18              		.section	.debug_info,"",%progbits
  19              	.Ldebug_info0:
  20              		.section	.debug_line,"",%progbits
  21              	.Ldebug_line0:
  22 0000 DF010000 		.text
  22      02005801 
  22      00000201 
  22      FB0E0D00 
  22      01010101 
  23              	.Ltext0:
  24              		.cfi_sections	.debug_frame
  25              		.section	.text.chPoolInit,"ax",%progbits
  26              		.align	2
  27              		.p2align 4,,15
  28              		.global	chPoolInit
  29              		.thumb
  30              		.thumb_func
  31              		.type	chPoolInit, %function
  32              	chPoolInit:
  33              	.LFB7:
  34              		.file 1 "../libs/ChibiOS_2.4.0/os/kernel/src/chmempools.c"
  35              		.loc 1 61 0
  36              		.cfi_startproc
  37              		@ args = 0, pretend = 0, frame = 0
  38              		@ frame_needed = 0, uses_anonymous_args = 0
  39              		@ link register save eliminated.
  40              	.LVL0:
  41              		.loc 1 66 0
  42 0000 0731     		adds	r1, r1, #7
  43              	.LVL1:
  44 0002 21F00701 		bic	r1, r1, #7
  45              	.LVL2:
  46              		.loc 1 65 0
  47 0006 0023     		movs	r3, #0
  48 0008 0360     		str	r3, [r0, #0]
  49              		.loc 1 66 0
  50 000a 4160     		str	r1, [r0, #4]
  51              		.loc 1 67 0
  52 000c 8260     		str	r2, [r0, #8]
  53              		.loc 1 68 0
ARM GAS  /tmp/ccBALyD7.s 			page 2


  54 000e 7047     		bx	lr
  55              		.cfi_endproc
  56              	.LFE7:
  57              		.size	chPoolInit, .-chPoolInit
  58              		.section	.text.chPoolAllocI,"ax",%progbits
  59              		.align	2
  60              		.p2align 4,,15
  61              		.global	chPoolAllocI
  62              		.thumb
  63              		.thumb_func
  64              		.type	chPoolAllocI, %function
  65              	chPoolAllocI:
  66              	.LFB8:
  67              		.loc 1 79 0
  68              		.cfi_startproc
  69              		@ args = 0, pretend = 0, frame = 0
  70              		@ frame_needed = 0, uses_anonymous_args = 0
  71              	.LVL3:
  72 0000 0246     		mov	r2, r0
  73              		.loc 1 85 0
  74 0002 0068     		ldr	r0, [r0, #0]
  75              	.LVL4:
  76              		.loc 1 79 0
  77 0004 08B5     		push	{r3, lr}
  78              	.LCFI0:
  79              		.cfi_def_cfa_offset 8
  80              		.loc 1 85 0
  81 0006 10B1     		cbz	r0, .L3
  82              		.cfi_offset 14, -4
  83              		.cfi_offset 3, -8
  84              		.loc 1 86 0
  85 0008 0368     		ldr	r3, [r0, #0]
  86 000a 1360     		str	r3, [r2, #0]
  87 000c 08BD     		pop	{r3, pc}
  88              	.L3:
  89              		.loc 1 87 0
  90 000e 9368     		ldr	r3, [r2, #8]
  91 0010 0BB1     		cbz	r3, .L4
  92              		.loc 1 88 0
  93 0012 5068     		ldr	r0, [r2, #4]
  94 0014 9847     		blx	r3
  95              	.LVL5:
  96              	.L4:
  97              		.loc 1 90 0
  98 0016 08BD     		pop	{r3, pc}
  99              		.cfi_endproc
 100              	.LFE8:
 101              		.size	chPoolAllocI, .-chPoolAllocI
 102 0018 AFF30080 		.section	.text.chPoolAlloc,"ax",%progbits
 102      AFF30080 
 103              		.align	2
 104              		.p2align 4,,15
 105              		.global	chPoolAlloc
 106              		.thumb
 107              		.thumb_func
 108              		.type	chPoolAlloc, %function
 109              	chPoolAlloc:
ARM GAS  /tmp/ccBALyD7.s 			page 3


 110              	.LFB9:
 111              		.loc 1 101 0
 112              		.cfi_startproc
 113              		@ args = 0, pretend = 0, frame = 0
 114              		@ frame_needed = 0, uses_anonymous_args = 0
 115              	.LVL6:
 116 0000 08B5     		push	{r3, lr}
 117              	.LCFI1:
 118              		.cfi_def_cfa_offset 8
 119              		.loc 1 101 0
 120 0002 0246     		mov	r2, r0
 121              	.LBB10:
 122              		.loc 1 104 0
 123 0004 2023     		movs	r3, #32
 124              		.cfi_offset 14, -4
 125              		.cfi_offset 3, -8
 126              	.LVL7:
 127              	@ 104 "../libs/ChibiOS_2.4.0/os/kernel/src/chmempools.c" 1
 128 0006 83F31188 		msr     BASEPRI, r3
 129              	@ 0 "" 2
 130              	.LVL8:
 131              		.thumb
 132              	.LBE10:
 133              	.LBB11:
 134              	.LBB12:
 135              		.loc 1 85 0
 136 000a 0068     		ldr	r0, [r0, #0]
 137              	.LVL9:
 138 000c 28B1     		cbz	r0, .L7
 139              		.loc 1 86 0
 140 000e 0368     		ldr	r3, [r0, #0]
 141              	.LVL10:
 142 0010 1360     		str	r3, [r2, #0]
 143              	.LVL11:
 144              	.L8:
 145              	.LBE12:
 146              	.LBE11:
 147              	.LBB14:
 148              		.loc 1 106 0
 149 0012 0023     		movs	r3, #0
 150              	.LVL12:
 151              	@ 106 "../libs/ChibiOS_2.4.0/os/kernel/src/chmempools.c" 1
 152 0014 83F31188 		msr     BASEPRI, r3
 153              	@ 0 "" 2
 154              	.LVL13:
 155              		.thumb
 156              	.LBE14:
 157              		.loc 1 108 0
 158 0018 08BD     		pop	{r3, pc}
 159              	.LVL14:
 160              	.L7:
 161              	.LBB15:
 162              	.LBB13:
 163              		.loc 1 87 0
 164 001a 9368     		ldr	r3, [r2, #8]
 165              	.LVL15:
 166 001c 002B     		cmp	r3, #0
ARM GAS  /tmp/ccBALyD7.s 			page 4


 167 001e F8D0     		beq	.L8
 168              		.loc 1 88 0
 169 0020 5068     		ldr	r0, [r2, #4]
 170 0022 9847     		blx	r3
 171              	.LVL16:
 172              	.LBE13:
 173              	.LBE15:
 174              	.LBB16:
 175              		.loc 1 106 0
 176 0024 0023     		movs	r3, #0
 177              	@ 106 "../libs/ChibiOS_2.4.0/os/kernel/src/chmempools.c" 1
 178 0026 83F31188 		msr     BASEPRI, r3
 179              	@ 0 "" 2
 180              	.LVL17:
 181              		.thumb
 182              	.LBE16:
 183              		.loc 1 108 0
 184 002a 08BD     		pop	{r3, pc}
 185              		.cfi_endproc
 186              	.LFE9:
 187              		.size	chPoolAlloc, .-chPoolAlloc
 188 002c AFF30080 		.section	.text.chPoolFreeI,"ax",%progbits
 189              		.align	2
 190              		.p2align 4,,15
 191              		.global	chPoolFreeI
 192              		.thumb
 193              		.thumb_func
 194              		.type	chPoolFreeI, %function
 195              	chPoolFreeI:
 196              	.LFB10:
 197              		.loc 1 122 0
 198              		.cfi_startproc
 199              		@ args = 0, pretend = 0, frame = 0
 200              		@ frame_needed = 0, uses_anonymous_args = 0
 201              		@ link register save eliminated.
 202              	.LVL18:
 203              		.loc 1 129 0
 204 0000 0368     		ldr	r3, [r0, #0]
 205 0002 0B60     		str	r3, [r1, #0]
 206              		.loc 1 130 0
 207 0004 0160     		str	r1, [r0, #0]
 208              		.loc 1 131 0
 209 0006 7047     		bx	lr
 210              		.cfi_endproc
 211              	.LFE10:
 212              		.size	chPoolFreeI, .-chPoolFreeI
 213 0008 AFF30080 		.section	.text.chPoolFree,"ax",%progbits
 213      AFF30080 
 214              		.align	2
 215              		.p2align 4,,15
 216              		.global	chPoolFree
 217              		.thumb
 218              		.thumb_func
 219              		.type	chPoolFree, %function
 220              	chPoolFree:
 221              	.LFB11:
 222              		.loc 1 145 0
ARM GAS  /tmp/ccBALyD7.s 			page 5


 223              		.cfi_startproc
 224              		@ args = 0, pretend = 0, frame = 0
 225              		@ frame_needed = 0, uses_anonymous_args = 0
 226              		@ link register save eliminated.
 227              	.LVL19:
 228              	.LBB17:
 229              		.loc 1 147 0
 230 0000 2023     		movs	r3, #32
 231              	.LVL20:
 232              	@ 147 "../libs/ChibiOS_2.4.0/os/kernel/src/chmempools.c" 1
 233 0002 83F31188 		msr     BASEPRI, r3
 234              	@ 0 "" 2
 235              	.LVL21:
 236              		.thumb
 237              	.LBE17:
 238              	.LBB18:
 239              	.LBB19:
 240              		.loc 1 129 0
 241 0006 0268     		ldr	r2, [r0, #0]
 242              	.LBE19:
 243              	.LBE18:
 244              	.LBB21:
 245              		.loc 1 149 0
 246 0008 0023     		movs	r3, #0
 247              	.LVL22:
 248              	.LBE21:
 249              	.LBB22:
 250              	.LBB20:
 251              		.loc 1 129 0
 252 000a 0A60     		str	r2, [r1, #0]
 253              		.loc 1 130 0
 254 000c 0160     		str	r1, [r0, #0]
 255              	.LBE20:
 256              	.LBE22:
 257              	.LBB23:
 258              		.loc 1 149 0
 259              	@ 149 "../libs/ChibiOS_2.4.0/os/kernel/src/chmempools.c" 1
 260 000e 83F31188 		msr     BASEPRI, r3
 261              	@ 0 "" 2
 262              	.LVL23:
 263              		.thumb
 264              	.LBE23:
 265              		.loc 1 150 0
 266 0012 7047     		bx	lr
 267              		.cfi_endproc
 268              	.LFE11:
 269              		.size	chPoolFree, .-chPoolFree
 270 0014 AFF30080 		.text
 270      AFF30080 
 270      AFF30080 
 271              	.Letext0:
 272              		.section	.debug_loc,"",%progbits
 273              	.Ldebug_loc0:
 274              	.LLST0:
 275 0000 00000000 		.4byte	.LVL0
 276 0004 02000000 		.4byte	.LVL1
 277 0008 0100     		.2byte	0x1
ARM GAS  /tmp/ccBALyD7.s 			page 6


 278 000a 51       		.byte	0x51
 279 000b 02000000 		.4byte	.LVL1
 280 000f 06000000 		.4byte	.LVL2
 281 0013 0300     		.2byte	0x3
 282 0015 71       		.byte	0x71
 283 0016 79       		.sleb128 -7
 284 0017 9F       		.byte	0x9f
 285 0018 00000000 		.4byte	0x0
 286 001c 00000000 		.4byte	0x0
 287              	.LLST1:
 288 0020 00000000 		.4byte	.LFB8
 289 0024 06000000 		.4byte	.LCFI0
 290 0028 0200     		.2byte	0x2
 291 002a 7D       		.byte	0x7d
 292 002b 00       		.sleb128 0
 293 002c 06000000 		.4byte	.LCFI0
 294 0030 18000000 		.4byte	.LFE8
 295 0034 0200     		.2byte	0x2
 296 0036 7D       		.byte	0x7d
 297 0037 08       		.sleb128 8
 298 0038 00000000 		.4byte	0x0
 299 003c 00000000 		.4byte	0x0
 300              	.LLST2:
 301 0040 00000000 		.4byte	.LVL3
 302 0044 04000000 		.4byte	.LVL4
 303 0048 0100     		.2byte	0x1
 304 004a 50       		.byte	0x50
 305 004b 04000000 		.4byte	.LVL4
 306 004f 15000000 		.4byte	.LVL5-1
 307 0053 0100     		.2byte	0x1
 308 0055 52       		.byte	0x52
 309 0056 00000000 		.4byte	0x0
 310 005a 00000000 		.4byte	0x0
 311              	.LLST3:
 312 005e 04000000 		.4byte	.LVL4
 313 0062 15000000 		.4byte	.LVL5-1
 314 0066 0200     		.2byte	0x2
 315 0068 72       		.byte	0x72
 316 0069 00       		.sleb128 0
 317 006a 16000000 		.4byte	.LVL5
 318 006e 18000000 		.4byte	.LFE8
 319 0072 0100     		.2byte	0x1
 320 0074 50       		.byte	0x50
 321 0075 00000000 		.4byte	0x0
 322 0079 00000000 		.4byte	0x0
 323              	.LLST4:
 324 007d 00000000 		.4byte	.LFB9
 325 0081 02000000 		.4byte	.LCFI1
 326 0085 0200     		.2byte	0x2
 327 0087 7D       		.byte	0x7d
 328 0088 00       		.sleb128 0
 329 0089 02000000 		.4byte	.LCFI1
 330 008d 2C000000 		.4byte	.LFE9
 331 0091 0200     		.2byte	0x2
 332 0093 7D       		.byte	0x7d
 333 0094 08       		.sleb128 8
 334 0095 00000000 		.4byte	0x0
ARM GAS  /tmp/ccBALyD7.s 			page 7


 335 0099 00000000 		.4byte	0x0
 336              	.LLST5:
 337 009d 00000000 		.4byte	.LVL6
 338 00a1 0C000000 		.4byte	.LVL9
 339 00a5 0100     		.2byte	0x1
 340 00a7 50       		.byte	0x50
 341 00a8 12000000 		.4byte	.LVL11
 342 00ac 1A000000 		.4byte	.LVL14
 343 00b0 0100     		.2byte	0x1
 344 00b2 52       		.byte	0x52
 345 00b3 1A000000 		.4byte	.LVL14
 346 00b7 23000000 		.4byte	.LVL16-1
 347 00bb 0100     		.2byte	0x1
 348 00bd 52       		.byte	0x52
 349 00be 00000000 		.4byte	0x0
 350 00c2 00000000 		.4byte	0x0
 351              	.LLST6:
 352 00c6 0A000000 		.4byte	.LVL8
 353 00ca 10000000 		.4byte	.LVL10
 354 00ce 0100     		.2byte	0x1
 355 00d0 53       		.byte	0x53
 356 00d1 1A000000 		.4byte	.LVL14
 357 00d5 1C000000 		.4byte	.LVL15
 358 00d9 0100     		.2byte	0x1
 359 00db 53       		.byte	0x53
 360 00dc 00000000 		.4byte	0x0
 361 00e0 00000000 		.4byte	0x0
 362              	.LLST7:
 363 00e4 0A000000 		.4byte	.LVL8
 364 00e8 0C000000 		.4byte	.LVL9
 365 00ec 0100     		.2byte	0x1
 366 00ee 50       		.byte	0x50
 367 00ef 0C000000 		.4byte	.LVL9
 368 00f3 23000000 		.4byte	.LVL16-1
 369 00f7 0100     		.2byte	0x1
 370 00f9 52       		.byte	0x52
 371 00fa 00000000 		.4byte	0x0
 372 00fe 00000000 		.4byte	0x0
 373              	.LLST8:
 374 0102 0C000000 		.4byte	.LVL9
 375 0106 23000000 		.4byte	.LVL16-1
 376 010a 0200     		.2byte	0x2
 377 010c 72       		.byte	0x72
 378 010d 00       		.sleb128 0
 379 010e 24000000 		.4byte	.LVL16
 380 0112 2C000000 		.4byte	.LFE9
 381 0116 0100     		.2byte	0x1
 382 0118 50       		.byte	0x50
 383 0119 00000000 		.4byte	0x0
 384 011d 00000000 		.4byte	0x0
 385              	.LLST9:
 386 0121 18000000 		.4byte	.LVL13
 387 0125 1A000000 		.4byte	.LVL14
 388 0129 0100     		.2byte	0x1
 389 012b 53       		.byte	0x53
 390 012c 2A000000 		.4byte	.LVL17
 391 0130 2C000000 		.4byte	.LFE9
ARM GAS  /tmp/ccBALyD7.s 			page 8


 392 0134 0100     		.2byte	0x1
 393 0136 53       		.byte	0x53
 394 0137 00000000 		.4byte	0x0
 395 013b 00000000 		.4byte	0x0
 396              	.LLST10:
 397 013f 06000000 		.4byte	.LVL21
 398 0143 0A000000 		.4byte	.LVL22
 399 0147 0100     		.2byte	0x1
 400 0149 53       		.byte	0x53
 401 014a 00000000 		.4byte	0x0
 402 014e 00000000 		.4byte	0x0
 403              	.LLST11:
 404 0152 12000000 		.4byte	.LVL23
 405 0156 14000000 		.4byte	.LFE11
 406 015a 0100     		.2byte	0x1
 407 015c 53       		.byte	0x53
 408 015d 00000000 		.4byte	0x0
 409 0161 00000000 		.4byte	0x0
 410              		.file 2 "/opt/stm32/arm-none-eabi-2011.03/bin/../lib/gcc/arm-none-eabi/4.5.2/include/stddef.h"
 411              		.file 3 "/opt/stm32/arm-none-eabi-2011.03/bin/../lib/gcc/arm-none-eabi/4.5.2/../../../../arm-none-
 412              		.file 4 "../libs/ChibiOS_2.4.0/os/kernel/include/chmemcore.h"
 413              		.file 5 "../libs/ChibiOS_2.4.0/os/kernel/include/chmempools.h"
 414              		.section	.debug_info
 415 0000 21030000 		.4byte	0x321
 416 0004 0200     		.2byte	0x2
 417 0006 00000000 		.4byte	.Ldebug_abbrev0
 418 000a 04       		.byte	0x4
 419 000b 01       		.uleb128 0x1
 420 000c 07000000 		.4byte	.LASF23
 421 0010 01       		.byte	0x1
 422 0011 96000000 		.4byte	.LASF24
 423 0015 54010000 		.4byte	.LASF25
 424 0019 00000000 		.4byte	0x0
 425 001d 00000000 		.4byte	0x0
 426 0021 90000000 		.4byte	.Ldebug_ranges0+0x90
 427 0025 00000000 		.4byte	.Ldebug_line0
 428 0029 02       		.uleb128 0x2
 429 002a 04       		.byte	0x4
 430 002b 05       		.byte	0x5
 431 002c 696E7400 		.ascii	"int\000"
 432 0030 03       		.uleb128 0x3
 433 0031 00000000 		.4byte	.LASF6
 434 0035 02       		.byte	0x2
 435 0036 D3       		.byte	0xd3
 436 0037 3B000000 		.4byte	0x3b
 437 003b 04       		.uleb128 0x4
 438 003c 04       		.byte	0x4
 439 003d 07       		.byte	0x7
 440 003e D4000000 		.4byte	.LASF0
 441 0042 04       		.uleb128 0x4
 442 0043 01       		.byte	0x1
 443 0044 06       		.byte	0x6
 444 0045 72010000 		.4byte	.LASF1
 445 0049 04       		.uleb128 0x4
 446 004a 01       		.byte	0x1
 447 004b 08       		.byte	0x8
 448 004c 6D000000 		.4byte	.LASF2
ARM GAS  /tmp/ccBALyD7.s 			page 9


 449 0050 04       		.uleb128 0x4
 450 0051 02       		.byte	0x2
 451 0052 05       		.byte	0x5
 452 0053 2C010000 		.4byte	.LASF3
 453 0057 04       		.uleb128 0x4
 454 0058 02       		.byte	0x2
 455 0059 07       		.byte	0x7
 456 005a 45000000 		.4byte	.LASF4
 457 005e 04       		.uleb128 0x4
 458 005f 04       		.byte	0x4
 459 0060 05       		.byte	0x5
 460 0061 4B010000 		.4byte	.LASF5
 461 0065 03       		.uleb128 0x3
 462 0066 42010000 		.4byte	.LASF7
 463 006a 03       		.byte	0x3
 464 006b 50       		.byte	0x50
 465 006c 70000000 		.4byte	0x70
 466 0070 04       		.uleb128 0x4
 467 0071 04       		.byte	0x4
 468 0072 07       		.byte	0x7
 469 0073 33000000 		.4byte	.LASF8
 470 0077 04       		.uleb128 0x4
 471 0078 08       		.byte	0x8
 472 0079 05       		.byte	0x5
 473 007a 00010000 		.4byte	.LASF9
 474 007e 04       		.uleb128 0x4
 475 007f 08       		.byte	0x8
 476 0080 07       		.byte	0x7
 477 0081 E1000000 		.4byte	.LASF10
 478 0085 05       		.uleb128 0x5
 479 0086 04       		.byte	0x4
 480 0087 03       		.uleb128 0x3
 481 0088 13010000 		.4byte	.LASF11
 482 008c 04       		.byte	0x4
 483 008d 2C       		.byte	0x2c
 484 008e 92000000 		.4byte	0x92
 485 0092 06       		.uleb128 0x6
 486 0093 04       		.byte	0x4
 487 0094 98000000 		.4byte	0x98
 488 0098 07       		.uleb128 0x7
 489 0099 01       		.byte	0x1
 490 009a 85000000 		.4byte	0x85
 491 009e A8000000 		.4byte	0xa8
 492 00a2 08       		.uleb128 0x8
 493 00a3 30000000 		.4byte	0x30
 494 00a7 00       		.byte	0x0
 495 00a8 09       		.uleb128 0x9
 496 00a9 22000000 		.4byte	.LASF26
 497 00ad 04       		.byte	0x4
 498 00ae 05       		.byte	0x5
 499 00af 2C       		.byte	0x2c
 500 00b0 C3000000 		.4byte	0xc3
 501 00b4 0A       		.uleb128 0xa
 502 00b5 F8000000 		.4byte	.LASF12
 503 00b9 05       		.byte	0x5
 504 00ba 2D       		.byte	0x2d
 505 00bb C3000000 		.4byte	0xc3
ARM GAS  /tmp/ccBALyD7.s 			page 10


 506 00bf 02       		.byte	0x2
 507 00c0 23       		.byte	0x23
 508 00c1 00       		.uleb128 0x0
 509 00c2 00       		.byte	0x0
 510 00c3 06       		.uleb128 0x6
 511 00c4 04       		.byte	0x4
 512 00c5 A8000000 		.4byte	0xa8
 513 00c9 0B       		.uleb128 0xb
 514 00ca 0C       		.byte	0xc
 515 00cb 05       		.byte	0x5
 516 00cc 34       		.byte	0x34
 517 00cd FC000000 		.4byte	0xfc
 518 00d1 0A       		.uleb128 0xa
 519 00d2 7E010000 		.4byte	.LASF13
 520 00d6 05       		.byte	0x5
 521 00d7 35       		.byte	0x35
 522 00d8 C3000000 		.4byte	0xc3
 523 00dc 02       		.byte	0x2
 524 00dd 23       		.byte	0x23
 525 00de 00       		.uleb128 0x0
 526 00df 0A       		.uleb128 0xa
 527 00e0 13000000 		.4byte	.LASF14
 528 00e4 05       		.byte	0x5
 529 00e5 36       		.byte	0x36
 530 00e6 30000000 		.4byte	0x30
 531 00ea 02       		.byte	0x2
 532 00eb 23       		.byte	0x23
 533 00ec 04       		.uleb128 0x4
 534 00ed 0A       		.uleb128 0xa
 535 00ee 20010000 		.4byte	.LASF15
 536 00f2 05       		.byte	0x5
 537 00f3 38       		.byte	0x38
 538 00f4 87000000 		.4byte	0x87
 539 00f8 02       		.byte	0x2
 540 00f9 23       		.byte	0x23
 541 00fa 08       		.uleb128 0x8
 542 00fb 00       		.byte	0x0
 543 00fc 03       		.uleb128 0x3
 544 00fd 86000000 		.4byte	.LASF16
 545 0101 05       		.byte	0x5
 546 0102 3A       		.byte	0x3a
 547 0103 C9000000 		.4byte	0xc9
 548 0107 04       		.uleb128 0x4
 549 0108 01       		.byte	0x1
 550 0109 08       		.byte	0x8
 551 010a 0E010000 		.4byte	.LASF17
 552 010e 0C       		.uleb128 0xc
 553 010f 01       		.byte	0x1
 554 0110 C7000000 		.4byte	.LASF21
 555 0114 01       		.byte	0x1
 556 0115 4F       		.byte	0x4f
 557 0116 01       		.byte	0x1
 558 0117 85000000 		.4byte	0x85
 559 011b 01       		.byte	0x1
 560 011c 36010000 		.4byte	0x136
 561 0120 0D       		.uleb128 0xd
 562 0121 6D7000   		.ascii	"mp\000"
ARM GAS  /tmp/ccBALyD7.s 			page 11


 563 0124 01       		.byte	0x1
 564 0125 4F       		.byte	0x4f
 565 0126 36010000 		.4byte	0x136
 566 012a 0E       		.uleb128 0xe
 567 012b 91000000 		.4byte	.LASF18
 568 012f 01       		.byte	0x1
 569 0130 50       		.byte	0x50
 570 0131 85000000 		.4byte	0x85
 571 0135 00       		.byte	0x0
 572 0136 06       		.uleb128 0x6
 573 0137 04       		.byte	0x4
 574 0138 FC000000 		.4byte	0xfc
 575 013c 0F       		.uleb128 0xf
 576 013d 01       		.byte	0x1
 577 013e 61000000 		.4byte	.LASF27
 578 0142 01       		.byte	0x1
 579 0143 7A       		.byte	0x7a
 580 0144 01       		.byte	0x1
 581 0145 01       		.byte	0x1
 582 0146 6B010000 		.4byte	0x16b
 583 014a 0D       		.uleb128 0xd
 584 014b 6D7000   		.ascii	"mp\000"
 585 014e 01       		.byte	0x1
 586 014f 7A       		.byte	0x7a
 587 0150 36010000 		.4byte	0x136
 588 0154 10       		.uleb128 0x10
 589 0155 91000000 		.4byte	.LASF18
 590 0159 01       		.byte	0x1
 591 015a 7A       		.byte	0x7a
 592 015b 85000000 		.4byte	0x85
 593 015f 11       		.uleb128 0x11
 594 0160 70687000 		.ascii	"php\000"
 595 0164 01       		.byte	0x1
 596 0165 7B       		.byte	0x7b
 597 0166 C3000000 		.4byte	0xc3
 598 016a 00       		.byte	0x0
 599 016b 12       		.uleb128 0x12
 600 016c 01       		.byte	0x1
 601 016d 86010000 		.4byte	.LASF28
 602 0171 01       		.byte	0x1
 603 0172 3D       		.byte	0x3d
 604 0173 01       		.byte	0x1
 605 0174 00000000 		.4byte	.LFB7
 606 0178 10000000 		.4byte	.LFE7
 607 017c 02       		.byte	0x2
 608 017d 7D       		.byte	0x7d
 609 017e 00       		.sleb128 0
 610 017f AC010000 		.4byte	0x1ac
 611 0183 13       		.uleb128 0x13
 612 0184 6D7000   		.ascii	"mp\000"
 613 0187 01       		.byte	0x1
 614 0188 3D       		.byte	0x3d
 615 0189 36010000 		.4byte	0x136
 616 018d 01       		.byte	0x1
 617 018e 50       		.byte	0x50
 618 018f 14       		.uleb128 0x14
 619 0190 2E000000 		.4byte	.LASF19
ARM GAS  /tmp/ccBALyD7.s 			page 12


 620 0194 01       		.byte	0x1
 621 0195 3D       		.byte	0x3d
 622 0196 30000000 		.4byte	0x30
 623 019a 00000000 		.4byte	.LLST0
 624 019e 15       		.uleb128 0x15
 625 019f 58000000 		.4byte	.LASF20
 626 01a3 01       		.byte	0x1
 627 01a4 3D       		.byte	0x3d
 628 01a5 87000000 		.4byte	0x87
 629 01a9 01       		.byte	0x1
 630 01aa 52       		.byte	0x52
 631 01ab 00       		.byte	0x0
 632 01ac 16       		.uleb128 0x16
 633 01ad 0E010000 		.4byte	0x10e
 634 01b1 00000000 		.4byte	.LFB8
 635 01b5 18000000 		.4byte	.LFE8
 636 01b9 20000000 		.4byte	.LLST1
 637 01bd D4010000 		.4byte	0x1d4
 638 01c1 17       		.uleb128 0x17
 639 01c2 20010000 		.4byte	0x120
 640 01c6 40000000 		.4byte	.LLST2
 641 01ca 18       		.uleb128 0x18
 642 01cb 2A010000 		.4byte	0x12a
 643 01cf 5E000000 		.4byte	.LLST3
 644 01d3 00       		.byte	0x0
 645 01d4 19       		.uleb128 0x19
 646 01d5 01       		.byte	0x1
 647 01d6 36010000 		.4byte	.LASF29
 648 01da 01       		.byte	0x1
 649 01db 65       		.byte	0x65
 650 01dc 01       		.byte	0x1
 651 01dd 85000000 		.4byte	0x85
 652 01e1 00000000 		.4byte	.LFB9
 653 01e5 2C000000 		.4byte	.LFE9
 654 01e9 7D000000 		.4byte	.LLST4
 655 01ed 6B020000 		.4byte	0x26b
 656 01f1 1A       		.uleb128 0x1a
 657 01f2 6D7000   		.ascii	"mp\000"
 658 01f5 01       		.byte	0x1
 659 01f6 65       		.byte	0x65
 660 01f7 36010000 		.4byte	0x136
 661 01fb 9D000000 		.4byte	.LLST5
 662 01ff 1B       		.uleb128 0x1b
 663 0200 91000000 		.4byte	.LASF18
 664 0204 01       		.byte	0x1
 665 0205 66       		.byte	0x66
 666 0206 85000000 		.4byte	0x85
 667 020a 01       		.byte	0x1
 668 020b 50       		.byte	0x50
 669 020c 1C       		.uleb128 0x1c
 670 020d 04000000 		.4byte	.LBB10
 671 0211 0A000000 		.4byte	.LBE10
 672 0215 29020000 		.4byte	0x229
 673 0219 1D       		.uleb128 0x1d
 674 021a 746D7000 		.ascii	"tmp\000"
 675 021e 01       		.byte	0x1
 676 021f 68       		.byte	0x68
ARM GAS  /tmp/ccBALyD7.s 			page 13


 677 0220 65000000 		.4byte	0x65
 678 0224 C6000000 		.4byte	.LLST6
 679 0228 00       		.byte	0x0
 680 0229 1E       		.uleb128 0x1e
 681 022a 0E010000 		.4byte	0x10e
 682 022e 0A000000 		.4byte	.LBB11
 683 0232 00000000 		.4byte	.Ldebug_ranges0+0x0
 684 0236 01       		.byte	0x1
 685 0237 69       		.byte	0x69
 686 0238 55020000 		.4byte	0x255
 687 023c 17       		.uleb128 0x17
 688 023d 20010000 		.4byte	0x120
 689 0241 E4000000 		.4byte	.LLST7
 690 0245 1F       		.uleb128 0x1f
 691 0246 18000000 		.4byte	.Ldebug_ranges0+0x18
 692 024a 18       		.uleb128 0x18
 693 024b 2A010000 		.4byte	0x12a
 694 024f 02010000 		.4byte	.LLST8
 695 0253 00       		.byte	0x0
 696 0254 00       		.byte	0x0
 697 0255 1F       		.uleb128 0x1f
 698 0256 30000000 		.4byte	.Ldebug_ranges0+0x30
 699 025a 1D       		.uleb128 0x1d
 700 025b 746D7000 		.ascii	"tmp\000"
 701 025f 01       		.byte	0x1
 702 0260 6A       		.byte	0x6a
 703 0261 65000000 		.4byte	0x65
 704 0265 21010000 		.4byte	.LLST9
 705 0269 00       		.byte	0x0
 706 026a 00       		.byte	0x0
 707 026b 20       		.uleb128 0x20
 708 026c 3C010000 		.4byte	0x13c
 709 0270 00000000 		.4byte	.LFB10
 710 0274 08000000 		.4byte	.LFE10
 711 0278 02       		.byte	0x2
 712 0279 7D       		.byte	0x7d
 713 027a 00       		.sleb128 0
 714 027b 95020000 		.4byte	0x295
 715 027f 21       		.uleb128 0x21
 716 0280 4A010000 		.4byte	0x14a
 717 0284 01       		.byte	0x1
 718 0285 50       		.byte	0x50
 719 0286 21       		.uleb128 0x21
 720 0287 54010000 		.4byte	0x154
 721 028b 01       		.byte	0x1
 722 028c 51       		.byte	0x51
 723 028d 22       		.uleb128 0x22
 724 028e 5F010000 		.4byte	0x15f
 725 0292 01       		.byte	0x1
 726 0293 51       		.byte	0x51
 727 0294 00       		.byte	0x0
 728 0295 23       		.uleb128 0x23
 729 0296 01       		.byte	0x1
 730 0297 7B000000 		.4byte	.LASF22
 731 029b 01       		.byte	0x1
 732 029c 91       		.byte	0x91
 733 029d 01       		.byte	0x1
ARM GAS  /tmp/ccBALyD7.s 			page 14


 734 029e 00000000 		.4byte	.LFB11
 735 02a2 14000000 		.4byte	.LFE11
 736 02a6 02       		.byte	0x2
 737 02a7 7D       		.byte	0x7d
 738 02a8 00       		.sleb128 0
 739 02a9 13       		.uleb128 0x13
 740 02aa 6D7000   		.ascii	"mp\000"
 741 02ad 01       		.byte	0x1
 742 02ae 91       		.byte	0x91
 743 02af 36010000 		.4byte	0x136
 744 02b3 01       		.byte	0x1
 745 02b4 50       		.byte	0x50
 746 02b5 15       		.uleb128 0x15
 747 02b6 91000000 		.4byte	.LASF18
 748 02ba 01       		.byte	0x1
 749 02bb 91       		.byte	0x91
 750 02bc 85000000 		.4byte	0x85
 751 02c0 01       		.byte	0x1
 752 02c1 51       		.byte	0x51
 753 02c2 1C       		.uleb128 0x1c
 754 02c3 00000000 		.4byte	.LBB17
 755 02c7 06000000 		.4byte	.LBE17
 756 02cb DF020000 		.4byte	0x2df
 757 02cf 1D       		.uleb128 0x1d
 758 02d0 746D7000 		.ascii	"tmp\000"
 759 02d4 01       		.byte	0x1
 760 02d5 93       		.byte	0x93
 761 02d6 65000000 		.4byte	0x65
 762 02da 3F010000 		.4byte	.LLST10
 763 02de 00       		.byte	0x0
 764 02df 1E       		.uleb128 0x1e
 765 02e0 3C010000 		.4byte	0x13c
 766 02e4 06000000 		.4byte	.LBB18
 767 02e8 48000000 		.4byte	.Ldebug_ranges0+0x48
 768 02ec 01       		.byte	0x1
 769 02ed 94       		.byte	0x94
 770 02ee 0E030000 		.4byte	0x30e
 771 02f2 21       		.uleb128 0x21
 772 02f3 54010000 		.4byte	0x154
 773 02f7 01       		.byte	0x1
 774 02f8 51       		.byte	0x51
 775 02f9 21       		.uleb128 0x21
 776 02fa 4A010000 		.4byte	0x14a
 777 02fe 01       		.byte	0x1
 778 02ff 50       		.byte	0x50
 779 0300 1F       		.uleb128 0x1f
 780 0301 60000000 		.4byte	.Ldebug_ranges0+0x60
 781 0305 22       		.uleb128 0x22
 782 0306 5F010000 		.4byte	0x15f
 783 030a 01       		.byte	0x1
 784 030b 51       		.byte	0x51
 785 030c 00       		.byte	0x0
 786 030d 00       		.byte	0x0
 787 030e 1F       		.uleb128 0x1f
 788 030f 78000000 		.4byte	.Ldebug_ranges0+0x78
 789 0313 1D       		.uleb128 0x1d
 790 0314 746D7000 		.ascii	"tmp\000"
ARM GAS  /tmp/ccBALyD7.s 			page 15


 791 0318 01       		.byte	0x1
 792 0319 95       		.byte	0x95
 793 031a 65000000 		.4byte	0x65
 794 031e 52010000 		.4byte	.LLST11
 795 0322 00       		.byte	0x0
 796 0323 00       		.byte	0x0
 797 0324 00       		.byte	0x0
 798              		.section	.debug_abbrev
 799 0000 01       		.uleb128 0x1
 800 0001 11       		.uleb128 0x11
 801 0002 01       		.byte	0x1
 802 0003 25       		.uleb128 0x25
 803 0004 0E       		.uleb128 0xe
 804 0005 13       		.uleb128 0x13
 805 0006 0B       		.uleb128 0xb
 806 0007 03       		.uleb128 0x3
 807 0008 0E       		.uleb128 0xe
 808 0009 1B       		.uleb128 0x1b
 809 000a 0E       		.uleb128 0xe
 810 000b 11       		.uleb128 0x11
 811 000c 01       		.uleb128 0x1
 812 000d 52       		.uleb128 0x52
 813 000e 01       		.uleb128 0x1
 814 000f 55       		.uleb128 0x55
 815 0010 06       		.uleb128 0x6
 816 0011 10       		.uleb128 0x10
 817 0012 06       		.uleb128 0x6
 818 0013 00       		.byte	0x0
 819 0014 00       		.byte	0x0
 820 0015 02       		.uleb128 0x2
 821 0016 24       		.uleb128 0x24
 822 0017 00       		.byte	0x0
 823 0018 0B       		.uleb128 0xb
 824 0019 0B       		.uleb128 0xb
 825 001a 3E       		.uleb128 0x3e
 826 001b 0B       		.uleb128 0xb
 827 001c 03       		.uleb128 0x3
 828 001d 08       		.uleb128 0x8
 829 001e 00       		.byte	0x0
 830 001f 00       		.byte	0x0
 831 0020 03       		.uleb128 0x3
 832 0021 16       		.uleb128 0x16
 833 0022 00       		.byte	0x0
 834 0023 03       		.uleb128 0x3
 835 0024 0E       		.uleb128 0xe
 836 0025 3A       		.uleb128 0x3a
 837 0026 0B       		.uleb128 0xb
 838 0027 3B       		.uleb128 0x3b
 839 0028 0B       		.uleb128 0xb
 840 0029 49       		.uleb128 0x49
 841 002a 13       		.uleb128 0x13
 842 002b 00       		.byte	0x0
 843 002c 00       		.byte	0x0
 844 002d 04       		.uleb128 0x4
 845 002e 24       		.uleb128 0x24
 846 002f 00       		.byte	0x0
 847 0030 0B       		.uleb128 0xb
ARM GAS  /tmp/ccBALyD7.s 			page 16


 848 0031 0B       		.uleb128 0xb
 849 0032 3E       		.uleb128 0x3e
 850 0033 0B       		.uleb128 0xb
 851 0034 03       		.uleb128 0x3
 852 0035 0E       		.uleb128 0xe
 853 0036 00       		.byte	0x0
 854 0037 00       		.byte	0x0
 855 0038 05       		.uleb128 0x5
 856 0039 0F       		.uleb128 0xf
 857 003a 00       		.byte	0x0
 858 003b 0B       		.uleb128 0xb
 859 003c 0B       		.uleb128 0xb
 860 003d 00       		.byte	0x0
 861 003e 00       		.byte	0x0
 862 003f 06       		.uleb128 0x6
 863 0040 0F       		.uleb128 0xf
 864 0041 00       		.byte	0x0
 865 0042 0B       		.uleb128 0xb
 866 0043 0B       		.uleb128 0xb
 867 0044 49       		.uleb128 0x49
 868 0045 13       		.uleb128 0x13
 869 0046 00       		.byte	0x0
 870 0047 00       		.byte	0x0
 871 0048 07       		.uleb128 0x7
 872 0049 15       		.uleb128 0x15
 873 004a 01       		.byte	0x1
 874 004b 27       		.uleb128 0x27
 875 004c 0C       		.uleb128 0xc
 876 004d 49       		.uleb128 0x49
 877 004e 13       		.uleb128 0x13
 878 004f 01       		.uleb128 0x1
 879 0050 13       		.uleb128 0x13
 880 0051 00       		.byte	0x0
 881 0052 00       		.byte	0x0
 882 0053 08       		.uleb128 0x8
 883 0054 05       		.uleb128 0x5
 884 0055 00       		.byte	0x0
 885 0056 49       		.uleb128 0x49
 886 0057 13       		.uleb128 0x13
 887 0058 00       		.byte	0x0
 888 0059 00       		.byte	0x0
 889 005a 09       		.uleb128 0x9
 890 005b 13       		.uleb128 0x13
 891 005c 01       		.byte	0x1
 892 005d 03       		.uleb128 0x3
 893 005e 0E       		.uleb128 0xe
 894 005f 0B       		.uleb128 0xb
 895 0060 0B       		.uleb128 0xb
 896 0061 3A       		.uleb128 0x3a
 897 0062 0B       		.uleb128 0xb
 898 0063 3B       		.uleb128 0x3b
 899 0064 0B       		.uleb128 0xb
 900 0065 01       		.uleb128 0x1
 901 0066 13       		.uleb128 0x13
 902 0067 00       		.byte	0x0
 903 0068 00       		.byte	0x0
 904 0069 0A       		.uleb128 0xa
ARM GAS  /tmp/ccBALyD7.s 			page 17


 905 006a 0D       		.uleb128 0xd
 906 006b 00       		.byte	0x0
 907 006c 03       		.uleb128 0x3
 908 006d 0E       		.uleb128 0xe
 909 006e 3A       		.uleb128 0x3a
 910 006f 0B       		.uleb128 0xb
 911 0070 3B       		.uleb128 0x3b
 912 0071 0B       		.uleb128 0xb
 913 0072 49       		.uleb128 0x49
 914 0073 13       		.uleb128 0x13
 915 0074 38       		.uleb128 0x38
 916 0075 0A       		.uleb128 0xa
 917 0076 00       		.byte	0x0
 918 0077 00       		.byte	0x0
 919 0078 0B       		.uleb128 0xb
 920 0079 13       		.uleb128 0x13
 921 007a 01       		.byte	0x1
 922 007b 0B       		.uleb128 0xb
 923 007c 0B       		.uleb128 0xb
 924 007d 3A       		.uleb128 0x3a
 925 007e 0B       		.uleb128 0xb
 926 007f 3B       		.uleb128 0x3b
 927 0080 0B       		.uleb128 0xb
 928 0081 01       		.uleb128 0x1
 929 0082 13       		.uleb128 0x13
 930 0083 00       		.byte	0x0
 931 0084 00       		.byte	0x0
 932 0085 0C       		.uleb128 0xc
 933 0086 2E       		.uleb128 0x2e
 934 0087 01       		.byte	0x1
 935 0088 3F       		.uleb128 0x3f
 936 0089 0C       		.uleb128 0xc
 937 008a 03       		.uleb128 0x3
 938 008b 0E       		.uleb128 0xe
 939 008c 3A       		.uleb128 0x3a
 940 008d 0B       		.uleb128 0xb
 941 008e 3B       		.uleb128 0x3b
 942 008f 0B       		.uleb128 0xb
 943 0090 27       		.uleb128 0x27
 944 0091 0C       		.uleb128 0xc
 945 0092 49       		.uleb128 0x49
 946 0093 13       		.uleb128 0x13
 947 0094 20       		.uleb128 0x20
 948 0095 0B       		.uleb128 0xb
 949 0096 01       		.uleb128 0x1
 950 0097 13       		.uleb128 0x13
 951 0098 00       		.byte	0x0
 952 0099 00       		.byte	0x0
 953 009a 0D       		.uleb128 0xd
 954 009b 05       		.uleb128 0x5
 955 009c 00       		.byte	0x0
 956 009d 03       		.uleb128 0x3
 957 009e 08       		.uleb128 0x8
 958 009f 3A       		.uleb128 0x3a
 959 00a0 0B       		.uleb128 0xb
 960 00a1 3B       		.uleb128 0x3b
 961 00a2 0B       		.uleb128 0xb
ARM GAS  /tmp/ccBALyD7.s 			page 18


 962 00a3 49       		.uleb128 0x49
 963 00a4 13       		.uleb128 0x13
 964 00a5 00       		.byte	0x0
 965 00a6 00       		.byte	0x0
 966 00a7 0E       		.uleb128 0xe
 967 00a8 34       		.uleb128 0x34
 968 00a9 00       		.byte	0x0
 969 00aa 03       		.uleb128 0x3
 970 00ab 0E       		.uleb128 0xe
 971 00ac 3A       		.uleb128 0x3a
 972 00ad 0B       		.uleb128 0xb
 973 00ae 3B       		.uleb128 0x3b
 974 00af 0B       		.uleb128 0xb
 975 00b0 49       		.uleb128 0x49
 976 00b1 13       		.uleb128 0x13
 977 00b2 00       		.byte	0x0
 978 00b3 00       		.byte	0x0
 979 00b4 0F       		.uleb128 0xf
 980 00b5 2E       		.uleb128 0x2e
 981 00b6 01       		.byte	0x1
 982 00b7 3F       		.uleb128 0x3f
 983 00b8 0C       		.uleb128 0xc
 984 00b9 03       		.uleb128 0x3
 985 00ba 0E       		.uleb128 0xe
 986 00bb 3A       		.uleb128 0x3a
 987 00bc 0B       		.uleb128 0xb
 988 00bd 3B       		.uleb128 0x3b
 989 00be 0B       		.uleb128 0xb
 990 00bf 27       		.uleb128 0x27
 991 00c0 0C       		.uleb128 0xc
 992 00c1 20       		.uleb128 0x20
 993 00c2 0B       		.uleb128 0xb
 994 00c3 01       		.uleb128 0x1
 995 00c4 13       		.uleb128 0x13
 996 00c5 00       		.byte	0x0
 997 00c6 00       		.byte	0x0
 998 00c7 10       		.uleb128 0x10
 999 00c8 05       		.uleb128 0x5
 1000 00c9 00       		.byte	0x0
 1001 00ca 03       		.uleb128 0x3
 1002 00cb 0E       		.uleb128 0xe
 1003 00cc 3A       		.uleb128 0x3a
 1004 00cd 0B       		.uleb128 0xb
 1005 00ce 3B       		.uleb128 0x3b
 1006 00cf 0B       		.uleb128 0xb
 1007 00d0 49       		.uleb128 0x49
 1008 00d1 13       		.uleb128 0x13
 1009 00d2 00       		.byte	0x0
 1010 00d3 00       		.byte	0x0
 1011 00d4 11       		.uleb128 0x11
 1012 00d5 34       		.uleb128 0x34
 1013 00d6 00       		.byte	0x0
 1014 00d7 03       		.uleb128 0x3
 1015 00d8 08       		.uleb128 0x8
 1016 00d9 3A       		.uleb128 0x3a
 1017 00da 0B       		.uleb128 0xb
 1018 00db 3B       		.uleb128 0x3b
ARM GAS  /tmp/ccBALyD7.s 			page 19


 1019 00dc 0B       		.uleb128 0xb
 1020 00dd 49       		.uleb128 0x49
 1021 00de 13       		.uleb128 0x13
 1022 00df 00       		.byte	0x0
 1023 00e0 00       		.byte	0x0
 1024 00e1 12       		.uleb128 0x12
 1025 00e2 2E       		.uleb128 0x2e
 1026 00e3 01       		.byte	0x1
 1027 00e4 3F       		.uleb128 0x3f
 1028 00e5 0C       		.uleb128 0xc
 1029 00e6 03       		.uleb128 0x3
 1030 00e7 0E       		.uleb128 0xe
 1031 00e8 3A       		.uleb128 0x3a
 1032 00e9 0B       		.uleb128 0xb
 1033 00ea 3B       		.uleb128 0x3b
 1034 00eb 0B       		.uleb128 0xb
 1035 00ec 27       		.uleb128 0x27
 1036 00ed 0C       		.uleb128 0xc
 1037 00ee 11       		.uleb128 0x11
 1038 00ef 01       		.uleb128 0x1
 1039 00f0 12       		.uleb128 0x12
 1040 00f1 01       		.uleb128 0x1
 1041 00f2 40       		.uleb128 0x40
 1042 00f3 0A       		.uleb128 0xa
 1043 00f4 01       		.uleb128 0x1
 1044 00f5 13       		.uleb128 0x13
 1045 00f6 00       		.byte	0x0
 1046 00f7 00       		.byte	0x0
 1047 00f8 13       		.uleb128 0x13
 1048 00f9 05       		.uleb128 0x5
 1049 00fa 00       		.byte	0x0
 1050 00fb 03       		.uleb128 0x3
 1051 00fc 08       		.uleb128 0x8
 1052 00fd 3A       		.uleb128 0x3a
 1053 00fe 0B       		.uleb128 0xb
 1054 00ff 3B       		.uleb128 0x3b
 1055 0100 0B       		.uleb128 0xb
 1056 0101 49       		.uleb128 0x49
 1057 0102 13       		.uleb128 0x13
 1058 0103 02       		.uleb128 0x2
 1059 0104 0A       		.uleb128 0xa
 1060 0105 00       		.byte	0x0
 1061 0106 00       		.byte	0x0
 1062 0107 14       		.uleb128 0x14
 1063 0108 05       		.uleb128 0x5
 1064 0109 00       		.byte	0x0
 1065 010a 03       		.uleb128 0x3
 1066 010b 0E       		.uleb128 0xe
 1067 010c 3A       		.uleb128 0x3a
 1068 010d 0B       		.uleb128 0xb
 1069 010e 3B       		.uleb128 0x3b
 1070 010f 0B       		.uleb128 0xb
 1071 0110 49       		.uleb128 0x49
 1072 0111 13       		.uleb128 0x13
 1073 0112 02       		.uleb128 0x2
 1074 0113 06       		.uleb128 0x6
 1075 0114 00       		.byte	0x0
ARM GAS  /tmp/ccBALyD7.s 			page 20


 1076 0115 00       		.byte	0x0
 1077 0116 15       		.uleb128 0x15
 1078 0117 05       		.uleb128 0x5
 1079 0118 00       		.byte	0x0
 1080 0119 03       		.uleb128 0x3
 1081 011a 0E       		.uleb128 0xe
 1082 011b 3A       		.uleb128 0x3a
 1083 011c 0B       		.uleb128 0xb
 1084 011d 3B       		.uleb128 0x3b
 1085 011e 0B       		.uleb128 0xb
 1086 011f 49       		.uleb128 0x49
 1087 0120 13       		.uleb128 0x13
 1088 0121 02       		.uleb128 0x2
 1089 0122 0A       		.uleb128 0xa
 1090 0123 00       		.byte	0x0
 1091 0124 00       		.byte	0x0
 1092 0125 16       		.uleb128 0x16
 1093 0126 2E       		.uleb128 0x2e
 1094 0127 01       		.byte	0x1
 1095 0128 31       		.uleb128 0x31
 1096 0129 13       		.uleb128 0x13
 1097 012a 11       		.uleb128 0x11
 1098 012b 01       		.uleb128 0x1
 1099 012c 12       		.uleb128 0x12
 1100 012d 01       		.uleb128 0x1
 1101 012e 40       		.uleb128 0x40
 1102 012f 06       		.uleb128 0x6
 1103 0130 01       		.uleb128 0x1
 1104 0131 13       		.uleb128 0x13
 1105 0132 00       		.byte	0x0
 1106 0133 00       		.byte	0x0
 1107 0134 17       		.uleb128 0x17
 1108 0135 05       		.uleb128 0x5
 1109 0136 00       		.byte	0x0
 1110 0137 31       		.uleb128 0x31
 1111 0138 13       		.uleb128 0x13
 1112 0139 02       		.uleb128 0x2
 1113 013a 06       		.uleb128 0x6
 1114 013b 00       		.byte	0x0
 1115 013c 00       		.byte	0x0
 1116 013d 18       		.uleb128 0x18
 1117 013e 34       		.uleb128 0x34
 1118 013f 00       		.byte	0x0
 1119 0140 31       		.uleb128 0x31
 1120 0141 13       		.uleb128 0x13
 1121 0142 02       		.uleb128 0x2
 1122 0143 06       		.uleb128 0x6
 1123 0144 00       		.byte	0x0
 1124 0145 00       		.byte	0x0
 1125 0146 19       		.uleb128 0x19
 1126 0147 2E       		.uleb128 0x2e
 1127 0148 01       		.byte	0x1
 1128 0149 3F       		.uleb128 0x3f
 1129 014a 0C       		.uleb128 0xc
 1130 014b 03       		.uleb128 0x3
 1131 014c 0E       		.uleb128 0xe
 1132 014d 3A       		.uleb128 0x3a
ARM GAS  /tmp/ccBALyD7.s 			page 21


 1133 014e 0B       		.uleb128 0xb
 1134 014f 3B       		.uleb128 0x3b
 1135 0150 0B       		.uleb128 0xb
 1136 0151 27       		.uleb128 0x27
 1137 0152 0C       		.uleb128 0xc
 1138 0153 49       		.uleb128 0x49
 1139 0154 13       		.uleb128 0x13
 1140 0155 11       		.uleb128 0x11
 1141 0156 01       		.uleb128 0x1
 1142 0157 12       		.uleb128 0x12
 1143 0158 01       		.uleb128 0x1
 1144 0159 40       		.uleb128 0x40
 1145 015a 06       		.uleb128 0x6
 1146 015b 01       		.uleb128 0x1
 1147 015c 13       		.uleb128 0x13
 1148 015d 00       		.byte	0x0
 1149 015e 00       		.byte	0x0
 1150 015f 1A       		.uleb128 0x1a
 1151 0160 05       		.uleb128 0x5
 1152 0161 00       		.byte	0x0
 1153 0162 03       		.uleb128 0x3
 1154 0163 08       		.uleb128 0x8
 1155 0164 3A       		.uleb128 0x3a
 1156 0165 0B       		.uleb128 0xb
 1157 0166 3B       		.uleb128 0x3b
 1158 0167 0B       		.uleb128 0xb
 1159 0168 49       		.uleb128 0x49
 1160 0169 13       		.uleb128 0x13
 1161 016a 02       		.uleb128 0x2
 1162 016b 06       		.uleb128 0x6
 1163 016c 00       		.byte	0x0
 1164 016d 00       		.byte	0x0
 1165 016e 1B       		.uleb128 0x1b
 1166 016f 34       		.uleb128 0x34
 1167 0170 00       		.byte	0x0
 1168 0171 03       		.uleb128 0x3
 1169 0172 0E       		.uleb128 0xe
 1170 0173 3A       		.uleb128 0x3a
 1171 0174 0B       		.uleb128 0xb
 1172 0175 3B       		.uleb128 0x3b
 1173 0176 0B       		.uleb128 0xb
 1174 0177 49       		.uleb128 0x49
 1175 0178 13       		.uleb128 0x13
 1176 0179 02       		.uleb128 0x2
 1177 017a 0A       		.uleb128 0xa
 1178 017b 00       		.byte	0x0
 1179 017c 00       		.byte	0x0
 1180 017d 1C       		.uleb128 0x1c
 1181 017e 0B       		.uleb128 0xb
 1182 017f 01       		.byte	0x1
 1183 0180 11       		.uleb128 0x11
 1184 0181 01       		.uleb128 0x1
 1185 0182 12       		.uleb128 0x12
 1186 0183 01       		.uleb128 0x1
 1187 0184 01       		.uleb128 0x1
 1188 0185 13       		.uleb128 0x13
 1189 0186 00       		.byte	0x0
ARM GAS  /tmp/ccBALyD7.s 			page 22


 1190 0187 00       		.byte	0x0
 1191 0188 1D       		.uleb128 0x1d
 1192 0189 34       		.uleb128 0x34
 1193 018a 00       		.byte	0x0
 1194 018b 03       		.uleb128 0x3
 1195 018c 08       		.uleb128 0x8
 1196 018d 3A       		.uleb128 0x3a
 1197 018e 0B       		.uleb128 0xb
 1198 018f 3B       		.uleb128 0x3b
 1199 0190 0B       		.uleb128 0xb
 1200 0191 49       		.uleb128 0x49
 1201 0192 13       		.uleb128 0x13
 1202 0193 02       		.uleb128 0x2
 1203 0194 06       		.uleb128 0x6
 1204 0195 00       		.byte	0x0
 1205 0196 00       		.byte	0x0
 1206 0197 1E       		.uleb128 0x1e
 1207 0198 1D       		.uleb128 0x1d
 1208 0199 01       		.byte	0x1
 1209 019a 31       		.uleb128 0x31
 1210 019b 13       		.uleb128 0x13
 1211 019c 52       		.uleb128 0x52
 1212 019d 01       		.uleb128 0x1
 1213 019e 55       		.uleb128 0x55
 1214 019f 06       		.uleb128 0x6
 1215 01a0 58       		.uleb128 0x58
 1216 01a1 0B       		.uleb128 0xb
 1217 01a2 59       		.uleb128 0x59
 1218 01a3 0B       		.uleb128 0xb
 1219 01a4 01       		.uleb128 0x1
 1220 01a5 13       		.uleb128 0x13
 1221 01a6 00       		.byte	0x0
 1222 01a7 00       		.byte	0x0
 1223 01a8 1F       		.uleb128 0x1f
 1224 01a9 0B       		.uleb128 0xb
 1225 01aa 01       		.byte	0x1
 1226 01ab 55       		.uleb128 0x55
 1227 01ac 06       		.uleb128 0x6
 1228 01ad 00       		.byte	0x0
 1229 01ae 00       		.byte	0x0
 1230 01af 20       		.uleb128 0x20
 1231 01b0 2E       		.uleb128 0x2e
 1232 01b1 01       		.byte	0x1
 1233 01b2 31       		.uleb128 0x31
 1234 01b3 13       		.uleb128 0x13
 1235 01b4 11       		.uleb128 0x11
 1236 01b5 01       		.uleb128 0x1
 1237 01b6 12       		.uleb128 0x12
 1238 01b7 01       		.uleb128 0x1
 1239 01b8 40       		.uleb128 0x40
 1240 01b9 0A       		.uleb128 0xa
 1241 01ba 01       		.uleb128 0x1
 1242 01bb 13       		.uleb128 0x13
 1243 01bc 00       		.byte	0x0
 1244 01bd 00       		.byte	0x0
 1245 01be 21       		.uleb128 0x21
 1246 01bf 05       		.uleb128 0x5
ARM GAS  /tmp/ccBALyD7.s 			page 23


 1247 01c0 00       		.byte	0x0
 1248 01c1 31       		.uleb128 0x31
 1249 01c2 13       		.uleb128 0x13
 1250 01c3 02       		.uleb128 0x2
 1251 01c4 0A       		.uleb128 0xa
 1252 01c5 00       		.byte	0x0
 1253 01c6 00       		.byte	0x0
 1254 01c7 22       		.uleb128 0x22
 1255 01c8 34       		.uleb128 0x34
 1256 01c9 00       		.byte	0x0
 1257 01ca 31       		.uleb128 0x31
 1258 01cb 13       		.uleb128 0x13
 1259 01cc 02       		.uleb128 0x2
 1260 01cd 0A       		.uleb128 0xa
 1261 01ce 00       		.byte	0x0
 1262 01cf 00       		.byte	0x0
 1263 01d0 23       		.uleb128 0x23
 1264 01d1 2E       		.uleb128 0x2e
 1265 01d2 01       		.byte	0x1
 1266 01d3 3F       		.uleb128 0x3f
 1267 01d4 0C       		.uleb128 0xc
 1268 01d5 03       		.uleb128 0x3
 1269 01d6 0E       		.uleb128 0xe
 1270 01d7 3A       		.uleb128 0x3a
 1271 01d8 0B       		.uleb128 0xb
 1272 01d9 3B       		.uleb128 0x3b
 1273 01da 0B       		.uleb128 0xb
 1274 01db 27       		.uleb128 0x27
 1275 01dc 0C       		.uleb128 0xc
 1276 01dd 11       		.uleb128 0x11
 1277 01de 01       		.uleb128 0x1
 1278 01df 12       		.uleb128 0x12
 1279 01e0 01       		.uleb128 0x1
 1280 01e1 40       		.uleb128 0x40
 1281 01e2 0A       		.uleb128 0xa
 1282 01e3 00       		.byte	0x0
 1283 01e4 00       		.byte	0x0
 1284 01e5 00       		.byte	0x0
 1285              		.section	.debug_pubnames,"",%progbits
 1286 0000 5D000000 		.4byte	0x5d
 1287 0004 0200     		.2byte	0x2
 1288 0006 00000000 		.4byte	.Ldebug_info0
 1289 000a 25030000 		.4byte	0x325
 1290 000e 6B010000 		.4byte	0x16b
 1291 0012 6368506F 		.ascii	"chPoolInit\000"
 1291      6F6C496E 
 1291      697400
 1292 001d AC010000 		.4byte	0x1ac
 1293 0021 6368506F 		.ascii	"chPoolAllocI\000"
 1293      6F6C416C 
 1293      6C6F6349 
 1293      00
 1294 002e D4010000 		.4byte	0x1d4
 1295 0032 6368506F 		.ascii	"chPoolAlloc\000"
 1295      6F6C416C 
 1295      6C6F6300 
 1296 003e 6B020000 		.4byte	0x26b
ARM GAS  /tmp/ccBALyD7.s 			page 24


 1297 0042 6368506F 		.ascii	"chPoolFreeI\000"
 1297      6F6C4672 
 1297      65654900 
 1298 004e 95020000 		.4byte	0x295
 1299 0052 6368506F 		.ascii	"chPoolFree\000"
 1299      6F6C4672 
 1299      656500
 1300 005d 00000000 		.4byte	0x0
 1301              		.section	.debug_pubtypes,"",%progbits
 1302 0000 56000000 		.4byte	0x56
 1303 0004 0200     		.2byte	0x2
 1304 0006 00000000 		.4byte	.Ldebug_info0
 1305 000a 25030000 		.4byte	0x325
 1306 000e 30000000 		.4byte	0x30
 1307 0012 73697A65 		.ascii	"size_t\000"
 1307      5F7400
 1308 0019 65000000 		.4byte	0x65
 1309 001d 75696E74 		.ascii	"uint32_t\000"
 1309      33325F74 
 1309      00
 1310 0026 87000000 		.4byte	0x87
 1311 002a 6D656D67 		.ascii	"memgetfunc_t\000"
 1311      65746675 
 1311      6E635F74 
 1311      00
 1312 0037 A8000000 		.4byte	0xa8
 1313 003b 706F6F6C 		.ascii	"pool_header\000"
 1313      5F686561 
 1313      64657200 
 1314 0047 FC000000 		.4byte	0xfc
 1315 004b 4D656D6F 		.ascii	"MemoryPool\000"
 1315      7279506F 
 1315      6F6C00
 1316 0056 00000000 		.4byte	0x0
 1317              		.section	.debug_aranges,"",%progbits
 1318 0000 3C000000 		.4byte	0x3c
 1319 0004 0200     		.2byte	0x2
 1320 0006 00000000 		.4byte	.Ldebug_info0
 1321 000a 04       		.byte	0x4
 1322 000b 00       		.byte	0x0
 1323 000c 0000     		.2byte	0x0
 1324 000e 0000     		.2byte	0x0
 1325 0010 00000000 		.4byte	.LFB7
 1326 0014 10000000 		.4byte	.LFE7-.LFB7
 1327 0018 00000000 		.4byte	.LFB8
 1328 001c 18000000 		.4byte	.LFE8-.LFB8
 1329 0020 00000000 		.4byte	.LFB9
 1330 0024 2C000000 		.4byte	.LFE9-.LFB9
 1331 0028 00000000 		.4byte	.LFB10
 1332 002c 08000000 		.4byte	.LFE10-.LFB10
 1333 0030 00000000 		.4byte	.LFB11
 1334 0034 14000000 		.4byte	.LFE11-.LFB11
 1335 0038 00000000 		.4byte	0x0
 1336 003c 00000000 		.4byte	0x0
 1337              		.section	.debug_ranges,"",%progbits
 1338              	.Ldebug_ranges0:
 1339 0000 0A000000 		.4byte	.LBB11
ARM GAS  /tmp/ccBALyD7.s 			page 25


 1340 0004 12000000 		.4byte	.LBE11
 1341 0008 1A000000 		.4byte	.LBB15
 1342 000c 24000000 		.4byte	.LBE15
 1343 0010 00000000 		.4byte	0x0
 1344 0014 00000000 		.4byte	0x0
 1345 0018 0A000000 		.4byte	.LBB12
 1346 001c 12000000 		.4byte	.LBE12
 1347 0020 1A000000 		.4byte	.LBB13
 1348 0024 24000000 		.4byte	.LBE13
 1349 0028 00000000 		.4byte	0x0
 1350 002c 00000000 		.4byte	0x0
 1351 0030 12000000 		.4byte	.LBB14
 1352 0034 18000000 		.4byte	.LBE14
 1353 0038 24000000 		.4byte	.LBB16
 1354 003c 2A000000 		.4byte	.LBE16
 1355 0040 00000000 		.4byte	0x0
 1356 0044 00000000 		.4byte	0x0
 1357 0048 06000000 		.4byte	.LBB18
 1358 004c 08000000 		.4byte	.LBE18
 1359 0050 0A000000 		.4byte	.LBB22
 1360 0054 0E000000 		.4byte	.LBE22
 1361 0058 00000000 		.4byte	0x0
 1362 005c 00000000 		.4byte	0x0
 1363 0060 06000000 		.4byte	.LBB19
 1364 0064 08000000 		.4byte	.LBE19
 1365 0068 0A000000 		.4byte	.LBB20
 1366 006c 0E000000 		.4byte	.LBE20
 1367 0070 00000000 		.4byte	0x0
 1368 0074 00000000 		.4byte	0x0
 1369 0078 08000000 		.4byte	.LBB21
 1370 007c 0A000000 		.4byte	.LBE21
 1371 0080 0E000000 		.4byte	.LBB23
 1372 0084 12000000 		.4byte	.LBE23
 1373 0088 00000000 		.4byte	0x0
 1374 008c 00000000 		.4byte	0x0
 1375 0090 00000000 		.4byte	.LFB7
 1376 0094 10000000 		.4byte	.LFE7
 1377 0098 00000000 		.4byte	.LFB8
 1378 009c 18000000 		.4byte	.LFE8
 1379 00a0 00000000 		.4byte	.LFB9
 1380 00a4 2C000000 		.4byte	.LFE9
 1381 00a8 00000000 		.4byte	.LFB10
 1382 00ac 08000000 		.4byte	.LFE10
 1383 00b0 00000000 		.4byte	.LFB11
 1384 00b4 14000000 		.4byte	.LFE11
 1385 00b8 00000000 		.4byte	0x0
 1386 00bc 00000000 		.4byte	0x0
 1387              		.section	.debug_str,"MS",%progbits,1
 1388              	.LASF6:
 1389 0000 73697A65 		.ascii	"size_t\000"
 1389      5F7400
 1390              	.LASF23:
 1391 0007 474E5520 		.ascii	"GNU C 4.5.2\000"
 1391      4320342E 
 1391      352E3200 
 1392              	.LASF14:
 1393 0013 6D705F6F 		.ascii	"mp_object_size\000"
ARM GAS  /tmp/ccBALyD7.s 			page 26


 1393      626A6563 
 1393      745F7369 
 1393      7A6500
 1394              	.LASF26:
 1395 0022 706F6F6C 		.ascii	"pool_header\000"
 1395      5F686561 
 1395      64657200 
 1396              	.LASF19:
 1397 002e 73697A65 		.ascii	"size\000"
 1397      00
 1398              	.LASF8:
 1399 0033 6C6F6E67 		.ascii	"long unsigned int\000"
 1399      20756E73 
 1399      69676E65 
 1399      6420696E 
 1399      7400
 1400              	.LASF4:
 1401 0045 73686F72 		.ascii	"short unsigned int\000"
 1401      7420756E 
 1401      7369676E 
 1401      65642069 
 1401      6E7400
 1402              	.LASF20:
 1403 0058 70726F76 		.ascii	"provider\000"
 1403      69646572 
 1403      00
 1404              	.LASF27:
 1405 0061 6368506F 		.ascii	"chPoolFreeI\000"
 1405      6F6C4672 
 1405      65654900 
 1406              	.LASF2:
 1407 006d 756E7369 		.ascii	"unsigned char\000"
 1407      676E6564 
 1407      20636861 
 1407      7200
 1408              	.LASF22:
 1409 007b 6368506F 		.ascii	"chPoolFree\000"
 1409      6F6C4672 
 1409      656500
 1410              	.LASF16:
 1411 0086 4D656D6F 		.ascii	"MemoryPool\000"
 1411      7279506F 
 1411      6F6C00
 1412              	.LASF18:
 1413 0091 6F626A70 		.ascii	"objp\000"
 1413      00
 1414              	.LASF24:
 1415 0096 2E2E2F6C 		.ascii	"../libs/ChibiOS_2.4.0/os/kernel/src/chmempools.c\000"
 1415      6962732F 
 1415      43686962 
 1415      694F535F 
 1415      322E342E 
 1416              	.LASF21:
 1417 00c7 6368506F 		.ascii	"chPoolAllocI\000"
 1417      6F6C416C 
 1417      6C6F6349 
 1417      00
ARM GAS  /tmp/ccBALyD7.s 			page 27


 1418              	.LASF0:
 1419 00d4 756E7369 		.ascii	"unsigned int\000"
 1419      676E6564 
 1419      20696E74 
 1419      00
 1420              	.LASF10:
 1421 00e1 6C6F6E67 		.ascii	"long long unsigned int\000"
 1421      206C6F6E 
 1421      6720756E 
 1421      7369676E 
 1421      65642069 
 1422              	.LASF12:
 1423 00f8 70685F6E 		.ascii	"ph_next\000"
 1423      65787400 
 1424              	.LASF9:
 1425 0100 6C6F6E67 		.ascii	"long long int\000"
 1425      206C6F6E 
 1425      6720696E 
 1425      7400
 1426              	.LASF17:
 1427 010e 63686172 		.ascii	"char\000"
 1427      00
 1428              	.LASF11:
 1429 0113 6D656D67 		.ascii	"memgetfunc_t\000"
 1429      65746675 
 1429      6E635F74 
 1429      00
 1430              	.LASF15:
 1431 0120 6D705F70 		.ascii	"mp_provider\000"
 1431      726F7669 
 1431      64657200 
 1432              	.LASF3:
 1433 012c 73686F72 		.ascii	"short int\000"
 1433      7420696E 
 1433      7400
 1434              	.LASF29:
 1435 0136 6368506F 		.ascii	"chPoolAlloc\000"
 1435      6F6C416C 
 1435      6C6F6300 
 1436              	.LASF7:
 1437 0142 75696E74 		.ascii	"uint32_t\000"
 1437      33325F74 
 1437      00
 1438              	.LASF5:
 1439 014b 6C6F6E67 		.ascii	"long int\000"
 1439      20696E74 
 1439      00
 1440              	.LASF25:
 1441 0154 2F686F6D 		.ascii	"/home/stm32/Workspace/demoarm\000"
 1441      652F7374 
 1441      6D33322F 
 1441      576F726B 
 1441      73706163 
 1442              	.LASF1:
 1443 0172 7369676E 		.ascii	"signed char\000"
 1443      65642063 
 1443      68617200 
ARM GAS  /tmp/ccBALyD7.s 			page 28


 1444              	.LASF13:
 1445 017e 6D705F6E 		.ascii	"mp_next\000"
 1445      65787400 
 1446              	.LASF28:
 1447 0186 6368506F 		.ascii	"chPoolInit\000"
 1447      6F6C496E 
 1447      697400
 1448              		.ident	"GCC: (Sourcery G++ Lite 2011.03-42) 4.5.2"
ARM GAS  /tmp/ccBALyD7.s 			page 29


DEFINED SYMBOLS
                            *ABS*:00000000 chmempools.c
     /tmp/ccBALyD7.s:26     .text.chPoolInit:00000000 $t
     /tmp/ccBALyD7.s:32     .text.chPoolInit:00000000 chPoolInit
     /tmp/ccBALyD7.s:59     .text.chPoolAllocI:00000000 $t
     /tmp/ccBALyD7.s:65     .text.chPoolAllocI:00000000 chPoolAllocI
     /tmp/ccBALyD7.s:103    .text.chPoolAlloc:00000000 $t
     /tmp/ccBALyD7.s:109    .text.chPoolAlloc:00000000 chPoolAlloc
     /tmp/ccBALyD7.s:189    .text.chPoolFreeI:00000000 $t
     /tmp/ccBALyD7.s:195    .text.chPoolFreeI:00000000 chPoolFreeI
     /tmp/ccBALyD7.s:214    .text.chPoolFree:00000000 $t
     /tmp/ccBALyD7.s:220    .text.chPoolFree:00000000 chPoolFree
                     .debug_frame:00000010 $d

NO UNDEFINED SYMBOLS
