ARM GAS  /tmp/cczaX2cj.s 			page 1


   1              		.syntax unified
   2              		.cpu cortex-m4
   3              		.eabi_attribute 27, 3
   4              		.eabi_attribute 28, 1
   5              		.fpu fpv4-sp-d16
   6              		.eabi_attribute 20, 1
   7              		.eabi_attribute 21, 1
   8              		.eabi_attribute 23, 3
   9              		.eabi_attribute 24, 1
  10              		.eabi_attribute 25, 1
  11              		.eabi_attribute 26, 1
  12              		.eabi_attribute 30, 2
  13              		.eabi_attribute 18, 4
  14              		.thumb
  15              		.file	"chmsg.c"
  16              		.section	.debug_abbrev,"",%progbits
  17              	.Ldebug_abbrev0:
  18              		.section	.debug_info,"",%progbits
  19              	.Ldebug_info0:
  20              		.section	.debug_line,"",%progbits
  21              	.Ldebug_line0:
  22 0000 E5010000 		.text
  22      02006401 
  22      00000201 
  22      FB0E0D00 
  22      01010101 
  23              	.Ltext0:
  24              		.cfi_sections	.debug_frame
  25              		.section	.text.chMsgSend,"ax",%progbits
  26              		.align	2
  27              		.p2align 4,,15
  28              		.global	chMsgSend
  29              		.thumb
  30              		.thumb_func
  31              		.type	chMsgSend, %function
  32              	chMsgSend:
  33              	.LFB7:
  34              		.file 1 "../libs/ChibiOS_2.4.0/os/kernel/src/chmsg.c"
  35              		.loc 1 75 0
  36              		.cfi_startproc
  37              		@ args = 0, pretend = 0, frame = 0
  38              		@ frame_needed = 0, uses_anonymous_args = 0
  39              	.LVL0:
  40 0000 38B5     		push	{r3, r4, r5, lr}
  41              	.LCFI0:
  42              		.cfi_def_cfa_offset 16
  43              		.loc 1 76 0
  44 0002 114A     		ldr	r2, .L5
  45              	.LBB10:
  46              		.loc 1 80 0
  47 0004 2023     		movs	r3, #32
  48              		.cfi_offset 14, -4
  49              		.cfi_offset 5, -8
  50              		.cfi_offset 4, -12
  51              		.cfi_offset 3, -16
  52              	.LVL1:
  53              	.LBE10:
ARM GAS  /tmp/cczaX2cj.s 			page 2


  54              		.loc 1 76 0
  55 0006 D469     		ldr	r4, [r2, #28]
  56              	.LVL2:
  57              	.LBB11:
  58              		.loc 1 80 0
  59              	@ 80 "../libs/ChibiOS_2.4.0/os/kernel/src/chmsg.c" 1
  60 0008 83F31188 		msr     BASEPRI, r3
  61              	@ 0 "" 2
  62              	.LVL3:
  63              		.thumb
  64              	.LBE11:
  65              		.loc 1 84 0
  66 000c 057F     		ldrb	r5, [r0, #28]	@ zero_extendqisi2
  67              	.LBB12:
  68              	.LBB14:
  69              		.file 2 "../libs/ChibiOS_2.4.0/os/kernel/include/chinline.h"
  70              		.loc 2 55 0
  71 000e 036B     		ldr	r3, [r0, #48]
  72              	.LVL4:
  73              	.LBE14:
  74              	.LBE12:
  75              		.loc 1 81 0
  76 0010 6163     		str	r1, [r4, #52]
  77              		.loc 1 84 0
  78 0012 0C2D     		cmp	r5, #12
  79              		.loc 1 82 0
  80 0014 00F12C01 		add	r1, r0, #44
  81              	.LVL5:
  82              	.LBB16:
  83              	.LBB13:
  84              		.loc 2 54 0
  85 0018 2160     		str	r1, [r4, #0]
  86              	.LBE13:
  87              	.LBE16:
  88              		.loc 1 82 0
  89 001a 6162     		str	r1, [r4, #36]
  90              	.LVL6:
  91              	.LBB17:
  92              	.LBB15:
  93              		.loc 2 55 0
  94 001c 6360     		str	r3, [r4, #4]
  95              		.loc 2 56 0
  96 001e 0463     		str	r4, [r0, #48]
  97 0020 1C60     		str	r4, [r3, #0]
  98              	.LBE15:
  99              	.LBE17:
 100              		.loc 1 84 0
 101 0022 07D0     		beq	.L4
 102              		.loc 1 86 0
 103 0024 0A20     		movs	r0, #10
 104              	.LVL7:
 105 0026 FFF7FEFF 		bl	chSchGoSleepS
 106              	.LVL8:
 107              		.loc 1 87 0
 108 002a 606A     		ldr	r0, [r4, #36]
 109              	.LVL9:
 110              	.LBB18:
ARM GAS  /tmp/cczaX2cj.s 			page 3


 111              		.loc 1 88 0
 112 002c 0023     		movs	r3, #0
 113              	.LVL10:
 114              	@ 88 "../libs/ChibiOS_2.4.0/os/kernel/src/chmsg.c" 1
 115 002e 83F31188 		msr     BASEPRI, r3
 116              	@ 0 "" 2
 117              	.LVL11:
 118              		.thumb
 119              	.LBE18:
 120              		.loc 1 90 0
 121 0032 38BD     		pop	{r3, r4, r5, pc}
 122              	.LVL12:
 123              	.L4:
 124              		.loc 1 85 0
 125 0034 FFF7FEFF 		bl	chSchReadyI
 126              	.LVL13:
 127              		.loc 1 86 0
 128 0038 0A20     		movs	r0, #10
 129 003a FFF7FEFF 		bl	chSchGoSleepS
 130              		.loc 1 87 0
 131 003e 606A     		ldr	r0, [r4, #36]
 132              	.LVL14:
 133              	.LBB19:
 134              		.loc 1 88 0
 135 0040 0023     		movs	r3, #0
 136              	@ 88 "../libs/ChibiOS_2.4.0/os/kernel/src/chmsg.c" 1
 137 0042 83F31188 		msr     BASEPRI, r3
 138              	@ 0 "" 2
 139              	.LVL15:
 140              		.thumb
 141              	.LBE19:
 142              		.loc 1 90 0
 143 0046 38BD     		pop	{r3, r4, r5, pc}
 144              	.L6:
 145              		.align	2
 146              	.L5:
 147 0048 00000000 		.word	rlist
 148              		.cfi_endproc
 149              	.LFE7:
 150              		.size	chMsgSend, .-chMsgSend
 151 004c AFF30080 		.section	.text.chMsgWait,"ax",%progbits
 152              		.align	2
 153              		.p2align 4,,15
 154              		.global	chMsgWait
 155              		.thumb
 156              		.thumb_func
 157              		.type	chMsgWait, %function
 158              	chMsgWait:
 159              	.LFB8:
 160              		.loc 1 106 0
 161              		.cfi_startproc
 162              		@ args = 0, pretend = 0, frame = 0
 163              		@ frame_needed = 0, uses_anonymous_args = 0
 164 0000 10B5     		push	{r4, lr}
 165              	.LCFI1:
 166              		.cfi_def_cfa_offset 8
 167              	.LBB20:
ARM GAS  /tmp/cczaX2cj.s 			page 4


 168              		.loc 1 109 0
 169 0002 2023     		movs	r3, #32
 170              	.LVL16:
 171              	@ 109 "../libs/ChibiOS_2.4.0/os/kernel/src/chmsg.c" 1
 172 0004 83F31188 		msr     BASEPRI, r3
 173              	@ 0 "" 2
 174              	.LVL17:
 175              		.thumb
 176              	.LBE20:
 177              		.loc 1 110 0
 178 0008 0B4C     		ldr	r4, .L10
 179              		.cfi_offset 14, -4
 180              		.cfi_offset 4, -8
 181 000a E269     		ldr	r2, [r4, #28]
 182 000c 1346     		mov	r3, r2
 183              	.LVL18:
 184 000e 53F82C0F 		ldr	r0, [r3, #44]!
 185 0012 9842     		cmp	r0, r3
 186 0014 08D0     		beq	.L9
 187              	.L8:
 188              	.LVL19:
 189              	.LBB21:
 190              	.LBB22:
 191              		.loc 2 62 0
 192 0016 0168     		ldr	r1, [r0, #0]
 193 0018 4B60     		str	r3, [r1, #4]
 194              	.LBE22:
 195              	.LBE21:
 196              		.loc 1 113 0
 197 001a 0B23     		movs	r3, #11
 198 001c 0377     		strb	r3, [r0, #28]
 199              	.LBB24:
 200              	.LBB23:
 201              		.loc 2 62 0
 202 001e D162     		str	r1, [r2, #44]
 203              	.LBE23:
 204              	.LBE24:
 205              	.LBB25:
 206              		.loc 1 114 0
 207 0020 0023     		movs	r3, #0
 208              	.LVL20:
 209              	@ 114 "../libs/ChibiOS_2.4.0/os/kernel/src/chmsg.c" 1
 210 0022 83F31188 		msr     BASEPRI, r3
 211              	@ 0 "" 2
 212              	.LVL21:
 213              		.thumb
 214              	.LBE25:
 215              		.loc 1 116 0
 216 0026 10BD     		pop	{r4, pc}
 217              	.LVL22:
 218              	.L9:
 219              		.loc 1 111 0
 220 0028 0C20     		movs	r0, #12
 221 002a FFF7FEFF 		bl	chSchGoSleepS
 222 002e E269     		ldr	r2, [r4, #28]
 223 0030 1346     		mov	r3, r2
 224 0032 53F82C0F 		ldr	r0, [r3, #44]!
ARM GAS  /tmp/cczaX2cj.s 			page 5


 225 0036 EEE7     		b	.L8
 226              	.L11:
 227              		.align	2
 228              	.L10:
 229 0038 00000000 		.word	rlist
 230              		.cfi_endproc
 231              	.LFE8:
 232              		.size	chMsgWait, .-chMsgWait
 233 003c AFF30080 		.section	.text.chMsgRelease,"ax",%progbits
 234              		.align	2
 235              		.p2align 4,,15
 236              		.global	chMsgRelease
 237              		.thumb
 238              		.thumb_func
 239              		.type	chMsgRelease, %function
 240              	chMsgRelease:
 241              	.LFB9:
 242              		.loc 1 128 0
 243              		.cfi_startproc
 244              		@ args = 0, pretend = 0, frame = 0
 245              		@ frame_needed = 0, uses_anonymous_args = 0
 246              	.LVL23:
 247 0000 08B5     		push	{r3, lr}
 248              	.LCFI2:
 249              		.cfi_def_cfa_offset 8
 250              	.LBB26:
 251              		.loc 1 130 0
 252 0002 2023     		movs	r3, #32
 253              		.cfi_offset 14, -4
 254              		.cfi_offset 3, -8
 255              	.LVL24:
 256              	@ 130 "../libs/ChibiOS_2.4.0/os/kernel/src/chmsg.c" 1
 257 0004 83F31188 		msr     BASEPRI, r3
 258              	@ 0 "" 2
 259              	.LVL25:
 260              		.thumb
 261              	.LBE26:
 262              		.loc 1 133 0
 263 0008 FFF7FEFF 		bl	chSchWakeupS
 264              	.LVL26:
 265              	.LBB27:
 266              		.loc 1 134 0
 267 000c 0023     		movs	r3, #0
 268              	.LVL27:
 269              	@ 134 "../libs/ChibiOS_2.4.0/os/kernel/src/chmsg.c" 1
 270 000e 83F31188 		msr     BASEPRI, r3
 271              	@ 0 "" 2
 272              	.LVL28:
 273              		.thumb
 274              	.LBE27:
 275              		.loc 1 135 0
 276 0012 08BD     		pop	{r3, pc}
 277              		.cfi_endproc
 278              	.LFE9:
 279              		.size	chMsgRelease, .-chMsgRelease
 280 0014 AFF30080 		.text
 280      AFF30080 
ARM GAS  /tmp/cczaX2cj.s 			page 6


 280      AFF30080 
 281              	.Letext0:
 282              		.section	.debug_loc,"",%progbits
 283              	.Ldebug_loc0:
 284              	.LLST0:
 285 0000 00000000 		.4byte	.LFB7
 286 0004 02000000 		.4byte	.LCFI0
 287 0008 0200     		.2byte	0x2
 288 000a 7D       		.byte	0x7d
 289 000b 00       		.sleb128 0
 290 000c 02000000 		.4byte	.LCFI0
 291 0010 4C000000 		.4byte	.LFE7
 292 0014 0200     		.2byte	0x2
 293 0016 7D       		.byte	0x7d
 294 0017 10       		.sleb128 16
 295 0018 00000000 		.4byte	0x0
 296 001c 00000000 		.4byte	0x0
 297              	.LLST1:
 298 0020 00000000 		.4byte	.LVL0
 299 0024 26000000 		.4byte	.LVL7
 300 0028 0100     		.2byte	0x1
 301 002a 50       		.byte	0x50
 302 002b 26000000 		.4byte	.LVL7
 303 002f 29000000 		.4byte	.LVL8-1
 304 0033 0300     		.2byte	0x3
 305 0035 71       		.byte	0x71
 306 0036 54       		.sleb128 -44
 307 0037 9F       		.byte	0x9f
 308 0038 34000000 		.4byte	.LVL12
 309 003c 37000000 		.4byte	.LVL13-1
 310 0040 0100     		.2byte	0x1
 311 0042 50       		.byte	0x50
 312 0043 00000000 		.4byte	0x0
 313 0047 00000000 		.4byte	0x0
 314              	.LLST2:
 315 004b 00000000 		.4byte	.LVL0
 316 004f 18000000 		.4byte	.LVL5
 317 0053 0100     		.2byte	0x1
 318 0055 51       		.byte	0x51
 319 0056 18000000 		.4byte	.LVL5
 320 005a 29000000 		.4byte	.LVL8-1
 321 005e 0500     		.2byte	0x5
 322 0060 72       		.byte	0x72
 323 0061 1C       		.sleb128 28
 324 0062 06       		.byte	0x6
 325 0063 23       		.byte	0x23
 326 0064 34       		.uleb128 0x34
 327 0065 2C000000 		.4byte	.LVL9
 328 0069 34000000 		.4byte	.LVL12
 329 006d 0200     		.2byte	0x2
 330 006f 74       		.byte	0x74
 331 0070 24       		.sleb128 36
 332 0071 34000000 		.4byte	.LVL12
 333 0075 37000000 		.4byte	.LVL13-1
 334 0079 0200     		.2byte	0x2
 335 007b 74       		.byte	0x74
 336 007c 34       		.sleb128 52
ARM GAS  /tmp/cczaX2cj.s 			page 7


 337 007d 40000000 		.4byte	.LVL14
 338 0081 4C000000 		.4byte	.LFE7
 339 0085 0200     		.2byte	0x2
 340 0087 74       		.byte	0x74
 341 0088 24       		.sleb128 36
 342 0089 00000000 		.4byte	0x0
 343 008d 00000000 		.4byte	0x0
 344              	.LLST3:
 345 0091 08000000 		.4byte	.LVL2
 346 0095 29000000 		.4byte	.LVL8-1
 347 0099 0200     		.2byte	0x2
 348 009b 72       		.byte	0x72
 349 009c 1C       		.sleb128 28
 350 009d 29000000 		.4byte	.LVL8-1
 351 00a1 4C000000 		.4byte	.LFE7
 352 00a5 0100     		.2byte	0x1
 353 00a7 54       		.byte	0x54
 354 00a8 00000000 		.4byte	0x0
 355 00ac 00000000 		.4byte	0x0
 356              	.LLST4:
 357 00b0 0C000000 		.4byte	.LVL3
 358 00b4 10000000 		.4byte	.LVL4
 359 00b8 0100     		.2byte	0x1
 360 00ba 53       		.byte	0x53
 361 00bb 00000000 		.4byte	0x0
 362 00bf 00000000 		.4byte	0x0
 363              	.LLST5:
 364 00c3 1C000000 		.4byte	.LVL6
 365 00c7 29000000 		.4byte	.LVL8-1
 366 00cb 0200     		.2byte	0x2
 367 00cd 72       		.byte	0x72
 368 00ce 1C       		.sleb128 28
 369 00cf 29000000 		.4byte	.LVL8-1
 370 00d3 4C000000 		.4byte	.LFE7
 371 00d7 0100     		.2byte	0x1
 372 00d9 54       		.byte	0x54
 373 00da 00000000 		.4byte	0x0
 374 00de 00000000 		.4byte	0x0
 375              	.LLST6:
 376 00e2 32000000 		.4byte	.LVL11
 377 00e6 34000000 		.4byte	.LVL12
 378 00ea 0100     		.2byte	0x1
 379 00ec 53       		.byte	0x53
 380 00ed 46000000 		.4byte	.LVL15
 381 00f1 4C000000 		.4byte	.LFE7
 382 00f5 0100     		.2byte	0x1
 383 00f7 53       		.byte	0x53
 384 00f8 00000000 		.4byte	0x0
 385 00fc 00000000 		.4byte	0x0
 386              	.LLST7:
 387 0100 00000000 		.4byte	.LFB8
 388 0104 02000000 		.4byte	.LCFI1
 389 0108 0200     		.2byte	0x2
 390 010a 7D       		.byte	0x7d
 391 010b 00       		.sleb128 0
 392 010c 02000000 		.4byte	.LCFI1
 393 0110 3C000000 		.4byte	.LFE8
ARM GAS  /tmp/cczaX2cj.s 			page 8


 394 0114 0200     		.2byte	0x2
 395 0116 7D       		.byte	0x7d
 396 0117 08       		.sleb128 8
 397 0118 00000000 		.4byte	0x0
 398 011c 00000000 		.4byte	0x0
 399              	.LLST8:
 400 0120 08000000 		.4byte	.LVL17
 401 0124 0E000000 		.4byte	.LVL18
 402 0128 0100     		.2byte	0x1
 403 012a 53       		.byte	0x53
 404 012b 00000000 		.4byte	0x0
 405 012f 00000000 		.4byte	0x0
 406              	.LLST9:
 407 0133 16000000 		.4byte	.LVL19
 408 0137 28000000 		.4byte	.LVL22
 409 013b 0300     		.2byte	0x3
 410 013d 72       		.byte	0x72
 411 013e 2C       		.sleb128 44
 412 013f 9F       		.byte	0x9f
 413 0140 00000000 		.4byte	0x0
 414 0144 00000000 		.4byte	0x0
 415              	.LLST10:
 416 0148 16000000 		.4byte	.LVL19
 417 014c 28000000 		.4byte	.LVL22
 418 0150 0100     		.2byte	0x1
 419 0152 50       		.byte	0x50
 420 0153 00000000 		.4byte	0x0
 421 0157 00000000 		.4byte	0x0
 422              	.LLST11:
 423 015b 26000000 		.4byte	.LVL21
 424 015f 28000000 		.4byte	.LVL22
 425 0163 0100     		.2byte	0x1
 426 0165 53       		.byte	0x53
 427 0166 00000000 		.4byte	0x0
 428 016a 00000000 		.4byte	0x0
 429              	.LLST12:
 430 016e 00000000 		.4byte	.LFB9
 431 0172 02000000 		.4byte	.LCFI2
 432 0176 0200     		.2byte	0x2
 433 0178 7D       		.byte	0x7d
 434 0179 00       		.sleb128 0
 435 017a 02000000 		.4byte	.LCFI2
 436 017e 14000000 		.4byte	.LFE9
 437 0182 0200     		.2byte	0x2
 438 0184 7D       		.byte	0x7d
 439 0185 08       		.sleb128 8
 440 0186 00000000 		.4byte	0x0
 441 018a 00000000 		.4byte	0x0
 442              	.LLST13:
 443 018e 00000000 		.4byte	.LVL23
 444 0192 0B000000 		.4byte	.LVL26-1
 445 0196 0100     		.2byte	0x1
 446 0198 50       		.byte	0x50
 447 0199 00000000 		.4byte	0x0
 448 019d 00000000 		.4byte	0x0
 449              	.LLST14:
 450 01a1 00000000 		.4byte	.LVL23
ARM GAS  /tmp/cczaX2cj.s 			page 9


 451 01a5 0B000000 		.4byte	.LVL26-1
 452 01a9 0100     		.2byte	0x1
 453 01ab 51       		.byte	0x51
 454 01ac 00000000 		.4byte	0x0
 455 01b0 00000000 		.4byte	0x0
 456              	.LLST15:
 457 01b4 08000000 		.4byte	.LVL25
 458 01b8 0B000000 		.4byte	.LVL26-1
 459 01bc 0100     		.2byte	0x1
 460 01be 53       		.byte	0x53
 461 01bf 00000000 		.4byte	0x0
 462 01c3 00000000 		.4byte	0x0
 463              	.LLST16:
 464 01c7 12000000 		.4byte	.LVL28
 465 01cb 14000000 		.4byte	.LFE9
 466 01cf 0100     		.2byte	0x1
 467 01d1 53       		.byte	0x53
 468 01d2 00000000 		.4byte	0x0
 469 01d6 00000000 		.4byte	0x0
 470              		.file 3 "/opt/stm32/arm-none-eabi-2011.03/bin/../lib/gcc/arm-none-eabi/4.5.2/../../../../arm-none-
 471              		.file 4 "../libs/ChibiOS_2.4.0/os/ports/GCC/ARMCMx/chtypes.h"
 472              		.file 5 "../libs/ChibiOS_2.4.0/os/kernel/include/chlists.h"
 473              		.file 6 "../libs/ChibiOS_2.4.0/os/kernel/include/chthreads.h"
 474              		.file 7 "../libs/ChibiOS_2.4.0/os/ports/GCC/ARMCMx/chcore_v7m.h"
 475              		.file 8 "../libs/ChibiOS_2.4.0/os/kernel/include/chschd.h"
 476              		.file 9 "../libs/ChibiOS_2.4.0/os/kernel/include/chmtx.h"
 477              		.section	.debug_info
 478 0000 27060000 		.4byte	0x627
 479 0004 0200     		.2byte	0x2
 480 0006 00000000 		.4byte	.Ldebug_abbrev0
 481 000a 04       		.byte	0x4
 482 000b 01       		.uleb128 0x1
 483 000c 71020000 		.4byte	.LASF64
 484 0010 01       		.byte	0x1
 485 0011 1F020000 		.4byte	.LASF65
 486 0015 A6020000 		.4byte	.LASF66
 487 0019 00000000 		.4byte	0x0
 488 001d 00000000 		.4byte	0x0
 489 0021 80000000 		.4byte	.Ldebug_ranges0+0x80
 490 0025 00000000 		.4byte	.Ldebug_line0
 491 0029 02       		.uleb128 0x2
 492 002a 04       		.byte	0x4
 493 002b 05       		.byte	0x5
 494 002c 696E7400 		.ascii	"int\000"
 495 0030 03       		.uleb128 0x3
 496 0031 04       		.byte	0x4
 497 0032 07       		.byte	0x7
 498 0033 A6000000 		.4byte	.LASF0
 499 0037 03       		.uleb128 0x3
 500 0038 01       		.byte	0x1
 501 0039 06       		.byte	0x6
 502 003a 4F000000 		.4byte	.LASF1
 503 003e 04       		.uleb128 0x4
 504 003f 62020000 		.4byte	.LASF5
 505 0043 03       		.byte	0x3
 506 0044 2A       		.byte	0x2a
 507 0045 49000000 		.4byte	0x49
ARM GAS  /tmp/cczaX2cj.s 			page 10


 508 0049 03       		.uleb128 0x3
 509 004a 01       		.byte	0x1
 510 004b 08       		.byte	0x8
 511 004c 58010000 		.4byte	.LASF2
 512 0050 03       		.uleb128 0x3
 513 0051 02       		.byte	0x2
 514 0052 05       		.byte	0x5
 515 0053 70010000 		.4byte	.LASF3
 516 0057 03       		.uleb128 0x3
 517 0058 02       		.byte	0x2
 518 0059 07       		.byte	0x7
 519 005a CD000000 		.4byte	.LASF4
 520 005e 04       		.uleb128 0x4
 521 005f 50010000 		.4byte	.LASF6
 522 0063 03       		.byte	0x3
 523 0064 4F       		.byte	0x4f
 524 0065 69000000 		.4byte	0x69
 525 0069 03       		.uleb128 0x3
 526 006a 04       		.byte	0x4
 527 006b 05       		.byte	0x5
 528 006c 6B000000 		.4byte	.LASF7
 529 0070 04       		.uleb128 0x4
 530 0071 BE010000 		.4byte	.LASF8
 531 0075 03       		.byte	0x3
 532 0076 50       		.byte	0x50
 533 0077 7B000000 		.4byte	0x7b
 534 007b 03       		.uleb128 0x3
 535 007c 04       		.byte	0x4
 536 007d 07       		.byte	0x7
 537 007e B3000000 		.4byte	.LASF9
 538 0082 03       		.uleb128 0x3
 539 0083 08       		.byte	0x8
 540 0084 05       		.byte	0x5
 541 0085 41000000 		.4byte	.LASF10
 542 0089 03       		.uleb128 0x3
 543 008a 08       		.byte	0x8
 544 008b 07       		.byte	0x7
 545 008c 1A000000 		.4byte	.LASF11
 546 0090 04       		.uleb128 0x4
 547 0091 E6000000 		.4byte	.LASF12
 548 0095 04       		.byte	0x4
 549 0096 2F       		.byte	0x2f
 550 0097 3E000000 		.4byte	0x3e
 551 009b 04       		.uleb128 0x4
 552 009c 7E000000 		.4byte	.LASF13
 553 00a0 04       		.byte	0x4
 554 00a1 30       		.byte	0x30
 555 00a2 3E000000 		.4byte	0x3e
 556 00a6 04       		.uleb128 0x4
 557 00a7 39010000 		.4byte	.LASF14
 558 00ab 04       		.byte	0x4
 559 00ac 31       		.byte	0x31
 560 00ad 3E000000 		.4byte	0x3e
 561 00b1 04       		.uleb128 0x4
 562 00b2 48010000 		.4byte	.LASF15
 563 00b6 04       		.byte	0x4
 564 00b7 32       		.byte	0x32
ARM GAS  /tmp/cczaX2cj.s 			page 11


 565 00b8 70000000 		.4byte	0x70
 566 00bc 04       		.uleb128 0x4
 567 00bd E0000000 		.4byte	.LASF16
 568 00c1 04       		.byte	0x4
 569 00c2 33       		.byte	0x33
 570 00c3 5E000000 		.4byte	0x5e
 571 00c7 04       		.uleb128 0x4
 572 00c8 FA000000 		.4byte	.LASF17
 573 00cc 04       		.byte	0x4
 574 00cd 35       		.byte	0x35
 575 00ce 70000000 		.4byte	0x70
 576 00d2 04       		.uleb128 0x4
 577 00d3 E7010000 		.4byte	.LASF18
 578 00d7 04       		.byte	0x4
 579 00d8 36       		.byte	0x36
 580 00d9 70000000 		.4byte	0x70
 581 00dd 04       		.uleb128 0x4
 582 00de A0000000 		.4byte	.LASF19
 583 00e2 04       		.byte	0x4
 584 00e3 37       		.byte	0x37
 585 00e4 5E000000 		.4byte	0x5e
 586 00e8 04       		.uleb128 0x4
 587 00e9 9F010000 		.4byte	.LASF20
 588 00ed 05       		.byte	0x5
 589 00ee 2A       		.byte	0x2a
 590 00ef F3000000 		.4byte	0xf3
 591 00f3 05       		.uleb128 0x5
 592 00f4 9F010000 		.4byte	.LASF20
 593 00f8 48       		.byte	0x48
 594 00f9 06       		.byte	0x6
 595 00fa 5E       		.byte	0x5e
 596 00fb 0A020000 		.4byte	0x20a
 597 00ff 06       		.uleb128 0x6
 598 0100 90010000 		.4byte	.LASF21
 599 0104 06       		.byte	0x6
 600 0105 5F       		.byte	0x5f
 601 0106 2F020000 		.4byte	0x22f
 602 010a 02       		.byte	0x2
 603 010b 23       		.byte	0x23
 604 010c 00       		.uleb128 0x0
 605 010d 06       		.uleb128 0x6
 606 010e 41010000 		.4byte	.LASF22
 607 0112 06       		.byte	0x6
 608 0113 61       		.byte	0x61
 609 0114 2F020000 		.4byte	0x22f
 610 0118 02       		.byte	0x2
 611 0119 23       		.byte	0x23
 612 011a 04       		.uleb128 0x4
 613 011b 06       		.uleb128 0x6
 614 011c 3A000000 		.4byte	.LASF23
 615 0120 06       		.byte	0x6
 616 0121 63       		.byte	0x63
 617 0122 B1000000 		.4byte	0xb1
 618 0126 02       		.byte	0x2
 619 0127 23       		.byte	0x23
 620 0128 08       		.uleb128 0x8
 621 0129 06       		.uleb128 0x6
ARM GAS  /tmp/cczaX2cj.s 			page 12


 622 012a 96020000 		.4byte	.LASF24
 623 012e 06       		.byte	0x6
 624 012f 64       		.byte	0x64
 625 0130 FC020000 		.4byte	0x2fc
 626 0134 02       		.byte	0x2
 627 0135 23       		.byte	0x23
 628 0136 0C       		.uleb128 0xc
 629 0137 06       		.uleb128 0x6
 630 0138 87000000 		.4byte	.LASF25
 631 013c 06       		.byte	0x6
 632 013d 66       		.byte	0x66
 633 013e 2F020000 		.4byte	0x22f
 634 0142 02       		.byte	0x2
 635 0143 23       		.byte	0x23
 636 0144 10       		.uleb128 0x10
 637 0145 06       		.uleb128 0x6
 638 0146 0C010000 		.4byte	.LASF26
 639 014a 06       		.byte	0x6
 640 014b 67       		.byte	0x67
 641 014c 2F020000 		.4byte	0x22f
 642 0150 02       		.byte	0x2
 643 0151 23       		.byte	0x23
 644 0152 14       		.uleb128 0x14
 645 0153 06       		.uleb128 0x6
 646 0154 7D020000 		.4byte	.LASF27
 647 0158 06       		.byte	0x6
 648 0159 6E       		.byte	0x6e
 649 015a 17040000 		.4byte	0x417
 650 015e 02       		.byte	0x2
 651 015f 23       		.byte	0x23
 652 0160 18       		.uleb128 0x18
 653 0161 06       		.uleb128 0x6
 654 0162 7A010000 		.4byte	.LASF28
 655 0166 06       		.byte	0x6
 656 0167 79       		.byte	0x79
 657 0168 9B000000 		.4byte	0x9b
 658 016c 02       		.byte	0x2
 659 016d 23       		.byte	0x23
 660 016e 1C       		.uleb128 0x1c
 661 016f 06       		.uleb128 0x6
 662 0170 97010000 		.4byte	.LASF29
 663 0174 06       		.byte	0x6
 664 0175 7D       		.byte	0x7d
 665 0176 90000000 		.4byte	0x90
 666 017a 02       		.byte	0x2
 667 017b 23       		.byte	0x23
 668 017c 1D       		.uleb128 0x1d
 669 017d 06       		.uleb128 0x6
 670 017e 4B020000 		.4byte	.LASF30
 671 0182 06       		.byte	0x6
 672 0183 82       		.byte	0x82
 673 0184 A6000000 		.4byte	0xa6
 674 0188 02       		.byte	0x2
 675 0189 23       		.byte	0x23
 676 018a 1E       		.uleb128 0x1e
 677 018b 06       		.uleb128 0x6
 678 018c FC010000 		.4byte	.LASF31
ARM GAS  /tmp/cczaX2cj.s 			page 13


 679 0190 06       		.byte	0x6
 680 0191 89       		.byte	0x89
 681 0192 1F030000 		.4byte	0x31f
 682 0196 02       		.byte	0x2
 683 0197 23       		.byte	0x23
 684 0198 20       		.uleb128 0x20
 685 0199 07       		.uleb128 0x7
 686 019a 705F7500 		.ascii	"p_u\000"
 687 019e 06       		.byte	0x6
 688 019f AE       		.byte	0xae
 689 01a0 E2030000 		.4byte	0x3e2
 690 01a4 02       		.byte	0x2
 691 01a5 23       		.byte	0x23
 692 01a6 24       		.uleb128 0x24
 693 01a7 06       		.uleb128 0x6
 694 01a8 9C020000 		.4byte	.LASF32
 695 01ac 06       		.byte	0x6
 696 01ad B3       		.byte	0xb3
 697 01ae 57020000 		.4byte	0x257
 698 01b2 02       		.byte	0x2
 699 01b3 23       		.byte	0x23
 700 01b4 28       		.uleb128 0x28
 701 01b5 06       		.uleb128 0x6
 702 01b6 0A020000 		.4byte	.LASF33
 703 01ba 06       		.byte	0x6
 704 01bb B9       		.byte	0xb9
 705 01bc 35020000 		.4byte	0x235
 706 01c0 02       		.byte	0x2
 707 01c1 23       		.byte	0x23
 708 01c2 2C       		.uleb128 0x2c
 709 01c3 06       		.uleb128 0x6
 710 01c4 00000000 		.4byte	.LASF34
 711 01c8 06       		.byte	0x6
 712 01c9 BD       		.byte	0xbd
 713 01ca BC000000 		.4byte	0xbc
 714 01ce 02       		.byte	0x2
 715 01cf 23       		.byte	0x23
 716 01d0 34       		.uleb128 0x34
 717 01d1 06       		.uleb128 0x6
 718 01d2 B3010000 		.4byte	.LASF35
 719 01d6 06       		.byte	0x6
 720 01d7 C3       		.byte	0xc3
 721 01d8 C7000000 		.4byte	0xc7
 722 01dc 02       		.byte	0x2
 723 01dd 23       		.byte	0x23
 724 01de 38       		.uleb128 0x38
 725 01df 06       		.uleb128 0x6
 726 01e0 66010000 		.4byte	.LASF36
 727 01e4 06       		.byte	0x6
 728 01e5 CA       		.byte	0xca
 729 01e6 29040000 		.4byte	0x429
 730 01ea 02       		.byte	0x2
 731 01eb 23       		.byte	0x23
 732 01ec 3C       		.uleb128 0x3c
 733 01ed 06       		.uleb128 0x6
 734 01ee F1010000 		.4byte	.LASF37
 735 01f2 06       		.byte	0x6
ARM GAS  /tmp/cczaX2cj.s 			page 14


 736 01f3 CE       		.byte	0xce
 737 01f4 B1000000 		.4byte	0xb1
 738 01f8 02       		.byte	0x2
 739 01f9 23       		.byte	0x23
 740 01fa 40       		.uleb128 0x40
 741 01fb 06       		.uleb128 0x6
 742 01fc 5B000000 		.4byte	.LASF38
 743 0200 06       		.byte	0x6
 744 0201 D4       		.byte	0xd4
 745 0202 6D020000 		.4byte	0x26d
 746 0206 02       		.byte	0x2
 747 0207 23       		.byte	0x23
 748 0208 44       		.uleb128 0x44
 749 0209 00       		.byte	0x0
 750 020a 08       		.uleb128 0x8
 751 020b 08       		.byte	0x8
 752 020c 05       		.byte	0x5
 753 020d 61       		.byte	0x61
 754 020e 2F020000 		.4byte	0x22f
 755 0212 06       		.uleb128 0x6
 756 0213 90010000 		.4byte	.LASF21
 757 0217 05       		.byte	0x5
 758 0218 62       		.byte	0x62
 759 0219 2F020000 		.4byte	0x22f
 760 021d 02       		.byte	0x2
 761 021e 23       		.byte	0x23
 762 021f 00       		.uleb128 0x0
 763 0220 06       		.uleb128 0x6
 764 0221 41010000 		.4byte	.LASF22
 765 0225 05       		.byte	0x5
 766 0226 64       		.byte	0x64
 767 0227 2F020000 		.4byte	0x22f
 768 022b 02       		.byte	0x2
 769 022c 23       		.byte	0x23
 770 022d 04       		.uleb128 0x4
 771 022e 00       		.byte	0x0
 772 022f 09       		.uleb128 0x9
 773 0230 04       		.byte	0x4
 774 0231 E8000000 		.4byte	0xe8
 775 0235 04       		.uleb128 0x4
 776 0236 1A010000 		.4byte	.LASF39
 777 023a 05       		.byte	0x5
 778 023b 66       		.byte	0x66
 779 023c 0A020000 		.4byte	0x20a
 780 0240 08       		.uleb128 0x8
 781 0241 04       		.byte	0x4
 782 0242 05       		.byte	0x5
 783 0243 6B       		.byte	0x6b
 784 0244 57020000 		.4byte	0x257
 785 0248 06       		.uleb128 0x6
 786 0249 90010000 		.4byte	.LASF21
 787 024d 05       		.byte	0x5
 788 024e 6D       		.byte	0x6d
 789 024f 2F020000 		.4byte	0x22f
 790 0253 02       		.byte	0x2
 791 0254 23       		.byte	0x23
 792 0255 00       		.uleb128 0x0
ARM GAS  /tmp/cczaX2cj.s 			page 15


 793 0256 00       		.byte	0x0
 794 0257 04       		.uleb128 0x4
 795 0258 EE000000 		.4byte	.LASF40
 796 025c 05       		.byte	0x5
 797 025d 70       		.byte	0x70
 798 025e 40020000 		.4byte	0x240
 799 0262 04       		.uleb128 0x4
 800 0263 97000000 		.4byte	.LASF41
 801 0267 07       		.byte	0x7
 802 0268 D7       		.byte	0xd7
 803 0269 6D020000 		.4byte	0x26d
 804 026d 0A       		.uleb128 0xa
 805 026e 04       		.byte	0x4
 806 026f 05       		.uleb128 0x5
 807 0270 03020000 		.4byte	.LASF42
 808 0274 24       		.byte	0x24
 809 0275 07       		.byte	0x7
 810 0276 FE       		.byte	0xfe
 811 0277 FC020000 		.4byte	0x2fc
 812 027b 0B       		.uleb128 0xb
 813 027c 723400   		.ascii	"r4\000"
 814 027f 07       		.byte	0x7
 815 0280 1101     		.2byte	0x111
 816 0282 62020000 		.4byte	0x262
 817 0286 02       		.byte	0x2
 818 0287 23       		.byte	0x23
 819 0288 00       		.uleb128 0x0
 820 0289 0B       		.uleb128 0xb
 821 028a 723500   		.ascii	"r5\000"
 822 028d 07       		.byte	0x7
 823 028e 1201     		.2byte	0x112
 824 0290 62020000 		.4byte	0x262
 825 0294 02       		.byte	0x2
 826 0295 23       		.byte	0x23
 827 0296 04       		.uleb128 0x4
 828 0297 0B       		.uleb128 0xb
 829 0298 723600   		.ascii	"r6\000"
 830 029b 07       		.byte	0x7
 831 029c 1301     		.2byte	0x113
 832 029e 62020000 		.4byte	0x262
 833 02a2 02       		.byte	0x2
 834 02a3 23       		.byte	0x23
 835 02a4 08       		.uleb128 0x8
 836 02a5 0B       		.uleb128 0xb
 837 02a6 723700   		.ascii	"r7\000"
 838 02a9 07       		.byte	0x7
 839 02aa 1401     		.2byte	0x114
 840 02ac 62020000 		.4byte	0x262
 841 02b0 02       		.byte	0x2
 842 02b1 23       		.byte	0x23
 843 02b2 0C       		.uleb128 0xc
 844 02b3 0B       		.uleb128 0xb
 845 02b4 723800   		.ascii	"r8\000"
 846 02b7 07       		.byte	0x7
 847 02b8 1501     		.2byte	0x115
 848 02ba 62020000 		.4byte	0x262
 849 02be 02       		.byte	0x2
ARM GAS  /tmp/cczaX2cj.s 			page 16


 850 02bf 23       		.byte	0x23
 851 02c0 10       		.uleb128 0x10
 852 02c1 0B       		.uleb128 0xb
 853 02c2 723900   		.ascii	"r9\000"
 854 02c5 07       		.byte	0x7
 855 02c6 1601     		.2byte	0x116
 856 02c8 62020000 		.4byte	0x262
 857 02cc 02       		.byte	0x2
 858 02cd 23       		.byte	0x23
 859 02ce 14       		.uleb128 0x14
 860 02cf 0B       		.uleb128 0xb
 861 02d0 72313000 		.ascii	"r10\000"
 862 02d4 07       		.byte	0x7
 863 02d5 1701     		.2byte	0x117
 864 02d7 62020000 		.4byte	0x262
 865 02db 02       		.byte	0x2
 866 02dc 23       		.byte	0x23
 867 02dd 18       		.uleb128 0x18
 868 02de 0B       		.uleb128 0xb
 869 02df 72313100 		.ascii	"r11\000"
 870 02e3 07       		.byte	0x7
 871 02e4 1801     		.2byte	0x118
 872 02e6 62020000 		.4byte	0x262
 873 02ea 02       		.byte	0x2
 874 02eb 23       		.byte	0x23
 875 02ec 1C       		.uleb128 0x1c
 876 02ed 0B       		.uleb128 0xb
 877 02ee 6C7200   		.ascii	"lr\000"
 878 02f1 07       		.byte	0x7
 879 02f2 1901     		.2byte	0x119
 880 02f4 62020000 		.4byte	0x262
 881 02f8 02       		.byte	0x2
 882 02f9 23       		.byte	0x23
 883 02fa 20       		.uleb128 0x20
 884 02fb 00       		.byte	0x0
 885 02fc 0C       		.uleb128 0xc
 886 02fd C5000000 		.4byte	.LASF43
 887 0301 04       		.byte	0x4
 888 0302 07       		.byte	0x7
 889 0303 2301     		.2byte	0x123
 890 0305 19030000 		.4byte	0x319
 891 0309 0B       		.uleb128 0xb
 892 030a 72313300 		.ascii	"r13\000"
 893 030e 07       		.byte	0x7
 894 030f 2401     		.2byte	0x124
 895 0311 19030000 		.4byte	0x319
 896 0315 02       		.byte	0x2
 897 0316 23       		.byte	0x23
 898 0317 00       		.uleb128 0x0
 899 0318 00       		.byte	0x0
 900 0319 09       		.uleb128 0x9
 901 031a 04       		.byte	0x4
 902 031b 6F020000 		.4byte	0x26f
 903 031f 0D       		.uleb128 0xd
 904 0320 D2000000 		.4byte	0xd2
 905 0324 08       		.uleb128 0x8
 906 0325 20       		.byte	0x20
ARM GAS  /tmp/cczaX2cj.s 			page 17


 907 0326 08       		.byte	0x8
 908 0327 5E       		.byte	0x5e
 909 0328 8F030000 		.4byte	0x38f
 910 032c 06       		.uleb128 0x6
 911 032d C7010000 		.4byte	.LASF44
 912 0331 08       		.byte	0x8
 913 0332 5F       		.byte	0x5f
 914 0333 35020000 		.4byte	0x235
 915 0337 02       		.byte	0x2
 916 0338 23       		.byte	0x23
 917 0339 00       		.uleb128 0x0
 918 033a 06       		.uleb128 0x6
 919 033b 82010000 		.4byte	.LASF45
 920 033f 08       		.byte	0x8
 921 0340 60       		.byte	0x60
 922 0341 B1000000 		.4byte	0xb1
 923 0345 02       		.byte	0x2
 924 0346 23       		.byte	0x23
 925 0347 08       		.uleb128 0x8
 926 0348 06       		.uleb128 0x6
 927 0349 14010000 		.4byte	.LASF46
 928 034d 08       		.byte	0x8
 929 034e 62       		.byte	0x62
 930 034f FC020000 		.4byte	0x2fc
 931 0353 02       		.byte	0x2
 932 0354 23       		.byte	0x23
 933 0355 0C       		.uleb128 0xc
 934 0356 06       		.uleb128 0x6
 935 0357 8F000000 		.4byte	.LASF47
 936 035b 08       		.byte	0x8
 937 035c 65       		.byte	0x65
 938 035d 2F020000 		.4byte	0x22f
 939 0361 02       		.byte	0x2
 940 0362 23       		.byte	0x23
 941 0363 10       		.uleb128 0x10
 942 0364 06       		.uleb128 0x6
 943 0365 31010000 		.4byte	.LASF48
 944 0369 08       		.byte	0x8
 945 036a 66       		.byte	0x66
 946 036b 2F020000 		.4byte	0x22f
 947 036f 02       		.byte	0x2
 948 0370 23       		.byte	0x23
 949 0371 14       		.uleb128 0x14
 950 0372 06       		.uleb128 0x6
 951 0373 84020000 		.4byte	.LASF49
 952 0377 08       		.byte	0x8
 953 0378 6A       		.byte	0x6a
 954 0379 DD000000 		.4byte	0xdd
 955 037d 02       		.byte	0x2
 956 037e 23       		.byte	0x23
 957 037f 18       		.uleb128 0x18
 958 0380 06       		.uleb128 0x6
 959 0381 27010000 		.4byte	.LASF50
 960 0385 08       		.byte	0x8
 961 0386 6C       		.byte	0x6c
 962 0387 2F020000 		.4byte	0x22f
 963 038b 02       		.byte	0x2
ARM GAS  /tmp/cczaX2cj.s 			page 18


 964 038c 23       		.byte	0x23
 965 038d 1C       		.uleb128 0x1c
 966 038e 00       		.byte	0x0
 967 038f 04       		.uleb128 0x4
 968 0390 52020000 		.4byte	.LASF51
 969 0394 08       		.byte	0x8
 970 0395 6E       		.byte	0x6e
 971 0396 24030000 		.4byte	0x324
 972 039a 05       		.uleb128 0x5
 973 039b 06010000 		.4byte	.LASF52
 974 039f 10       		.byte	0x10
 975 03a0 09       		.byte	0x9
 976 03a1 2C       		.byte	0x2c
 977 03a2 D1030000 		.4byte	0x3d1
 978 03a6 06       		.uleb128 0x6
 979 03a7 63000000 		.4byte	.LASF53
 980 03ab 09       		.byte	0x9
 981 03ac 2D       		.byte	0x2d
 982 03ad 35020000 		.4byte	0x235
 983 03b1 02       		.byte	0x2
 984 03b2 23       		.byte	0x23
 985 03b3 00       		.uleb128 0x0
 986 03b4 06       		.uleb128 0x6
 987 03b5 8E020000 		.4byte	.LASF54
 988 03b9 09       		.byte	0x9
 989 03ba 2F       		.byte	0x2f
 990 03bb 2F020000 		.4byte	0x22f
 991 03bf 02       		.byte	0x2
 992 03c0 23       		.byte	0x23
 993 03c1 08       		.uleb128 0x8
 994 03c2 06       		.uleb128 0x6
 995 03c3 E0010000 		.4byte	.LASF55
 996 03c7 09       		.byte	0x9
 997 03c8 31       		.byte	0x31
 998 03c9 D1030000 		.4byte	0x3d1
 999 03cd 02       		.byte	0x2
 1000 03ce 23       		.byte	0x23
 1001 03cf 0C       		.uleb128 0xc
 1002 03d0 00       		.byte	0x0
 1003 03d1 09       		.uleb128 0x9
 1004 03d2 04       		.byte	0x4
 1005 03d3 9A030000 		.4byte	0x39a
 1006 03d7 04       		.uleb128 0x4
 1007 03d8 06010000 		.4byte	.LASF52
 1008 03dc 09       		.byte	0x9
 1009 03dd 33       		.byte	0x33
 1010 03de 9A030000 		.4byte	0x39a
 1011 03e2 0E       		.uleb128 0xe
 1012 03e3 04       		.byte	0x4
 1013 03e4 06       		.byte	0x6
 1014 03e5 90       		.byte	0x90
 1015 03e6 17040000 		.4byte	0x417
 1016 03ea 0F       		.uleb128 0xf
 1017 03eb 13000000 		.4byte	.LASF56
 1018 03ef 06       		.byte	0x6
 1019 03f0 97       		.byte	0x97
 1020 03f1 BC000000 		.4byte	0xbc
ARM GAS  /tmp/cczaX2cj.s 			page 19


 1021 03f5 0F       		.uleb128 0xf
 1022 03f6 31000000 		.4byte	.LASF57
 1023 03fa 06       		.byte	0x6
 1024 03fb 9E       		.byte	0x9e
 1025 03fc BC000000 		.4byte	0xbc
 1026 0400 0F       		.uleb128 0xf
 1027 0401 6A020000 		.4byte	.LASF58
 1028 0405 06       		.byte	0x6
 1029 0406 A5       		.byte	0xa5
 1030 0407 6D020000 		.4byte	0x26d
 1031 040b 0F       		.uleb128 0xf
 1032 040c 89010000 		.4byte	.LASF59
 1033 0410 06       		.byte	0x6
 1034 0411 AC       		.byte	0xac
 1035 0412 C7000000 		.4byte	0xc7
 1036 0416 00       		.byte	0x0
 1037 0417 09       		.uleb128 0x9
 1038 0418 04       		.byte	0x4
 1039 0419 1D040000 		.4byte	0x41d
 1040 041d 10       		.uleb128 0x10
 1041 041e 22040000 		.4byte	0x422
 1042 0422 03       		.uleb128 0x3
 1043 0423 01       		.byte	0x1
 1044 0424 08       		.byte	0x8
 1045 0425 CF010000 		.4byte	.LASF60
 1046 0429 09       		.uleb128 0x9
 1047 042a 04       		.byte	0x4
 1048 042b D7030000 		.4byte	0x3d7
 1049 042f 11       		.uleb128 0x11
 1050 0430 06000000 		.4byte	.LASF67
 1051 0434 02       		.byte	0x2
 1052 0435 34       		.byte	0x34
 1053 0436 01       		.byte	0x1
 1054 0437 03       		.byte	0x3
 1055 0438 52040000 		.4byte	0x452
 1056 043c 12       		.uleb128 0x12
 1057 043d 747000   		.ascii	"tp\000"
 1058 0440 02       		.byte	0x2
 1059 0441 34       		.byte	0x34
 1060 0442 2F020000 		.4byte	0x22f
 1061 0446 12       		.uleb128 0x12
 1062 0447 74717000 		.ascii	"tqp\000"
 1063 044b 02       		.byte	0x2
 1064 044c 34       		.byte	0x34
 1065 044d 52040000 		.4byte	0x452
 1066 0451 00       		.byte	0x0
 1067 0452 09       		.uleb128 0x9
 1068 0453 04       		.byte	0x4
 1069 0454 35020000 		.4byte	0x235
 1070 0458 13       		.uleb128 0x13
 1071 0459 D4010000 		.4byte	.LASF68
 1072 045d 02       		.byte	0x2
 1073 045e 3B       		.byte	0x3b
 1074 045f 01       		.byte	0x1
 1075 0460 2F020000 		.4byte	0x22f
 1076 0464 03       		.byte	0x3
 1077 0465 7F040000 		.4byte	0x47f
ARM GAS  /tmp/cczaX2cj.s 			page 20


 1078 0469 12       		.uleb128 0x12
 1079 046a 74717000 		.ascii	"tqp\000"
 1080 046e 02       		.byte	0x2
 1081 046f 3B       		.byte	0x3b
 1082 0470 52040000 		.4byte	0x452
 1083 0474 14       		.uleb128 0x14
 1084 0475 747000   		.ascii	"tp\000"
 1085 0478 02       		.byte	0x2
 1086 0479 3C       		.byte	0x3c
 1087 047a 2F020000 		.4byte	0x22f
 1088 047e 00       		.byte	0x0
 1089 047f 15       		.uleb128 0x15
 1090 0480 01       		.byte	0x1
 1091 0481 74000000 		.4byte	.LASF61
 1092 0485 01       		.byte	0x1
 1093 0486 4B       		.byte	0x4b
 1094 0487 01       		.byte	0x1
 1095 0488 BC000000 		.4byte	0xbc
 1096 048c 00000000 		.4byte	.LFB7
 1097 0490 4C000000 		.4byte	.LFE7
 1098 0494 00000000 		.4byte	.LLST0
 1099 0498 19050000 		.4byte	0x519
 1100 049c 16       		.uleb128 0x16
 1101 049d 747000   		.ascii	"tp\000"
 1102 04a0 01       		.byte	0x1
 1103 04a1 4B       		.byte	0x4b
 1104 04a2 2F020000 		.4byte	0x22f
 1105 04a6 20000000 		.4byte	.LLST1
 1106 04aa 16       		.uleb128 0x16
 1107 04ab 6D736700 		.ascii	"msg\000"
 1108 04af 01       		.byte	0x1
 1109 04b0 4B       		.byte	0x4b
 1110 04b1 BC000000 		.4byte	0xbc
 1111 04b5 4B000000 		.4byte	.LLST2
 1112 04b9 17       		.uleb128 0x17
 1113 04ba 63747000 		.ascii	"ctp\000"
 1114 04be 01       		.byte	0x1
 1115 04bf 4C       		.byte	0x4c
 1116 04c0 2F020000 		.4byte	0x22f
 1117 04c4 91000000 		.4byte	.LLST3
 1118 04c8 18       		.uleb128 0x18
 1119 04c9 00000000 		.4byte	.Ldebug_ranges0+0x0
 1120 04cd E1040000 		.4byte	0x4e1
 1121 04d1 17       		.uleb128 0x17
 1122 04d2 746D7000 		.ascii	"tmp\000"
 1123 04d6 01       		.byte	0x1
 1124 04d7 50       		.byte	0x50
 1125 04d8 70000000 		.4byte	0x70
 1126 04dc B0000000 		.4byte	.LLST4
 1127 04e0 00       		.byte	0x0
 1128 04e1 19       		.uleb128 0x19
 1129 04e2 2F040000 		.4byte	0x42f
 1130 04e6 0E000000 		.4byte	.LBB12
 1131 04ea 18000000 		.4byte	.Ldebug_ranges0+0x18
 1132 04ee 01       		.byte	0x1
 1133 04ef 53       		.byte	0x53
 1134 04f0 03050000 		.4byte	0x503
ARM GAS  /tmp/cczaX2cj.s 			page 21


 1135 04f4 1A       		.uleb128 0x1a
 1136 04f5 46040000 		.4byte	0x446
 1137 04f9 1B       		.uleb128 0x1b
 1138 04fa 3C040000 		.4byte	0x43c
 1139 04fe C3000000 		.4byte	.LLST5
 1140 0502 00       		.byte	0x0
 1141 0503 1C       		.uleb128 0x1c
 1142 0504 38000000 		.4byte	.Ldebug_ranges0+0x38
 1143 0508 17       		.uleb128 0x17
 1144 0509 746D7000 		.ascii	"tmp\000"
 1145 050d 01       		.byte	0x1
 1146 050e 58       		.byte	0x58
 1147 050f 70000000 		.4byte	0x70
 1148 0513 E2000000 		.4byte	.LLST6
 1149 0517 00       		.byte	0x0
 1150 0518 00       		.byte	0x0
 1151 0519 15       		.uleb128 0x15
 1152 051a 01       		.byte	0x1
 1153 051b 15020000 		.4byte	.LASF62
 1154 051f 01       		.byte	0x1
 1155 0520 6A       		.byte	0x6a
 1156 0521 01       		.byte	0x1
 1157 0522 2F020000 		.4byte	0x22f
 1158 0526 00000000 		.4byte	.LFB8
 1159 052a 3C000000 		.4byte	.LFE8
 1160 052e 00010000 		.4byte	.LLST7
 1161 0532 A3050000 		.4byte	0x5a3
 1162 0536 14       		.uleb128 0x14
 1163 0537 747000   		.ascii	"tp\000"
 1164 053a 01       		.byte	0x1
 1165 053b 6B       		.byte	0x6b
 1166 053c 2F020000 		.4byte	0x22f
 1167 0540 1D       		.uleb128 0x1d
 1168 0541 02000000 		.4byte	.LBB20
 1169 0545 08000000 		.4byte	.LBE20
 1170 0549 5D050000 		.4byte	0x55d
 1171 054d 17       		.uleb128 0x17
 1172 054e 746D7000 		.ascii	"tmp\000"
 1173 0552 01       		.byte	0x1
 1174 0553 6D       		.byte	0x6d
 1175 0554 70000000 		.4byte	0x70
 1176 0558 20010000 		.4byte	.LLST8
 1177 055c 00       		.byte	0x0
 1178 055d 19       		.uleb128 0x19
 1179 055e 58040000 		.4byte	0x458
 1180 0562 16000000 		.4byte	.LBB21
 1181 0566 50000000 		.4byte	.Ldebug_ranges0+0x50
 1182 056a 01       		.byte	0x1
 1183 056b 70       		.byte	0x70
 1184 056c 89050000 		.4byte	0x589
 1185 0570 1B       		.uleb128 0x1b
 1186 0571 69040000 		.4byte	0x469
 1187 0575 33010000 		.4byte	.LLST9
 1188 0579 1C       		.uleb128 0x1c
 1189 057a 68000000 		.4byte	.Ldebug_ranges0+0x68
 1190 057e 1E       		.uleb128 0x1e
 1191 057f 74040000 		.4byte	0x474
ARM GAS  /tmp/cczaX2cj.s 			page 22


 1192 0583 48010000 		.4byte	.LLST10
 1193 0587 00       		.byte	0x0
 1194 0588 00       		.byte	0x0
 1195 0589 1F       		.uleb128 0x1f
 1196 058a 20000000 		.4byte	.LBB25
 1197 058e 26000000 		.4byte	.LBE25
 1198 0592 17       		.uleb128 0x17
 1199 0593 746D7000 		.ascii	"tmp\000"
 1200 0597 01       		.byte	0x1
 1201 0598 72       		.byte	0x72
 1202 0599 70000000 		.4byte	0x70
 1203 059d 5B010000 		.4byte	.LLST11
 1204 05a1 00       		.byte	0x0
 1205 05a2 00       		.byte	0x0
 1206 05a3 20       		.uleb128 0x20
 1207 05a4 01       		.byte	0x1
 1208 05a5 A6010000 		.4byte	.LASF69
 1209 05a9 01       		.byte	0x1
 1210 05aa 80       		.byte	0x80
 1211 05ab 01       		.byte	0x1
 1212 05ac 00000000 		.4byte	.LFB9
 1213 05b0 14000000 		.4byte	.LFE9
 1214 05b4 6E010000 		.4byte	.LLST12
 1215 05b8 10060000 		.4byte	0x610
 1216 05bc 16       		.uleb128 0x16
 1217 05bd 747000   		.ascii	"tp\000"
 1218 05c0 01       		.byte	0x1
 1219 05c1 80       		.byte	0x80
 1220 05c2 2F020000 		.4byte	0x22f
 1221 05c6 8E010000 		.4byte	.LLST13
 1222 05ca 16       		.uleb128 0x16
 1223 05cb 6D736700 		.ascii	"msg\000"
 1224 05cf 01       		.byte	0x1
 1225 05d0 80       		.byte	0x80
 1226 05d1 BC000000 		.4byte	0xbc
 1227 05d5 A1010000 		.4byte	.LLST14
 1228 05d9 1D       		.uleb128 0x1d
 1229 05da 02000000 		.4byte	.LBB26
 1230 05de 08000000 		.4byte	.LBE26
 1231 05e2 F6050000 		.4byte	0x5f6
 1232 05e6 17       		.uleb128 0x17
 1233 05e7 746D7000 		.ascii	"tmp\000"
 1234 05eb 01       		.byte	0x1
 1235 05ec 82       		.byte	0x82
 1236 05ed 70000000 		.4byte	0x70
 1237 05f1 B4010000 		.4byte	.LLST15
 1238 05f5 00       		.byte	0x0
 1239 05f6 1F       		.uleb128 0x1f
 1240 05f7 0C000000 		.4byte	.LBB27
 1241 05fb 12000000 		.4byte	.LBE27
 1242 05ff 17       		.uleb128 0x17
 1243 0600 746D7000 		.ascii	"tmp\000"
 1244 0604 01       		.byte	0x1
 1245 0605 86       		.byte	0x86
 1246 0606 70000000 		.4byte	0x70
 1247 060a C7010000 		.4byte	.LLST16
 1248 060e 00       		.byte	0x0
ARM GAS  /tmp/cczaX2cj.s 			page 23


 1249 060f 00       		.byte	0x0
 1250 0610 21       		.uleb128 0x21
 1251 0611 5C020000 		.4byte	.LASF63
 1252 0615 08       		.byte	0x8
 1253 0616 72       		.byte	0x72
 1254 0617 8F030000 		.4byte	0x38f
 1255 061b 01       		.byte	0x1
 1256 061c 01       		.byte	0x1
 1257 061d 21       		.uleb128 0x21
 1258 061e 5C020000 		.4byte	.LASF63
 1259 0622 08       		.byte	0x8
 1260 0623 72       		.byte	0x72
 1261 0624 8F030000 		.4byte	0x38f
 1262 0628 01       		.byte	0x1
 1263 0629 01       		.byte	0x1
 1264 062a 00       		.byte	0x0
 1265              		.section	.debug_abbrev
 1266 0000 01       		.uleb128 0x1
 1267 0001 11       		.uleb128 0x11
 1268 0002 01       		.byte	0x1
 1269 0003 25       		.uleb128 0x25
 1270 0004 0E       		.uleb128 0xe
 1271 0005 13       		.uleb128 0x13
 1272 0006 0B       		.uleb128 0xb
 1273 0007 03       		.uleb128 0x3
 1274 0008 0E       		.uleb128 0xe
 1275 0009 1B       		.uleb128 0x1b
 1276 000a 0E       		.uleb128 0xe
 1277 000b 11       		.uleb128 0x11
 1278 000c 01       		.uleb128 0x1
 1279 000d 52       		.uleb128 0x52
 1280 000e 01       		.uleb128 0x1
 1281 000f 55       		.uleb128 0x55
 1282 0010 06       		.uleb128 0x6
 1283 0011 10       		.uleb128 0x10
 1284 0012 06       		.uleb128 0x6
 1285 0013 00       		.byte	0x0
 1286 0014 00       		.byte	0x0
 1287 0015 02       		.uleb128 0x2
 1288 0016 24       		.uleb128 0x24
 1289 0017 00       		.byte	0x0
 1290 0018 0B       		.uleb128 0xb
 1291 0019 0B       		.uleb128 0xb
 1292 001a 3E       		.uleb128 0x3e
 1293 001b 0B       		.uleb128 0xb
 1294 001c 03       		.uleb128 0x3
 1295 001d 08       		.uleb128 0x8
 1296 001e 00       		.byte	0x0
 1297 001f 00       		.byte	0x0
 1298 0020 03       		.uleb128 0x3
 1299 0021 24       		.uleb128 0x24
 1300 0022 00       		.byte	0x0
 1301 0023 0B       		.uleb128 0xb
 1302 0024 0B       		.uleb128 0xb
 1303 0025 3E       		.uleb128 0x3e
 1304 0026 0B       		.uleb128 0xb
 1305 0027 03       		.uleb128 0x3
ARM GAS  /tmp/cczaX2cj.s 			page 24


 1306 0028 0E       		.uleb128 0xe
 1307 0029 00       		.byte	0x0
 1308 002a 00       		.byte	0x0
 1309 002b 04       		.uleb128 0x4
 1310 002c 16       		.uleb128 0x16
 1311 002d 00       		.byte	0x0
 1312 002e 03       		.uleb128 0x3
 1313 002f 0E       		.uleb128 0xe
 1314 0030 3A       		.uleb128 0x3a
 1315 0031 0B       		.uleb128 0xb
 1316 0032 3B       		.uleb128 0x3b
 1317 0033 0B       		.uleb128 0xb
 1318 0034 49       		.uleb128 0x49
 1319 0035 13       		.uleb128 0x13
 1320 0036 00       		.byte	0x0
 1321 0037 00       		.byte	0x0
 1322 0038 05       		.uleb128 0x5
 1323 0039 13       		.uleb128 0x13
 1324 003a 01       		.byte	0x1
 1325 003b 03       		.uleb128 0x3
 1326 003c 0E       		.uleb128 0xe
 1327 003d 0B       		.uleb128 0xb
 1328 003e 0B       		.uleb128 0xb
 1329 003f 3A       		.uleb128 0x3a
 1330 0040 0B       		.uleb128 0xb
 1331 0041 3B       		.uleb128 0x3b
 1332 0042 0B       		.uleb128 0xb
 1333 0043 01       		.uleb128 0x1
 1334 0044 13       		.uleb128 0x13
 1335 0045 00       		.byte	0x0
 1336 0046 00       		.byte	0x0
 1337 0047 06       		.uleb128 0x6
 1338 0048 0D       		.uleb128 0xd
 1339 0049 00       		.byte	0x0
 1340 004a 03       		.uleb128 0x3
 1341 004b 0E       		.uleb128 0xe
 1342 004c 3A       		.uleb128 0x3a
 1343 004d 0B       		.uleb128 0xb
 1344 004e 3B       		.uleb128 0x3b
 1345 004f 0B       		.uleb128 0xb
 1346 0050 49       		.uleb128 0x49
 1347 0051 13       		.uleb128 0x13
 1348 0052 38       		.uleb128 0x38
 1349 0053 0A       		.uleb128 0xa
 1350 0054 00       		.byte	0x0
 1351 0055 00       		.byte	0x0
 1352 0056 07       		.uleb128 0x7
 1353 0057 0D       		.uleb128 0xd
 1354 0058 00       		.byte	0x0
 1355 0059 03       		.uleb128 0x3
 1356 005a 08       		.uleb128 0x8
 1357 005b 3A       		.uleb128 0x3a
 1358 005c 0B       		.uleb128 0xb
 1359 005d 3B       		.uleb128 0x3b
 1360 005e 0B       		.uleb128 0xb
 1361 005f 49       		.uleb128 0x49
 1362 0060 13       		.uleb128 0x13
ARM GAS  /tmp/cczaX2cj.s 			page 25


 1363 0061 38       		.uleb128 0x38
 1364 0062 0A       		.uleb128 0xa
 1365 0063 00       		.byte	0x0
 1366 0064 00       		.byte	0x0
 1367 0065 08       		.uleb128 0x8
 1368 0066 13       		.uleb128 0x13
 1369 0067 01       		.byte	0x1
 1370 0068 0B       		.uleb128 0xb
 1371 0069 0B       		.uleb128 0xb
 1372 006a 3A       		.uleb128 0x3a
 1373 006b 0B       		.uleb128 0xb
 1374 006c 3B       		.uleb128 0x3b
 1375 006d 0B       		.uleb128 0xb
 1376 006e 01       		.uleb128 0x1
 1377 006f 13       		.uleb128 0x13
 1378 0070 00       		.byte	0x0
 1379 0071 00       		.byte	0x0
 1380 0072 09       		.uleb128 0x9
 1381 0073 0F       		.uleb128 0xf
 1382 0074 00       		.byte	0x0
 1383 0075 0B       		.uleb128 0xb
 1384 0076 0B       		.uleb128 0xb
 1385 0077 49       		.uleb128 0x49
 1386 0078 13       		.uleb128 0x13
 1387 0079 00       		.byte	0x0
 1388 007a 00       		.byte	0x0
 1389 007b 0A       		.uleb128 0xa
 1390 007c 0F       		.uleb128 0xf
 1391 007d 00       		.byte	0x0
 1392 007e 0B       		.uleb128 0xb
 1393 007f 0B       		.uleb128 0xb
 1394 0080 00       		.byte	0x0
 1395 0081 00       		.byte	0x0
 1396 0082 0B       		.uleb128 0xb
 1397 0083 0D       		.uleb128 0xd
 1398 0084 00       		.byte	0x0
 1399 0085 03       		.uleb128 0x3
 1400 0086 08       		.uleb128 0x8
 1401 0087 3A       		.uleb128 0x3a
 1402 0088 0B       		.uleb128 0xb
 1403 0089 3B       		.uleb128 0x3b
 1404 008a 05       		.uleb128 0x5
 1405 008b 49       		.uleb128 0x49
 1406 008c 13       		.uleb128 0x13
 1407 008d 38       		.uleb128 0x38
 1408 008e 0A       		.uleb128 0xa
 1409 008f 00       		.byte	0x0
 1410 0090 00       		.byte	0x0
 1411 0091 0C       		.uleb128 0xc
 1412 0092 13       		.uleb128 0x13
 1413 0093 01       		.byte	0x1
 1414 0094 03       		.uleb128 0x3
 1415 0095 0E       		.uleb128 0xe
 1416 0096 0B       		.uleb128 0xb
 1417 0097 0B       		.uleb128 0xb
 1418 0098 3A       		.uleb128 0x3a
 1419 0099 0B       		.uleb128 0xb
ARM GAS  /tmp/cczaX2cj.s 			page 26


 1420 009a 3B       		.uleb128 0x3b
 1421 009b 05       		.uleb128 0x5
 1422 009c 01       		.uleb128 0x1
 1423 009d 13       		.uleb128 0x13
 1424 009e 00       		.byte	0x0
 1425 009f 00       		.byte	0x0
 1426 00a0 0D       		.uleb128 0xd
 1427 00a1 35       		.uleb128 0x35
 1428 00a2 00       		.byte	0x0
 1429 00a3 49       		.uleb128 0x49
 1430 00a4 13       		.uleb128 0x13
 1431 00a5 00       		.byte	0x0
 1432 00a6 00       		.byte	0x0
 1433 00a7 0E       		.uleb128 0xe
 1434 00a8 17       		.uleb128 0x17
 1435 00a9 01       		.byte	0x1
 1436 00aa 0B       		.uleb128 0xb
 1437 00ab 0B       		.uleb128 0xb
 1438 00ac 3A       		.uleb128 0x3a
 1439 00ad 0B       		.uleb128 0xb
 1440 00ae 3B       		.uleb128 0x3b
 1441 00af 0B       		.uleb128 0xb
 1442 00b0 01       		.uleb128 0x1
 1443 00b1 13       		.uleb128 0x13
 1444 00b2 00       		.byte	0x0
 1445 00b3 00       		.byte	0x0
 1446 00b4 0F       		.uleb128 0xf
 1447 00b5 0D       		.uleb128 0xd
 1448 00b6 00       		.byte	0x0
 1449 00b7 03       		.uleb128 0x3
 1450 00b8 0E       		.uleb128 0xe
 1451 00b9 3A       		.uleb128 0x3a
 1452 00ba 0B       		.uleb128 0xb
 1453 00bb 3B       		.uleb128 0x3b
 1454 00bc 0B       		.uleb128 0xb
 1455 00bd 49       		.uleb128 0x49
 1456 00be 13       		.uleb128 0x13
 1457 00bf 00       		.byte	0x0
 1458 00c0 00       		.byte	0x0
 1459 00c1 10       		.uleb128 0x10
 1460 00c2 26       		.uleb128 0x26
 1461 00c3 00       		.byte	0x0
 1462 00c4 49       		.uleb128 0x49
 1463 00c5 13       		.uleb128 0x13
 1464 00c6 00       		.byte	0x0
 1465 00c7 00       		.byte	0x0
 1466 00c8 11       		.uleb128 0x11
 1467 00c9 2E       		.uleb128 0x2e
 1468 00ca 01       		.byte	0x1
 1469 00cb 03       		.uleb128 0x3
 1470 00cc 0E       		.uleb128 0xe
 1471 00cd 3A       		.uleb128 0x3a
 1472 00ce 0B       		.uleb128 0xb
 1473 00cf 3B       		.uleb128 0x3b
 1474 00d0 0B       		.uleb128 0xb
 1475 00d1 27       		.uleb128 0x27
 1476 00d2 0C       		.uleb128 0xc
ARM GAS  /tmp/cczaX2cj.s 			page 27


 1477 00d3 20       		.uleb128 0x20
 1478 00d4 0B       		.uleb128 0xb
 1479 00d5 01       		.uleb128 0x1
 1480 00d6 13       		.uleb128 0x13
 1481 00d7 00       		.byte	0x0
 1482 00d8 00       		.byte	0x0
 1483 00d9 12       		.uleb128 0x12
 1484 00da 05       		.uleb128 0x5
 1485 00db 00       		.byte	0x0
 1486 00dc 03       		.uleb128 0x3
 1487 00dd 08       		.uleb128 0x8
 1488 00de 3A       		.uleb128 0x3a
 1489 00df 0B       		.uleb128 0xb
 1490 00e0 3B       		.uleb128 0x3b
 1491 00e1 0B       		.uleb128 0xb
 1492 00e2 49       		.uleb128 0x49
 1493 00e3 13       		.uleb128 0x13
 1494 00e4 00       		.byte	0x0
 1495 00e5 00       		.byte	0x0
 1496 00e6 13       		.uleb128 0x13
 1497 00e7 2E       		.uleb128 0x2e
 1498 00e8 01       		.byte	0x1
 1499 00e9 03       		.uleb128 0x3
 1500 00ea 0E       		.uleb128 0xe
 1501 00eb 3A       		.uleb128 0x3a
 1502 00ec 0B       		.uleb128 0xb
 1503 00ed 3B       		.uleb128 0x3b
 1504 00ee 0B       		.uleb128 0xb
 1505 00ef 27       		.uleb128 0x27
 1506 00f0 0C       		.uleb128 0xc
 1507 00f1 49       		.uleb128 0x49
 1508 00f2 13       		.uleb128 0x13
 1509 00f3 20       		.uleb128 0x20
 1510 00f4 0B       		.uleb128 0xb
 1511 00f5 01       		.uleb128 0x1
 1512 00f6 13       		.uleb128 0x13
 1513 00f7 00       		.byte	0x0
 1514 00f8 00       		.byte	0x0
 1515 00f9 14       		.uleb128 0x14
 1516 00fa 34       		.uleb128 0x34
 1517 00fb 00       		.byte	0x0
 1518 00fc 03       		.uleb128 0x3
 1519 00fd 08       		.uleb128 0x8
 1520 00fe 3A       		.uleb128 0x3a
 1521 00ff 0B       		.uleb128 0xb
 1522 0100 3B       		.uleb128 0x3b
 1523 0101 0B       		.uleb128 0xb
 1524 0102 49       		.uleb128 0x49
 1525 0103 13       		.uleb128 0x13
 1526 0104 00       		.byte	0x0
 1527 0105 00       		.byte	0x0
 1528 0106 15       		.uleb128 0x15
 1529 0107 2E       		.uleb128 0x2e
 1530 0108 01       		.byte	0x1
 1531 0109 3F       		.uleb128 0x3f
 1532 010a 0C       		.uleb128 0xc
 1533 010b 03       		.uleb128 0x3
ARM GAS  /tmp/cczaX2cj.s 			page 28


 1534 010c 0E       		.uleb128 0xe
 1535 010d 3A       		.uleb128 0x3a
 1536 010e 0B       		.uleb128 0xb
 1537 010f 3B       		.uleb128 0x3b
 1538 0110 0B       		.uleb128 0xb
 1539 0111 27       		.uleb128 0x27
 1540 0112 0C       		.uleb128 0xc
 1541 0113 49       		.uleb128 0x49
 1542 0114 13       		.uleb128 0x13
 1543 0115 11       		.uleb128 0x11
 1544 0116 01       		.uleb128 0x1
 1545 0117 12       		.uleb128 0x12
 1546 0118 01       		.uleb128 0x1
 1547 0119 40       		.uleb128 0x40
 1548 011a 06       		.uleb128 0x6
 1549 011b 01       		.uleb128 0x1
 1550 011c 13       		.uleb128 0x13
 1551 011d 00       		.byte	0x0
 1552 011e 00       		.byte	0x0
 1553 011f 16       		.uleb128 0x16
 1554 0120 05       		.uleb128 0x5
 1555 0121 00       		.byte	0x0
 1556 0122 03       		.uleb128 0x3
 1557 0123 08       		.uleb128 0x8
 1558 0124 3A       		.uleb128 0x3a
 1559 0125 0B       		.uleb128 0xb
 1560 0126 3B       		.uleb128 0x3b
 1561 0127 0B       		.uleb128 0xb
 1562 0128 49       		.uleb128 0x49
 1563 0129 13       		.uleb128 0x13
 1564 012a 02       		.uleb128 0x2
 1565 012b 06       		.uleb128 0x6
 1566 012c 00       		.byte	0x0
 1567 012d 00       		.byte	0x0
 1568 012e 17       		.uleb128 0x17
 1569 012f 34       		.uleb128 0x34
 1570 0130 00       		.byte	0x0
 1571 0131 03       		.uleb128 0x3
 1572 0132 08       		.uleb128 0x8
 1573 0133 3A       		.uleb128 0x3a
 1574 0134 0B       		.uleb128 0xb
 1575 0135 3B       		.uleb128 0x3b
 1576 0136 0B       		.uleb128 0xb
 1577 0137 49       		.uleb128 0x49
 1578 0138 13       		.uleb128 0x13
 1579 0139 02       		.uleb128 0x2
 1580 013a 06       		.uleb128 0x6
 1581 013b 00       		.byte	0x0
 1582 013c 00       		.byte	0x0
 1583 013d 18       		.uleb128 0x18
 1584 013e 0B       		.uleb128 0xb
 1585 013f 01       		.byte	0x1
 1586 0140 55       		.uleb128 0x55
 1587 0141 06       		.uleb128 0x6
 1588 0142 01       		.uleb128 0x1
 1589 0143 13       		.uleb128 0x13
 1590 0144 00       		.byte	0x0
ARM GAS  /tmp/cczaX2cj.s 			page 29


 1591 0145 00       		.byte	0x0
 1592 0146 19       		.uleb128 0x19
 1593 0147 1D       		.uleb128 0x1d
 1594 0148 01       		.byte	0x1
 1595 0149 31       		.uleb128 0x31
 1596 014a 13       		.uleb128 0x13
 1597 014b 52       		.uleb128 0x52
 1598 014c 01       		.uleb128 0x1
 1599 014d 55       		.uleb128 0x55
 1600 014e 06       		.uleb128 0x6
 1601 014f 58       		.uleb128 0x58
 1602 0150 0B       		.uleb128 0xb
 1603 0151 59       		.uleb128 0x59
 1604 0152 0B       		.uleb128 0xb
 1605 0153 01       		.uleb128 0x1
 1606 0154 13       		.uleb128 0x13
 1607 0155 00       		.byte	0x0
 1608 0156 00       		.byte	0x0
 1609 0157 1A       		.uleb128 0x1a
 1610 0158 05       		.uleb128 0x5
 1611 0159 00       		.byte	0x0
 1612 015a 31       		.uleb128 0x31
 1613 015b 13       		.uleb128 0x13
 1614 015c 00       		.byte	0x0
 1615 015d 00       		.byte	0x0
 1616 015e 1B       		.uleb128 0x1b
 1617 015f 05       		.uleb128 0x5
 1618 0160 00       		.byte	0x0
 1619 0161 31       		.uleb128 0x31
 1620 0162 13       		.uleb128 0x13
 1621 0163 02       		.uleb128 0x2
 1622 0164 06       		.uleb128 0x6
 1623 0165 00       		.byte	0x0
 1624 0166 00       		.byte	0x0
 1625 0167 1C       		.uleb128 0x1c
 1626 0168 0B       		.uleb128 0xb
 1627 0169 01       		.byte	0x1
 1628 016a 55       		.uleb128 0x55
 1629 016b 06       		.uleb128 0x6
 1630 016c 00       		.byte	0x0
 1631 016d 00       		.byte	0x0
 1632 016e 1D       		.uleb128 0x1d
 1633 016f 0B       		.uleb128 0xb
 1634 0170 01       		.byte	0x1
 1635 0171 11       		.uleb128 0x11
 1636 0172 01       		.uleb128 0x1
 1637 0173 12       		.uleb128 0x12
 1638 0174 01       		.uleb128 0x1
 1639 0175 01       		.uleb128 0x1
 1640 0176 13       		.uleb128 0x13
 1641 0177 00       		.byte	0x0
 1642 0178 00       		.byte	0x0
 1643 0179 1E       		.uleb128 0x1e
 1644 017a 34       		.uleb128 0x34
 1645 017b 00       		.byte	0x0
 1646 017c 31       		.uleb128 0x31
 1647 017d 13       		.uleb128 0x13
ARM GAS  /tmp/cczaX2cj.s 			page 30


 1648 017e 02       		.uleb128 0x2
 1649 017f 06       		.uleb128 0x6
 1650 0180 00       		.byte	0x0
 1651 0181 00       		.byte	0x0
 1652 0182 1F       		.uleb128 0x1f
 1653 0183 0B       		.uleb128 0xb
 1654 0184 01       		.byte	0x1
 1655 0185 11       		.uleb128 0x11
 1656 0186 01       		.uleb128 0x1
 1657 0187 12       		.uleb128 0x12
 1658 0188 01       		.uleb128 0x1
 1659 0189 00       		.byte	0x0
 1660 018a 00       		.byte	0x0
 1661 018b 20       		.uleb128 0x20
 1662 018c 2E       		.uleb128 0x2e
 1663 018d 01       		.byte	0x1
 1664 018e 3F       		.uleb128 0x3f
 1665 018f 0C       		.uleb128 0xc
 1666 0190 03       		.uleb128 0x3
 1667 0191 0E       		.uleb128 0xe
 1668 0192 3A       		.uleb128 0x3a
 1669 0193 0B       		.uleb128 0xb
 1670 0194 3B       		.uleb128 0x3b
 1671 0195 0B       		.uleb128 0xb
 1672 0196 27       		.uleb128 0x27
 1673 0197 0C       		.uleb128 0xc
 1674 0198 11       		.uleb128 0x11
 1675 0199 01       		.uleb128 0x1
 1676 019a 12       		.uleb128 0x12
 1677 019b 01       		.uleb128 0x1
 1678 019c 40       		.uleb128 0x40
 1679 019d 06       		.uleb128 0x6
 1680 019e 01       		.uleb128 0x1
 1681 019f 13       		.uleb128 0x13
 1682 01a0 00       		.byte	0x0
 1683 01a1 00       		.byte	0x0
 1684 01a2 21       		.uleb128 0x21
 1685 01a3 34       		.uleb128 0x34
 1686 01a4 00       		.byte	0x0
 1687 01a5 03       		.uleb128 0x3
 1688 01a6 0E       		.uleb128 0xe
 1689 01a7 3A       		.uleb128 0x3a
 1690 01a8 0B       		.uleb128 0xb
 1691 01a9 3B       		.uleb128 0x3b
 1692 01aa 0B       		.uleb128 0xb
 1693 01ab 49       		.uleb128 0x49
 1694 01ac 13       		.uleb128 0x13
 1695 01ad 3F       		.uleb128 0x3f
 1696 01ae 0C       		.uleb128 0xc
 1697 01af 3C       		.uleb128 0x3c
 1698 01b0 0C       		.uleb128 0xc
 1699 01b1 00       		.byte	0x0
 1700 01b2 00       		.byte	0x0
 1701 01b3 00       		.byte	0x0
 1702              		.section	.debug_pubnames,"",%progbits
 1703 0000 3B000000 		.4byte	0x3b
 1704 0004 0200     		.2byte	0x2
ARM GAS  /tmp/cczaX2cj.s 			page 31


 1705 0006 00000000 		.4byte	.Ldebug_info0
 1706 000a 2B060000 		.4byte	0x62b
 1707 000e 7F040000 		.4byte	0x47f
 1708 0012 63684D73 		.ascii	"chMsgSend\000"
 1708      6753656E 
 1708      6400
 1709 001c 19050000 		.4byte	0x519
 1710 0020 63684D73 		.ascii	"chMsgWait\000"
 1710      67576169 
 1710      7400
 1711 002a A3050000 		.4byte	0x5a3
 1712 002e 63684D73 		.ascii	"chMsgRelease\000"
 1712      6752656C 
 1712      65617365 
 1712      00
 1713 003b 00000000 		.4byte	0x0
 1714              		.section	.debug_pubtypes,"",%progbits
 1715 0000 13010000 		.4byte	0x113
 1716 0004 0200     		.2byte	0x2
 1717 0006 00000000 		.4byte	.Ldebug_info0
 1718 000a 2B060000 		.4byte	0x62b
 1719 000e 3E000000 		.4byte	0x3e
 1720 0012 75696E74 		.ascii	"uint8_t\000"
 1720      385F7400 
 1721 001a 5E000000 		.4byte	0x5e
 1722 001e 696E7433 		.ascii	"int32_t\000"
 1722      325F7400 
 1723 0026 70000000 		.4byte	0x70
 1724 002a 75696E74 		.ascii	"uint32_t\000"
 1724      33325F74 
 1724      00
 1725 0033 90000000 		.4byte	0x90
 1726 0037 746D6F64 		.ascii	"tmode_t\000"
 1726      655F7400 
 1727 003f 9B000000 		.4byte	0x9b
 1728 0043 74737461 		.ascii	"tstate_t\000"
 1728      74655F74 
 1728      00
 1729 004c A6000000 		.4byte	0xa6
 1730 0050 74726566 		.ascii	"trefs_t\000"
 1730      735F7400 
 1731 0058 B1000000 		.4byte	0xb1
 1732 005c 74707269 		.ascii	"tprio_t\000"
 1732      6F5F7400 
 1733 0064 BC000000 		.4byte	0xbc
 1734 0068 6D73675F 		.ascii	"msg_t\000"
 1734      7400
 1735 006e C7000000 		.4byte	0xc7
 1736 0072 6576656E 		.ascii	"eventmask_t\000"
 1736      746D6173 
 1736      6B5F7400 
 1737 007e D2000000 		.4byte	0xd2
 1738 0082 73797374 		.ascii	"systime_t\000"
 1738      696D655F 
 1738      7400
 1739 008c DD000000 		.4byte	0xdd
 1740 0090 636E745F 		.ascii	"cnt_t\000"
ARM GAS  /tmp/cczaX2cj.s 			page 32


 1740      7400
 1741 0096 E8000000 		.4byte	0xe8
 1742 009a 54687265 		.ascii	"Thread\000"
 1742      616400
 1743 00a1 35020000 		.4byte	0x235
 1744 00a5 54687265 		.ascii	"ThreadsQueue\000"
 1744      61647351 
 1744      75657565 
 1744      00
 1745 00b2 57020000 		.4byte	0x257
 1746 00b6 54687265 		.ascii	"ThreadsList\000"
 1746      6164734C 
 1746      69737400 
 1747 00c2 62020000 		.4byte	0x262
 1748 00c6 72656761 		.ascii	"regarm_t\000"
 1748      726D5F74 
 1748      00
 1749 00cf 6F020000 		.4byte	0x26f
 1750 00d3 696E7463 		.ascii	"intctx\000"
 1750      747800
 1751 00da FC020000 		.4byte	0x2fc
 1752 00de 636F6E74 		.ascii	"context\000"
 1752      65787400 
 1753 00e6 8F030000 		.4byte	0x38f
 1754 00ea 52656164 		.ascii	"ReadyList\000"
 1754      794C6973 
 1754      7400
 1755 00f4 9A030000 		.4byte	0x39a
 1756 00f8 4D757465 		.ascii	"Mutex\000"
 1756      7800
 1757 00fe D7030000 		.4byte	0x3d7
 1758 0102 4D757465 		.ascii	"Mutex\000"
 1758      7800
 1759 0108 F3000000 		.4byte	0xf3
 1760 010c 54687265 		.ascii	"Thread\000"
 1760      616400
 1761 0113 00000000 		.4byte	0x0
 1762              		.section	.debug_aranges,"",%progbits
 1763 0000 2C000000 		.4byte	0x2c
 1764 0004 0200     		.2byte	0x2
 1765 0006 00000000 		.4byte	.Ldebug_info0
 1766 000a 04       		.byte	0x4
 1767 000b 00       		.byte	0x0
 1768 000c 0000     		.2byte	0x0
 1769 000e 0000     		.2byte	0x0
 1770 0010 00000000 		.4byte	.LFB7
 1771 0014 4C000000 		.4byte	.LFE7-.LFB7
 1772 0018 00000000 		.4byte	.LFB8
 1773 001c 3C000000 		.4byte	.LFE8-.LFB8
 1774 0020 00000000 		.4byte	.LFB9
 1775 0024 14000000 		.4byte	.LFE9-.LFB9
 1776 0028 00000000 		.4byte	0x0
 1777 002c 00000000 		.4byte	0x0
 1778              		.section	.debug_ranges,"",%progbits
 1779              	.Ldebug_ranges0:
 1780 0000 04000000 		.4byte	.LBB10
 1781 0004 06000000 		.4byte	.LBE10
ARM GAS  /tmp/cczaX2cj.s 			page 33


 1782 0008 08000000 		.4byte	.LBB11
 1783 000c 0C000000 		.4byte	.LBE11
 1784 0010 00000000 		.4byte	0x0
 1785 0014 00000000 		.4byte	0x0
 1786 0018 0E000000 		.4byte	.LBB12
 1787 001c 10000000 		.4byte	.LBE12
 1788 0020 1C000000 		.4byte	.LBB17
 1789 0024 22000000 		.4byte	.LBE17
 1790 0028 18000000 		.4byte	.LBB16
 1791 002c 1A000000 		.4byte	.LBE16
 1792 0030 00000000 		.4byte	0x0
 1793 0034 00000000 		.4byte	0x0
 1794 0038 2C000000 		.4byte	.LBB18
 1795 003c 32000000 		.4byte	.LBE18
 1796 0040 40000000 		.4byte	.LBB19
 1797 0044 46000000 		.4byte	.LBE19
 1798 0048 00000000 		.4byte	0x0
 1799 004c 00000000 		.4byte	0x0
 1800 0050 16000000 		.4byte	.LBB21
 1801 0054 1A000000 		.4byte	.LBE21
 1802 0058 1E000000 		.4byte	.LBB24
 1803 005c 20000000 		.4byte	.LBE24
 1804 0060 00000000 		.4byte	0x0
 1805 0064 00000000 		.4byte	0x0
 1806 0068 16000000 		.4byte	.LBB22
 1807 006c 1A000000 		.4byte	.LBE22
 1808 0070 1E000000 		.4byte	.LBB23
 1809 0074 20000000 		.4byte	.LBE23
 1810 0078 00000000 		.4byte	0x0
 1811 007c 00000000 		.4byte	0x0
 1812 0080 00000000 		.4byte	.LFB7
 1813 0084 4C000000 		.4byte	.LFE7
 1814 0088 00000000 		.4byte	.LFB8
 1815 008c 3C000000 		.4byte	.LFE8
 1816 0090 00000000 		.4byte	.LFB9
 1817 0094 14000000 		.4byte	.LFE9
 1818 0098 00000000 		.4byte	0x0
 1819 009c 00000000 		.4byte	0x0
 1820              		.section	.debug_str,"MS",%progbits,1
 1821              	.LASF34:
 1822 0000 705F6D73 		.ascii	"p_msg\000"
 1822      6700
 1823              	.LASF67:
 1824 0006 71756575 		.ascii	"queue_insert\000"
 1824      655F696E 
 1824      73657274 
 1824      00
 1825              	.LASF56:
 1826 0013 7264796D 		.ascii	"rdymsg\000"
 1826      736700
 1827              	.LASF11:
 1828 001a 6C6F6E67 		.ascii	"long long unsigned int\000"
 1828      206C6F6E 
 1828      6720756E 
 1828      7369676E 
 1828      65642069 
 1829              	.LASF57:
ARM GAS  /tmp/cczaX2cj.s 			page 34


 1830 0031 65786974 		.ascii	"exitcode\000"
 1830      636F6465 
 1830      00
 1831              	.LASF23:
 1832 003a 705F7072 		.ascii	"p_prio\000"
 1832      696F00
 1833              	.LASF10:
 1834 0041 6C6F6E67 		.ascii	"long long int\000"
 1834      206C6F6E 
 1834      6720696E 
 1834      7400
 1835              	.LASF1:
 1836 004f 7369676E 		.ascii	"signed char\000"
 1836      65642063 
 1836      68617200 
 1837              	.LASF38:
 1838 005b 705F6D70 		.ascii	"p_mpool\000"
 1838      6F6F6C00 
 1839              	.LASF53:
 1840 0063 6D5F7175 		.ascii	"m_queue\000"
 1840      65756500 
 1841              	.LASF7:
 1842 006b 6C6F6E67 		.ascii	"long int\000"
 1842      20696E74 
 1842      00
 1843              	.LASF61:
 1844 0074 63684D73 		.ascii	"chMsgSend\000"
 1844      6753656E 
 1844      6400
 1845              	.LASF13:
 1846 007e 74737461 		.ascii	"tstate_t\000"
 1846      74655F74 
 1846      00
 1847              	.LASF25:
 1848 0087 705F6E65 		.ascii	"p_newer\000"
 1848      77657200 
 1849              	.LASF47:
 1850 008f 725F6E65 		.ascii	"r_newer\000"
 1850      77657200 
 1851              	.LASF41:
 1852 0097 72656761 		.ascii	"regarm_t\000"
 1852      726D5F74 
 1852      00
 1853              	.LASF19:
 1854 00a0 636E745F 		.ascii	"cnt_t\000"
 1854      7400
 1855              	.LASF0:
 1856 00a6 756E7369 		.ascii	"unsigned int\000"
 1856      676E6564 
 1856      20696E74 
 1856      00
 1857              	.LASF9:
 1858 00b3 6C6F6E67 		.ascii	"long unsigned int\000"
 1858      20756E73 
 1858      69676E65 
 1858      6420696E 
 1858      7400
ARM GAS  /tmp/cczaX2cj.s 			page 35


 1859              	.LASF43:
 1860 00c5 636F6E74 		.ascii	"context\000"
 1860      65787400 
 1861              	.LASF4:
 1862 00cd 73686F72 		.ascii	"short unsigned int\000"
 1862      7420756E 
 1862      7369676E 
 1862      65642069 
 1862      6E7400
 1863              	.LASF16:
 1864 00e0 6D73675F 		.ascii	"msg_t\000"
 1864      7400
 1865              	.LASF12:
 1866 00e6 746D6F64 		.ascii	"tmode_t\000"
 1866      655F7400 
 1867              	.LASF40:
 1868 00ee 54687265 		.ascii	"ThreadsList\000"
 1868      6164734C 
 1868      69737400 
 1869              	.LASF17:
 1870 00fa 6576656E 		.ascii	"eventmask_t\000"
 1870      746D6173 
 1870      6B5F7400 
 1871              	.LASF52:
 1872 0106 4D757465 		.ascii	"Mutex\000"
 1872      7800
 1873              	.LASF26:
 1874 010c 705F6F6C 		.ascii	"p_older\000"
 1874      64657200 
 1875              	.LASF46:
 1876 0114 725F6374 		.ascii	"r_ctx\000"
 1876      7800
 1877              	.LASF39:
 1878 011a 54687265 		.ascii	"ThreadsQueue\000"
 1878      61647351 
 1878      75657565 
 1878      00
 1879              	.LASF50:
 1880 0127 725F6375 		.ascii	"r_current\000"
 1880      7272656E 
 1880      7400
 1881              	.LASF48:
 1882 0131 725F6F6C 		.ascii	"r_older\000"
 1882      64657200 
 1883              	.LASF14:
 1884 0139 74726566 		.ascii	"trefs_t\000"
 1884      735F7400 
 1885              	.LASF22:
 1886 0141 705F7072 		.ascii	"p_prev\000"
 1886      657600
 1887              	.LASF15:
 1888 0148 74707269 		.ascii	"tprio_t\000"
 1888      6F5F7400 
 1889              	.LASF6:
 1890 0150 696E7433 		.ascii	"int32_t\000"
 1890      325F7400 
 1891              	.LASF2:
ARM GAS  /tmp/cczaX2cj.s 			page 36


 1892 0158 756E7369 		.ascii	"unsigned char\000"
 1892      676E6564 
 1892      20636861 
 1892      7200
 1893              	.LASF36:
 1894 0166 705F6D74 		.ascii	"p_mtxlist\000"
 1894      786C6973 
 1894      7400
 1895              	.LASF3:
 1896 0170 73686F72 		.ascii	"short int\000"
 1896      7420696E 
 1896      7400
 1897              	.LASF28:
 1898 017a 705F7374 		.ascii	"p_state\000"
 1898      61746500 
 1899              	.LASF45:
 1900 0182 725F7072 		.ascii	"r_prio\000"
 1900      696F00
 1901              	.LASF59:
 1902 0189 65776D61 		.ascii	"ewmask\000"
 1902      736B00
 1903              	.LASF21:
 1904 0190 705F6E65 		.ascii	"p_next\000"
 1904      787400
 1905              	.LASF29:
 1906 0197 705F666C 		.ascii	"p_flags\000"
 1906      61677300 
 1907              	.LASF20:
 1908 019f 54687265 		.ascii	"Thread\000"
 1908      616400
 1909              	.LASF69:
 1910 01a6 63684D73 		.ascii	"chMsgRelease\000"
 1910      6752656C 
 1910      65617365 
 1910      00
 1911              	.LASF35:
 1912 01b3 705F6570 		.ascii	"p_epending\000"
 1912      656E6469 
 1912      6E6700
 1913              	.LASF8:
 1914 01be 75696E74 		.ascii	"uint32_t\000"
 1914      33325F74 
 1914      00
 1915              	.LASF44:
 1916 01c7 725F7175 		.ascii	"r_queue\000"
 1916      65756500 
 1917              	.LASF60:
 1918 01cf 63686172 		.ascii	"char\000"
 1918      00
 1919              	.LASF68:
 1920 01d4 6669666F 		.ascii	"fifo_remove\000"
 1920      5F72656D 
 1920      6F766500 
 1921              	.LASF55:
 1922 01e0 6D5F6E65 		.ascii	"m_next\000"
 1922      787400
 1923              	.LASF18:
ARM GAS  /tmp/cczaX2cj.s 			page 37


 1924 01e7 73797374 		.ascii	"systime_t\000"
 1924      696D655F 
 1924      7400
 1925              	.LASF37:
 1926 01f1 705F7265 		.ascii	"p_realprio\000"
 1926      616C7072 
 1926      696F00
 1927              	.LASF31:
 1928 01fc 705F7469 		.ascii	"p_time\000"
 1928      6D6500
 1929              	.LASF42:
 1930 0203 696E7463 		.ascii	"intctx\000"
 1930      747800
 1931              	.LASF33:
 1932 020a 705F6D73 		.ascii	"p_msgqueue\000"
 1932      67717565 
 1932      756500
 1933              	.LASF62:
 1934 0215 63684D73 		.ascii	"chMsgWait\000"
 1934      67576169 
 1934      7400
 1935              	.LASF65:
 1936 021f 2E2E2F6C 		.ascii	"../libs/ChibiOS_2.4.0/os/kernel/src/chmsg.c\000"
 1936      6962732F 
 1936      43686962 
 1936      694F535F 
 1936      322E342E 
 1937              	.LASF30:
 1938 024b 705F7265 		.ascii	"p_refs\000"
 1938      667300
 1939              	.LASF51:
 1940 0252 52656164 		.ascii	"ReadyList\000"
 1940      794C6973 
 1940      7400
 1941              	.LASF63:
 1942 025c 726C6973 		.ascii	"rlist\000"
 1942      7400
 1943              	.LASF5:
 1944 0262 75696E74 		.ascii	"uint8_t\000"
 1944      385F7400 
 1945              	.LASF58:
 1946 026a 77746F62 		.ascii	"wtobjp\000"
 1946      6A7000
 1947              	.LASF64:
 1948 0271 474E5520 		.ascii	"GNU C 4.5.2\000"
 1948      4320342E 
 1948      352E3200 
 1949              	.LASF27:
 1950 027d 705F6E61 		.ascii	"p_name\000"
 1950      6D6500
 1951              	.LASF49:
 1952 0284 725F7072 		.ascii	"r_preempt\000"
 1952      65656D70 
 1952      7400
 1953              	.LASF54:
 1954 028e 6D5F6F77 		.ascii	"m_owner\000"
 1954      6E657200 
ARM GAS  /tmp/cczaX2cj.s 			page 38


 1955              	.LASF24:
 1956 0296 705F6374 		.ascii	"p_ctx\000"
 1956      7800
 1957              	.LASF32:
 1958 029c 705F7761 		.ascii	"p_waiting\000"
 1958      6974696E 
 1958      6700
 1959              	.LASF66:
 1960 02a6 2F686F6D 		.ascii	"/home/stm32/Workspace/FirmwareSpykee\000"
 1960      652F7374 
 1960      6D33322F 
 1960      576F726B 
 1960      73706163 
 1961              		.ident	"GCC: (Sourcery G++ Lite 2011.03-42) 4.5.2"
ARM GAS  /tmp/cczaX2cj.s 			page 39


DEFINED SYMBOLS
                            *ABS*:00000000 chmsg.c
     /tmp/cczaX2cj.s:26     .text.chMsgSend:00000000 $t
     /tmp/cczaX2cj.s:32     .text.chMsgSend:00000000 chMsgSend
     /tmp/cczaX2cj.s:147    .text.chMsgSend:00000048 $d
     /tmp/cczaX2cj.s:152    .text.chMsgWait:00000000 $t
     /tmp/cczaX2cj.s:158    .text.chMsgWait:00000000 chMsgWait
     /tmp/cczaX2cj.s:229    .text.chMsgWait:00000038 $d
     /tmp/cczaX2cj.s:234    .text.chMsgRelease:00000000 $t
     /tmp/cczaX2cj.s:240    .text.chMsgRelease:00000000 chMsgRelease
                     .debug_frame:00000010 $d
     /tmp/cczaX2cj.s:151    .text.chMsgSend:0000004c $t
     /tmp/cczaX2cj.s:233    .text.chMsgWait:0000003c $t

UNDEFINED SYMBOLS
chSchGoSleepS
chSchReadyI
rlist
chSchWakeupS
