ARM GAS  /tmp/ccppw5SV.s 			page 1


   1              		.syntax unified
   2              		.cpu cortex-m4
   3              		.eabi_attribute 27, 3
   4              		.eabi_attribute 28, 1
   5              		.fpu fpv4-sp-d16
   6              		.eabi_attribute 20, 1
   7              		.eabi_attribute 21, 1
   8              		.eabi_attribute 23, 3
   9              		.eabi_attribute 24, 1
  10              		.eabi_attribute 25, 1
  11              		.eabi_attribute 26, 1
  12              		.eabi_attribute 30, 2
  13              		.eabi_attribute 18, 4
  14              		.thumb
  15              		.file	"chprintf.c"
  16              		.section	.debug_abbrev,"",%progbits
  17              	.Ldebug_abbrev0:
  18              		.section	.debug_info,"",%progbits
  19              	.Ldebug_info0:
  20              		.section	.debug_line,"",%progbits
  21              	.Ldebug_line0:
  22 0000 2C030000 		.text
  22      02009101 
  22      00000201 
  22      FB0E0D00 
  22      01010101 
  23              	.Ltext0:
  24              		.cfi_sections	.debug_frame
  25              		.section	.text.ltoa,"ax",%progbits
  26              		.align	2
  27              		.p2align 4,,15
  28              		.thumb
  29              		.thumb_func
  30              		.type	ltoa, %function
  31              	ltoa:
  32              	.LFB7:
  33              		.file 1 "../libs/ChibiOS_2.4.0/os/various/chprintf.c"
  34              		.loc 1 34 0
  35              		.cfi_startproc
  36              		@ args = 0, pretend = 0, frame = 0
  37              		@ frame_needed = 0, uses_anonymous_args = 0
  38              		@ link register save eliminated.
  39              	.LVL0:
  40 0000 70B4     		push	{r4, r5, r6}
  41              	.LCFI0:
  42              		.cfi_def_cfa_offset 12
  43              		.loc 1 38 0
  44 0002 00F10B06 		add	r6, r0, #11
  45              		.cfi_offset 6, -4
  46              		.cfi_offset 5, -8
  47              		.cfi_offset 4, -12
  48              	.LVL1:
  49              		.loc 1 34 0
  50 0006 00F10A04 		add	r4, r0, #10
  51              	.LVL2:
  52              	.L3:
  53              		.loc 1 40 0
ARM GAS  /tmp/ccppw5SV.s 			page 2


  54 000a B1FBF2F5 		udiv	r5, r1, r2
  55 000e 02FB1511 		mls	r1, r2, r5, r1
  56              	.LVL3:
  57              		.loc 1 41 0
  58 0012 01F13003 		add	r3, r1, #48
  59              	.LVL4:
  60              		.loc 1 42 0
  61 0016 392B     		cmp	r3, #57
  62              		.loc 1 43 0
  63 0018 C8BF     		it	gt
  64 001a 01F13703 		addgt	r3, r1, #55
  65              	.LVL5:
  66              		.loc 1 45 0
  67 001e 2946     		mov	r1, r5
  68              		.loc 1 43 0
  69 0020 2546     		mov	r5, r4
  70              	.LVL6:
  71              		.loc 1 44 0
  72 0022 04F80139 		strb	r3, [r4], #-1
  73              	.LVL7:
  74              		.loc 1 45 0
  75 0026 0029     		cmp	r1, #0
  76 0028 EFD1     		bne	.L3
  77              	.LVL8:
  78              		.loc 1 34 0
  79 002a 0446     		mov	r4, r0
  80              		.loc 1 47 0
  81 002c C5EB060C 		rsb	ip, r5, r6
  82 0030 E243     		mvns	r2, r4
  83              	.LVL9:
  84              		.loc 1 34 0
  85 0032 6044     		add	r0, r0, ip
  86              	.LVL10:
  87 0034 1218     		adds	r2, r2, r0
  88 0036 12F0010F 		tst	r2, #1
  89              		.loc 1 45 0
  90 003a 2946     		mov	r1, r5
  91              	.LVL11:
  92 003c 0AD0     		beq	.L5
  93              	.LVL12:
  94              		.loc 1 49 0
  95 003e 04F8013B 		strb	r3, [r4], #1
  96              	.LVL13:
  97              		.loc 1 50 0
  98 0042 11F8013F 		ldrb	r3, [r1, #1]!	@ zero_extendqisi2
  99 0046 05E0     		b	.L5
 100              	.LVL14:
 101              	.L13:
 102 0048 11F8013F 		ldrb	r3, [r1, #1]!	@ zero_extendqisi2
 103              		.loc 1 49 0
 104 004c 6370     		strb	r3, [r4, #1]
 105              		.loc 1 50 0
 106 004e 11F8013F 		ldrb	r3, [r1, #1]!	@ zero_extendqisi2
 107              		.loc 1 49 0
 108 0052 541C     		adds	r4, r2, #1
 109              	.LVL15:
 110              	.L5:
ARM GAS  /tmp/ccppw5SV.s 			page 3


 111              		.loc 1 49 0 is_stmt 0 discriminator 1
 112 0054 2246     		mov	r2, r4
 113 0056 02F8013B 		strb	r3, [r2], #1
 114              	.LVL16:
 115              		.loc 1 50 0 is_stmt 1 discriminator 1
 116 005a 8242     		cmp	r2, r0
 117 005c F4D1     		bne	.L13
 118              		.loc 1 53 0
 119 005e 70BC     		pop	{r4, r5, r6}
 120 0060 7047     		bx	lr
 121              		.cfi_endproc
 122              	.LFE7:
 123              		.size	ltoa, .-ltoa
 124 0062 00BFAFF3 		.section	.text.chprintf,"ax",%progbits
 124      0080AFF3 
 124      0080AFF3 
 124      0080
 125              		.align	2
 126              		.p2align 4,,15
 127              		.global	chprintf
 128              		.thumb
 129              		.thumb_func
 130              		.type	chprintf, %function
 131              	chprintf:
 132              	.LFB8:
 133              		.loc 1 78 0
 134              		.cfi_startproc
 135              		@ args = 4, pretend = 12, frame = 16
 136              		@ frame_needed = 0, uses_anonymous_args = 1
 137              	.LVL17:
 138 0000 0EB4     		push	{r1, r2, r3}
 139              	.LCFI1:
 140              		.cfi_def_cfa_offset 12
 141 0002 2DE9F04F 		push	{r4, r5, r6, r7, r8, r9, sl, fp, lr}
 142              	.LCFI2:
 143              		.cfi_def_cfa_offset 48
 144 0006 84B0     		sub	sp, sp, #16
 145              	.LCFI3:
 146              		.cfi_def_cfa_offset 64
 147              		.loc 1 78 0
 148 0008 0DAB     		add	r3, sp, #52
 149              		.cfi_offset 14, -16
 150              		.cfi_offset 11, -20
 151              		.cfi_offset 10, -24
 152              		.cfi_offset 9, -28
 153              		.cfi_offset 8, -32
 154              		.cfi_offset 7, -36
 155              		.cfi_offset 6, -40
 156              		.cfi_offset 5, -44
 157              		.cfi_offset 4, -48
 158              		.cfi_offset 3, -4
 159              		.cfi_offset 2, -8
 160              		.cfi_offset 1, -12
 161              		.loc 1 152 0
 162 000a DFF894B3 		ldr	fp, .L110
 163              		.loc 1 78 0
 164 000e 53F8044B 		ldr	r4, [r3], #4
ARM GAS  /tmp/ccppw5SV.s 			page 4


 165 0012 0546     		mov	r5, r0
 166              		.loc 1 86 0
 167 0014 0393     		str	r3, [sp, #12]
 168              	.LVL18:
 169              	.L92:
 170              		.loc 1 88 0
 171 0016 2178     		ldrb	r1, [r4, #0]	@ zero_extendqisi2
 172              	.LVL19:
 173              		.loc 1 89 0
 174 0018 59B1     		cbz	r1, .L93
 175              	.LVL20:
 176              	.L101:
 177              		.loc 1 88 0
 178 001a 0134     		adds	r4, r4, #1
 179              		.loc 1 93 0
 180 001c 2529     		cmp	r1, #37
 181 001e 0DD0     		beq	.L17
 182              		.loc 1 94 0
 183 0020 2A68     		ldr	r2, [r5, #0]
 184 0022 2846     		mov	r0, r5
 185 0024 1369     		ldr	r3, [r2, #16]
 186 0026 4FF0FF32 		mov	r2, #-1
 187 002a 9847     		blx	r3
 188              	.LVL21:
 189              		.loc 1 88 0
 190 002c 2178     		ldrb	r1, [r4, #0]	@ zero_extendqisi2
 191              	.LVL22:
 192              		.loc 1 89 0
 193 002e 0029     		cmp	r1, #0
 194 0030 F3D1     		bne	.L101
 195              	.LVL23:
 196              	.L93:
 197              		.loc 1 214 0
 198 0032 04B0     		add	sp, sp, #16
 199 0034 BDE8F04F 		pop	{r4, r5, r6, r7, r8, r9, sl, fp, lr}
 200 0038 03B0     		add	sp, sp, #12
 201 003a 7047     		bx	lr
 202              	.L17:
 203              	.LVL24:
 204              		.loc 1 100 0
 205 003c 2378     		ldrb	r3, [r4, #0]	@ zero_extendqisi2
 206 003e 2D2B     		cmp	r3, #45
 207 0040 00F08981 		beq	.L102
 208              		.loc 1 99 0
 209 0044 0026     		movs	r6, #0
 210              	.LVL25:
 211              	.L19:
 212              		.loc 1 105 0
 213 0046 2E2B     		cmp	r3, #46
 214              	.LVL26:
 215              		.loc 1 106 0
 216 0048 08BF     		it	eq
 217 004a 14F8013F 		ldrbeq	r3, [r4, #1]!	@ zero_extendqisi2
 218              	.LVL27:
 219 004e 0398     		ldr	r0, [sp, #12]
 220              		.loc 1 107 0
 221 0050 0CBF     		ite	eq
ARM GAS  /tmp/ccppw5SV.s 			page 5


 222 0052 4FF03008 		moveq	r8, #48
 223              		.loc 1 104 0
 224 0056 4FF02008 		movne	r8, #32
 225              	.LVL28:
 226              		.loc 1 109 0
 227 005a 4FF0000A 		mov	sl, #0
 228              		.loc 1 78 0
 229 005e 611C     		adds	r1, r4, #1
 230 0060 07E0     		b	.L23
 231              	.LVL29:
 232              	.L103:
 233              		.loc 1 115 0
 234 0062 0278     		ldrb	r2, [r0, #0]	@ zero_extendqisi2
 235              	.LVL30:
 236 0064 0430     		adds	r0, r0, #4
 237              	.LVL31:
 238              	.L21:
 239              		.loc 1 118 0
 240 0066 0AEB8A0A 		add	sl, sl, sl, lsl #2
 241              	.LVL32:
 242 006a 11F8013B 		ldrb	r3, [r1], #1	@ zero_extendqisi2
 243              	.LVL33:
 244 006e 02EB4A0A 		add	sl, r2, sl, lsl #1
 245              	.LVL34:
 246              	.L23:
 247              		.loc 1 112 0
 248 0072 A3F13004 		sub	r4, r3, #48
 249 0076 E2B2     		uxtb	r2, r4
 250 0078 092A     		cmp	r2, #9
 251              		.loc 1 106 0
 252 007a 0C46     		mov	r4, r1
 253              	.LVL35:
 254              		.loc 1 112 0
 255 007c F3D9     		bls	.L21
 256              		.loc 1 114 0
 257 007e 2A2B     		cmp	r3, #42
 258 0080 EFD0     		beq	.L103
 259              		.loc 1 121 0
 260 0082 2E2B     		cmp	r3, #46
 261              		.loc 1 119 0
 262 0084 0390     		str	r0, [sp, #12]
 263              	.LVL36:
 264              		.loc 1 121 0
 265 0086 00F05081 		beq	.L104
 266              		.loc 1 120 0
 267 008a 4FF0000C 		mov	ip, #0
 268              	.LVL37:
 269              	.L24:
 270              		.loc 1 135 0
 271 008e 6C2B     		cmp	r3, #108
 272 0090 00F04581 		beq	.L28
 273              		.loc 1 135 0 is_stmt 0 discriminator 1
 274 0094 4C2B     		cmp	r3, #76
 275 0096 00F04281 		beq	.L28
 276              		.loc 1 141 0 is_stmt 1
 277 009a A3F14100 		sub	r0, r3, #65
 278 009e C1B2     		uxtb	r1, r0
ARM GAS  /tmp/ccppw5SV.s 			page 6


 279              	.LVL38:
 280 00a0 1929     		cmp	r1, #25
 281 00a2 8CBF     		ite	hi
 282 00a4 0021     		movhi	r1, #0
 283 00a6 0121     		movls	r1, #1
 284              	.LVL39:
 285              	.L30:
 286              		.loc 1 144 0
 287 00a8 A3F14407 		sub	r7, r3, #68
 288 00ac 342F     		cmp	r7, #52
 289 00ae 00F21981 		bhi	.L31
 290 00b2 DFE817F0 		tbh	[pc, r7, lsl #1]
 291              	.L38:
 292 00b6 2401     		.2byte	(.L32-.L38)/2
 293 00b8 1701     		.2byte	(.L31-.L38)/2
 294 00ba 1701     		.2byte	(.L31-.L38)/2
 295 00bc 1701     		.2byte	(.L31-.L38)/2
 296 00be 1701     		.2byte	(.L31-.L38)/2
 297 00c0 1701     		.2byte	(.L31-.L38)/2
 298 00c2 1701     		.2byte	(.L31-.L38)/2
 299 00c4 1701     		.2byte	(.L31-.L38)/2
 300 00c6 1701     		.2byte	(.L31-.L38)/2
 301 00c8 1701     		.2byte	(.L31-.L38)/2
 302 00ca 1701     		.2byte	(.L31-.L38)/2
 303 00cc 1C01     		.2byte	(.L33-.L38)/2
 304 00ce 1701     		.2byte	(.L31-.L38)/2
 305 00d0 1701     		.2byte	(.L31-.L38)/2
 306 00d2 1701     		.2byte	(.L31-.L38)/2
 307 00d4 1701     		.2byte	(.L31-.L38)/2
 308 00d6 1701     		.2byte	(.L31-.L38)/2
 309 00d8 3201     		.2byte	(.L58-.L38)/2
 310 00da 1701     		.2byte	(.L31-.L38)/2
 311 00dc 1701     		.2byte	(.L31-.L38)/2
 312 00de 0C01     		.2byte	(.L35-.L38)/2
 313 00e0 1701     		.2byte	(.L31-.L38)/2
 314 00e2 1701     		.2byte	(.L31-.L38)/2
 315 00e4 1701     		.2byte	(.L31-.L38)/2
 316 00e6 1701     		.2byte	(.L31-.L38)/2
 317 00e8 1701     		.2byte	(.L31-.L38)/2
 318 00ea 1701     		.2byte	(.L31-.L38)/2
 319 00ec 1701     		.2byte	(.L31-.L38)/2
 320 00ee 1701     		.2byte	(.L31-.L38)/2
 321 00f0 1701     		.2byte	(.L31-.L38)/2
 322 00f2 1701     		.2byte	(.L31-.L38)/2
 323 00f4 C300     		.2byte	(.L36-.L38)/2
 324 00f6 2401     		.2byte	(.L32-.L38)/2
 325 00f8 1701     		.2byte	(.L31-.L38)/2
 326 00fa 1701     		.2byte	(.L31-.L38)/2
 327 00fc 1701     		.2byte	(.L31-.L38)/2
 328 00fe 1701     		.2byte	(.L31-.L38)/2
 329 0100 1701     		.2byte	(.L31-.L38)/2
 330 0102 1701     		.2byte	(.L31-.L38)/2
 331 0104 1701     		.2byte	(.L31-.L38)/2
 332 0106 1701     		.2byte	(.L31-.L38)/2
 333 0108 1701     		.2byte	(.L31-.L38)/2
 334 010a 1701     		.2byte	(.L31-.L38)/2
 335 010c 1C01     		.2byte	(.L33-.L38)/2
ARM GAS  /tmp/ccppw5SV.s 			page 7


 336 010e 1701     		.2byte	(.L31-.L38)/2
 337 0110 1701     		.2byte	(.L31-.L38)/2
 338 0112 1701     		.2byte	(.L31-.L38)/2
 339 0114 3500     		.2byte	(.L37-.L38)/2
 340 0116 1701     		.2byte	(.L31-.L38)/2
 341 0118 3201     		.2byte	(.L58-.L38)/2
 342 011a 1701     		.2byte	(.L31-.L38)/2
 343 011c 1701     		.2byte	(.L31-.L38)/2
 344 011e 0C01     		.2byte	(.L35-.L38)/2
 345              	.L37:
 346              	.LVL40:
 347              		.loc 1 151 0
 348 0120 039B     		ldr	r3, [sp, #12]
 349              	.LVL41:
 350 0122 1F68     		ldr	r7, [r3, #0]
 351              	.LVL42:
 352 0124 1A1D     		adds	r2, r3, #4
 353              		.loc 1 152 0
 354 0126 002F     		cmp	r7, #0
 355 0128 08BF     		it	eq
 356 012a 5F46     		moveq	r7, fp
 357              	.LVL43:
 358              		.loc 1 151 0
 359 012c 0392     		str	r2, [sp, #12]
 360              		.loc 1 155 0
 361 012e 3878     		ldrb	r0, [r7, #0]	@ zero_extendqisi2
 362              		.loc 1 154 0
 363 0130 47F6FF78 		movw	r8, #32767
 364 0134 BCF1000F 		cmp	ip, #0
 365 0138 08BF     		it	eq
 366 013a C446     		moveq	ip, r8
 367              	.LVL44:
 368              		.loc 1 155 0
 369 013c 0028     		cmp	r0, #0
 370 013e 00F02B81 		beq	.L61
 371              		.loc 1 78 0
 372 0142 781C     		adds	r0, r7, #1
 373 0144 C143     		mvns	r1, r0
 374              	.LVL45:
 375 0146 8444     		add	ip, r0, ip
 376              		.loc 1 155 0
 377 0148 7A78     		ldrb	r2, [r7, #1]	@ zero_extendqisi2
 378 014a 01EB0C09 		add	r9, r1, ip
 379              	.LVL46:
 380 014e 09F00101 		and	r1, r9, #1
 381 0152 431C     		adds	r3, r0, #1
 382 0154 92B1     		cbz	r2, .L62
 383 0156 6345     		cmp	r3, ip
 384 0158 10D0     		beq	.L62
 385 015a 21B1     		cbz	r1, .L42
 386              		.loc 1 78 0
 387 015c 1846     		mov	r0, r3
 388              	.LVL47:
 389              		.loc 1 155 0
 390 015e 13F8012B 		ldrb	r2, [r3], #1	@ zero_extendqisi2
 391 0162 4AB9     		cbnz	r2, .L95
 392 0164 0AE0     		b	.L62
ARM GAS  /tmp/ccppw5SV.s 			page 8


 393              	.L42:
 394              		.loc 1 155 0 is_stmt 0 discriminator 1
 395 0166 1A46     		mov	r2, r3
 396              		.loc 1 78 0 is_stmt 1 discriminator 1
 397 0168 1846     		mov	r0, r3
 398              		.loc 1 155 0 discriminator 1
 399 016a 12F8011B 		ldrb	r1, [r2], #1	@ zero_extendqisi2
 400 016e 29B1     		cbz	r1, .L62
 401              		.loc 1 155 0 is_stmt 0 discriminator 2
 402 0170 5978     		ldrb	r1, [r3, #1]	@ zero_extendqisi2
 403              		.loc 1 78 0 is_stmt 1 discriminator 2
 404 0172 1046     		mov	r0, r2
 405              		.loc 1 155 0 discriminator 2
 406 0174 531C     		adds	r3, r2, #1
 407 0176 09B1     		cbz	r1, .L62
 408              	.L95:
 409              		.loc 1 155 0 is_stmt 0
 410 0178 6345     		cmp	r3, ip
 411 017a F4D1     		bne	.L42
 412              	.L62:
 413              		.loc 1 192 0 is_stmt 1
 414 017c C7EB0009 		rsb	r9, r7, r0
 415              		.loc 1 193 0
 416 0180 C9EB0A0A 		rsb	sl, r9, sl
 417              	.LVL48:
 418              		.loc 1 150 0
 419 0184 4FF02008 		mov	r8, #32
 420              	.LVL49:
 421              		.loc 1 193 0
 422 0188 2AEAEA7A 		bic	sl, sl, sl, asr #31
 423              	.LVL50:
 424              		.loc 1 195 0
 425 018c 002E     		cmp	r6, #0
 426 018e 67D0     		beq	.L105
 427              	.LVL51:
 428              	.L48:
 429              		.loc 1 206 0 discriminator 1
 430 0190 B9F1000F 		cmp	r9, #0
 431 0194 28DD     		ble	.L51
 432              	.LVL52:
 433              		.loc 1 207 0
 434 0196 3E46     		mov	r6, r7
 435 0198 2A68     		ldr	r2, [r5, #0]
 436 019a 16F8011B 		ldrb	r1, [r6], #1	@ zero_extendqisi2
 437 019e 1369     		ldr	r3, [r2, #16]
 438              		.loc 1 78 0
 439 01a0 B944     		add	r9, r7, r9
 440              	.LVL53:
 441 01a2 FF43     		mvns	r7, r7
 442 01a4 09EB070C 		add	ip, r9, r7
 443              		.loc 1 207 0
 444 01a8 2846     		mov	r0, r5
 445 01aa 4FF0FF32 		mov	r2, #-1
 446 01ae 0CF00107 		and	r7, ip, #1
 447 01b2 9847     		blx	r3
 448              	.LVL54:
 449              		.loc 1 206 0
ARM GAS  /tmp/ccppw5SV.s 			page 9


 450 01b4 4E45     		cmp	r6, r9
 451 01b6 17D0     		beq	.L51
 452 01b8 1FB1     		cbz	r7, .L52
 453              		.loc 1 207 0
 454 01ba 2B68     		ldr	r3, [r5, #0]
 455 01bc 16F8011B 		ldrb	r1, [r6], #1	@ zero_extendqisi2
 456 01c0 0BE0     		b	.L100
 457              	.L52:
 458 01c2 2868     		ldr	r0, [r5, #0]
 459 01c4 3746     		mov	r7, r6
 460 01c6 0369     		ldr	r3, [r0, #16]
 461 01c8 17F8011B 		ldrb	r1, [r7], #1	@ zero_extendqisi2
 462 01cc 4FF0FF32 		mov	r2, #-1
 463 01d0 2846     		mov	r0, r5
 464 01d2 9847     		blx	r3
 465 01d4 2B68     		ldr	r3, [r5, #0]
 466 01d6 7178     		ldrb	r1, [r6, #1]	@ zero_extendqisi2
 467 01d8 7E1C     		adds	r6, r7, #1
 468              	.L100:
 469 01da 1B69     		ldr	r3, [r3, #16]
 470 01dc 2846     		mov	r0, r5
 471 01de 4FF0FF32 		mov	r2, #-1
 472 01e2 9847     		blx	r3
 473              		.loc 1 206 0
 474 01e4 4E45     		cmp	r6, r9
 475 01e6 ECD1     		bne	.L52
 476              	.L51:
 477              	.LVL55:
 478              		.loc 1 209 0 discriminator 1
 479 01e8 BAF1000F 		cmp	sl, #0
 480 01ec 3FF413AF 		beq	.L92
 481              		.loc 1 210 0
 482 01f0 2E68     		ldr	r6, [r5, #0]
 483 01f2 0AF1FF3E 		add	lr, sl, #-1
 484 01f6 3369     		ldr	r3, [r6, #16]
 485 01f8 2846     		mov	r0, r5
 486              		.loc 1 209 0
 487 01fa 7646     		mov	r6, lr
 488              		.loc 1 210 0
 489 01fc 4146     		mov	r1, r8
 490 01fe 4FF0FF32 		mov	r2, #-1
 491 0202 0EF00107 		and	r7, lr, #1
 492 0206 9847     		blx	r3
 493              	.LVL56:
 494              		.loc 1 209 0
 495 0208 002E     		cmp	r6, #0
 496 020a 3FF404AF 		beq	.L92
 497 020e 1FB1     		cbz	r7, .L65
 498              		.loc 1 210 0
 499 0210 2A68     		ldr	r2, [r5, #0]
 500 0212 2846     		mov	r0, r5
 501 0214 1369     		ldr	r3, [r2, #16]
 502 0216 0AE0     		b	.L98
 503              	.L65:
 504 0218 2868     		ldr	r0, [r5, #0]
 505 021a 4146     		mov	r1, r8
 506 021c 0369     		ldr	r3, [r0, #16]
ARM GAS  /tmp/ccppw5SV.s 			page 10


 507 021e 4FF0FF32 		mov	r2, #-1
 508 0222 2846     		mov	r0, r5
 509 0224 9847     		blx	r3
 510 0226 2968     		ldr	r1, [r5, #0]
 511 0228 0B69     		ldr	r3, [r1, #16]
 512              		.loc 1 211 0
 513 022a 013E     		subs	r6, r6, #1
 514              		.loc 1 210 0
 515 022c 2846     		mov	r0, r5
 516              	.L98:
 517 022e 4146     		mov	r1, r8
 518 0230 4FF0FF32 		mov	r2, #-1
 519 0234 9847     		blx	r3
 520              		.loc 1 209 0
 521 0236 013E     		subs	r6, r6, #1
 522 0238 EED1     		bne	.L65
 523 023a ECE6     		b	.L92
 524              	.LVL57:
 525              	.L36:
 526              		.loc 1 147 0
 527 023c 0399     		ldr	r1, [sp, #12]
 528              	.LVL58:
 529 023e 0A68     		ldr	r2, [r1, #0]
 530 0240 0B1D     		adds	r3, r1, #4
 531              	.LVL59:
 532              		.loc 1 98 0
 533 0242 00AF     		add	r7, sp, #0
 534              	.LVL60:
 535              		.loc 1 147 0
 536 0244 0393     		str	r3, [sp, #12]
 537 0246 8DF80020 		strb	r2, [sp, #0]
 538              	.LVL61:
 539              		.loc 1 146 0
 540 024a 4FF02008 		mov	r8, #32
 541              		.loc 1 147 0
 542 024e 781C     		adds	r0, r7, #1
 543              	.LVL62:
 544              	.L39:
 545              		.loc 1 192 0
 546 0250 C7EB0009 		rsb	r9, r7, r0
 547              	.LVL63:
 548              		.loc 1 193 0
 549 0254 C9EB0A0A 		rsb	sl, r9, sl
 550              	.LVL64:
 551 0258 2AEAEA7A 		bic	sl, sl, sl, asr #31
 552              	.LVL65:
 553              		.loc 1 195 0
 554 025c 002E     		cmp	r6, #0
 555 025e 97D1     		bne	.L48
 556              	.LVL66:
 557              	.L105:
 558              		.loc 1 196 0
 559 0260 CAF1000A 		rsb	sl, sl, #0
 560              	.LVL67:
 561              		.loc 1 197 0
 562 0264 BAF1000F 		cmp	sl, #0
 563 0268 92D0     		beq	.L48
ARM GAS  /tmp/ccppw5SV.s 			page 11


 564              		.loc 1 198 0
 565 026a 3978     		ldrb	r1, [r7, #0]	@ zero_extendqisi2
 566 026c 2D29     		cmp	r1, #45
 567 026e 00F08580 		beq	.L106
 568              	.LVL68:
 569              	.L50:
 570              		.loc 1 203 0 discriminator 1
 571 0272 2968     		ldr	r1, [r5, #0]
 572 0274 6FEA0A0E 		mvn	lr, sl
 573 0278 0B69     		ldr	r3, [r1, #16]
 574 027a 2846     		mov	r0, r5
 575 027c 4146     		mov	r1, r8
 576 027e 4FF0FF32 		mov	r2, #-1
 577 0282 0EF00106 		and	r6, lr, #1
 578              	.LVL69:
 579 0286 9847     		blx	r3
 580              	.LVL70:
 581              		.loc 1 204 0 discriminator 1
 582 0288 1AF1010A 		adds	sl, sl, #1
 583              	.LVL71:
 584 028c 80D0     		beq	.L48
 585 028e 56B1     		cbz	r6, .L66
 586              		.loc 1 203 0
 587 0290 2968     		ldr	r1, [r5, #0]
 588 0292 2846     		mov	r0, r5
 589 0294 0B69     		ldr	r3, [r1, #16]
 590 0296 4FF0FF32 		mov	r2, #-1
 591 029a 4146     		mov	r1, r8
 592 029c 9847     		blx	r3
 593              	.LVL72:
 594              		.loc 1 204 0
 595 029e 1AF1010A 		adds	sl, sl, #1
 596              	.LVL73:
 597 02a2 3FF475AF 		beq	.L48
 598              	.L66:
 599              		.loc 1 203 0 discriminator 1
 600 02a6 2868     		ldr	r0, [r5, #0]
 601 02a8 4146     		mov	r1, r8
 602 02aa 0369     		ldr	r3, [r0, #16]
 603 02ac 4FF0FF32 		mov	r2, #-1
 604 02b0 2846     		mov	r0, r5
 605 02b2 9847     		blx	r3
 606 02b4 2868     		ldr	r0, [r5, #0]
 607              		.loc 1 204 0 discriminator 1
 608 02b6 0AF1010A 		add	sl, sl, #1
 609              	.LVL74:
 610              		.loc 1 203 0 discriminator 1
 611 02ba 0369     		ldr	r3, [r0, #16]
 612 02bc 4146     		mov	r1, r8
 613 02be 2846     		mov	r0, r5
 614 02c0 4FF0FF32 		mov	r2, #-1
 615 02c4 9847     		blx	r3
 616              	.LVL75:
 617              		.loc 1 204 0 discriminator 1
 618 02c6 1AF1010A 		adds	sl, sl, #1
 619              	.LVL76:
 620 02ca ECD1     		bne	.L66
ARM GAS  /tmp/ccppw5SV.s 			page 12


 621 02cc 60E7     		b	.L48
 622              	.LVL77:
 623              	.L35:
 624              		.loc 1 144 0
 625 02ce 1022     		movs	r2, #16
 626              	.L34:
 627              	.LVL78:
 628              		.loc 1 182 0
 629 02d0 81B1     		cbz	r1, .L46
 630              	.L107:
 631              		.loc 1 183 0
 632 02d2 039B     		ldr	r3, [sp, #12]
 633 02d4 191D     		adds	r1, r3, #4
 634              	.LVL79:
 635 02d6 0391     		str	r1, [sp, #12]
 636 02d8 1968     		ldr	r1, [r3, #0]
 637              	.LVL80:
 638              	.L47:
 639              		.loc 1 186 0
 640 02da 6846     		mov	r0, sp
 641 02dc FFF7FEFF 		bl	ltoa
 642              	.LVL81:
 643              		.loc 1 98 0
 644 02e0 6F46     		mov	r7, sp
 645              		.loc 1 187 0
 646 02e2 B5E7     		b	.L39
 647              	.LVL82:
 648              	.L31:
 649              		.loc 1 98 0
 650 02e4 00AF     		add	r7, sp, #0
 651              		.loc 1 189 0
 652 02e6 8DF80030 		strb	r3, [sp, #0]
 653              	.LVL83:
 654 02ea 781C     		adds	r0, r7, #1
 655              		.loc 1 190 0
 656 02ec B0E7     		b	.L39
 657              	.LVL84:
 658              	.L33:
 659 02ee 0822     		movs	r2, #8
 660              	.LVL85:
 661              		.loc 1 182 0
 662 02f0 0029     		cmp	r1, #0
 663 02f2 EED1     		bne	.L107
 664              	.L46:
 665              		.loc 1 185 0
 666 02f4 0398     		ldr	r0, [sp, #12]
 667 02f6 071D     		adds	r7, r0, #4
 668 02f8 0168     		ldr	r1, [r0, #0]
 669              	.LVL86:
 670 02fa 0397     		str	r7, [sp, #12]
 671              	.LVL87:
 672 02fc EDE7     		b	.L47
 673              	.LVL88:
 674              	.L32:
 675              		.loc 1 160 0
 676 02fe 0029     		cmp	r1, #0
 677 0300 2FD1     		bne	.L108
ARM GAS  /tmp/ccppw5SV.s 			page 13


 678              		.loc 1 163 0
 679 0302 039B     		ldr	r3, [sp, #12]
 680              	.LVL89:
 681 0304 1968     		ldr	r1, [r3, #0]
 682              	.LVL90:
 683 0306 1A1D     		adds	r2, r3, #4
 684              		.loc 1 164 0
 685 0308 0029     		cmp	r1, #0
 686              		.loc 1 163 0
 687 030a 0392     		str	r2, [sp, #12]
 688              	.LVL91:
 689              		.loc 1 164 0
 690 030c 2FDB     		blt	.L109
 691              	.LVL92:
 692              	.L63:
 693              		.loc 1 97 0
 694 030e 6846     		mov	r0, sp
 695              	.LVL93:
 696              	.L45:
 697              		.loc 1 168 0
 698 0310 0A22     		movs	r2, #10
 699 0312 FFF7FEFF 		bl	ltoa
 700              	.LVL94:
 701              		.loc 1 98 0
 702 0316 6F46     		mov	r7, sp
 703              		.loc 1 169 0
 704 0318 9AE7     		b	.L39
 705              	.LVL95:
 706              	.L58:
 707              		.loc 1 144 0
 708 031a 0A22     		movs	r2, #10
 709 031c D8E7     		b	.L34
 710              	.LVL96:
 711              	.L28:
 712              		.loc 1 137 0
 713 031e 2278     		ldrb	r2, [r4, #0]	@ zero_extendqisi2
 714 0320 EAB1     		cbz	r2, .L57
 715              	.LVL97:
 716              		.loc 1 138 0
 717 0322 0134     		adds	r4, r4, #1
 718              	.LVL98:
 719 0324 1346     		mov	r3, r2
 720              		.loc 1 136 0
 721 0326 0121     		movs	r1, #1
 722 0328 BEE6     		b	.L30
 723              	.LVL99:
 724              	.L104:
 725              		.loc 1 121 0
 726 032a 4FF0000C 		mov	ip, #0
 727 032e 05E0     		b	.L27
 728              	.LVL100:
 729              	.L26:
 730              		.loc 1 127 0
 731 0330 0278     		ldrb	r2, [r0, #0]	@ zero_extendqisi2
 732              	.LVL101:
 733 0332 0430     		adds	r0, r0, #4
 734              	.LVL102:
ARM GAS  /tmp/ccppw5SV.s 			page 14


 735              	.L25:
 736              		.loc 1 130 0
 737 0334 0CEB8C0C 		add	ip, ip, ip, lsl #2
 738              	.LVL103:
 739              		.loc 1 131 0
 740 0338 02EB4C0C 		add	ip, r2, ip, lsl #1
 741              	.LVL104:
 742              	.L27:
 743              		.loc 1 123 0
 744 033c 0C46     		mov	r4, r1
 745 033e 14F8013B 		ldrb	r3, [r4], #1	@ zero_extendqisi2
 746              	.LVL105:
 747              		.loc 1 124 0
 748 0342 A3F13001 		sub	r1, r3, #48
 749 0346 CAB2     		uxtb	r2, r1
 750 0348 092A     		cmp	r2, #9
 751              		.loc 1 123 0
 752 034a 2146     		mov	r1, r4
 753              	.LVL106:
 754              		.loc 1 124 0
 755 034c F2D9     		bls	.L25
 756              		.loc 1 126 0
 757 034e 2A2B     		cmp	r3, #42
 758 0350 EED0     		beq	.L26
 759 0352 0390     		str	r0, [sp, #12]
 760 0354 9BE6     		b	.L24
 761              	.LVL107:
 762              	.L102:
 763              		.loc 1 101 0
 764 0356 14F8013F 		ldrb	r3, [r4, #1]!	@ zero_extendqisi2
 765              	.LVL108:
 766              		.loc 1 102 0
 767 035a 0126     		movs	r6, #1
 768 035c 73E6     		b	.L19
 769              	.LVL109:
 770              	.L57:
 771              		.loc 1 136 0
 772 035e 0121     		movs	r1, #1
 773              	.LVL110:
 774 0360 A2E6     		b	.L30
 775              	.LVL111:
 776              	.L108:
 777              		.loc 1 161 0
 778 0362 039F     		ldr	r7, [sp, #12]
 779 0364 3968     		ldr	r1, [r7, #0]
 780              	.LVL112:
 781 0366 381D     		adds	r0, r7, #4
 782              		.loc 1 164 0
 783 0368 0029     		cmp	r1, #0
 784              		.loc 1 161 0
 785 036a 0390     		str	r0, [sp, #12]
 786              		.loc 1 164 0
 787 036c CFDA     		bge	.L63
 788              	.LVL113:
 789              	.L109:
 790              		.loc 1 165 0
 791 036e 2D20     		movs	r0, #45
ARM GAS  /tmp/ccppw5SV.s 			page 15


 792 0370 00AF     		add	r7, sp, #0
 793 0372 8DF80000 		strb	r0, [sp, #0]
 794              	.LVL114:
 795              		.loc 1 166 0
 796 0376 4942     		negs	r1, r1
 797              	.LVL115:
 798              		.loc 1 165 0
 799 0378 781C     		adds	r0, r7, #1
 800 037a C9E7     		b	.L45
 801              	.LVL116:
 802              	.L106:
 803              		.loc 1 198 0 discriminator 1
 804 037c B8F1300F 		cmp	r8, #48
 805 0380 7FF477AF 		bne	.L50
 806              		.loc 1 199 0
 807 0384 2A68     		ldr	r2, [r5, #0]
 808 0386 2846     		mov	r0, r5
 809              	.LVL117:
 810 0388 1669     		ldr	r6, [r2, #16]
 811              	.LVL118:
 812 038a 4FF0FF32 		mov	r2, #-1
 813 038e B047     		blx	r6
 814 0390 0137     		adds	r7, r7, #1
 815              	.LVL119:
 816              		.loc 1 200 0
 817 0392 09F1FF39 		add	r9, r9, #-1
 818              	.LVL120:
 819 0396 6CE7     		b	.L50
 820              	.LVL121:
 821              	.L61:
 822              		.loc 1 155 0
 823 0398 3846     		mov	r0, r7
 824              		.loc 1 150 0
 825 039a 4FF02008 		mov	r8, #32
 826 039e 57E7     		b	.L39
 827              	.L111:
 828              		.align	2
 829              	.L110:
 830 03a0 00000000 		.word	.LC0
 831              		.cfi_endproc
 832              	.LFE8:
 833              		.size	chprintf, .-chprintf
 834 03a4 AFF30080 		.section	.rodata.str1.4,"aMS",%progbits,1
 834      AFF30080 
 834      AFF30080 
 835              		.align	2
 836              	.LC0:
 837 0000 286E756C 		.ascii	"(null)\000"
 837      6C2900
 838 0007 00       		.text
 839              	.Letext0:
 840              		.section	.debug_loc,"",%progbits
 841              	.Ldebug_loc0:
 842              	.LLST0:
 843 0000 00000000 		.4byte	.LFB7
 844 0004 02000000 		.4byte	.LCFI0
 845 0008 0200     		.2byte	0x2
ARM GAS  /tmp/ccppw5SV.s 			page 16


 846 000a 7D       		.byte	0x7d
 847 000b 00       		.sleb128 0
 848 000c 02000000 		.4byte	.LCFI0
 849 0010 62000000 		.4byte	.LFE7
 850 0014 0200     		.2byte	0x2
 851 0016 7D       		.byte	0x7d
 852 0017 0C       		.sleb128 12
 853 0018 00000000 		.4byte	0x0
 854 001c 00000000 		.4byte	0x0
 855              	.LLST1:
 856 0020 00000000 		.4byte	.LVL0
 857 0024 34000000 		.4byte	.LVL10
 858 0028 0100     		.2byte	0x1
 859 002a 50       		.byte	0x50
 860 002b 34000000 		.4byte	.LVL10
 861 002f 3E000000 		.4byte	.LVL12
 862 0033 0100     		.2byte	0x1
 863 0035 54       		.byte	0x54
 864 0036 42000000 		.4byte	.LVL13
 865 003a 48000000 		.4byte	.LVL14
 866 003e 0100     		.2byte	0x1
 867 0040 54       		.byte	0x54
 868 0041 54000000 		.4byte	.LVL15
 869 0045 5A000000 		.4byte	.LVL16
 870 0049 0100     		.2byte	0x1
 871 004b 54       		.byte	0x54
 872 004c 00000000 		.4byte	0x0
 873 0050 00000000 		.4byte	0x0
 874              	.LLST2:
 875 0054 00000000 		.4byte	.LVL0
 876 0058 12000000 		.4byte	.LVL3
 877 005c 0100     		.2byte	0x1
 878 005e 51       		.byte	0x51
 879 005f 22000000 		.4byte	.LVL6
 880 0063 3C000000 		.4byte	.LVL11
 881 0067 0100     		.2byte	0x1
 882 0069 51       		.byte	0x51
 883 006a 00000000 		.4byte	0x0
 884 006e 00000000 		.4byte	0x0
 885              	.LLST3:
 886 0072 00000000 		.4byte	.LVL0
 887 0076 32000000 		.4byte	.LVL9
 888 007a 0100     		.2byte	0x1
 889 007c 52       		.byte	0x52
 890 007d 00000000 		.4byte	0x0
 891 0081 00000000 		.4byte	0x0
 892              	.LLST4:
 893 0085 12000000 		.4byte	.LVL3
 894 0089 16000000 		.4byte	.LVL4
 895 008d 0100     		.2byte	0x1
 896 008f 51       		.byte	0x51
 897 0090 16000000 		.4byte	.LVL4
 898 0094 1E000000 		.4byte	.LVL5
 899 0098 0100     		.2byte	0x1
 900 009a 53       		.byte	0x53
 901 009b 1E000000 		.4byte	.LVL5
 902 009f 2A000000 		.4byte	.LVL8
ARM GAS  /tmp/ccppw5SV.s 			page 17


 903 00a3 0100     		.2byte	0x1
 904 00a5 53       		.byte	0x53
 905 00a6 2A000000 		.4byte	.LVL8
 906 00aa 3E000000 		.4byte	.LVL12
 907 00ae 0600     		.2byte	0x6
 908 00b0 76       		.byte	0x76
 909 00b1 00       		.sleb128 0
 910 00b2 75       		.byte	0x75
 911 00b3 00       		.sleb128 0
 912 00b4 1C       		.byte	0x1c
 913 00b5 9F       		.byte	0x9f
 914 00b6 00000000 		.4byte	0x0
 915 00ba 00000000 		.4byte	0x0
 916              	.LLST5:
 917 00be 06000000 		.4byte	.LVL1
 918 00c2 0A000000 		.4byte	.LVL2
 919 00c6 0100     		.2byte	0x1
 920 00c8 56       		.byte	0x56
 921 00c9 22000000 		.4byte	.LVL6
 922 00cd 26000000 		.4byte	.LVL7
 923 00d1 0100     		.2byte	0x1
 924 00d3 54       		.byte	0x54
 925 00d4 26000000 		.4byte	.LVL7
 926 00d8 3E000000 		.4byte	.LVL12
 927 00dc 0100     		.2byte	0x1
 928 00de 55       		.byte	0x55
 929 00df 00000000 		.4byte	0x0
 930 00e3 00000000 		.4byte	0x0
 931              	.LLST6:
 932 00e7 00000000 		.4byte	.LFB8
 933 00eb 02000000 		.4byte	.LCFI1
 934 00ef 0200     		.2byte	0x2
 935 00f1 7D       		.byte	0x7d
 936 00f2 00       		.sleb128 0
 937 00f3 02000000 		.4byte	.LCFI1
 938 00f7 06000000 		.4byte	.LCFI2
 939 00fb 0200     		.2byte	0x2
 940 00fd 7D       		.byte	0x7d
 941 00fe 0C       		.sleb128 12
 942 00ff 06000000 		.4byte	.LCFI2
 943 0103 08000000 		.4byte	.LCFI3
 944 0107 0200     		.2byte	0x2
 945 0109 7D       		.byte	0x7d
 946 010a 30       		.sleb128 48
 947 010b 08000000 		.4byte	.LCFI3
 948 010f A4030000 		.4byte	.LFE8
 949 0113 0300     		.2byte	0x3
 950 0115 7D       		.byte	0x7d
 951 0116 C000     		.sleb128 64
 952 0118 00000000 		.4byte	0x0
 953 011c 00000000 		.4byte	0x0
 954              	.LLST7:
 955 0120 00000000 		.4byte	.LVL17
 956 0124 16000000 		.4byte	.LVL18
 957 0128 0100     		.2byte	0x1
 958 012a 50       		.byte	0x50
 959 012b 16000000 		.4byte	.LVL18
ARM GAS  /tmp/ccppw5SV.s 			page 18


 960 012f A4030000 		.4byte	.LFE8
 961 0133 0100     		.2byte	0x1
 962 0135 55       		.byte	0x55
 963 0136 00000000 		.4byte	0x0
 964 013a 00000000 		.4byte	0x0
 965              	.LLST8:
 966 013e 00000000 		.4byte	.LVL17
 967 0142 16000000 		.4byte	.LVL18
 968 0146 0200     		.2byte	0x2
 969 0148 91       		.byte	0x91
 970 0149 74       		.sleb128 -12
 971 014a 16000000 		.4byte	.LVL18
 972 014e 18000000 		.4byte	.LVL19
 973 0152 0100     		.2byte	0x1
 974 0154 54       		.byte	0x54
 975 0155 18000000 		.4byte	.LVL19
 976 0159 1A000000 		.4byte	.LVL20
 977 015d 0300     		.2byte	0x3
 978 015f 74       		.byte	0x74
 979 0160 01       		.sleb128 1
 980 0161 9F       		.byte	0x9f
 981 0162 2C000000 		.4byte	.LVL21
 982 0166 2E000000 		.4byte	.LVL22
 983 016a 0100     		.2byte	0x1
 984 016c 54       		.byte	0x54
 985 016d 2E000000 		.4byte	.LVL22
 986 0171 32000000 		.4byte	.LVL23
 987 0175 0300     		.2byte	0x3
 988 0177 74       		.byte	0x74
 989 0178 01       		.sleb128 1
 990 0179 9F       		.byte	0x9f
 991 017a 46000000 		.4byte	.LVL25
 992 017e 4E000000 		.4byte	.LVL27
 993 0182 0100     		.2byte	0x1
 994 0184 54       		.byte	0x54
 995 0185 5A000000 		.4byte	.LVL28
 996 0189 62000000 		.4byte	.LVL29
 997 018d 0100     		.2byte	0x1
 998 018f 54       		.byte	0x54
 999 0190 62000000 		.4byte	.LVL29
 1000 0194 6E000000 		.4byte	.LVL33
 1001 0198 0100     		.2byte	0x1
 1002 019a 51       		.byte	0x51
 1003 019b 6E000000 		.4byte	.LVL33
 1004 019f 72000000 		.4byte	.LVL34
 1005 01a3 0100     		.2byte	0x1
 1006 01a5 54       		.byte	0x54
 1007 01a6 7C000000 		.4byte	.LVL35
 1008 01aa A0000000 		.4byte	.LVL38
 1009 01ae 0100     		.2byte	0x1
 1010 01b0 51       		.byte	0x51
 1011 01b1 A0000000 		.4byte	.LVL38
 1012 01b5 1E030000 		.4byte	.LVL96
 1013 01b9 0100     		.2byte	0x1
 1014 01bb 54       		.byte	0x54
 1015 01bc 1E030000 		.4byte	.LVL96
 1016 01c0 24030000 		.4byte	.LVL98
ARM GAS  /tmp/ccppw5SV.s 			page 19


 1017 01c4 0100     		.2byte	0x1
 1018 01c6 51       		.byte	0x51
 1019 01c7 24030000 		.4byte	.LVL98
 1020 01cb 2A030000 		.4byte	.LVL99
 1021 01cf 0100     		.2byte	0x1
 1022 01d1 54       		.byte	0x54
 1023 01d2 2A030000 		.4byte	.LVL99
 1024 01d6 3C030000 		.4byte	.LVL104
 1025 01da 0100     		.2byte	0x1
 1026 01dc 51       		.byte	0x51
 1027 01dd 4C030000 		.4byte	.LVL106
 1028 01e1 56030000 		.4byte	.LVL107
 1029 01e5 0100     		.2byte	0x1
 1030 01e7 54       		.byte	0x54
 1031 01e8 56030000 		.4byte	.LVL107
 1032 01ec 5A030000 		.4byte	.LVL108
 1033 01f0 0100     		.2byte	0x1
 1034 01f2 54       		.byte	0x54
 1035 01f3 5A030000 		.4byte	.LVL108
 1036 01f7 5E030000 		.4byte	.LVL109
 1037 01fb 0300     		.2byte	0x3
 1038 01fd 74       		.byte	0x74
 1039 01fe 7F       		.sleb128 -1
 1040 01ff 9F       		.byte	0x9f
 1041 0200 5E030000 		.4byte	.LVL109
 1042 0204 60030000 		.4byte	.LVL110
 1043 0208 0100     		.2byte	0x1
 1044 020a 51       		.byte	0x51
 1045 020b 60030000 		.4byte	.LVL110
 1046 020f A4030000 		.4byte	.LFE8
 1047 0213 0100     		.2byte	0x1
 1048 0215 54       		.byte	0x54
 1049 0216 00000000 		.4byte	0x0
 1050 021a 00000000 		.4byte	0x0
 1051              	.LLST9:
 1052 021e 3C000000 		.4byte	.LVL24
 1053 0222 3C010000 		.4byte	.LVL44
 1054 0226 0100     		.2byte	0x1
 1055 0228 5D       		.byte	0x5d
 1056 0229 3C010000 		.4byte	.LVL44
 1057 022d 4E010000 		.4byte	.LVL46
 1058 0231 0100     		.2byte	0x1
 1059 0233 57       		.byte	0x57
 1060 0234 4E010000 		.4byte	.LVL46
 1061 0238 5E010000 		.4byte	.LVL47
 1062 023c 0100     		.2byte	0x1
 1063 023e 50       		.byte	0x50
 1064 023f 88010000 		.4byte	.LVL49
 1065 0243 90010000 		.4byte	.LVL51
 1066 0247 0100     		.2byte	0x1
 1067 0249 50       		.byte	0x50
 1068 024a 3C020000 		.4byte	.LVL57
 1069 024e 4A020000 		.4byte	.LVL61
 1070 0252 0100     		.2byte	0x1
 1071 0254 5D       		.byte	0x5d
 1072 0255 4A020000 		.4byte	.LVL61
 1073 0259 50020000 		.4byte	.LVL62
ARM GAS  /tmp/ccppw5SV.s 			page 20


 1074 025d 0400     		.2byte	0x4
 1075 025f 91       		.byte	0x91
 1076 0260 A97F     		.sleb128 -87
 1077 0262 9F       		.byte	0x9f
 1078 0263 50020000 		.4byte	.LVL62
 1079 0267 72020000 		.4byte	.LVL68
 1080 026b 0100     		.2byte	0x1
 1081 026d 50       		.byte	0x50
 1082 026e CE020000 		.4byte	.LVL77
 1083 0272 E0020000 		.4byte	.LVL81
 1084 0276 0100     		.2byte	0x1
 1085 0278 5D       		.byte	0x5d
 1086 0279 E0020000 		.4byte	.LVL81
 1087 027d E4020000 		.4byte	.LVL82
 1088 0281 0100     		.2byte	0x1
 1089 0283 50       		.byte	0x50
 1090 0284 E4020000 		.4byte	.LVL82
 1091 0288 EA020000 		.4byte	.LVL83
 1092 028c 0100     		.2byte	0x1
 1093 028e 5D       		.byte	0x5d
 1094 028f EA020000 		.4byte	.LVL83
 1095 0293 EE020000 		.4byte	.LVL84
 1096 0297 0400     		.2byte	0x4
 1097 0299 91       		.byte	0x91
 1098 029a A97F     		.sleb128 -87
 1099 029c 9F       		.byte	0x9f
 1100 029d EE020000 		.4byte	.LVL84
 1101 02a1 10030000 		.4byte	.LVL93
 1102 02a5 0100     		.2byte	0x1
 1103 02a7 5D       		.byte	0x5d
 1104 02a8 10030000 		.4byte	.LVL93
 1105 02ac 15030000 		.4byte	.LVL94-1
 1106 02b0 0100     		.2byte	0x1
 1107 02b2 50       		.byte	0x50
 1108 02b3 16030000 		.4byte	.LVL94
 1109 02b7 1A030000 		.4byte	.LVL95
 1110 02bb 0100     		.2byte	0x1
 1111 02bd 50       		.byte	0x50
 1112 02be 1A030000 		.4byte	.LVL95
 1113 02c2 76030000 		.4byte	.LVL114
 1114 02c6 0100     		.2byte	0x1
 1115 02c8 5D       		.byte	0x5d
 1116 02c9 76030000 		.4byte	.LVL114
 1117 02cd 7C030000 		.4byte	.LVL116
 1118 02d1 0400     		.2byte	0x4
 1119 02d3 91       		.byte	0x91
 1120 02d4 A97F     		.sleb128 -87
 1121 02d6 9F       		.byte	0x9f
 1122 02d7 7C030000 		.4byte	.LVL116
 1123 02db 88030000 		.4byte	.LVL117
 1124 02df 0100     		.2byte	0x1
 1125 02e1 50       		.byte	0x50
 1126 02e2 98030000 		.4byte	.LVL121
 1127 02e6 A4030000 		.4byte	.LFE8
 1128 02ea 0100     		.2byte	0x1
 1129 02ec 57       		.byte	0x57
 1130 02ed 00000000 		.4byte	0x0
ARM GAS  /tmp/ccppw5SV.s 			page 21


 1131 02f1 00000000 		.4byte	0x0
 1132              	.LLST10:
 1133 02f5 3C000000 		.4byte	.LVL24
 1134 02f9 24010000 		.4byte	.LVL42
 1135 02fd 0100     		.2byte	0x1
 1136 02ff 5D       		.byte	0x5d
 1137 0300 2C010000 		.4byte	.LVL43
 1138 0304 90010000 		.4byte	.LVL51
 1139 0308 0100     		.2byte	0x1
 1140 030a 57       		.byte	0x57
 1141 030b 90010000 		.4byte	.LVL51
 1142 030f 96010000 		.4byte	.LVL52
 1143 0313 0100     		.2byte	0x1
 1144 0315 57       		.byte	0x57
 1145 0316 3C020000 		.4byte	.LVL57
 1146 031a 50020000 		.4byte	.LVL62
 1147 031e 0100     		.2byte	0x1
 1148 0320 5D       		.byte	0x5d
 1149 0321 50020000 		.4byte	.LVL62
 1150 0325 86020000 		.4byte	.LVL69
 1151 0329 0100     		.2byte	0x1
 1152 032b 57       		.byte	0x57
 1153 032c CE020000 		.4byte	.LVL77
 1154 0330 7C030000 		.4byte	.LVL116
 1155 0334 0100     		.2byte	0x1
 1156 0336 5D       		.byte	0x5d
 1157 0337 7C030000 		.4byte	.LVL116
 1158 033b 92030000 		.4byte	.LVL119
 1159 033f 0100     		.2byte	0x1
 1160 0341 57       		.byte	0x57
 1161 0342 92030000 		.4byte	.LVL119
 1162 0346 A4030000 		.4byte	.LFE8
 1163 034a 0100     		.2byte	0x1
 1164 034c 57       		.byte	0x57
 1165 034d 00000000 		.4byte	0x0
 1166 0351 00000000 		.4byte	0x0
 1167              	.LLST11:
 1168 0355 18000000 		.4byte	.LVL19
 1169 0359 1A000000 		.4byte	.LVL20
 1170 035d 0100     		.2byte	0x1
 1171 035f 51       		.byte	0x51
 1172 0360 2E000000 		.4byte	.LVL22
 1173 0364 32000000 		.4byte	.LVL23
 1174 0368 0100     		.2byte	0x1
 1175 036a 51       		.byte	0x51
 1176 036b 62000000 		.4byte	.LVL29
 1177 036f 64000000 		.4byte	.LVL30
 1178 0373 0100     		.2byte	0x1
 1179 0375 53       		.byte	0x53
 1180 0376 64000000 		.4byte	.LVL30
 1181 037a 66000000 		.4byte	.LVL31
 1182 037e 0100     		.2byte	0x1
 1183 0380 52       		.byte	0x52
 1184 0381 66000000 		.4byte	.LVL31
 1185 0385 72000000 		.4byte	.LVL34
 1186 0389 0100     		.2byte	0x1
 1187 038b 52       		.byte	0x52
ARM GAS  /tmp/ccppw5SV.s 			page 22


 1188 038c 72000000 		.4byte	.LVL34
 1189 0390 8E000000 		.4byte	.LVL37
 1190 0394 0100     		.2byte	0x1
 1191 0396 53       		.byte	0x53
 1192 0397 8E000000 		.4byte	.LVL37
 1193 039b A8000000 		.4byte	.LVL39
 1194 039f 0100     		.2byte	0x1
 1195 03a1 53       		.byte	0x53
 1196 03a2 A8000000 		.4byte	.LVL39
 1197 03a6 22010000 		.4byte	.LVL41
 1198 03aa 0100     		.2byte	0x1
 1199 03ac 53       		.byte	0x53
 1200 03ad 3C020000 		.4byte	.LVL57
 1201 03b1 42020000 		.4byte	.LVL59
 1202 03b5 0100     		.2byte	0x1
 1203 03b7 53       		.byte	0x53
 1204 03b8 CE020000 		.4byte	.LVL77
 1205 03bc D0020000 		.4byte	.LVL78
 1206 03c0 0100     		.2byte	0x1
 1207 03c2 53       		.byte	0x53
 1208 03c3 E4020000 		.4byte	.LVL82
 1209 03c7 EE020000 		.4byte	.LVL84
 1210 03cb 0100     		.2byte	0x1
 1211 03cd 53       		.byte	0x53
 1212 03ce EE020000 		.4byte	.LVL84
 1213 03d2 F0020000 		.4byte	.LVL85
 1214 03d6 0200     		.2byte	0x2
 1215 03d8 38       		.byte	0x38
 1216 03d9 9F       		.byte	0x9f
 1217 03da FE020000 		.4byte	.LVL88
 1218 03de 04030000 		.4byte	.LVL89
 1219 03e2 0100     		.2byte	0x1
 1220 03e4 53       		.byte	0x53
 1221 03e5 1A030000 		.4byte	.LVL95
 1222 03e9 22030000 		.4byte	.LVL97
 1223 03ed 0100     		.2byte	0x1
 1224 03ef 53       		.byte	0x53
 1225 03f0 22030000 		.4byte	.LVL97
 1226 03f4 2A030000 		.4byte	.LVL99
 1227 03f8 0100     		.2byte	0x1
 1228 03fa 52       		.byte	0x52
 1229 03fb 2A030000 		.4byte	.LVL99
 1230 03ff 32030000 		.4byte	.LVL101
 1231 0403 0100     		.2byte	0x1
 1232 0405 53       		.byte	0x53
 1233 0406 32030000 		.4byte	.LVL101
 1234 040a 34030000 		.4byte	.LVL102
 1235 040e 0100     		.2byte	0x1
 1236 0410 52       		.byte	0x52
 1237 0411 34030000 		.4byte	.LVL102
 1238 0415 3C030000 		.4byte	.LVL104
 1239 0419 0100     		.2byte	0x1
 1240 041b 52       		.byte	0x52
 1241 041c 42030000 		.4byte	.LVL105
 1242 0420 56030000 		.4byte	.LVL107
 1243 0424 0100     		.2byte	0x1
 1244 0426 53       		.byte	0x53
ARM GAS  /tmp/ccppw5SV.s 			page 23


 1245 0427 5E030000 		.4byte	.LVL109
 1246 042b 6E030000 		.4byte	.LVL113
 1247 042f 0100     		.2byte	0x1
 1248 0431 53       		.byte	0x53
 1249 0432 00000000 		.4byte	0x0
 1250 0436 00000000 		.4byte	0x0
 1251              	.LLST12:
 1252 043a 46000000 		.4byte	.LVL25
 1253 043e 48000000 		.4byte	.LVL26
 1254 0442 0300     		.2byte	0x3
 1255 0444 08       		.byte	0x8
 1256 0445 20       		.byte	0x20
 1257 0446 9F       		.byte	0x9f
 1258 0447 48000000 		.4byte	.LVL26
 1259 044b 5A000000 		.4byte	.LVL28
 1260 044f 0300     		.2byte	0x3
 1261 0451 08       		.byte	0x8
 1262 0452 30       		.byte	0x30
 1263 0453 9F       		.byte	0x9f
 1264 0454 5A000000 		.4byte	.LVL28
 1265 0458 20010000 		.4byte	.LVL40
 1266 045c 0100     		.2byte	0x1
 1267 045e 58       		.byte	0x58
 1268 045f 20010000 		.4byte	.LVL40
 1269 0463 88010000 		.4byte	.LVL49
 1270 0467 0300     		.2byte	0x3
 1271 0469 08       		.byte	0x8
 1272 046a 20       		.byte	0x20
 1273 046b 9F       		.byte	0x9f
 1274 046c 88010000 		.4byte	.LVL49
 1275 0470 90010000 		.4byte	.LVL51
 1276 0474 0100     		.2byte	0x1
 1277 0476 58       		.byte	0x58
 1278 0477 3C020000 		.4byte	.LVL57
 1279 047b 50020000 		.4byte	.LVL62
 1280 047f 0300     		.2byte	0x3
 1281 0481 08       		.byte	0x8
 1282 0482 20       		.byte	0x20
 1283 0483 9F       		.byte	0x9f
 1284 0484 50020000 		.4byte	.LVL62
 1285 0488 60020000 		.4byte	.LVL66
 1286 048c 0100     		.2byte	0x1
 1287 048e 58       		.byte	0x58
 1288 048f CE020000 		.4byte	.LVL77
 1289 0493 56030000 		.4byte	.LVL107
 1290 0497 0100     		.2byte	0x1
 1291 0499 58       		.byte	0x58
 1292 049a 5E030000 		.4byte	.LVL109
 1293 049e 7C030000 		.4byte	.LVL116
 1294 04a2 0100     		.2byte	0x1
 1295 04a4 58       		.byte	0x58
 1296 04a5 98030000 		.4byte	.LVL121
 1297 04a9 A4030000 		.4byte	.LFE8
 1298 04ad 0300     		.2byte	0x3
 1299 04af 08       		.byte	0x8
 1300 04b0 20       		.byte	0x20
 1301 04b1 9F       		.byte	0x9f
ARM GAS  /tmp/ccppw5SV.s 			page 24


 1302 04b2 00000000 		.4byte	0x0
 1303 04b6 00000000 		.4byte	0x0
 1304              	.LLST13:
 1305 04ba 88010000 		.4byte	.LVL49
 1306 04be 90010000 		.4byte	.LVL51
 1307 04c2 0100     		.2byte	0x1
 1308 04c4 59       		.byte	0x59
 1309 04c5 90010000 		.4byte	.LVL51
 1310 04c9 A2010000 		.4byte	.LVL53
 1311 04cd 0300     		.2byte	0x3
 1312 04cf 79       		.byte	0x79
 1313 04d0 7F       		.sleb128 -1
 1314 04d1 9F       		.byte	0x9f
 1315 04d2 54020000 		.4byte	.LVL63
 1316 04d6 86020000 		.4byte	.LVL69
 1317 04da 0100     		.2byte	0x1
 1318 04dc 59       		.byte	0x59
 1319 04dd 7C030000 		.4byte	.LVL116
 1320 04e1 96030000 		.4byte	.LVL120
 1321 04e5 0100     		.2byte	0x1
 1322 04e7 59       		.byte	0x59
 1323 04e8 96030000 		.4byte	.LVL120
 1324 04ec 98030000 		.4byte	.LVL121
 1325 04f0 0100     		.2byte	0x1
 1326 04f2 59       		.byte	0x59
 1327 04f3 00000000 		.4byte	0x0
 1328 04f7 00000000 		.4byte	0x0
 1329              	.LLST14:
 1330 04fb 86000000 		.4byte	.LVL36
 1331 04ff 8E000000 		.4byte	.LVL37
 1332 0503 0200     		.2byte	0x2
 1333 0505 30       		.byte	0x30
 1334 0506 9F       		.byte	0x9f
 1335 0507 8E000000 		.4byte	.LVL37
 1336 050b 3C010000 		.4byte	.LVL44
 1337 050f 0100     		.2byte	0x1
 1338 0511 5C       		.byte	0x5c
 1339 0512 3C020000 		.4byte	.LVL57
 1340 0516 50020000 		.4byte	.LVL62
 1341 051a 0100     		.2byte	0x1
 1342 051c 5C       		.byte	0x5c
 1343 051d CE020000 		.4byte	.LVL77
 1344 0521 DF020000 		.4byte	.LVL81-1
 1345 0525 0100     		.2byte	0x1
 1346 0527 5C       		.byte	0x5c
 1347 0528 E4020000 		.4byte	.LVL82
 1348 052c 15030000 		.4byte	.LVL94-1
 1349 0530 0100     		.2byte	0x1
 1350 0532 5C       		.byte	0x5c
 1351 0533 1A030000 		.4byte	.LVL95
 1352 0537 2A030000 		.4byte	.LVL99
 1353 053b 0100     		.2byte	0x1
 1354 053d 5C       		.byte	0x5c
 1355 053e 2A030000 		.4byte	.LVL99
 1356 0542 30030000 		.4byte	.LVL100
 1357 0546 0200     		.2byte	0x2
 1358 0548 30       		.byte	0x30
ARM GAS  /tmp/ccppw5SV.s 			page 25


 1359 0549 9F       		.byte	0x9f
 1360 054a 30030000 		.4byte	.LVL100
 1361 054e 38030000 		.4byte	.LVL103
 1362 0552 0100     		.2byte	0x1
 1363 0554 5C       		.byte	0x5c
 1364 0555 38030000 		.4byte	.LVL103
 1365 0559 3C030000 		.4byte	.LVL104
 1366 055d 0500     		.2byte	0x5
 1367 055f 7C       		.byte	0x7c
 1368 0560 00       		.sleb128 0
 1369 0561 31       		.byte	0x31
 1370 0562 24       		.byte	0x24
 1371 0563 9F       		.byte	0x9f
 1372 0564 3C030000 		.4byte	.LVL104
 1373 0568 56030000 		.4byte	.LVL107
 1374 056c 0100     		.2byte	0x1
 1375 056e 5C       		.byte	0x5c
 1376 056f 5E030000 		.4byte	.LVL109
 1377 0573 7C030000 		.4byte	.LVL116
 1378 0577 0100     		.2byte	0x1
 1379 0579 5C       		.byte	0x5c
 1380 057a 00000000 		.4byte	0x0
 1381 057e 00000000 		.4byte	0x0
 1382              	.LLST15:
 1383 0582 5A000000 		.4byte	.LVL28
 1384 0586 62000000 		.4byte	.LVL29
 1385 058a 0200     		.2byte	0x2
 1386 058c 30       		.byte	0x30
 1387 058d 9F       		.byte	0x9f
 1388 058e 62000000 		.4byte	.LVL29
 1389 0592 6A000000 		.4byte	.LVL32
 1390 0596 0100     		.2byte	0x1
 1391 0598 5A       		.byte	0x5a
 1392 0599 72000000 		.4byte	.LVL34
 1393 059d 84010000 		.4byte	.LVL48
 1394 05a1 0100     		.2byte	0x1
 1395 05a3 5A       		.byte	0x5a
 1396 05a4 88010000 		.4byte	.LVL49
 1397 05a8 8C010000 		.4byte	.LVL50
 1398 05ac 0100     		.2byte	0x1
 1399 05ae 5A       		.byte	0x5a
 1400 05af 8C010000 		.4byte	.LVL50
 1401 05b3 B4010000 		.4byte	.LVL54
 1402 05b7 0100     		.2byte	0x1
 1403 05b9 5A       		.byte	0x5a
 1404 05ba E8010000 		.4byte	.LVL55
 1405 05be 08020000 		.4byte	.LVL56
 1406 05c2 0100     		.2byte	0x1
 1407 05c4 5A       		.byte	0x5a
 1408 05c5 3C020000 		.4byte	.LVL57
 1409 05c9 58020000 		.4byte	.LVL64
 1410 05cd 0100     		.2byte	0x1
 1411 05cf 5A       		.byte	0x5a
 1412 05d0 58020000 		.4byte	.LVL64
 1413 05d4 5C020000 		.4byte	.LVL65
 1414 05d8 0100     		.2byte	0x1
 1415 05da 5A       		.byte	0x5a
ARM GAS  /tmp/ccppw5SV.s 			page 26


 1416 05db 5C020000 		.4byte	.LVL65
 1417 05df 64020000 		.4byte	.LVL67
 1418 05e3 0100     		.2byte	0x1
 1419 05e5 5A       		.byte	0x5a
 1420 05e6 64020000 		.4byte	.LVL67
 1421 05ea 88020000 		.4byte	.LVL70
 1422 05ee 0100     		.2byte	0x1
 1423 05f0 5A       		.byte	0x5a
 1424 05f1 88020000 		.4byte	.LVL70
 1425 05f5 8C020000 		.4byte	.LVL71
 1426 05f9 0300     		.2byte	0x3
 1427 05fb 7A       		.byte	0x7a
 1428 05fc 01       		.sleb128 1
 1429 05fd 9F       		.byte	0x9f
 1430 05fe 8C020000 		.4byte	.LVL71
 1431 0602 9E020000 		.4byte	.LVL72
 1432 0606 0100     		.2byte	0x1
 1433 0608 5A       		.byte	0x5a
 1434 0609 9E020000 		.4byte	.LVL72
 1435 060d A2020000 		.4byte	.LVL73
 1436 0611 0300     		.2byte	0x3
 1437 0613 7A       		.byte	0x7a
 1438 0614 01       		.sleb128 1
 1439 0615 9F       		.byte	0x9f
 1440 0616 A2020000 		.4byte	.LVL73
 1441 061a BA020000 		.4byte	.LVL74
 1442 061e 0100     		.2byte	0x1
 1443 0620 5A       		.byte	0x5a
 1444 0621 C6020000 		.4byte	.LVL75
 1445 0625 CA020000 		.4byte	.LVL76
 1446 0629 0300     		.2byte	0x3
 1447 062b 7A       		.byte	0x7a
 1448 062c 01       		.sleb128 1
 1449 062d 9F       		.byte	0x9f
 1450 062e CA020000 		.4byte	.LVL76
 1451 0632 56030000 		.4byte	.LVL107
 1452 0636 0100     		.2byte	0x1
 1453 0638 5A       		.byte	0x5a
 1454 0639 5E030000 		.4byte	.LVL109
 1455 063d A4030000 		.4byte	.LFE8
 1456 0641 0100     		.2byte	0x1
 1457 0643 5A       		.byte	0x5a
 1458 0644 00000000 		.4byte	0x0
 1459 0648 00000000 		.4byte	0x0
 1460              	.LLST16:
 1461 064c A8000000 		.4byte	.LVL39
 1462 0650 46010000 		.4byte	.LVL45
 1463 0654 0100     		.2byte	0x1
 1464 0656 51       		.byte	0x51
 1465 0657 3C020000 		.4byte	.LVL57
 1466 065b 3E020000 		.4byte	.LVL58
 1467 065f 0100     		.2byte	0x1
 1468 0661 51       		.byte	0x51
 1469 0662 CE020000 		.4byte	.LVL77
 1470 0666 D6020000 		.4byte	.LVL79
 1471 066a 0100     		.2byte	0x1
 1472 066c 51       		.byte	0x51
ARM GAS  /tmp/ccppw5SV.s 			page 27


 1473 066d E4020000 		.4byte	.LVL82
 1474 0671 FA020000 		.4byte	.LVL86
 1475 0675 0100     		.2byte	0x1
 1476 0677 51       		.byte	0x51
 1477 0678 FE020000 		.4byte	.LVL88
 1478 067c 06030000 		.4byte	.LVL90
 1479 0680 0100     		.2byte	0x1
 1480 0682 51       		.byte	0x51
 1481 0683 1A030000 		.4byte	.LVL95
 1482 0687 1E030000 		.4byte	.LVL96
 1483 068b 0100     		.2byte	0x1
 1484 068d 51       		.byte	0x51
 1485 068e 1E030000 		.4byte	.LVL96
 1486 0692 2A030000 		.4byte	.LVL99
 1487 0696 0200     		.2byte	0x2
 1488 0698 31       		.byte	0x31
 1489 0699 9F       		.byte	0x9f
 1490 069a 5E030000 		.4byte	.LVL109
 1491 069e 62030000 		.4byte	.LVL111
 1492 06a2 0200     		.2byte	0x2
 1493 06a4 31       		.byte	0x31
 1494 06a5 9F       		.byte	0x9f
 1495 06a6 62030000 		.4byte	.LVL111
 1496 06aa 66030000 		.4byte	.LVL112
 1497 06ae 0100     		.2byte	0x1
 1498 06b0 51       		.byte	0x51
 1499 06b1 98030000 		.4byte	.LVL121
 1500 06b5 A4030000 		.4byte	.LFE8
 1501 06b9 0100     		.2byte	0x1
 1502 06bb 51       		.byte	0x51
 1503 06bc 00000000 		.4byte	0x0
 1504 06c0 00000000 		.4byte	0x0
 1505              	.LLST17:
 1506 06c4 3C000000 		.4byte	.LVL24
 1507 06c8 46000000 		.4byte	.LVL25
 1508 06cc 0200     		.2byte	0x2
 1509 06ce 30       		.byte	0x30
 1510 06cf 9F       		.byte	0x9f
 1511 06d0 46000000 		.4byte	.LVL25
 1512 06d4 90010000 		.4byte	.LVL51
 1513 06d8 0100     		.2byte	0x1
 1514 06da 56       		.byte	0x56
 1515 06db 3C020000 		.4byte	.LVL57
 1516 06df 72020000 		.4byte	.LVL68
 1517 06e3 0100     		.2byte	0x1
 1518 06e5 56       		.byte	0x56
 1519 06e6 CE020000 		.4byte	.LVL77
 1520 06ea 56030000 		.4byte	.LVL107
 1521 06ee 0100     		.2byte	0x1
 1522 06f0 56       		.byte	0x56
 1523 06f1 56030000 		.4byte	.LVL107
 1524 06f5 5E030000 		.4byte	.LVL109
 1525 06f9 0200     		.2byte	0x2
 1526 06fb 31       		.byte	0x31
 1527 06fc 9F       		.byte	0x9f
 1528 06fd 5E030000 		.4byte	.LVL109
 1529 0701 8A030000 		.4byte	.LVL118
ARM GAS  /tmp/ccppw5SV.s 			page 28


 1530 0705 0100     		.2byte	0x1
 1531 0707 56       		.byte	0x56
 1532 0708 98030000 		.4byte	.LVL121
 1533 070c A4030000 		.4byte	.LFE8
 1534 0710 0100     		.2byte	0x1
 1535 0712 56       		.byte	0x56
 1536 0713 00000000 		.4byte	0x0
 1537 0717 00000000 		.4byte	0x0
 1538              	.LLST18:
 1539 071b DA020000 		.4byte	.LVL80
 1540 071f DF020000 		.4byte	.LVL81-1
 1541 0723 0100     		.2byte	0x1
 1542 0725 51       		.byte	0x51
 1543 0726 FC020000 		.4byte	.LVL87
 1544 072a FE020000 		.4byte	.LVL88
 1545 072e 0400     		.2byte	0x4
 1546 0730 91       		.byte	0x91
 1547 0731 B47F     		.sleb128 -76
 1548 0733 06       		.byte	0x6
 1549 0734 0C030000 		.4byte	.LVL91
 1550 0738 0E030000 		.4byte	.LVL92
 1551 073c 0400     		.2byte	0x4
 1552 073e 91       		.byte	0x91
 1553 073f B47F     		.sleb128 -76
 1554 0741 06       		.byte	0x6
 1555 0742 0E030000 		.4byte	.LVL92
 1556 0746 15030000 		.4byte	.LVL94-1
 1557 074a 0100     		.2byte	0x1
 1558 074c 51       		.byte	0x51
 1559 074d 66030000 		.4byte	.LVL112
 1560 0751 6E030000 		.4byte	.LVL113
 1561 0755 0400     		.2byte	0x4
 1562 0757 91       		.byte	0x91
 1563 0758 B47F     		.sleb128 -76
 1564 075a 06       		.byte	0x6
 1565 075b 6E030000 		.4byte	.LVL113
 1566 075f 78030000 		.4byte	.LVL115
 1567 0763 0100     		.2byte	0x1
 1568 0765 51       		.byte	0x51
 1569 0766 78030000 		.4byte	.LVL115
 1570 076a 7C030000 		.4byte	.LVL116
 1571 076e 0100     		.2byte	0x1
 1572 0770 51       		.byte	0x51
 1573 0771 00000000 		.4byte	0x0
 1574 0775 00000000 		.4byte	0x0
 1575              		.file 2 "/opt/stm32/arm-none-eabi-2011.03/bin/../lib/gcc/arm-none-eabi/4.5.2/include/stdarg.h"
 1576              		.file 3 "/opt/stm32/arm-none-eabi-2011.03/bin/../lib/gcc/arm-none-eabi/4.5.2/include/stddef.h"
 1577              		.file 4 "/opt/stm32/arm-none-eabi-2011.03/bin/../lib/gcc/arm-none-eabi/4.5.2/../../../../arm-none-
 1578              		.file 5 "../libs/ChibiOS_2.4.0/os/ports/GCC/ARMCMx/chtypes.h"
 1579              		.file 6 "<built-in>"
 1580              		.file 7 "../libs/ChibiOS_2.4.0/os/kernel/include/chioch.h"
 1581              		.section	.debug_info
 1582 0000 F8030000 		.4byte	0x3f8
 1583 0004 0200     		.2byte	0x2
 1584 0006 00000000 		.4byte	.Ldebug_abbrev0
 1585 000a 04       		.byte	0x4
 1586 000b 01       		.uleb128 0x1
ARM GAS  /tmp/ccppw5SV.s 			page 29


 1587 000c 07000000 		.4byte	.LASF35
 1588 0010 01       		.byte	0x1
 1589 0011 2B000000 		.4byte	.LASF36
 1590 0015 A5010000 		.4byte	.LASF37
 1591 0019 00000000 		.4byte	0x0
 1592 001d 00000000 		.4byte	0x0
 1593 0021 00000000 		.4byte	.Ldebug_ranges0+0x0
 1594 0025 00000000 		.4byte	.Ldebug_line0
 1595 0029 02       		.uleb128 0x2
 1596 002a C9000000 		.4byte	.LASF0
 1597 002e 02       		.byte	0x2
 1598 002f 28       		.byte	0x28
 1599 0030 34000000 		.4byte	0x34
 1600 0034 03       		.uleb128 0x3
 1601 0035 47010000 		.4byte	.LASF19
 1602 0039 04       		.byte	0x4
 1603 003a 06       		.byte	0x6
 1604 003b 00       		.byte	0x0
 1605 003c 4E000000 		.4byte	0x4e
 1606 0040 04       		.uleb128 0x4
 1607 0041 10010000 		.4byte	.LASF38
 1608 0045 4E000000 		.4byte	0x4e
 1609 0049 02       		.byte	0x2
 1610 004a 23       		.byte	0x23
 1611 004b 00       		.uleb128 0x0
 1612 004c 01       		.byte	0x1
 1613 004d 00       		.byte	0x0
 1614 004e 05       		.uleb128 0x5
 1615 004f 04       		.byte	0x4
 1616 0050 02       		.uleb128 0x2
 1617 0051 65000000 		.4byte	.LASF1
 1618 0055 02       		.byte	0x2
 1619 0056 66       		.byte	0x66
 1620 0057 29000000 		.4byte	0x29
 1621 005b 06       		.uleb128 0x6
 1622 005c 04       		.byte	0x4
 1623 005d 05       		.byte	0x5
 1624 005e 696E7400 		.ascii	"int\000"
 1625 0062 02       		.uleb128 0x2
 1626 0063 00000000 		.4byte	.LASF2
 1627 0067 03       		.byte	0x3
 1628 0068 D3       		.byte	0xd3
 1629 0069 6D000000 		.4byte	0x6d
 1630 006d 07       		.uleb128 0x7
 1631 006e 04       		.byte	0x4
 1632 006f 07       		.byte	0x7
 1633 0070 E4000000 		.4byte	.LASF3
 1634 0074 07       		.uleb128 0x7
 1635 0075 01       		.byte	0x1
 1636 0076 06       		.byte	0x6
 1637 0077 CA010000 		.4byte	.LASF4
 1638 007b 02       		.uleb128 0x2
 1639 007c 08010000 		.4byte	.LASF5
 1640 0080 04       		.byte	0x4
 1641 0081 2A       		.byte	0x2a
 1642 0082 86000000 		.4byte	0x86
 1643 0086 07       		.uleb128 0x7
ARM GAS  /tmp/ccppw5SV.s 			page 30


 1644 0087 01       		.byte	0x1
 1645 0088 08       		.byte	0x8
 1646 0089 6D000000 		.4byte	.LASF6
 1647 008d 07       		.uleb128 0x7
 1648 008e 02       		.byte	0x2
 1649 008f 05       		.byte	0x5
 1650 0090 79010000 		.4byte	.LASF7
 1651 0094 07       		.uleb128 0x7
 1652 0095 02       		.byte	0x2
 1653 0096 07       		.byte	0x7
 1654 0097 93000000 		.4byte	.LASF8
 1655 009b 02       		.uleb128 0x2
 1656 009c 38010000 		.4byte	.LASF9
 1657 00a0 04       		.byte	0x4
 1658 00a1 4F       		.byte	0x4f
 1659 00a2 A6000000 		.4byte	0xa6
 1660 00a6 07       		.uleb128 0x7
 1661 00a7 04       		.byte	0x4
 1662 00a8 05       		.byte	0x5
 1663 00a9 9C010000 		.4byte	.LASF10
 1664 00ad 02       		.uleb128 0x2
 1665 00ae 93010000 		.4byte	.LASF11
 1666 00b2 04       		.byte	0x4
 1667 00b3 50       		.byte	0x50
 1668 00b4 B8000000 		.4byte	0xb8
 1669 00b8 07       		.uleb128 0x7
 1670 00b9 04       		.byte	0x4
 1671 00ba 07       		.byte	0x7
 1672 00bb 81000000 		.4byte	.LASF12
 1673 00bf 07       		.uleb128 0x7
 1674 00c0 08       		.byte	0x8
 1675 00c1 05       		.byte	0x5
 1676 00c2 51010000 		.4byte	.LASF13
 1677 00c6 07       		.uleb128 0x7
 1678 00c7 08       		.byte	0x8
 1679 00c8 07       		.byte	0x7
 1680 00c9 F1000000 		.4byte	.LASF14
 1681 00cd 02       		.uleb128 0x2
 1682 00ce 57000000 		.4byte	.LASF15
 1683 00d2 05       		.byte	0x5
 1684 00d3 2E       		.byte	0x2e
 1685 00d4 9B000000 		.4byte	0x9b
 1686 00d8 02       		.uleb128 0x2
 1687 00d9 23010000 		.4byte	.LASF16
 1688 00dd 05       		.byte	0x5
 1689 00de 33       		.byte	0x33
 1690 00df 9B000000 		.4byte	0x9b
 1691 00e3 02       		.uleb128 0x2
 1692 00e4 13000000 		.4byte	.LASF17
 1693 00e8 05       		.byte	0x5
 1694 00e9 36       		.byte	0x36
 1695 00ea AD000000 		.4byte	0xad
 1696 00ee 08       		.uleb128 0x8
 1697 00ef 04       		.byte	0x4
 1698 00f0 F4000000 		.4byte	0xf4
 1699 00f4 09       		.uleb128 0x9
 1700 00f5 F9000000 		.4byte	0xf9
ARM GAS  /tmp/ccppw5SV.s 			page 31


 1701 00f9 07       		.uleb128 0x7
 1702 00fa 01       		.byte	0x1
 1703 00fb 08       		.byte	0x8
 1704 00fc 69010000 		.4byte	.LASF18
 1705 0100 08       		.uleb128 0x8
 1706 0101 04       		.byte	0x4
 1707 0102 7B000000 		.4byte	0x7b
 1708 0106 0A       		.uleb128 0xa
 1709 0107 01       		.byte	0x1
 1710 0108 62000000 		.4byte	0x62
 1711 010c 20010000 		.4byte	0x120
 1712 0110 0B       		.uleb128 0xb
 1713 0111 4E000000 		.4byte	0x4e
 1714 0115 0B       		.uleb128 0xb
 1715 0116 20010000 		.4byte	0x120
 1716 011a 0B       		.uleb128 0xb
 1717 011b 62000000 		.4byte	0x62
 1718 011f 00       		.byte	0x0
 1719 0120 08       		.uleb128 0x8
 1720 0121 04       		.byte	0x4
 1721 0122 26010000 		.4byte	0x126
 1722 0126 09       		.uleb128 0x9
 1723 0127 7B000000 		.4byte	0x7b
 1724 012b 08       		.uleb128 0x8
 1725 012c 04       		.byte	0x4
 1726 012d 06010000 		.4byte	0x106
 1727 0131 0A       		.uleb128 0xa
 1728 0132 01       		.byte	0x1
 1729 0133 62000000 		.4byte	0x62
 1730 0137 4B010000 		.4byte	0x14b
 1731 013b 0B       		.uleb128 0xb
 1732 013c 4E000000 		.4byte	0x4e
 1733 0140 0B       		.uleb128 0xb
 1734 0141 00010000 		.4byte	0x100
 1735 0145 0B       		.uleb128 0xb
 1736 0146 62000000 		.4byte	0x62
 1737 014a 00       		.byte	0x0
 1738 014b 08       		.uleb128 0x8
 1739 014c 04       		.byte	0x4
 1740 014d 31010000 		.4byte	0x131
 1741 0151 03       		.uleb128 0x3
 1742 0152 29010000 		.4byte	.LASF20
 1743 0156 20       		.byte	0x20
 1744 0157 07       		.byte	0x7
 1745 0158 51       		.byte	0x51
 1746 0159 CE010000 		.4byte	0x1ce
 1747 015d 0C       		.uleb128 0xc
 1748 015e A6000000 		.4byte	.LASF21
 1749 0162 07       		.byte	0x7
 1750 0163 52       		.byte	0x52
 1751 0164 2B010000 		.4byte	0x12b
 1752 0168 02       		.byte	0x2
 1753 0169 23       		.byte	0x23
 1754 016a 00       		.uleb128 0x0
 1755 016b 0C       		.uleb128 0xc
 1756 016c D8000000 		.4byte	.LASF22
 1757 0170 07       		.byte	0x7
ARM GAS  /tmp/ccppw5SV.s 			page 32


 1758 0171 52       		.byte	0x52
 1759 0172 4B010000 		.4byte	0x14b
 1760 0176 02       		.byte	0x2
 1761 0177 23       		.byte	0x23
 1762 0178 04       		.uleb128 0x4
 1763 0179 0C       		.uleb128 0xc
 1764 017a BB000000 		.4byte	.LASF23
 1765 017e 07       		.byte	0x7
 1766 017f 52       		.byte	0x52
 1767 0180 DE010000 		.4byte	0x1de
 1768 0184 02       		.byte	0x2
 1769 0185 23       		.byte	0x23
 1770 0186 08       		.uleb128 0x8
 1771 0187 0C       		.uleb128 0xc
 1772 0188 15010000 		.4byte	.LASF24
 1773 018c 07       		.byte	0x7
 1774 018d 52       		.byte	0x52
 1775 018e DE010000 		.4byte	0x1de
 1776 0192 02       		.byte	0x2
 1777 0193 23       		.byte	0x23
 1778 0194 0C       		.uleb128 0xc
 1779 0195 0D       		.uleb128 0xd
 1780 0196 70757400 		.ascii	"put\000"
 1781 019a 07       		.byte	0x7
 1782 019b 52       		.byte	0x52
 1783 019c FE010000 		.4byte	0x1fe
 1784 01a0 02       		.byte	0x2
 1785 01a1 23       		.byte	0x23
 1786 01a2 10       		.uleb128 0x10
 1787 01a3 0D       		.uleb128 0xd
 1788 01a4 67657400 		.ascii	"get\000"
 1789 01a8 07       		.byte	0x7
 1790 01a9 52       		.byte	0x52
 1791 01aa 19020000 		.4byte	0x219
 1792 01ae 02       		.byte	0x2
 1793 01af 23       		.byte	0x23
 1794 01b0 14       		.uleb128 0x14
 1795 01b1 0C       		.uleb128 0xc
 1796 01b2 5E000000 		.4byte	.LASF25
 1797 01b6 07       		.byte	0x7
 1798 01b7 52       		.byte	0x52
 1799 01b8 3E020000 		.4byte	0x23e
 1800 01bc 02       		.byte	0x2
 1801 01bd 23       		.byte	0x23
 1802 01be 18       		.uleb128 0x18
 1803 01bf 0C       		.uleb128 0xc
 1804 01c0 7B000000 		.4byte	.LASF26
 1805 01c4 07       		.byte	0x7
 1806 01c5 52       		.byte	0x52
 1807 01c6 63020000 		.4byte	0x263
 1808 01ca 02       		.byte	0x2
 1809 01cb 23       		.byte	0x23
 1810 01cc 1C       		.uleb128 0x1c
 1811 01cd 00       		.byte	0x0
 1812 01ce 0A       		.uleb128 0xa
 1813 01cf 01       		.byte	0x1
 1814 01d0 CD000000 		.4byte	0xcd
ARM GAS  /tmp/ccppw5SV.s 			page 33


 1815 01d4 DE010000 		.4byte	0x1de
 1816 01d8 0B       		.uleb128 0xb
 1817 01d9 4E000000 		.4byte	0x4e
 1818 01dd 00       		.byte	0x0
 1819 01de 08       		.uleb128 0x8
 1820 01df 04       		.byte	0x4
 1821 01e0 CE010000 		.4byte	0x1ce
 1822 01e4 0A       		.uleb128 0xa
 1823 01e5 01       		.byte	0x1
 1824 01e6 D8000000 		.4byte	0xd8
 1825 01ea FE010000 		.4byte	0x1fe
 1826 01ee 0B       		.uleb128 0xb
 1827 01ef 4E000000 		.4byte	0x4e
 1828 01f3 0B       		.uleb128 0xb
 1829 01f4 7B000000 		.4byte	0x7b
 1830 01f8 0B       		.uleb128 0xb
 1831 01f9 E3000000 		.4byte	0xe3
 1832 01fd 00       		.byte	0x0
 1833 01fe 08       		.uleb128 0x8
 1834 01ff 04       		.byte	0x4
 1835 0200 E4010000 		.4byte	0x1e4
 1836 0204 0A       		.uleb128 0xa
 1837 0205 01       		.byte	0x1
 1838 0206 D8000000 		.4byte	0xd8
 1839 020a 19020000 		.4byte	0x219
 1840 020e 0B       		.uleb128 0xb
 1841 020f 4E000000 		.4byte	0x4e
 1842 0213 0B       		.uleb128 0xb
 1843 0214 E3000000 		.4byte	0xe3
 1844 0218 00       		.byte	0x0
 1845 0219 08       		.uleb128 0x8
 1846 021a 04       		.byte	0x4
 1847 021b 04020000 		.4byte	0x204
 1848 021f 0A       		.uleb128 0xa
 1849 0220 01       		.byte	0x1
 1850 0221 62000000 		.4byte	0x62
 1851 0225 3E020000 		.4byte	0x23e
 1852 0229 0B       		.uleb128 0xb
 1853 022a 4E000000 		.4byte	0x4e
 1854 022e 0B       		.uleb128 0xb
 1855 022f 20010000 		.4byte	0x120
 1856 0233 0B       		.uleb128 0xb
 1857 0234 62000000 		.4byte	0x62
 1858 0238 0B       		.uleb128 0xb
 1859 0239 E3000000 		.4byte	0xe3
 1860 023d 00       		.byte	0x0
 1861 023e 08       		.uleb128 0x8
 1862 023f 04       		.byte	0x4
 1863 0240 1F020000 		.4byte	0x21f
 1864 0244 0A       		.uleb128 0xa
 1865 0245 01       		.byte	0x1
 1866 0246 62000000 		.4byte	0x62
 1867 024a 63020000 		.4byte	0x263
 1868 024e 0B       		.uleb128 0xb
 1869 024f 4E000000 		.4byte	0x4e
 1870 0253 0B       		.uleb128 0xb
 1871 0254 00010000 		.4byte	0x100
ARM GAS  /tmp/ccppw5SV.s 			page 34


 1872 0258 0B       		.uleb128 0xb
 1873 0259 62000000 		.4byte	0x62
 1874 025d 0B       		.uleb128 0xb
 1875 025e E3000000 		.4byte	0xe3
 1876 0262 00       		.byte	0x0
 1877 0263 08       		.uleb128 0x8
 1878 0264 04       		.byte	0x4
 1879 0265 44020000 		.4byte	0x244
 1880 0269 0E       		.uleb128 0xe
 1881 026a 04       		.byte	0x4
 1882 026b 07       		.byte	0x7
 1883 026c 5C       		.byte	0x5c
 1884 026d 80020000 		.4byte	0x280
 1885 0271 0D       		.uleb128 0xd
 1886 0272 766D7400 		.ascii	"vmt\000"
 1887 0276 07       		.byte	0x7
 1888 0277 5E       		.byte	0x5e
 1889 0278 80020000 		.4byte	0x280
 1890 027c 02       		.byte	0x2
 1891 027d 23       		.byte	0x23
 1892 027e 00       		.uleb128 0x0
 1893 027f 00       		.byte	0x0
 1894 0280 08       		.uleb128 0x8
 1895 0281 04       		.byte	0x4
 1896 0282 86020000 		.4byte	0x286
 1897 0286 09       		.uleb128 0x9
 1898 0287 51010000 		.4byte	0x151
 1899 028b 02       		.uleb128 0x2
 1900 028c DB010000 		.4byte	.LASF27
 1901 0290 07       		.byte	0x7
 1902 0291 60       		.byte	0x60
 1903 0292 69020000 		.4byte	0x269
 1904 0296 0F       		.uleb128 0xf
 1905 0297 D6010000 		.4byte	.LASF39
 1906 029b 01       		.byte	0x1
 1907 029c 22       		.byte	0x22
 1908 029d 01       		.byte	0x1
 1909 029e F8020000 		.4byte	0x2f8
 1910 02a2 00000000 		.4byte	.LFB7
 1911 02a6 62000000 		.4byte	.LFE7
 1912 02aa 00000000 		.4byte	.LLST0
 1913 02ae F8020000 		.4byte	0x2f8
 1914 02b2 10       		.uleb128 0x10
 1915 02b3 7000     		.ascii	"p\000"
 1916 02b5 01       		.byte	0x1
 1917 02b6 22       		.byte	0x22
 1918 02b7 F8020000 		.4byte	0x2f8
 1919 02bb 20000000 		.4byte	.LLST1
 1920 02bf 10       		.uleb128 0x10
 1921 02c0 6E756D00 		.ascii	"num\000"
 1922 02c4 01       		.byte	0x1
 1923 02c5 22       		.byte	0x22
 1924 02c6 A6000000 		.4byte	0xa6
 1925 02ca 54000000 		.4byte	.LLST2
 1926 02ce 11       		.uleb128 0x11
 1927 02cf 25000000 		.4byte	.LASF28
 1928 02d3 01       		.byte	0x1
ARM GAS  /tmp/ccppw5SV.s 			page 35


 1929 02d4 22       		.byte	0x22
 1930 02d5 6D000000 		.4byte	0x6d
 1931 02d9 72000000 		.4byte	.LLST3
 1932 02dd 12       		.uleb128 0x12
 1933 02de 6900     		.ascii	"i\000"
 1934 02e0 01       		.byte	0x1
 1935 02e1 23       		.byte	0x23
 1936 02e2 5B000000 		.4byte	0x5b
 1937 02e6 85000000 		.4byte	.LLST4
 1938 02ea 12       		.uleb128 0x12
 1939 02eb 7100     		.ascii	"q\000"
 1940 02ed 01       		.byte	0x1
 1941 02ee 24       		.byte	0x24
 1942 02ef F8020000 		.4byte	0x2f8
 1943 02f3 BE000000 		.4byte	.LLST5
 1944 02f7 00       		.byte	0x0
 1945 02f8 08       		.uleb128 0x8
 1946 02f9 04       		.byte	0x4
 1947 02fa F9000000 		.4byte	0xf9
 1948 02fe 13       		.uleb128 0x13
 1949 02ff 01       		.byte	0x1
 1950 0300 B2000000 		.4byte	.LASF40
 1951 0304 01       		.byte	0x1
 1952 0305 4E       		.byte	0x4e
 1953 0306 01       		.byte	0x1
 1954 0307 00000000 		.4byte	.LFB8
 1955 030b A4030000 		.4byte	.LFE8
 1956 030f E7000000 		.4byte	.LLST6
 1957 0313 E9030000 		.4byte	0x3e9
 1958 0317 10       		.uleb128 0x10
 1959 0318 63687000 		.ascii	"chp\000"
 1960 031c 01       		.byte	0x1
 1961 031d 4E       		.byte	0x4e
 1962 031e E9030000 		.4byte	0x3e9
 1963 0322 20010000 		.4byte	.LLST7
 1964 0326 10       		.uleb128 0x10
 1965 0327 666D7400 		.ascii	"fmt\000"
 1966 032b 01       		.byte	0x1
 1967 032c 4E       		.byte	0x4e
 1968 032d EE000000 		.4byte	0xee
 1969 0331 3E010000 		.4byte	.LLST8
 1970 0335 14       		.uleb128 0x14
 1971 0336 15       		.uleb128 0x15
 1972 0337 617000   		.ascii	"ap\000"
 1973 033a 01       		.byte	0x1
 1974 033b 4F       		.byte	0x4f
 1975 033c 50000000 		.4byte	0x50
 1976 0340 02       		.byte	0x2
 1977 0341 91       		.byte	0x91
 1978 0342 4C       		.sleb128 -52
 1979 0343 16       		.uleb128 0x16
 1980 0344 40010000 		.4byte	.LASF29
 1981 0348 01       		.byte	0x1
 1982 0349 50       		.byte	0x50
 1983 034a EF030000 		.4byte	0x3ef
 1984 034e 02       		.byte	0x2
 1985 034f 91       		.byte	0x91
ARM GAS  /tmp/ccppw5SV.s 			page 36


 1986 0350 40       		.sleb128 -64
 1987 0351 12       		.uleb128 0x12
 1988 0352 7000     		.ascii	"p\000"
 1989 0354 01       		.byte	0x1
 1990 0355 51       		.byte	0x51
 1991 0356 F8020000 		.4byte	0x2f8
 1992 035a 1E020000 		.4byte	.LLST9
 1993 035e 12       		.uleb128 0x12
 1994 035f 7300     		.ascii	"s\000"
 1995 0361 01       		.byte	0x1
 1996 0362 51       		.byte	0x51
 1997 0363 F8020000 		.4byte	0x2f8
 1998 0367 F5020000 		.4byte	.LLST10
 1999 036b 12       		.uleb128 0x12
 2000 036c 6300     		.ascii	"c\000"
 2001 036e 01       		.byte	0x1
 2002 036f 51       		.byte	0x51
 2003 0370 F9000000 		.4byte	0xf9
 2004 0374 55030000 		.4byte	.LLST11
 2005 0378 17       		.uleb128 0x17
 2006 0379 DD000000 		.4byte	.LASF30
 2007 037d 01       		.byte	0x1
 2008 037e 51       		.byte	0x51
 2009 037f F9000000 		.4byte	0xf9
 2010 0383 3A040000 		.4byte	.LLST12
 2011 0387 12       		.uleb128 0x12
 2012 0388 6900     		.ascii	"i\000"
 2013 038a 01       		.byte	0x1
 2014 038b 52       		.byte	0x52
 2015 038c 5B000000 		.4byte	0x5b
 2016 0390 BA040000 		.4byte	.LLST13
 2017 0394 17       		.uleb128 0x17
 2018 0395 5F010000 		.4byte	.LASF31
 2019 0399 01       		.byte	0x1
 2020 039a 52       		.byte	0x52
 2021 039b 5B000000 		.4byte	0x5b
 2022 039f FB040000 		.4byte	.LLST14
 2023 03a3 17       		.uleb128 0x17
 2024 03a4 AC000000 		.4byte	.LASF32
 2025 03a8 01       		.byte	0x1
 2026 03a9 52       		.byte	0x52
 2027 03aa 5B000000 		.4byte	0x5b
 2028 03ae 82050000 		.4byte	.LLST15
 2029 03b2 17       		.uleb128 0x17
 2030 03b3 1D000000 		.4byte	.LASF33
 2031 03b7 01       		.byte	0x1
 2032 03b8 53       		.byte	0x53
 2033 03b9 CD000000 		.4byte	0xcd
 2034 03bd 4C060000 		.4byte	.LLST16
 2035 03c1 17       		.uleb128 0x17
 2036 03c2 6E010000 		.4byte	.LASF34
 2037 03c6 01       		.byte	0x1
 2038 03c7 53       		.byte	0x53
 2039 03c8 CD000000 		.4byte	0xcd
 2040 03cc C4060000 		.4byte	.LLST17
 2041 03d0 12       		.uleb128 0x12
 2042 03d1 6C00     		.ascii	"l\000"
ARM GAS  /tmp/ccppw5SV.s 			page 37


 2043 03d3 01       		.byte	0x1
 2044 03d4 54       		.byte	0x54
 2045 03d5 A6000000 		.4byte	0xa6
 2046 03d9 1B070000 		.4byte	.LLST18
 2047 03dd 18       		.uleb128 0x18
 2048 03de 83010000 		.4byte	.LASF41
 2049 03e2 01       		.byte	0x1
 2050 03e3 B5       		.byte	0xb5
 2051 03e4 D0020000 		.4byte	.L34
 2052 03e8 00       		.byte	0x0
 2053 03e9 08       		.uleb128 0x8
 2054 03ea 04       		.byte	0x4
 2055 03eb 8B020000 		.4byte	0x28b
 2056 03ef 19       		.uleb128 0x19
 2057 03f0 F9000000 		.4byte	0xf9
 2058 03f4 1A       		.uleb128 0x1a
 2059 03f5 6D000000 		.4byte	0x6d
 2060 03f9 0B       		.byte	0xb
 2061 03fa 00       		.byte	0x0
 2062 03fb 00       		.byte	0x0
 2063              		.section	.debug_abbrev
 2064 0000 01       		.uleb128 0x1
 2065 0001 11       		.uleb128 0x11
 2066 0002 01       		.byte	0x1
 2067 0003 25       		.uleb128 0x25
 2068 0004 0E       		.uleb128 0xe
 2069 0005 13       		.uleb128 0x13
 2070 0006 0B       		.uleb128 0xb
 2071 0007 03       		.uleb128 0x3
 2072 0008 0E       		.uleb128 0xe
 2073 0009 1B       		.uleb128 0x1b
 2074 000a 0E       		.uleb128 0xe
 2075 000b 11       		.uleb128 0x11
 2076 000c 01       		.uleb128 0x1
 2077 000d 52       		.uleb128 0x52
 2078 000e 01       		.uleb128 0x1
 2079 000f 55       		.uleb128 0x55
 2080 0010 06       		.uleb128 0x6
 2081 0011 10       		.uleb128 0x10
 2082 0012 06       		.uleb128 0x6
 2083 0013 00       		.byte	0x0
 2084 0014 00       		.byte	0x0
 2085 0015 02       		.uleb128 0x2
 2086 0016 16       		.uleb128 0x16
 2087 0017 00       		.byte	0x0
 2088 0018 03       		.uleb128 0x3
 2089 0019 0E       		.uleb128 0xe
 2090 001a 3A       		.uleb128 0x3a
 2091 001b 0B       		.uleb128 0xb
 2092 001c 3B       		.uleb128 0x3b
 2093 001d 0B       		.uleb128 0xb
 2094 001e 49       		.uleb128 0x49
 2095 001f 13       		.uleb128 0x13
 2096 0020 00       		.byte	0x0
 2097 0021 00       		.byte	0x0
 2098 0022 03       		.uleb128 0x3
 2099 0023 13       		.uleb128 0x13
ARM GAS  /tmp/ccppw5SV.s 			page 38


 2100 0024 01       		.byte	0x1
 2101 0025 03       		.uleb128 0x3
 2102 0026 0E       		.uleb128 0xe
 2103 0027 0B       		.uleb128 0xb
 2104 0028 0B       		.uleb128 0xb
 2105 0029 3A       		.uleb128 0x3a
 2106 002a 0B       		.uleb128 0xb
 2107 002b 3B       		.uleb128 0x3b
 2108 002c 0B       		.uleb128 0xb
 2109 002d 01       		.uleb128 0x1
 2110 002e 13       		.uleb128 0x13
 2111 002f 00       		.byte	0x0
 2112 0030 00       		.byte	0x0
 2113 0031 04       		.uleb128 0x4
 2114 0032 0D       		.uleb128 0xd
 2115 0033 00       		.byte	0x0
 2116 0034 03       		.uleb128 0x3
 2117 0035 0E       		.uleb128 0xe
 2118 0036 49       		.uleb128 0x49
 2119 0037 13       		.uleb128 0x13
 2120 0038 38       		.uleb128 0x38
 2121 0039 0A       		.uleb128 0xa
 2122 003a 34       		.uleb128 0x34
 2123 003b 0C       		.uleb128 0xc
 2124 003c 00       		.byte	0x0
 2125 003d 00       		.byte	0x0
 2126 003e 05       		.uleb128 0x5
 2127 003f 0F       		.uleb128 0xf
 2128 0040 00       		.byte	0x0
 2129 0041 0B       		.uleb128 0xb
 2130 0042 0B       		.uleb128 0xb
 2131 0043 00       		.byte	0x0
 2132 0044 00       		.byte	0x0
 2133 0045 06       		.uleb128 0x6
 2134 0046 24       		.uleb128 0x24
 2135 0047 00       		.byte	0x0
 2136 0048 0B       		.uleb128 0xb
 2137 0049 0B       		.uleb128 0xb
 2138 004a 3E       		.uleb128 0x3e
 2139 004b 0B       		.uleb128 0xb
 2140 004c 03       		.uleb128 0x3
 2141 004d 08       		.uleb128 0x8
 2142 004e 00       		.byte	0x0
 2143 004f 00       		.byte	0x0
 2144 0050 07       		.uleb128 0x7
 2145 0051 24       		.uleb128 0x24
 2146 0052 00       		.byte	0x0
 2147 0053 0B       		.uleb128 0xb
 2148 0054 0B       		.uleb128 0xb
 2149 0055 3E       		.uleb128 0x3e
 2150 0056 0B       		.uleb128 0xb
 2151 0057 03       		.uleb128 0x3
 2152 0058 0E       		.uleb128 0xe
 2153 0059 00       		.byte	0x0
 2154 005a 00       		.byte	0x0
 2155 005b 08       		.uleb128 0x8
 2156 005c 0F       		.uleb128 0xf
ARM GAS  /tmp/ccppw5SV.s 			page 39


 2157 005d 00       		.byte	0x0
 2158 005e 0B       		.uleb128 0xb
 2159 005f 0B       		.uleb128 0xb
 2160 0060 49       		.uleb128 0x49
 2161 0061 13       		.uleb128 0x13
 2162 0062 00       		.byte	0x0
 2163 0063 00       		.byte	0x0
 2164 0064 09       		.uleb128 0x9
 2165 0065 26       		.uleb128 0x26
 2166 0066 00       		.byte	0x0
 2167 0067 49       		.uleb128 0x49
 2168 0068 13       		.uleb128 0x13
 2169 0069 00       		.byte	0x0
 2170 006a 00       		.byte	0x0
 2171 006b 0A       		.uleb128 0xa
 2172 006c 15       		.uleb128 0x15
 2173 006d 01       		.byte	0x1
 2174 006e 27       		.uleb128 0x27
 2175 006f 0C       		.uleb128 0xc
 2176 0070 49       		.uleb128 0x49
 2177 0071 13       		.uleb128 0x13
 2178 0072 01       		.uleb128 0x1
 2179 0073 13       		.uleb128 0x13
 2180 0074 00       		.byte	0x0
 2181 0075 00       		.byte	0x0
 2182 0076 0B       		.uleb128 0xb
 2183 0077 05       		.uleb128 0x5
 2184 0078 00       		.byte	0x0
 2185 0079 49       		.uleb128 0x49
 2186 007a 13       		.uleb128 0x13
 2187 007b 00       		.byte	0x0
 2188 007c 00       		.byte	0x0
 2189 007d 0C       		.uleb128 0xc
 2190 007e 0D       		.uleb128 0xd
 2191 007f 00       		.byte	0x0
 2192 0080 03       		.uleb128 0x3
 2193 0081 0E       		.uleb128 0xe
 2194 0082 3A       		.uleb128 0x3a
 2195 0083 0B       		.uleb128 0xb
 2196 0084 3B       		.uleb128 0x3b
 2197 0085 0B       		.uleb128 0xb
 2198 0086 49       		.uleb128 0x49
 2199 0087 13       		.uleb128 0x13
 2200 0088 38       		.uleb128 0x38
 2201 0089 0A       		.uleb128 0xa
 2202 008a 00       		.byte	0x0
 2203 008b 00       		.byte	0x0
 2204 008c 0D       		.uleb128 0xd
 2205 008d 0D       		.uleb128 0xd
 2206 008e 00       		.byte	0x0
 2207 008f 03       		.uleb128 0x3
 2208 0090 08       		.uleb128 0x8
 2209 0091 3A       		.uleb128 0x3a
 2210 0092 0B       		.uleb128 0xb
 2211 0093 3B       		.uleb128 0x3b
 2212 0094 0B       		.uleb128 0xb
 2213 0095 49       		.uleb128 0x49
ARM GAS  /tmp/ccppw5SV.s 			page 40


 2214 0096 13       		.uleb128 0x13
 2215 0097 38       		.uleb128 0x38
 2216 0098 0A       		.uleb128 0xa
 2217 0099 00       		.byte	0x0
 2218 009a 00       		.byte	0x0
 2219 009b 0E       		.uleb128 0xe
 2220 009c 13       		.uleb128 0x13
 2221 009d 01       		.byte	0x1
 2222 009e 0B       		.uleb128 0xb
 2223 009f 0B       		.uleb128 0xb
 2224 00a0 3A       		.uleb128 0x3a
 2225 00a1 0B       		.uleb128 0xb
 2226 00a2 3B       		.uleb128 0x3b
 2227 00a3 0B       		.uleb128 0xb
 2228 00a4 01       		.uleb128 0x1
 2229 00a5 13       		.uleb128 0x13
 2230 00a6 00       		.byte	0x0
 2231 00a7 00       		.byte	0x0
 2232 00a8 0F       		.uleb128 0xf
 2233 00a9 2E       		.uleb128 0x2e
 2234 00aa 01       		.byte	0x1
 2235 00ab 03       		.uleb128 0x3
 2236 00ac 0E       		.uleb128 0xe
 2237 00ad 3A       		.uleb128 0x3a
 2238 00ae 0B       		.uleb128 0xb
 2239 00af 3B       		.uleb128 0x3b
 2240 00b0 0B       		.uleb128 0xb
 2241 00b1 27       		.uleb128 0x27
 2242 00b2 0C       		.uleb128 0xc
 2243 00b3 49       		.uleb128 0x49
 2244 00b4 13       		.uleb128 0x13
 2245 00b5 11       		.uleb128 0x11
 2246 00b6 01       		.uleb128 0x1
 2247 00b7 12       		.uleb128 0x12
 2248 00b8 01       		.uleb128 0x1
 2249 00b9 40       		.uleb128 0x40
 2250 00ba 06       		.uleb128 0x6
 2251 00bb 01       		.uleb128 0x1
 2252 00bc 13       		.uleb128 0x13
 2253 00bd 00       		.byte	0x0
 2254 00be 00       		.byte	0x0
 2255 00bf 10       		.uleb128 0x10
 2256 00c0 05       		.uleb128 0x5
 2257 00c1 00       		.byte	0x0
 2258 00c2 03       		.uleb128 0x3
 2259 00c3 08       		.uleb128 0x8
 2260 00c4 3A       		.uleb128 0x3a
 2261 00c5 0B       		.uleb128 0xb
 2262 00c6 3B       		.uleb128 0x3b
 2263 00c7 0B       		.uleb128 0xb
 2264 00c8 49       		.uleb128 0x49
 2265 00c9 13       		.uleb128 0x13
 2266 00ca 02       		.uleb128 0x2
 2267 00cb 06       		.uleb128 0x6
 2268 00cc 00       		.byte	0x0
 2269 00cd 00       		.byte	0x0
 2270 00ce 11       		.uleb128 0x11
ARM GAS  /tmp/ccppw5SV.s 			page 41


 2271 00cf 05       		.uleb128 0x5
 2272 00d0 00       		.byte	0x0
 2273 00d1 03       		.uleb128 0x3
 2274 00d2 0E       		.uleb128 0xe
 2275 00d3 3A       		.uleb128 0x3a
 2276 00d4 0B       		.uleb128 0xb
 2277 00d5 3B       		.uleb128 0x3b
 2278 00d6 0B       		.uleb128 0xb
 2279 00d7 49       		.uleb128 0x49
 2280 00d8 13       		.uleb128 0x13
 2281 00d9 02       		.uleb128 0x2
 2282 00da 06       		.uleb128 0x6
 2283 00db 00       		.byte	0x0
 2284 00dc 00       		.byte	0x0
 2285 00dd 12       		.uleb128 0x12
 2286 00de 34       		.uleb128 0x34
 2287 00df 00       		.byte	0x0
 2288 00e0 03       		.uleb128 0x3
 2289 00e1 08       		.uleb128 0x8
 2290 00e2 3A       		.uleb128 0x3a
 2291 00e3 0B       		.uleb128 0xb
 2292 00e4 3B       		.uleb128 0x3b
 2293 00e5 0B       		.uleb128 0xb
 2294 00e6 49       		.uleb128 0x49
 2295 00e7 13       		.uleb128 0x13
 2296 00e8 02       		.uleb128 0x2
 2297 00e9 06       		.uleb128 0x6
 2298 00ea 00       		.byte	0x0
 2299 00eb 00       		.byte	0x0
 2300 00ec 13       		.uleb128 0x13
 2301 00ed 2E       		.uleb128 0x2e
 2302 00ee 01       		.byte	0x1
 2303 00ef 3F       		.uleb128 0x3f
 2304 00f0 0C       		.uleb128 0xc
 2305 00f1 03       		.uleb128 0x3
 2306 00f2 0E       		.uleb128 0xe
 2307 00f3 3A       		.uleb128 0x3a
 2308 00f4 0B       		.uleb128 0xb
 2309 00f5 3B       		.uleb128 0x3b
 2310 00f6 0B       		.uleb128 0xb
 2311 00f7 27       		.uleb128 0x27
 2312 00f8 0C       		.uleb128 0xc
 2313 00f9 11       		.uleb128 0x11
 2314 00fa 01       		.uleb128 0x1
 2315 00fb 12       		.uleb128 0x12
 2316 00fc 01       		.uleb128 0x1
 2317 00fd 40       		.uleb128 0x40
 2318 00fe 06       		.uleb128 0x6
 2319 00ff 01       		.uleb128 0x1
 2320 0100 13       		.uleb128 0x13
 2321 0101 00       		.byte	0x0
 2322 0102 00       		.byte	0x0
 2323 0103 14       		.uleb128 0x14
 2324 0104 18       		.uleb128 0x18
 2325 0105 00       		.byte	0x0
 2326 0106 00       		.byte	0x0
 2327 0107 00       		.byte	0x0
ARM GAS  /tmp/ccppw5SV.s 			page 42


 2328 0108 15       		.uleb128 0x15
 2329 0109 34       		.uleb128 0x34
 2330 010a 00       		.byte	0x0
 2331 010b 03       		.uleb128 0x3
 2332 010c 08       		.uleb128 0x8
 2333 010d 3A       		.uleb128 0x3a
 2334 010e 0B       		.uleb128 0xb
 2335 010f 3B       		.uleb128 0x3b
 2336 0110 0B       		.uleb128 0xb
 2337 0111 49       		.uleb128 0x49
 2338 0112 13       		.uleb128 0x13
 2339 0113 02       		.uleb128 0x2
 2340 0114 0A       		.uleb128 0xa
 2341 0115 00       		.byte	0x0
 2342 0116 00       		.byte	0x0
 2343 0117 16       		.uleb128 0x16
 2344 0118 34       		.uleb128 0x34
 2345 0119 00       		.byte	0x0
 2346 011a 03       		.uleb128 0x3
 2347 011b 0E       		.uleb128 0xe
 2348 011c 3A       		.uleb128 0x3a
 2349 011d 0B       		.uleb128 0xb
 2350 011e 3B       		.uleb128 0x3b
 2351 011f 0B       		.uleb128 0xb
 2352 0120 49       		.uleb128 0x49
 2353 0121 13       		.uleb128 0x13
 2354 0122 02       		.uleb128 0x2
 2355 0123 0A       		.uleb128 0xa
 2356 0124 00       		.byte	0x0
 2357 0125 00       		.byte	0x0
 2358 0126 17       		.uleb128 0x17
 2359 0127 34       		.uleb128 0x34
 2360 0128 00       		.byte	0x0
 2361 0129 03       		.uleb128 0x3
 2362 012a 0E       		.uleb128 0xe
 2363 012b 3A       		.uleb128 0x3a
 2364 012c 0B       		.uleb128 0xb
 2365 012d 3B       		.uleb128 0x3b
 2366 012e 0B       		.uleb128 0xb
 2367 012f 49       		.uleb128 0x49
 2368 0130 13       		.uleb128 0x13
 2369 0131 02       		.uleb128 0x2
 2370 0132 06       		.uleb128 0x6
 2371 0133 00       		.byte	0x0
 2372 0134 00       		.byte	0x0
 2373 0135 18       		.uleb128 0x18
 2374 0136 0A       		.uleb128 0xa
 2375 0137 00       		.byte	0x0
 2376 0138 03       		.uleb128 0x3
 2377 0139 0E       		.uleb128 0xe
 2378 013a 3A       		.uleb128 0x3a
 2379 013b 0B       		.uleb128 0xb
 2380 013c 3B       		.uleb128 0x3b
 2381 013d 0B       		.uleb128 0xb
 2382 013e 11       		.uleb128 0x11
 2383 013f 01       		.uleb128 0x1
 2384 0140 00       		.byte	0x0
ARM GAS  /tmp/ccppw5SV.s 			page 43


 2385 0141 00       		.byte	0x0
 2386 0142 19       		.uleb128 0x19
 2387 0143 01       		.uleb128 0x1
 2388 0144 01       		.byte	0x1
 2389 0145 49       		.uleb128 0x49
 2390 0146 13       		.uleb128 0x13
 2391 0147 00       		.byte	0x0
 2392 0148 00       		.byte	0x0
 2393 0149 1A       		.uleb128 0x1a
 2394 014a 21       		.uleb128 0x21
 2395 014b 00       		.byte	0x0
 2396 014c 49       		.uleb128 0x49
 2397 014d 13       		.uleb128 0x13
 2398 014e 2F       		.uleb128 0x2f
 2399 014f 0B       		.uleb128 0xb
 2400 0150 00       		.byte	0x0
 2401 0151 00       		.byte	0x0
 2402 0152 00       		.byte	0x0
 2403              		.section	.debug_pubnames,"",%progbits
 2404 0000 1B000000 		.4byte	0x1b
 2405 0004 0200     		.2byte	0x2
 2406 0006 00000000 		.4byte	.Ldebug_info0
 2407 000a FC030000 		.4byte	0x3fc
 2408 000e FE020000 		.4byte	0x2fe
 2409 0012 63687072 		.ascii	"chprintf\000"
 2409      696E7466 
 2409      00
 2410 001b 00000000 		.4byte	0x0
 2411              		.section	.debug_pubtypes,"",%progbits
 2412 0000 B1000000 		.4byte	0xb1
 2413 0004 0200     		.2byte	0x2
 2414 0006 00000000 		.4byte	.Ldebug_info0
 2415 000a FC030000 		.4byte	0x3fc
 2416 000e 34000000 		.4byte	0x34
 2417 0012 5F5F7661 		.ascii	"__va_list\000"
 2417      5F6C6973 
 2417      7400
 2418 001c 29000000 		.4byte	0x29
 2419 0020 5F5F676E 		.ascii	"__gnuc_va_list\000"
 2419      75635F76 
 2419      615F6C69 
 2419      737400
 2420 002f 50000000 		.4byte	0x50
 2421 0033 76615F6C 		.ascii	"va_list\000"
 2421      69737400 
 2422 003b 62000000 		.4byte	0x62
 2423 003f 73697A65 		.ascii	"size_t\000"
 2423      5F7400
 2424 0046 7B000000 		.4byte	0x7b
 2425 004a 75696E74 		.ascii	"uint8_t\000"
 2425      385F7400 
 2426 0052 9B000000 		.4byte	0x9b
 2427 0056 696E7433 		.ascii	"int32_t\000"
 2427      325F7400 
 2428 005e AD000000 		.4byte	0xad
 2429 0062 75696E74 		.ascii	"uint32_t\000"
 2429      33325F74 
ARM GAS  /tmp/ccppw5SV.s 			page 44


 2429      00
 2430 006b CD000000 		.4byte	0xcd
 2431 006f 626F6F6C 		.ascii	"bool_t\000"
 2431      5F7400
 2432 0076 D8000000 		.4byte	0xd8
 2433 007a 6D73675F 		.ascii	"msg_t\000"
 2433      7400
 2434 0080 E3000000 		.4byte	0xe3
 2435 0084 73797374 		.ascii	"systime_t\000"
 2435      696D655F 
 2435      7400
 2436 008e 51010000 		.4byte	0x151
 2437 0092 42617365 		.ascii	"BaseChannelVMT\000"
 2437      4368616E 
 2437      6E656C56 
 2437      4D5400
 2438 00a1 8B020000 		.4byte	0x28b
 2439 00a5 42617365 		.ascii	"BaseChannel\000"
 2439      4368616E 
 2439      6E656C00 
 2440 00b1 00000000 		.4byte	0x0
 2441              		.section	.debug_aranges,"",%progbits
 2442 0000 24000000 		.4byte	0x24
 2443 0004 0200     		.2byte	0x2
 2444 0006 00000000 		.4byte	.Ldebug_info0
 2445 000a 04       		.byte	0x4
 2446 000b 00       		.byte	0x0
 2447 000c 0000     		.2byte	0x0
 2448 000e 0000     		.2byte	0x0
 2449 0010 00000000 		.4byte	.LFB7
 2450 0014 62000000 		.4byte	.LFE7-.LFB7
 2451 0018 00000000 		.4byte	.LFB8
 2452 001c A4030000 		.4byte	.LFE8-.LFB8
 2453 0020 00000000 		.4byte	0x0
 2454 0024 00000000 		.4byte	0x0
 2455              		.section	.debug_ranges,"",%progbits
 2456              	.Ldebug_ranges0:
 2457 0000 00000000 		.4byte	.LFB7
 2458 0004 62000000 		.4byte	.LFE7
 2459 0008 00000000 		.4byte	.LFB8
 2460 000c A4030000 		.4byte	.LFE8
 2461 0010 00000000 		.4byte	0x0
 2462 0014 00000000 		.4byte	0x0
 2463              		.section	.debug_str,"MS",%progbits,1
 2464              	.LASF2:
 2465 0000 73697A65 		.ascii	"size_t\000"
 2465      5F7400
 2466              	.LASF35:
 2467 0007 474E5520 		.ascii	"GNU C 4.5.2\000"
 2467      4320342E 
 2467      352E3200 
 2468              	.LASF17:
 2469 0013 73797374 		.ascii	"systime_t\000"
 2469      696D655F 
 2469      7400
 2470              	.LASF33:
 2471 001d 69735F6C 		.ascii	"is_long\000"
ARM GAS  /tmp/ccppw5SV.s 			page 45


 2471      6F6E6700 
 2472              	.LASF28:
 2473 0025 72616469 		.ascii	"radix\000"
 2473      7800
 2474              	.LASF36:
 2475 002b 2E2E2F6C 		.ascii	"../libs/ChibiOS_2.4.0/os/various/chprintf.c\000"
 2475      6962732F 
 2475      43686962 
 2475      694F535F 
 2475      322E342E 
 2476              	.LASF15:
 2477 0057 626F6F6C 		.ascii	"bool_t\000"
 2477      5F7400
 2478              	.LASF25:
 2479 005e 77726974 		.ascii	"writet\000"
 2479      657400
 2480              	.LASF1:
 2481 0065 76615F6C 		.ascii	"va_list\000"
 2481      69737400 
 2482              	.LASF6:
 2483 006d 756E7369 		.ascii	"unsigned char\000"
 2483      676E6564 
 2483      20636861 
 2483      7200
 2484              	.LASF26:
 2485 007b 72656164 		.ascii	"readt\000"
 2485      7400
 2486              	.LASF12:
 2487 0081 6C6F6E67 		.ascii	"long unsigned int\000"
 2487      20756E73 
 2487      69676E65 
 2487      6420696E 
 2487      7400
 2488              	.LASF8:
 2489 0093 73686F72 		.ascii	"short unsigned int\000"
 2489      7420756E 
 2489      7369676E 
 2489      65642069 
 2489      6E7400
 2490              	.LASF21:
 2491 00a6 77726974 		.ascii	"write\000"
 2491      6500
 2492              	.LASF32:
 2493 00ac 77696474 		.ascii	"width\000"
 2493      6800
 2494              	.LASF40:
 2495 00b2 63687072 		.ascii	"chprintf\000"
 2495      696E7466 
 2495      00
 2496              	.LASF23:
 2497 00bb 70757477 		.ascii	"putwouldblock\000"
 2497      6F756C64 
 2497      626C6F63 
 2497      6B00
 2498              	.LASF0:
 2499 00c9 5F5F676E 		.ascii	"__gnuc_va_list\000"
 2499      75635F76 
ARM GAS  /tmp/ccppw5SV.s 			page 46


 2499      615F6C69 
 2499      737400
 2500              	.LASF22:
 2501 00d8 72656164 		.ascii	"read\000"
 2501      00
 2502              	.LASF30:
 2503 00dd 66696C6C 		.ascii	"filler\000"
 2503      657200
 2504              	.LASF3:
 2505 00e4 756E7369 		.ascii	"unsigned int\000"
 2505      676E6564 
 2505      20696E74 
 2505      00
 2506              	.LASF14:
 2507 00f1 6C6F6E67 		.ascii	"long long unsigned int\000"
 2507      206C6F6E 
 2507      6720756E 
 2507      7369676E 
 2507      65642069 
 2508              	.LASF5:
 2509 0108 75696E74 		.ascii	"uint8_t\000"
 2509      385F7400 
 2510              	.LASF38:
 2511 0110 5F5F6170 		.ascii	"__ap\000"
 2511      00
 2512              	.LASF24:
 2513 0115 67657477 		.ascii	"getwouldblock\000"
 2513      6F756C64 
 2513      626C6F63 
 2513      6B00
 2514              	.LASF16:
 2515 0123 6D73675F 		.ascii	"msg_t\000"
 2515      7400
 2516              	.LASF20:
 2517 0129 42617365 		.ascii	"BaseChannelVMT\000"
 2517      4368616E 
 2517      6E656C56 
 2517      4D5400
 2518              	.LASF9:
 2519 0138 696E7433 		.ascii	"int32_t\000"
 2519      325F7400 
 2520              	.LASF29:
 2521 0140 746D7062 		.ascii	"tmpbuf\000"
 2521      756600
 2522              	.LASF19:
 2523 0147 5F5F7661 		.ascii	"__va_list\000"
 2523      5F6C6973 
 2523      7400
 2524              	.LASF13:
 2525 0151 6C6F6E67 		.ascii	"long long int\000"
 2525      206C6F6E 
 2525      6720696E 
 2525      7400
 2526              	.LASF31:
 2527 015f 70726563 		.ascii	"precision\000"
 2527      6973696F 
 2527      6E00
ARM GAS  /tmp/ccppw5SV.s 			page 47


 2528              	.LASF18:
 2529 0169 63686172 		.ascii	"char\000"
 2529      00
 2530              	.LASF34:
 2531 016e 6C656674 		.ascii	"left_align\000"
 2531      5F616C69 
 2531      676E00
 2532              	.LASF7:
 2533 0179 73686F72 		.ascii	"short int\000"
 2533      7420696E 
 2533      7400
 2534              	.LASF41:
 2535 0183 756E7369 		.ascii	"unsigned_common\000"
 2535      676E6564 
 2535      5F636F6D 
 2535      6D6F6E00 
 2536              	.LASF11:
 2537 0193 75696E74 		.ascii	"uint32_t\000"
 2537      33325F74 
 2537      00
 2538              	.LASF10:
 2539 019c 6C6F6E67 		.ascii	"long int\000"
 2539      20696E74 
 2539      00
 2540              	.LASF37:
 2541 01a5 2F686F6D 		.ascii	"/home/stm32/Workspace/FirmwareSpykee\000"
 2541      652F7374 
 2541      6D33322F 
 2541      576F726B 
 2541      73706163 
 2542              	.LASF4:
 2543 01ca 7369676E 		.ascii	"signed char\000"
 2543      65642063 
 2543      68617200 
 2544              	.LASF39:
 2545 01d6 6C746F61 		.ascii	"ltoa\000"
 2545      00
 2546              	.LASF27:
 2547 01db 42617365 		.ascii	"BaseChannel\000"
 2547      4368616E 
 2547      6E656C00 
 2548              		.ident	"GCC: (Sourcery G++ Lite 2011.03-42) 4.5.2"
ARM GAS  /tmp/ccppw5SV.s 			page 48


DEFINED SYMBOLS
                            *ABS*:00000000 chprintf.c
     /tmp/ccppw5SV.s:26     .text.ltoa:00000000 $t
     /tmp/ccppw5SV.s:31     .text.ltoa:00000000 ltoa
     /tmp/ccppw5SV.s:125    .text.chprintf:00000000 $t
     /tmp/ccppw5SV.s:131    .text.chprintf:00000000 chprintf
     /tmp/ccppw5SV.s:292    .text.chprintf:000000b6 $d
     /tmp/ccppw5SV.s:348    .text.chprintf:00000120 $t
     /tmp/ccppw5SV.s:830    .text.chprintf:000003a0 $d
     /tmp/ccppw5SV.s:835    .rodata.str1.4:00000000 $d
                     .debug_frame:00000010 $d
     /tmp/ccppw5SV.s:834    .text.chprintf:000003a4 $t

NO UNDEFINED SYMBOLS
