ARM GAS  /tmp/ccWzjkKl.s 			page 1


   1              		.syntax unified
   2              		.cpu cortex-m4
   3              		.eabi_attribute 27, 3
   4              		.eabi_attribute 28, 1
   5              		.fpu fpv4-sp-d16
   6              		.eabi_attribute 20, 1
   7              		.eabi_attribute 21, 1
   8              		.eabi_attribute 23, 3
   9              		.eabi_attribute 24, 1
  10              		.eabi_attribute 25, 1
  11              		.eabi_attribute 26, 1
  12              		.eabi_attribute 30, 2
  13              		.eabi_attribute 18, 4
  14              		.thumb
  15              		.file	"chregistry.c"
  16              		.section	.debug_abbrev,"",%progbits
  17              	.Ldebug_abbrev0:
  18              		.section	.debug_info,"",%progbits
  19              	.Ldebug_info0:
  20              		.section	.debug_line,"",%progbits
  21              	.Ldebug_line0:
  22 0000 94010000 		.text
  22      02005B01 
  22      00000201 
  22      FB0E0D00 
  22      01010101 
  23              	.Ltext0:
  24              		.cfi_sections	.debug_frame
  25              		.section	.text.chRegFirstThread,"ax",%progbits
  26              		.align	2
  27              		.p2align 4,,15
  28              		.global	chRegFirstThread
  29              		.thumb
  30              		.thumb_func
  31              		.type	chRegFirstThread, %function
  32              	chRegFirstThread:
  33              	.LFB7:
  34              		.file 1 "../libs/ChibiOS_2.4.0/os/kernel/src/chregistry.c"
  35              		.loc 1 72 0
  36              		.cfi_startproc
  37              		@ args = 0, pretend = 0, frame = 0
  38              		@ frame_needed = 0, uses_anonymous_args = 0
  39              		@ link register save eliminated.
  40              	.LBB2:
  41              		.loc 1 75 0
  42 0000 2023     		movs	r3, #32
  43              	.LVL0:
  44              	@ 75 "../libs/ChibiOS_2.4.0/os/kernel/src/chregistry.c" 1
  45 0002 83F31188 		msr     BASEPRI, r3
  46              	@ 0 "" 2
  47              	.LVL1:
  48              		.thumb
  49              	.LBE2:
  50              		.loc 1 76 0
  51 0006 0448     		ldr	r0, .L2
  52 0008 0069     		ldr	r0, [r0, #16]
  53              	.LVL2:
ARM GAS  /tmp/ccWzjkKl.s 			page 2


  54              		.loc 1 78 0
  55 000a 817F     		ldrb	r1, [r0, #30]	@ zero_extendqisi2
  56 000c 4B1C     		adds	r3, r1, #1
  57              	.LVL3:
  58 000e 8377     		strb	r3, [r0, #30]
  59              	.LBB3:
  60              		.loc 1 80 0
  61 0010 0023     		movs	r3, #0
  62              	.LVL4:
  63              	@ 80 "../libs/ChibiOS_2.4.0/os/kernel/src/chregistry.c" 1
  64 0012 83F31188 		msr     BASEPRI, r3
  65              	@ 0 "" 2
  66              	.LVL5:
  67              		.thumb
  68              	.LBE3:
  69              		.loc 1 82 0
  70 0016 7047     		bx	lr
  71              	.L3:
  72              		.align	2
  73              	.L2:
  74 0018 00000000 		.word	rlist
  75              		.cfi_endproc
  76              	.LFE7:
  77              		.size	chRegFirstThread, .-chRegFirstThread
  78 001c AFF30080 		.section	.text.chRegNextThread,"ax",%progbits
  79              		.align	2
  80              		.p2align 4,,15
  81              		.global	chRegNextThread
  82              		.thumb
  83              		.thumb_func
  84              		.type	chRegNextThread, %function
  85              	chRegNextThread:
  86              	.LFB8:
  87              		.loc 1 95 0
  88              		.cfi_startproc
  89              		@ args = 0, pretend = 0, frame = 0
  90              		@ frame_needed = 0, uses_anonymous_args = 0
  91              	.LVL6:
  92 0000 10B5     		push	{r4, lr}
  93              	.LCFI0:
  94              		.cfi_def_cfa_offset 8
  95              	.LBB4:
  96              		.loc 1 98 0
  97 0002 2023     		movs	r3, #32
  98              	.LVL7:
  99              	@ 98 "../libs/ChibiOS_2.4.0/os/kernel/src/chregistry.c" 1
 100 0004 83F31188 		msr     BASEPRI, r3
 101              	@ 0 "" 2
 102              	.LVL8:
 103              		.thumb
 104              	.LBE4:
 105              		.loc 1 100 0
 106 0008 0A4B     		ldr	r3, .L8
 107              	.LVL9:
 108              		.loc 1 99 0
 109 000a 0469     		ldr	r4, [r0, #16]
 110              		.cfi_offset 14, -4
ARM GAS  /tmp/ccWzjkKl.s 			page 3


 111              		.cfi_offset 4, -8
 112              	.LVL10:
 113              		.loc 1 100 0
 114 000c 9C42     		cmp	r4, r3
 115 000e 09D0     		beq	.L6
 116              		.loc 1 106 0
 117 0010 A27F     		ldrb	r2, [r4, #30]	@ zero_extendqisi2
 118 0012 511C     		adds	r1, r2, #1
 119 0014 A177     		strb	r1, [r4, #30]
 120              	.LBB5:
 121              		.loc 1 109 0
 122 0016 0023     		movs	r3, #0
 123              	.LVL11:
 124              	@ 109 "../libs/ChibiOS_2.4.0/os/kernel/src/chregistry.c" 1
 125 0018 83F31188 		msr     BASEPRI, r3
 126              	@ 0 "" 2
 127              	.LVL12:
 128              		.thumb
 129              	.LBE5:
 130              		.loc 1 111 0
 131 001c FFF7FEFF 		bl	chThdRelease
 132              	.LVL13:
 133              		.loc 1 114 0
 134 0020 2046     		mov	r0, r4
 135 0022 10BD     		pop	{r4, pc}
 136              	.LVL14:
 137              	.L6:
 138              		.loc 1 101 0
 139 0024 0024     		movs	r4, #0
 140              	.LVL15:
 141              	.LBB6:
 142              		.loc 1 109 0
 143 0026 0023     		movs	r3, #0
 144              	@ 109 "../libs/ChibiOS_2.4.0/os/kernel/src/chregistry.c" 1
 145 0028 83F31188 		msr     BASEPRI, r3
 146              	@ 0 "" 2
 147              	.LVL16:
 148              		.thumb
 149              	.LBE6:
 150              		.loc 1 111 0
 151 002c FFF7FEFF 		bl	chThdRelease
 152              	.LVL17:
 153              		.loc 1 114 0
 154 0030 2046     		mov	r0, r4
 155 0032 10BD     		pop	{r4, pc}
 156              	.L9:
 157              		.align	2
 158              	.L8:
 159 0034 00000000 		.word	rlist
 160              		.cfi_endproc
 161              	.LFE8:
 162              		.size	chRegNextThread, .-chRegNextThread
 163 0038 AFF30080 		.text
 163      AFF30080 
 164              	.Letext0:
 165              		.section	.debug_loc,"",%progbits
 166              	.Ldebug_loc0:
ARM GAS  /tmp/ccWzjkKl.s 			page 4


 167              	.LLST0:
 168 0000 06000000 		.4byte	.LVL1
 169 0004 0E000000 		.4byte	.LVL3
 170 0008 0100     		.2byte	0x1
 171 000a 53       		.byte	0x53
 172 000b 00000000 		.4byte	0x0
 173 000f 00000000 		.4byte	0x0
 174              	.LLST1:
 175 0013 16000000 		.4byte	.LVL5
 176 0017 1C000000 		.4byte	.LFE7
 177 001b 0100     		.2byte	0x1
 178 001d 53       		.byte	0x53
 179 001e 00000000 		.4byte	0x0
 180 0022 00000000 		.4byte	0x0
 181              	.LLST2:
 182 0026 00000000 		.4byte	.LFB8
 183 002a 02000000 		.4byte	.LCFI0
 184 002e 0200     		.2byte	0x2
 185 0030 7D       		.byte	0x7d
 186 0031 00       		.sleb128 0
 187 0032 02000000 		.4byte	.LCFI0
 188 0036 38000000 		.4byte	.LFE8
 189 003a 0200     		.2byte	0x2
 190 003c 7D       		.byte	0x7d
 191 003d 08       		.sleb128 8
 192 003e 00000000 		.4byte	0x0
 193 0042 00000000 		.4byte	0x0
 194              	.LLST3:
 195 0046 00000000 		.4byte	.LVL6
 196 004a 1F000000 		.4byte	.LVL13-1
 197 004e 0100     		.2byte	0x1
 198 0050 50       		.byte	0x50
 199 0051 24000000 		.4byte	.LVL14
 200 0055 2F000000 		.4byte	.LVL17-1
 201 0059 0100     		.2byte	0x1
 202 005b 50       		.byte	0x50
 203 005c 00000000 		.4byte	0x0
 204 0060 00000000 		.4byte	0x0
 205              	.LLST4:
 206 0064 0C000000 		.4byte	.LVL10
 207 0068 1F000000 		.4byte	.LVL13-1
 208 006c 0200     		.2byte	0x2
 209 006e 70       		.byte	0x70
 210 006f 10       		.sleb128 16
 211 0070 1F000000 		.4byte	.LVL13-1
 212 0074 26000000 		.4byte	.LVL15
 213 0078 0100     		.2byte	0x1
 214 007a 54       		.byte	0x54
 215 007b 26000000 		.4byte	.LVL15
 216 007f 38000000 		.4byte	.LFE8
 217 0083 0100     		.2byte	0x1
 218 0085 54       		.byte	0x54
 219 0086 00000000 		.4byte	0x0
 220 008a 00000000 		.4byte	0x0
 221              	.LLST5:
 222 008e 08000000 		.4byte	.LVL8
 223 0092 0A000000 		.4byte	.LVL9
ARM GAS  /tmp/ccWzjkKl.s 			page 5


 224 0096 0100     		.2byte	0x1
 225 0098 53       		.byte	0x53
 226 0099 00000000 		.4byte	0x0
 227 009d 00000000 		.4byte	0x0
 228              	.LLST6:
 229 00a1 1C000000 		.4byte	.LVL12
 230 00a5 1F000000 		.4byte	.LVL13-1
 231 00a9 0100     		.2byte	0x1
 232 00ab 53       		.byte	0x53
 233 00ac 2C000000 		.4byte	.LVL16
 234 00b0 2F000000 		.4byte	.LVL17-1
 235 00b4 0100     		.2byte	0x1
 236 00b6 53       		.byte	0x53
 237 00b7 00000000 		.4byte	0x0
 238 00bb 00000000 		.4byte	0x0
 239              		.file 2 "/opt/stm32/arm-none-eabi-2011.03/bin/../lib/gcc/arm-none-eabi/4.5.2/../../../../arm-none-
 240              		.file 3 "../libs/ChibiOS_2.4.0/os/ports/GCC/ARMCMx/chtypes.h"
 241              		.file 4 "../libs/ChibiOS_2.4.0/os/kernel/include/chlists.h"
 242              		.file 5 "../libs/ChibiOS_2.4.0/os/kernel/include/chthreads.h"
 243              		.file 6 "../libs/ChibiOS_2.4.0/os/ports/GCC/ARMCMx/chcore_v7m.h"
 244              		.file 7 "../libs/ChibiOS_2.4.0/os/kernel/include/chschd.h"
 245              		.file 8 "../libs/ChibiOS_2.4.0/os/kernel/include/chmtx.h"
 246              		.section	.debug_info
 247 0000 10050000 		.4byte	0x510
 248 0004 0200     		.2byte	0x2
 249 0006 00000000 		.4byte	.Ldebug_abbrev0
 250 000a 04       		.byte	0x4
 251 000b 01       		.uleb128 0x1
 252 000c 7B020000 		.4byte	.LASF64
 253 0010 01       		.byte	0x1
 254 0011 DA010000 		.4byte	.LASF65
 255 0015 5F000000 		.4byte	.LASF66
 256 0019 00000000 		.4byte	0x0
 257 001d 00000000 		.4byte	0x0
 258 0021 18000000 		.4byte	.Ldebug_ranges0+0x18
 259 0025 00000000 		.4byte	.Ldebug_line0
 260 0029 02       		.uleb128 0x2
 261 002a 04       		.byte	0x4
 262 002b 05       		.byte	0x5
 263 002c 696E7400 		.ascii	"int\000"
 264 0030 03       		.uleb128 0x3
 265 0031 04       		.byte	0x4
 266 0032 07       		.byte	0x7
 267 0033 BE000000 		.4byte	.LASF0
 268 0037 03       		.uleb128 0x3
 269 0038 01       		.byte	0x1
 270 0039 06       		.byte	0x6
 271 003a 53000000 		.4byte	.LASF1
 272 003e 04       		.uleb128 0x4
 273 003f 6C020000 		.4byte	.LASF5
 274 0043 02       		.byte	0x2
 275 0044 2A       		.byte	0x2a
 276 0045 49000000 		.4byte	0x49
 277 0049 03       		.uleb128 0x3
 278 004a 01       		.byte	0x1
 279 004b 08       		.byte	0x8
 280 004c 70010000 		.4byte	.LASF2
ARM GAS  /tmp/ccWzjkKl.s 			page 6


 281 0050 03       		.uleb128 0x3
 282 0051 02       		.byte	0x2
 283 0052 05       		.byte	0x5
 284 0053 88010000 		.4byte	.LASF3
 285 0057 03       		.uleb128 0x3
 286 0058 02       		.byte	0x2
 287 0059 07       		.byte	0x7
 288 005a E5000000 		.4byte	.LASF4
 289 005e 04       		.uleb128 0x4
 290 005f 68010000 		.4byte	.LASF6
 291 0063 02       		.byte	0x2
 292 0064 4F       		.byte	0x4f
 293 0065 69000000 		.4byte	0x69
 294 0069 03       		.uleb128 0x3
 295 006a 04       		.byte	0x4
 296 006b 05       		.byte	0x5
 297 006c 8D000000 		.4byte	.LASF7
 298 0070 04       		.uleb128 0x4
 299 0071 C9010000 		.4byte	.LASF8
 300 0075 02       		.byte	0x2
 301 0076 50       		.byte	0x50
 302 0077 7B000000 		.4byte	0x7b
 303 007b 03       		.uleb128 0x3
 304 007c 04       		.byte	0x4
 305 007d 07       		.byte	0x7
 306 007e CB000000 		.4byte	.LASF9
 307 0082 03       		.uleb128 0x3
 308 0083 08       		.byte	0x8
 309 0084 05       		.byte	0x5
 310 0085 45000000 		.4byte	.LASF10
 311 0089 03       		.uleb128 0x3
 312 008a 08       		.byte	0x8
 313 008b 07       		.byte	0x7
 314 008c 0D000000 		.4byte	.LASF11
 315 0090 04       		.uleb128 0x4
 316 0091 FE000000 		.4byte	.LASF12
 317 0095 03       		.byte	0x3
 318 0096 2F       		.byte	0x2f
 319 0097 3E000000 		.4byte	0x3e
 320 009b 04       		.uleb128 0x4
 321 009c 96000000 		.4byte	.LASF13
 322 00a0 03       		.byte	0x3
 323 00a1 30       		.byte	0x30
 324 00a2 3E000000 		.4byte	0x3e
 325 00a6 04       		.uleb128 0x4
 326 00a7 51010000 		.4byte	.LASF14
 327 00ab 03       		.byte	0x3
 328 00ac 31       		.byte	0x31
 329 00ad 3E000000 		.4byte	0x3e
 330 00b1 04       		.uleb128 0x4
 331 00b2 60010000 		.4byte	.LASF15
 332 00b6 03       		.byte	0x3
 333 00b7 32       		.byte	0x32
 334 00b8 70000000 		.4byte	0x70
 335 00bc 04       		.uleb128 0x4
 336 00bd F8000000 		.4byte	.LASF16
 337 00c1 03       		.byte	0x3
ARM GAS  /tmp/ccWzjkKl.s 			page 7


 338 00c2 33       		.byte	0x33
 339 00c3 5E000000 		.4byte	0x5e
 340 00c7 04       		.uleb128 0x4
 341 00c8 12010000 		.4byte	.LASF17
 342 00cc 03       		.byte	0x3
 343 00cd 35       		.byte	0x35
 344 00ce 70000000 		.4byte	0x70
 345 00d2 04       		.uleb128 0x4
 346 00d3 27020000 		.4byte	.LASF18
 347 00d7 03       		.byte	0x3
 348 00d8 36       		.byte	0x36
 349 00d9 70000000 		.4byte	0x70
 350 00dd 04       		.uleb128 0x4
 351 00de B8000000 		.4byte	.LASF19
 352 00e2 03       		.byte	0x3
 353 00e3 37       		.byte	0x37
 354 00e4 5E000000 		.4byte	0x5e
 355 00e8 04       		.uleb128 0x4
 356 00e9 B7010000 		.4byte	.LASF20
 357 00ed 04       		.byte	0x4
 358 00ee 2A       		.byte	0x2a
 359 00ef F3000000 		.4byte	0xf3
 360 00f3 05       		.uleb128 0x5
 361 00f4 B7010000 		.4byte	.LASF20
 362 00f8 48       		.byte	0x48
 363 00f9 05       		.byte	0x5
 364 00fa 5E       		.byte	0x5e
 365 00fb 0A020000 		.4byte	0x20a
 366 00ff 06       		.uleb128 0x6
 367 0100 A8010000 		.4byte	.LASF21
 368 0104 05       		.byte	0x5
 369 0105 5F       		.byte	0x5f
 370 0106 2F020000 		.4byte	0x22f
 371 010a 02       		.byte	0x2
 372 010b 23       		.byte	0x23
 373 010c 00       		.uleb128 0x0
 374 010d 06       		.uleb128 0x6
 375 010e 59010000 		.4byte	.LASF22
 376 0112 05       		.byte	0x5
 377 0113 61       		.byte	0x61
 378 0114 2F020000 		.4byte	0x22f
 379 0118 02       		.byte	0x2
 380 0119 23       		.byte	0x23
 381 011a 04       		.uleb128 0x4
 382 011b 06       		.uleb128 0x6
 383 011c 3E000000 		.4byte	.LASF23
 384 0120 05       		.byte	0x5
 385 0121 63       		.byte	0x63
 386 0122 B1000000 		.4byte	0xb1
 387 0126 02       		.byte	0x2
 388 0127 23       		.byte	0x23
 389 0128 08       		.uleb128 0x8
 390 0129 06       		.uleb128 0x6
 391 012a A0020000 		.4byte	.LASF24
 392 012e 05       		.byte	0x5
 393 012f 64       		.byte	0x64
 394 0130 FC020000 		.4byte	0x2fc
ARM GAS  /tmp/ccWzjkKl.s 			page 8


 395 0134 02       		.byte	0x2
 396 0135 23       		.byte	0x23
 397 0136 0C       		.uleb128 0xc
 398 0137 06       		.uleb128 0x6
 399 0138 9F000000 		.4byte	.LASF25
 400 013c 05       		.byte	0x5
 401 013d 66       		.byte	0x66
 402 013e 2F020000 		.4byte	0x22f
 403 0142 02       		.byte	0x2
 404 0143 23       		.byte	0x23
 405 0144 10       		.uleb128 0x10
 406 0145 06       		.uleb128 0x6
 407 0146 24010000 		.4byte	.LASF26
 408 014a 05       		.byte	0x5
 409 014b 67       		.byte	0x67
 410 014c 2F020000 		.4byte	0x22f
 411 0150 02       		.byte	0x2
 412 0151 23       		.byte	0x23
 413 0152 14       		.uleb128 0x14
 414 0153 06       		.uleb128 0x6
 415 0154 87020000 		.4byte	.LASF27
 416 0158 05       		.byte	0x5
 417 0159 6E       		.byte	0x6e
 418 015a 17040000 		.4byte	0x417
 419 015e 02       		.byte	0x2
 420 015f 23       		.byte	0x23
 421 0160 18       		.uleb128 0x18
 422 0161 06       		.uleb128 0x6
 423 0162 92010000 		.4byte	.LASF28
 424 0166 05       		.byte	0x5
 425 0167 79       		.byte	0x79
 426 0168 9B000000 		.4byte	0x9b
 427 016c 02       		.byte	0x2
 428 016d 23       		.byte	0x23
 429 016e 1C       		.uleb128 0x1c
 430 016f 06       		.uleb128 0x6
 431 0170 AF010000 		.4byte	.LASF29
 432 0174 05       		.byte	0x5
 433 0175 7D       		.byte	0x7d
 434 0176 90000000 		.4byte	0x90
 435 017a 02       		.byte	0x2
 436 017b 23       		.byte	0x23
 437 017c 1D       		.uleb128 0x1d
 438 017d 06       		.uleb128 0x6
 439 017e 55020000 		.4byte	.LASF30
 440 0182 05       		.byte	0x5
 441 0183 82       		.byte	0x82
 442 0184 A6000000 		.4byte	0xa6
 443 0188 02       		.byte	0x2
 444 0189 23       		.byte	0x23
 445 018a 1E       		.uleb128 0x1e
 446 018b 06       		.uleb128 0x6
 447 018c 3C020000 		.4byte	.LASF31
 448 0190 05       		.byte	0x5
 449 0191 89       		.byte	0x89
 450 0192 1F030000 		.4byte	0x31f
 451 0196 02       		.byte	0x2
ARM GAS  /tmp/ccWzjkKl.s 			page 9


 452 0197 23       		.byte	0x23
 453 0198 20       		.uleb128 0x20
 454 0199 07       		.uleb128 0x7
 455 019a 705F7500 		.ascii	"p_u\000"
 456 019e 05       		.byte	0x5
 457 019f AE       		.byte	0xae
 458 01a0 E2030000 		.4byte	0x3e2
 459 01a4 02       		.byte	0x2
 460 01a5 23       		.byte	0x23
 461 01a6 24       		.uleb128 0x24
 462 01a7 06       		.uleb128 0x6
 463 01a8 A6020000 		.4byte	.LASF32
 464 01ac 05       		.byte	0x5
 465 01ad B3       		.byte	0xb3
 466 01ae 57020000 		.4byte	0x257
 467 01b2 02       		.byte	0x2
 468 01b3 23       		.byte	0x23
 469 01b4 28       		.uleb128 0x28
 470 01b5 06       		.uleb128 0x6
 471 01b6 4A020000 		.4byte	.LASF33
 472 01ba 05       		.byte	0x5
 473 01bb B9       		.byte	0xb9
 474 01bc 35020000 		.4byte	0x235
 475 01c0 02       		.byte	0x2
 476 01c1 23       		.byte	0x23
 477 01c2 2C       		.uleb128 0x2c
 478 01c3 06       		.uleb128 0x6
 479 01c4 00000000 		.4byte	.LASF34
 480 01c8 05       		.byte	0x5
 481 01c9 BD       		.byte	0xbd
 482 01ca BC000000 		.4byte	0xbc
 483 01ce 02       		.byte	0x2
 484 01cf 23       		.byte	0x23
 485 01d0 34       		.uleb128 0x34
 486 01d1 06       		.uleb128 0x6
 487 01d2 BE010000 		.4byte	.LASF35
 488 01d6 05       		.byte	0x5
 489 01d7 C3       		.byte	0xc3
 490 01d8 C7000000 		.4byte	0xc7
 491 01dc 02       		.byte	0x2
 492 01dd 23       		.byte	0x23
 493 01de 38       		.uleb128 0x38
 494 01df 06       		.uleb128 0x6
 495 01e0 7E010000 		.4byte	.LASF36
 496 01e4 05       		.byte	0x5
 497 01e5 CA       		.byte	0xca
 498 01e6 29040000 		.4byte	0x429
 499 01ea 02       		.byte	0x2
 500 01eb 23       		.byte	0x23
 501 01ec 3C       		.uleb128 0x3c
 502 01ed 06       		.uleb128 0x6
 503 01ee 31020000 		.4byte	.LASF37
 504 01f2 05       		.byte	0x5
 505 01f3 CE       		.byte	0xce
 506 01f4 B1000000 		.4byte	0xb1
 507 01f8 02       		.byte	0x2
 508 01f9 23       		.byte	0x23
ARM GAS  /tmp/ccWzjkKl.s 			page 10


 509 01fa 40       		.uleb128 0x40
 510 01fb 06       		.uleb128 0x6
 511 01fc 7D000000 		.4byte	.LASF38
 512 0200 05       		.byte	0x5
 513 0201 D4       		.byte	0xd4
 514 0202 6D020000 		.4byte	0x26d
 515 0206 02       		.byte	0x2
 516 0207 23       		.byte	0x23
 517 0208 44       		.uleb128 0x44
 518 0209 00       		.byte	0x0
 519 020a 08       		.uleb128 0x8
 520 020b 08       		.byte	0x8
 521 020c 04       		.byte	0x4
 522 020d 61       		.byte	0x61
 523 020e 2F020000 		.4byte	0x22f
 524 0212 06       		.uleb128 0x6
 525 0213 A8010000 		.4byte	.LASF21
 526 0217 04       		.byte	0x4
 527 0218 62       		.byte	0x62
 528 0219 2F020000 		.4byte	0x22f
 529 021d 02       		.byte	0x2
 530 021e 23       		.byte	0x23
 531 021f 00       		.uleb128 0x0
 532 0220 06       		.uleb128 0x6
 533 0221 59010000 		.4byte	.LASF22
 534 0225 04       		.byte	0x4
 535 0226 64       		.byte	0x64
 536 0227 2F020000 		.4byte	0x22f
 537 022b 02       		.byte	0x2
 538 022c 23       		.byte	0x23
 539 022d 04       		.uleb128 0x4
 540 022e 00       		.byte	0x0
 541 022f 09       		.uleb128 0x9
 542 0230 04       		.byte	0x4
 543 0231 E8000000 		.4byte	0xe8
 544 0235 04       		.uleb128 0x4
 545 0236 32010000 		.4byte	.LASF39
 546 023a 04       		.byte	0x4
 547 023b 66       		.byte	0x66
 548 023c 0A020000 		.4byte	0x20a
 549 0240 08       		.uleb128 0x8
 550 0241 04       		.byte	0x4
 551 0242 04       		.byte	0x4
 552 0243 6B       		.byte	0x6b
 553 0244 57020000 		.4byte	0x257
 554 0248 06       		.uleb128 0x6
 555 0249 A8010000 		.4byte	.LASF21
 556 024d 04       		.byte	0x4
 557 024e 6D       		.byte	0x6d
 558 024f 2F020000 		.4byte	0x22f
 559 0253 02       		.byte	0x2
 560 0254 23       		.byte	0x23
 561 0255 00       		.uleb128 0x0
 562 0256 00       		.byte	0x0
 563 0257 04       		.uleb128 0x4
 564 0258 06010000 		.4byte	.LASF40
 565 025c 04       		.byte	0x4
ARM GAS  /tmp/ccWzjkKl.s 			page 11


 566 025d 70       		.byte	0x70
 567 025e 40020000 		.4byte	0x240
 568 0262 04       		.uleb128 0x4
 569 0263 AF000000 		.4byte	.LASF41
 570 0267 06       		.byte	0x6
 571 0268 D7       		.byte	0xd7
 572 0269 6D020000 		.4byte	0x26d
 573 026d 0A       		.uleb128 0xa
 574 026e 04       		.byte	0x4
 575 026f 05       		.uleb128 0x5
 576 0270 43020000 		.4byte	.LASF42
 577 0274 24       		.byte	0x24
 578 0275 06       		.byte	0x6
 579 0276 FE       		.byte	0xfe
 580 0277 FC020000 		.4byte	0x2fc
 581 027b 0B       		.uleb128 0xb
 582 027c 723400   		.ascii	"r4\000"
 583 027f 06       		.byte	0x6
 584 0280 1101     		.2byte	0x111
 585 0282 62020000 		.4byte	0x262
 586 0286 02       		.byte	0x2
 587 0287 23       		.byte	0x23
 588 0288 00       		.uleb128 0x0
 589 0289 0B       		.uleb128 0xb
 590 028a 723500   		.ascii	"r5\000"
 591 028d 06       		.byte	0x6
 592 028e 1201     		.2byte	0x112
 593 0290 62020000 		.4byte	0x262
 594 0294 02       		.byte	0x2
 595 0295 23       		.byte	0x23
 596 0296 04       		.uleb128 0x4
 597 0297 0B       		.uleb128 0xb
 598 0298 723600   		.ascii	"r6\000"
 599 029b 06       		.byte	0x6
 600 029c 1301     		.2byte	0x113
 601 029e 62020000 		.4byte	0x262
 602 02a2 02       		.byte	0x2
 603 02a3 23       		.byte	0x23
 604 02a4 08       		.uleb128 0x8
 605 02a5 0B       		.uleb128 0xb
 606 02a6 723700   		.ascii	"r7\000"
 607 02a9 06       		.byte	0x6
 608 02aa 1401     		.2byte	0x114
 609 02ac 62020000 		.4byte	0x262
 610 02b0 02       		.byte	0x2
 611 02b1 23       		.byte	0x23
 612 02b2 0C       		.uleb128 0xc
 613 02b3 0B       		.uleb128 0xb
 614 02b4 723800   		.ascii	"r8\000"
 615 02b7 06       		.byte	0x6
 616 02b8 1501     		.2byte	0x115
 617 02ba 62020000 		.4byte	0x262
 618 02be 02       		.byte	0x2
 619 02bf 23       		.byte	0x23
 620 02c0 10       		.uleb128 0x10
 621 02c1 0B       		.uleb128 0xb
 622 02c2 723900   		.ascii	"r9\000"
ARM GAS  /tmp/ccWzjkKl.s 			page 12


 623 02c5 06       		.byte	0x6
 624 02c6 1601     		.2byte	0x116
 625 02c8 62020000 		.4byte	0x262
 626 02cc 02       		.byte	0x2
 627 02cd 23       		.byte	0x23
 628 02ce 14       		.uleb128 0x14
 629 02cf 0B       		.uleb128 0xb
 630 02d0 72313000 		.ascii	"r10\000"
 631 02d4 06       		.byte	0x6
 632 02d5 1701     		.2byte	0x117
 633 02d7 62020000 		.4byte	0x262
 634 02db 02       		.byte	0x2
 635 02dc 23       		.byte	0x23
 636 02dd 18       		.uleb128 0x18
 637 02de 0B       		.uleb128 0xb
 638 02df 72313100 		.ascii	"r11\000"
 639 02e3 06       		.byte	0x6
 640 02e4 1801     		.2byte	0x118
 641 02e6 62020000 		.4byte	0x262
 642 02ea 02       		.byte	0x2
 643 02eb 23       		.byte	0x23
 644 02ec 1C       		.uleb128 0x1c
 645 02ed 0B       		.uleb128 0xb
 646 02ee 6C7200   		.ascii	"lr\000"
 647 02f1 06       		.byte	0x6
 648 02f2 1901     		.2byte	0x119
 649 02f4 62020000 		.4byte	0x262
 650 02f8 02       		.byte	0x2
 651 02f9 23       		.byte	0x23
 652 02fa 20       		.uleb128 0x20
 653 02fb 00       		.byte	0x0
 654 02fc 0C       		.uleb128 0xc
 655 02fd DD000000 		.4byte	.LASF43
 656 0301 04       		.byte	0x4
 657 0302 06       		.byte	0x6
 658 0303 2301     		.2byte	0x123
 659 0305 19030000 		.4byte	0x319
 660 0309 0B       		.uleb128 0xb
 661 030a 72313300 		.ascii	"r13\000"
 662 030e 06       		.byte	0x6
 663 030f 2401     		.2byte	0x124
 664 0311 19030000 		.4byte	0x319
 665 0315 02       		.byte	0x2
 666 0316 23       		.byte	0x23
 667 0317 00       		.uleb128 0x0
 668 0318 00       		.byte	0x0
 669 0319 09       		.uleb128 0x9
 670 031a 04       		.byte	0x4
 671 031b 6F020000 		.4byte	0x26f
 672 031f 0D       		.uleb128 0xd
 673 0320 D2000000 		.4byte	0xd2
 674 0324 08       		.uleb128 0x8
 675 0325 20       		.byte	0x20
 676 0326 07       		.byte	0x7
 677 0327 5E       		.byte	0x5e
 678 0328 8F030000 		.4byte	0x38f
 679 032c 06       		.uleb128 0x6
ARM GAS  /tmp/ccWzjkKl.s 			page 13


 680 032d D2010000 		.4byte	.LASF44
 681 0331 07       		.byte	0x7
 682 0332 5F       		.byte	0x5f
 683 0333 35020000 		.4byte	0x235
 684 0337 02       		.byte	0x2
 685 0338 23       		.byte	0x23
 686 0339 00       		.uleb128 0x0
 687 033a 06       		.uleb128 0x6
 688 033b 9A010000 		.4byte	.LASF45
 689 033f 07       		.byte	0x7
 690 0340 60       		.byte	0x60
 691 0341 B1000000 		.4byte	0xb1
 692 0345 02       		.byte	0x2
 693 0346 23       		.byte	0x23
 694 0347 08       		.uleb128 0x8
 695 0348 06       		.uleb128 0x6
 696 0349 2C010000 		.4byte	.LASF46
 697 034d 07       		.byte	0x7
 698 034e 62       		.byte	0x62
 699 034f FC020000 		.4byte	0x2fc
 700 0353 02       		.byte	0x2
 701 0354 23       		.byte	0x23
 702 0355 0C       		.uleb128 0xc
 703 0356 06       		.uleb128 0x6
 704 0357 A7000000 		.4byte	.LASF47
 705 035b 07       		.byte	0x7
 706 035c 65       		.byte	0x65
 707 035d 2F020000 		.4byte	0x22f
 708 0361 02       		.byte	0x2
 709 0362 23       		.byte	0x23
 710 0363 10       		.uleb128 0x10
 711 0364 06       		.uleb128 0x6
 712 0365 49010000 		.4byte	.LASF48
 713 0369 07       		.byte	0x7
 714 036a 66       		.byte	0x66
 715 036b 2F020000 		.4byte	0x22f
 716 036f 02       		.byte	0x2
 717 0370 23       		.byte	0x23
 718 0371 14       		.uleb128 0x14
 719 0372 06       		.uleb128 0x6
 720 0373 8E020000 		.4byte	.LASF49
 721 0377 07       		.byte	0x7
 722 0378 6A       		.byte	0x6a
 723 0379 DD000000 		.4byte	0xdd
 724 037d 02       		.byte	0x2
 725 037e 23       		.byte	0x23
 726 037f 18       		.uleb128 0x18
 727 0380 06       		.uleb128 0x6
 728 0381 3F010000 		.4byte	.LASF50
 729 0385 07       		.byte	0x7
 730 0386 6C       		.byte	0x6c
 731 0387 2F020000 		.4byte	0x22f
 732 038b 02       		.byte	0x2
 733 038c 23       		.byte	0x23
 734 038d 1C       		.uleb128 0x1c
 735 038e 00       		.byte	0x0
 736 038f 04       		.uleb128 0x4
ARM GAS  /tmp/ccWzjkKl.s 			page 14


 737 0390 5C020000 		.4byte	.LASF51
 738 0394 07       		.byte	0x7
 739 0395 6E       		.byte	0x6e
 740 0396 24030000 		.4byte	0x324
 741 039a 05       		.uleb128 0x5
 742 039b 1E010000 		.4byte	.LASF52
 743 039f 10       		.byte	0x10
 744 03a0 08       		.byte	0x8
 745 03a1 2C       		.byte	0x2c
 746 03a2 D1030000 		.4byte	0x3d1
 747 03a6 06       		.uleb128 0x6
 748 03a7 85000000 		.4byte	.LASF53
 749 03ab 08       		.byte	0x8
 750 03ac 2D       		.byte	0x2d
 751 03ad 35020000 		.4byte	0x235
 752 03b1 02       		.byte	0x2
 753 03b2 23       		.byte	0x23
 754 03b3 00       		.uleb128 0x0
 755 03b4 06       		.uleb128 0x6
 756 03b5 98020000 		.4byte	.LASF54
 757 03b9 08       		.byte	0x8
 758 03ba 2F       		.byte	0x2f
 759 03bb 2F020000 		.4byte	0x22f
 760 03bf 02       		.byte	0x2
 761 03c0 23       		.byte	0x23
 762 03c1 08       		.uleb128 0x8
 763 03c2 06       		.uleb128 0x6
 764 03c3 20020000 		.4byte	.LASF55
 765 03c7 08       		.byte	0x8
 766 03c8 31       		.byte	0x31
 767 03c9 D1030000 		.4byte	0x3d1
 768 03cd 02       		.byte	0x2
 769 03ce 23       		.byte	0x23
 770 03cf 0C       		.uleb128 0xc
 771 03d0 00       		.byte	0x0
 772 03d1 09       		.uleb128 0x9
 773 03d2 04       		.byte	0x4
 774 03d3 9A030000 		.4byte	0x39a
 775 03d7 04       		.uleb128 0x4
 776 03d8 1E010000 		.4byte	.LASF52
 777 03dc 08       		.byte	0x8
 778 03dd 33       		.byte	0x33
 779 03de 9A030000 		.4byte	0x39a
 780 03e2 0E       		.uleb128 0xe
 781 03e3 04       		.byte	0x4
 782 03e4 05       		.byte	0x5
 783 03e5 90       		.byte	0x90
 784 03e6 17040000 		.4byte	0x417
 785 03ea 0F       		.uleb128 0xf
 786 03eb 06000000 		.4byte	.LASF56
 787 03ef 05       		.byte	0x5
 788 03f0 97       		.byte	0x97
 789 03f1 BC000000 		.4byte	0xbc
 790 03f5 0F       		.uleb128 0xf
 791 03f6 24000000 		.4byte	.LASF57
 792 03fa 05       		.byte	0x5
 793 03fb 9E       		.byte	0x9e
ARM GAS  /tmp/ccWzjkKl.s 			page 15


 794 03fc BC000000 		.4byte	0xbc
 795 0400 0F       		.uleb128 0xf
 796 0401 74020000 		.4byte	.LASF58
 797 0405 05       		.byte	0x5
 798 0406 A5       		.byte	0xa5
 799 0407 6D020000 		.4byte	0x26d
 800 040b 0F       		.uleb128 0xf
 801 040c A1010000 		.4byte	.LASF59
 802 0410 05       		.byte	0x5
 803 0411 AC       		.byte	0xac
 804 0412 C7000000 		.4byte	0xc7
 805 0416 00       		.byte	0x0
 806 0417 09       		.uleb128 0x9
 807 0418 04       		.byte	0x4
 808 0419 1D040000 		.4byte	0x41d
 809 041d 10       		.uleb128 0x10
 810 041e 22040000 		.4byte	0x422
 811 0422 03       		.uleb128 0x3
 812 0423 01       		.byte	0x1
 813 0424 08       		.byte	0x8
 814 0425 0B020000 		.4byte	.LASF60
 815 0429 09       		.uleb128 0x9
 816 042a 04       		.byte	0x4
 817 042b D7030000 		.4byte	0x3d7
 818 042f 11       		.uleb128 0x11
 819 0430 01       		.byte	0x1
 820 0431 2D000000 		.4byte	.LASF61
 821 0435 01       		.byte	0x1
 822 0436 48       		.byte	0x48
 823 0437 01       		.byte	0x1
 824 0438 2F020000 		.4byte	0x22f
 825 043c 00000000 		.4byte	.LFB7
 826 0440 1C000000 		.4byte	.LFE7
 827 0444 02       		.byte	0x2
 828 0445 7D       		.byte	0x7d
 829 0446 00       		.sleb128 0
 830 0447 8C040000 		.4byte	0x48c
 831 044b 12       		.uleb128 0x12
 832 044c 747000   		.ascii	"tp\000"
 833 044f 01       		.byte	0x1
 834 0450 49       		.byte	0x49
 835 0451 2F020000 		.4byte	0x22f
 836 0455 13       		.uleb128 0x13
 837 0456 00000000 		.4byte	.LBB2
 838 045a 06000000 		.4byte	.LBE2
 839 045e 72040000 		.4byte	0x472
 840 0462 14       		.uleb128 0x14
 841 0463 746D7000 		.ascii	"tmp\000"
 842 0467 01       		.byte	0x1
 843 0468 4B       		.byte	0x4b
 844 0469 70000000 		.4byte	0x70
 845 046d 00000000 		.4byte	.LLST0
 846 0471 00       		.byte	0x0
 847 0472 15       		.uleb128 0x15
 848 0473 10000000 		.4byte	.LBB3
 849 0477 16000000 		.4byte	.LBE3
 850 047b 14       		.uleb128 0x14
ARM GAS  /tmp/ccWzjkKl.s 			page 16


 851 047c 746D7000 		.ascii	"tmp\000"
 852 0480 01       		.byte	0x1
 853 0481 50       		.byte	0x50
 854 0482 70000000 		.4byte	0x70
 855 0486 13000000 		.4byte	.LLST1
 856 048a 00       		.byte	0x0
 857 048b 00       		.byte	0x0
 858 048c 16       		.uleb128 0x16
 859 048d 01       		.byte	0x1
 860 048e 10020000 		.4byte	.LASF62
 861 0492 01       		.byte	0x1
 862 0493 5F       		.byte	0x5f
 863 0494 01       		.byte	0x1
 864 0495 2F020000 		.4byte	0x22f
 865 0499 00000000 		.4byte	.LFB8
 866 049d 38000000 		.4byte	.LFE8
 867 04a1 26000000 		.4byte	.LLST2
 868 04a5 F9040000 		.4byte	0x4f9
 869 04a9 17       		.uleb128 0x17
 870 04aa 747000   		.ascii	"tp\000"
 871 04ad 01       		.byte	0x1
 872 04ae 5F       		.byte	0x5f
 873 04af 2F020000 		.4byte	0x22f
 874 04b3 46000000 		.4byte	.LLST3
 875 04b7 14       		.uleb128 0x14
 876 04b8 6E747000 		.ascii	"ntp\000"
 877 04bc 01       		.byte	0x1
 878 04bd 60       		.byte	0x60
 879 04be 2F020000 		.4byte	0x22f
 880 04c2 64000000 		.4byte	.LLST4
 881 04c6 13       		.uleb128 0x13
 882 04c7 02000000 		.4byte	.LBB4
 883 04cb 08000000 		.4byte	.LBE4
 884 04cf E3040000 		.4byte	0x4e3
 885 04d3 14       		.uleb128 0x14
 886 04d4 746D7000 		.ascii	"tmp\000"
 887 04d8 01       		.byte	0x1
 888 04d9 62       		.byte	0x62
 889 04da 70000000 		.4byte	0x70
 890 04de 8E000000 		.4byte	.LLST5
 891 04e2 00       		.byte	0x0
 892 04e3 18       		.uleb128 0x18
 893 04e4 00000000 		.4byte	.Ldebug_ranges0+0x0
 894 04e8 14       		.uleb128 0x14
 895 04e9 746D7000 		.ascii	"tmp\000"
 896 04ed 01       		.byte	0x1
 897 04ee 6D       		.byte	0x6d
 898 04ef 70000000 		.4byte	0x70
 899 04f3 A1000000 		.4byte	.LLST6
 900 04f7 00       		.byte	0x0
 901 04f8 00       		.byte	0x0
 902 04f9 19       		.uleb128 0x19
 903 04fa 66020000 		.4byte	.LASF63
 904 04fe 07       		.byte	0x7
 905 04ff 72       		.byte	0x72
 906 0500 8F030000 		.4byte	0x38f
 907 0504 01       		.byte	0x1
ARM GAS  /tmp/ccWzjkKl.s 			page 17


 908 0505 01       		.byte	0x1
 909 0506 19       		.uleb128 0x19
 910 0507 66020000 		.4byte	.LASF63
 911 050b 07       		.byte	0x7
 912 050c 72       		.byte	0x72
 913 050d 8F030000 		.4byte	0x38f
 914 0511 01       		.byte	0x1
 915 0512 01       		.byte	0x1
 916 0513 00       		.byte	0x0
 917              		.section	.debug_abbrev
 918 0000 01       		.uleb128 0x1
 919 0001 11       		.uleb128 0x11
 920 0002 01       		.byte	0x1
 921 0003 25       		.uleb128 0x25
 922 0004 0E       		.uleb128 0xe
 923 0005 13       		.uleb128 0x13
 924 0006 0B       		.uleb128 0xb
 925 0007 03       		.uleb128 0x3
 926 0008 0E       		.uleb128 0xe
 927 0009 1B       		.uleb128 0x1b
 928 000a 0E       		.uleb128 0xe
 929 000b 11       		.uleb128 0x11
 930 000c 01       		.uleb128 0x1
 931 000d 52       		.uleb128 0x52
 932 000e 01       		.uleb128 0x1
 933 000f 55       		.uleb128 0x55
 934 0010 06       		.uleb128 0x6
 935 0011 10       		.uleb128 0x10
 936 0012 06       		.uleb128 0x6
 937 0013 00       		.byte	0x0
 938 0014 00       		.byte	0x0
 939 0015 02       		.uleb128 0x2
 940 0016 24       		.uleb128 0x24
 941 0017 00       		.byte	0x0
 942 0018 0B       		.uleb128 0xb
 943 0019 0B       		.uleb128 0xb
 944 001a 3E       		.uleb128 0x3e
 945 001b 0B       		.uleb128 0xb
 946 001c 03       		.uleb128 0x3
 947 001d 08       		.uleb128 0x8
 948 001e 00       		.byte	0x0
 949 001f 00       		.byte	0x0
 950 0020 03       		.uleb128 0x3
 951 0021 24       		.uleb128 0x24
 952 0022 00       		.byte	0x0
 953 0023 0B       		.uleb128 0xb
 954 0024 0B       		.uleb128 0xb
 955 0025 3E       		.uleb128 0x3e
 956 0026 0B       		.uleb128 0xb
 957 0027 03       		.uleb128 0x3
 958 0028 0E       		.uleb128 0xe
 959 0029 00       		.byte	0x0
 960 002a 00       		.byte	0x0
 961 002b 04       		.uleb128 0x4
 962 002c 16       		.uleb128 0x16
 963 002d 00       		.byte	0x0
 964 002e 03       		.uleb128 0x3
ARM GAS  /tmp/ccWzjkKl.s 			page 18


 965 002f 0E       		.uleb128 0xe
 966 0030 3A       		.uleb128 0x3a
 967 0031 0B       		.uleb128 0xb
 968 0032 3B       		.uleb128 0x3b
 969 0033 0B       		.uleb128 0xb
 970 0034 49       		.uleb128 0x49
 971 0035 13       		.uleb128 0x13
 972 0036 00       		.byte	0x0
 973 0037 00       		.byte	0x0
 974 0038 05       		.uleb128 0x5
 975 0039 13       		.uleb128 0x13
 976 003a 01       		.byte	0x1
 977 003b 03       		.uleb128 0x3
 978 003c 0E       		.uleb128 0xe
 979 003d 0B       		.uleb128 0xb
 980 003e 0B       		.uleb128 0xb
 981 003f 3A       		.uleb128 0x3a
 982 0040 0B       		.uleb128 0xb
 983 0041 3B       		.uleb128 0x3b
 984 0042 0B       		.uleb128 0xb
 985 0043 01       		.uleb128 0x1
 986 0044 13       		.uleb128 0x13
 987 0045 00       		.byte	0x0
 988 0046 00       		.byte	0x0
 989 0047 06       		.uleb128 0x6
 990 0048 0D       		.uleb128 0xd
 991 0049 00       		.byte	0x0
 992 004a 03       		.uleb128 0x3
 993 004b 0E       		.uleb128 0xe
 994 004c 3A       		.uleb128 0x3a
 995 004d 0B       		.uleb128 0xb
 996 004e 3B       		.uleb128 0x3b
 997 004f 0B       		.uleb128 0xb
 998 0050 49       		.uleb128 0x49
 999 0051 13       		.uleb128 0x13
 1000 0052 38       		.uleb128 0x38
 1001 0053 0A       		.uleb128 0xa
 1002 0054 00       		.byte	0x0
 1003 0055 00       		.byte	0x0
 1004 0056 07       		.uleb128 0x7
 1005 0057 0D       		.uleb128 0xd
 1006 0058 00       		.byte	0x0
 1007 0059 03       		.uleb128 0x3
 1008 005a 08       		.uleb128 0x8
 1009 005b 3A       		.uleb128 0x3a
 1010 005c 0B       		.uleb128 0xb
 1011 005d 3B       		.uleb128 0x3b
 1012 005e 0B       		.uleb128 0xb
 1013 005f 49       		.uleb128 0x49
 1014 0060 13       		.uleb128 0x13
 1015 0061 38       		.uleb128 0x38
 1016 0062 0A       		.uleb128 0xa
 1017 0063 00       		.byte	0x0
 1018 0064 00       		.byte	0x0
 1019 0065 08       		.uleb128 0x8
 1020 0066 13       		.uleb128 0x13
 1021 0067 01       		.byte	0x1
ARM GAS  /tmp/ccWzjkKl.s 			page 19


 1022 0068 0B       		.uleb128 0xb
 1023 0069 0B       		.uleb128 0xb
 1024 006a 3A       		.uleb128 0x3a
 1025 006b 0B       		.uleb128 0xb
 1026 006c 3B       		.uleb128 0x3b
 1027 006d 0B       		.uleb128 0xb
 1028 006e 01       		.uleb128 0x1
 1029 006f 13       		.uleb128 0x13
 1030 0070 00       		.byte	0x0
 1031 0071 00       		.byte	0x0
 1032 0072 09       		.uleb128 0x9
 1033 0073 0F       		.uleb128 0xf
 1034 0074 00       		.byte	0x0
 1035 0075 0B       		.uleb128 0xb
 1036 0076 0B       		.uleb128 0xb
 1037 0077 49       		.uleb128 0x49
 1038 0078 13       		.uleb128 0x13
 1039 0079 00       		.byte	0x0
 1040 007a 00       		.byte	0x0
 1041 007b 0A       		.uleb128 0xa
 1042 007c 0F       		.uleb128 0xf
 1043 007d 00       		.byte	0x0
 1044 007e 0B       		.uleb128 0xb
 1045 007f 0B       		.uleb128 0xb
 1046 0080 00       		.byte	0x0
 1047 0081 00       		.byte	0x0
 1048 0082 0B       		.uleb128 0xb
 1049 0083 0D       		.uleb128 0xd
 1050 0084 00       		.byte	0x0
 1051 0085 03       		.uleb128 0x3
 1052 0086 08       		.uleb128 0x8
 1053 0087 3A       		.uleb128 0x3a
 1054 0088 0B       		.uleb128 0xb
 1055 0089 3B       		.uleb128 0x3b
 1056 008a 05       		.uleb128 0x5
 1057 008b 49       		.uleb128 0x49
 1058 008c 13       		.uleb128 0x13
 1059 008d 38       		.uleb128 0x38
 1060 008e 0A       		.uleb128 0xa
 1061 008f 00       		.byte	0x0
 1062 0090 00       		.byte	0x0
 1063 0091 0C       		.uleb128 0xc
 1064 0092 13       		.uleb128 0x13
 1065 0093 01       		.byte	0x1
 1066 0094 03       		.uleb128 0x3
 1067 0095 0E       		.uleb128 0xe
 1068 0096 0B       		.uleb128 0xb
 1069 0097 0B       		.uleb128 0xb
 1070 0098 3A       		.uleb128 0x3a
 1071 0099 0B       		.uleb128 0xb
 1072 009a 3B       		.uleb128 0x3b
 1073 009b 05       		.uleb128 0x5
 1074 009c 01       		.uleb128 0x1
 1075 009d 13       		.uleb128 0x13
 1076 009e 00       		.byte	0x0
 1077 009f 00       		.byte	0x0
 1078 00a0 0D       		.uleb128 0xd
ARM GAS  /tmp/ccWzjkKl.s 			page 20


 1079 00a1 35       		.uleb128 0x35
 1080 00a2 00       		.byte	0x0
 1081 00a3 49       		.uleb128 0x49
 1082 00a4 13       		.uleb128 0x13
 1083 00a5 00       		.byte	0x0
 1084 00a6 00       		.byte	0x0
 1085 00a7 0E       		.uleb128 0xe
 1086 00a8 17       		.uleb128 0x17
 1087 00a9 01       		.byte	0x1
 1088 00aa 0B       		.uleb128 0xb
 1089 00ab 0B       		.uleb128 0xb
 1090 00ac 3A       		.uleb128 0x3a
 1091 00ad 0B       		.uleb128 0xb
 1092 00ae 3B       		.uleb128 0x3b
 1093 00af 0B       		.uleb128 0xb
 1094 00b0 01       		.uleb128 0x1
 1095 00b1 13       		.uleb128 0x13
 1096 00b2 00       		.byte	0x0
 1097 00b3 00       		.byte	0x0
 1098 00b4 0F       		.uleb128 0xf
 1099 00b5 0D       		.uleb128 0xd
 1100 00b6 00       		.byte	0x0
 1101 00b7 03       		.uleb128 0x3
 1102 00b8 0E       		.uleb128 0xe
 1103 00b9 3A       		.uleb128 0x3a
 1104 00ba 0B       		.uleb128 0xb
 1105 00bb 3B       		.uleb128 0x3b
 1106 00bc 0B       		.uleb128 0xb
 1107 00bd 49       		.uleb128 0x49
 1108 00be 13       		.uleb128 0x13
 1109 00bf 00       		.byte	0x0
 1110 00c0 00       		.byte	0x0
 1111 00c1 10       		.uleb128 0x10
 1112 00c2 26       		.uleb128 0x26
 1113 00c3 00       		.byte	0x0
 1114 00c4 49       		.uleb128 0x49
 1115 00c5 13       		.uleb128 0x13
 1116 00c6 00       		.byte	0x0
 1117 00c7 00       		.byte	0x0
 1118 00c8 11       		.uleb128 0x11
 1119 00c9 2E       		.uleb128 0x2e
 1120 00ca 01       		.byte	0x1
 1121 00cb 3F       		.uleb128 0x3f
 1122 00cc 0C       		.uleb128 0xc
 1123 00cd 03       		.uleb128 0x3
 1124 00ce 0E       		.uleb128 0xe
 1125 00cf 3A       		.uleb128 0x3a
 1126 00d0 0B       		.uleb128 0xb
 1127 00d1 3B       		.uleb128 0x3b
 1128 00d2 0B       		.uleb128 0xb
 1129 00d3 27       		.uleb128 0x27
 1130 00d4 0C       		.uleb128 0xc
 1131 00d5 49       		.uleb128 0x49
 1132 00d6 13       		.uleb128 0x13
 1133 00d7 11       		.uleb128 0x11
 1134 00d8 01       		.uleb128 0x1
 1135 00d9 12       		.uleb128 0x12
ARM GAS  /tmp/ccWzjkKl.s 			page 21


 1136 00da 01       		.uleb128 0x1
 1137 00db 40       		.uleb128 0x40
 1138 00dc 0A       		.uleb128 0xa
 1139 00dd 01       		.uleb128 0x1
 1140 00de 13       		.uleb128 0x13
 1141 00df 00       		.byte	0x0
 1142 00e0 00       		.byte	0x0
 1143 00e1 12       		.uleb128 0x12
 1144 00e2 34       		.uleb128 0x34
 1145 00e3 00       		.byte	0x0
 1146 00e4 03       		.uleb128 0x3
 1147 00e5 08       		.uleb128 0x8
 1148 00e6 3A       		.uleb128 0x3a
 1149 00e7 0B       		.uleb128 0xb
 1150 00e8 3B       		.uleb128 0x3b
 1151 00e9 0B       		.uleb128 0xb
 1152 00ea 49       		.uleb128 0x49
 1153 00eb 13       		.uleb128 0x13
 1154 00ec 00       		.byte	0x0
 1155 00ed 00       		.byte	0x0
 1156 00ee 13       		.uleb128 0x13
 1157 00ef 0B       		.uleb128 0xb
 1158 00f0 01       		.byte	0x1
 1159 00f1 11       		.uleb128 0x11
 1160 00f2 01       		.uleb128 0x1
 1161 00f3 12       		.uleb128 0x12
 1162 00f4 01       		.uleb128 0x1
 1163 00f5 01       		.uleb128 0x1
 1164 00f6 13       		.uleb128 0x13
 1165 00f7 00       		.byte	0x0
 1166 00f8 00       		.byte	0x0
 1167 00f9 14       		.uleb128 0x14
 1168 00fa 34       		.uleb128 0x34
 1169 00fb 00       		.byte	0x0
 1170 00fc 03       		.uleb128 0x3
 1171 00fd 08       		.uleb128 0x8
 1172 00fe 3A       		.uleb128 0x3a
 1173 00ff 0B       		.uleb128 0xb
 1174 0100 3B       		.uleb128 0x3b
 1175 0101 0B       		.uleb128 0xb
 1176 0102 49       		.uleb128 0x49
 1177 0103 13       		.uleb128 0x13
 1178 0104 02       		.uleb128 0x2
 1179 0105 06       		.uleb128 0x6
 1180 0106 00       		.byte	0x0
 1181 0107 00       		.byte	0x0
 1182 0108 15       		.uleb128 0x15
 1183 0109 0B       		.uleb128 0xb
 1184 010a 01       		.byte	0x1
 1185 010b 11       		.uleb128 0x11
 1186 010c 01       		.uleb128 0x1
 1187 010d 12       		.uleb128 0x12
 1188 010e 01       		.uleb128 0x1
 1189 010f 00       		.byte	0x0
 1190 0110 00       		.byte	0x0
 1191 0111 16       		.uleb128 0x16
 1192 0112 2E       		.uleb128 0x2e
ARM GAS  /tmp/ccWzjkKl.s 			page 22


 1193 0113 01       		.byte	0x1
 1194 0114 3F       		.uleb128 0x3f
 1195 0115 0C       		.uleb128 0xc
 1196 0116 03       		.uleb128 0x3
 1197 0117 0E       		.uleb128 0xe
 1198 0118 3A       		.uleb128 0x3a
 1199 0119 0B       		.uleb128 0xb
 1200 011a 3B       		.uleb128 0x3b
 1201 011b 0B       		.uleb128 0xb
 1202 011c 27       		.uleb128 0x27
 1203 011d 0C       		.uleb128 0xc
 1204 011e 49       		.uleb128 0x49
 1205 011f 13       		.uleb128 0x13
 1206 0120 11       		.uleb128 0x11
 1207 0121 01       		.uleb128 0x1
 1208 0122 12       		.uleb128 0x12
 1209 0123 01       		.uleb128 0x1
 1210 0124 40       		.uleb128 0x40
 1211 0125 06       		.uleb128 0x6
 1212 0126 01       		.uleb128 0x1
 1213 0127 13       		.uleb128 0x13
 1214 0128 00       		.byte	0x0
 1215 0129 00       		.byte	0x0
 1216 012a 17       		.uleb128 0x17
 1217 012b 05       		.uleb128 0x5
 1218 012c 00       		.byte	0x0
 1219 012d 03       		.uleb128 0x3
 1220 012e 08       		.uleb128 0x8
 1221 012f 3A       		.uleb128 0x3a
 1222 0130 0B       		.uleb128 0xb
 1223 0131 3B       		.uleb128 0x3b
 1224 0132 0B       		.uleb128 0xb
 1225 0133 49       		.uleb128 0x49
 1226 0134 13       		.uleb128 0x13
 1227 0135 02       		.uleb128 0x2
 1228 0136 06       		.uleb128 0x6
 1229 0137 00       		.byte	0x0
 1230 0138 00       		.byte	0x0
 1231 0139 18       		.uleb128 0x18
 1232 013a 0B       		.uleb128 0xb
 1233 013b 01       		.byte	0x1
 1234 013c 55       		.uleb128 0x55
 1235 013d 06       		.uleb128 0x6
 1236 013e 00       		.byte	0x0
 1237 013f 00       		.byte	0x0
 1238 0140 19       		.uleb128 0x19
 1239 0141 34       		.uleb128 0x34
 1240 0142 00       		.byte	0x0
 1241 0143 03       		.uleb128 0x3
 1242 0144 0E       		.uleb128 0xe
 1243 0145 3A       		.uleb128 0x3a
 1244 0146 0B       		.uleb128 0xb
 1245 0147 3B       		.uleb128 0x3b
 1246 0148 0B       		.uleb128 0xb
 1247 0149 49       		.uleb128 0x49
 1248 014a 13       		.uleb128 0x13
 1249 014b 3F       		.uleb128 0x3f
ARM GAS  /tmp/ccWzjkKl.s 			page 23


 1250 014c 0C       		.uleb128 0xc
 1251 014d 3C       		.uleb128 0x3c
 1252 014e 0C       		.uleb128 0xc
 1253 014f 00       		.byte	0x0
 1254 0150 00       		.byte	0x0
 1255 0151 00       		.byte	0x0
 1256              		.section	.debug_pubnames,"",%progbits
 1257 0000 37000000 		.4byte	0x37
 1258 0004 0200     		.2byte	0x2
 1259 0006 00000000 		.4byte	.Ldebug_info0
 1260 000a 14050000 		.4byte	0x514
 1261 000e 2F040000 		.4byte	0x42f
 1262 0012 63685265 		.ascii	"chRegFirstThread\000"
 1262      67466972 
 1262      73745468 
 1262      72656164 
 1262      00
 1263 0023 8C040000 		.4byte	0x48c
 1264 0027 63685265 		.ascii	"chRegNextThread\000"
 1264      674E6578 
 1264      74546872 
 1264      65616400 
 1265 0037 00000000 		.4byte	0x0
 1266              		.section	.debug_pubtypes,"",%progbits
 1267 0000 13010000 		.4byte	0x113
 1268 0004 0200     		.2byte	0x2
 1269 0006 00000000 		.4byte	.Ldebug_info0
 1270 000a 14050000 		.4byte	0x514
 1271 000e 3E000000 		.4byte	0x3e
 1272 0012 75696E74 		.ascii	"uint8_t\000"
 1272      385F7400 
 1273 001a 5E000000 		.4byte	0x5e
 1274 001e 696E7433 		.ascii	"int32_t\000"
 1274      325F7400 
 1275 0026 70000000 		.4byte	0x70
 1276 002a 75696E74 		.ascii	"uint32_t\000"
 1276      33325F74 
 1276      00
 1277 0033 90000000 		.4byte	0x90
 1278 0037 746D6F64 		.ascii	"tmode_t\000"
 1278      655F7400 
 1279 003f 9B000000 		.4byte	0x9b
 1280 0043 74737461 		.ascii	"tstate_t\000"
 1280      74655F74 
 1280      00
 1281 004c A6000000 		.4byte	0xa6
 1282 0050 74726566 		.ascii	"trefs_t\000"
 1282      735F7400 
 1283 0058 B1000000 		.4byte	0xb1
 1284 005c 74707269 		.ascii	"tprio_t\000"
 1284      6F5F7400 
 1285 0064 BC000000 		.4byte	0xbc
 1286 0068 6D73675F 		.ascii	"msg_t\000"
 1286      7400
 1287 006e C7000000 		.4byte	0xc7
 1288 0072 6576656E 		.ascii	"eventmask_t\000"
 1288      746D6173 
ARM GAS  /tmp/ccWzjkKl.s 			page 24


 1288      6B5F7400 
 1289 007e D2000000 		.4byte	0xd2
 1290 0082 73797374 		.ascii	"systime_t\000"
 1290      696D655F 
 1290      7400
 1291 008c DD000000 		.4byte	0xdd
 1292 0090 636E745F 		.ascii	"cnt_t\000"
 1292      7400
 1293 0096 E8000000 		.4byte	0xe8
 1294 009a 54687265 		.ascii	"Thread\000"
 1294      616400
 1295 00a1 35020000 		.4byte	0x235
 1296 00a5 54687265 		.ascii	"ThreadsQueue\000"
 1296      61647351 
 1296      75657565 
 1296      00
 1297 00b2 57020000 		.4byte	0x257
 1298 00b6 54687265 		.ascii	"ThreadsList\000"
 1298      6164734C 
 1298      69737400 
 1299 00c2 62020000 		.4byte	0x262
 1300 00c6 72656761 		.ascii	"regarm_t\000"
 1300      726D5F74 
 1300      00
 1301 00cf 6F020000 		.4byte	0x26f
 1302 00d3 696E7463 		.ascii	"intctx\000"
 1302      747800
 1303 00da FC020000 		.4byte	0x2fc
 1304 00de 636F6E74 		.ascii	"context\000"
 1304      65787400 
 1305 00e6 8F030000 		.4byte	0x38f
 1306 00ea 52656164 		.ascii	"ReadyList\000"
 1306      794C6973 
 1306      7400
 1307 00f4 9A030000 		.4byte	0x39a
 1308 00f8 4D757465 		.ascii	"Mutex\000"
 1308      7800
 1309 00fe D7030000 		.4byte	0x3d7
 1310 0102 4D757465 		.ascii	"Mutex\000"
 1310      7800
 1311 0108 F3000000 		.4byte	0xf3
 1312 010c 54687265 		.ascii	"Thread\000"
 1312      616400
 1313 0113 00000000 		.4byte	0x0
 1314              		.section	.debug_aranges,"",%progbits
 1315 0000 24000000 		.4byte	0x24
 1316 0004 0200     		.2byte	0x2
 1317 0006 00000000 		.4byte	.Ldebug_info0
 1318 000a 04       		.byte	0x4
 1319 000b 00       		.byte	0x0
 1320 000c 0000     		.2byte	0x0
 1321 000e 0000     		.2byte	0x0
 1322 0010 00000000 		.4byte	.LFB7
 1323 0014 1C000000 		.4byte	.LFE7-.LFB7
 1324 0018 00000000 		.4byte	.LFB8
 1325 001c 38000000 		.4byte	.LFE8-.LFB8
 1326 0020 00000000 		.4byte	0x0
ARM GAS  /tmp/ccWzjkKl.s 			page 25


 1327 0024 00000000 		.4byte	0x0
 1328              		.section	.debug_ranges,"",%progbits
 1329              	.Ldebug_ranges0:
 1330 0000 16000000 		.4byte	.LBB5
 1331 0004 1C000000 		.4byte	.LBE5
 1332 0008 26000000 		.4byte	.LBB6
 1333 000c 2C000000 		.4byte	.LBE6
 1334 0010 00000000 		.4byte	0x0
 1335 0014 00000000 		.4byte	0x0
 1336 0018 00000000 		.4byte	.LFB7
 1337 001c 1C000000 		.4byte	.LFE7
 1338 0020 00000000 		.4byte	.LFB8
 1339 0024 38000000 		.4byte	.LFE8
 1340 0028 00000000 		.4byte	0x0
 1341 002c 00000000 		.4byte	0x0
 1342              		.section	.debug_str,"MS",%progbits,1
 1343              	.LASF34:
 1344 0000 705F6D73 		.ascii	"p_msg\000"
 1344      6700
 1345              	.LASF56:
 1346 0006 7264796D 		.ascii	"rdymsg\000"
 1346      736700
 1347              	.LASF11:
 1348 000d 6C6F6E67 		.ascii	"long long unsigned int\000"
 1348      206C6F6E 
 1348      6720756E 
 1348      7369676E 
 1348      65642069 
 1349              	.LASF57:
 1350 0024 65786974 		.ascii	"exitcode\000"
 1350      636F6465 
 1350      00
 1351              	.LASF61:
 1352 002d 63685265 		.ascii	"chRegFirstThread\000"
 1352      67466972 
 1352      73745468 
 1352      72656164 
 1352      00
 1353              	.LASF23:
 1354 003e 705F7072 		.ascii	"p_prio\000"
 1354      696F00
 1355              	.LASF10:
 1356 0045 6C6F6E67 		.ascii	"long long int\000"
 1356      206C6F6E 
 1356      6720696E 
 1356      7400
 1357              	.LASF1:
 1358 0053 7369676E 		.ascii	"signed char\000"
 1358      65642063 
 1358      68617200 
 1359              	.LASF66:
 1360 005f 2F686F6D 		.ascii	"/home/stm32/Workspace/demoarm\000"
 1360      652F7374 
 1360      6D33322F 
 1360      576F726B 
 1360      73706163 
 1361              	.LASF38:
ARM GAS  /tmp/ccWzjkKl.s 			page 26


 1362 007d 705F6D70 		.ascii	"p_mpool\000"
 1362      6F6F6C00 
 1363              	.LASF53:
 1364 0085 6D5F7175 		.ascii	"m_queue\000"
 1364      65756500 
 1365              	.LASF7:
 1366 008d 6C6F6E67 		.ascii	"long int\000"
 1366      20696E74 
 1366      00
 1367              	.LASF13:
 1368 0096 74737461 		.ascii	"tstate_t\000"
 1368      74655F74 
 1368      00
 1369              	.LASF25:
 1370 009f 705F6E65 		.ascii	"p_newer\000"
 1370      77657200 
 1371              	.LASF47:
 1372 00a7 725F6E65 		.ascii	"r_newer\000"
 1372      77657200 
 1373              	.LASF41:
 1374 00af 72656761 		.ascii	"regarm_t\000"
 1374      726D5F74 
 1374      00
 1375              	.LASF19:
 1376 00b8 636E745F 		.ascii	"cnt_t\000"
 1376      7400
 1377              	.LASF0:
 1378 00be 756E7369 		.ascii	"unsigned int\000"
 1378      676E6564 
 1378      20696E74 
 1378      00
 1379              	.LASF9:
 1380 00cb 6C6F6E67 		.ascii	"long unsigned int\000"
 1380      20756E73 
 1380      69676E65 
 1380      6420696E 
 1380      7400
 1381              	.LASF43:
 1382 00dd 636F6E74 		.ascii	"context\000"
 1382      65787400 
 1383              	.LASF4:
 1384 00e5 73686F72 		.ascii	"short unsigned int\000"
 1384      7420756E 
 1384      7369676E 
 1384      65642069 
 1384      6E7400
 1385              	.LASF16:
 1386 00f8 6D73675F 		.ascii	"msg_t\000"
 1386      7400
 1387              	.LASF12:
 1388 00fe 746D6F64 		.ascii	"tmode_t\000"
 1388      655F7400 
 1389              	.LASF40:
 1390 0106 54687265 		.ascii	"ThreadsList\000"
 1390      6164734C 
 1390      69737400 
 1391              	.LASF17:
ARM GAS  /tmp/ccWzjkKl.s 			page 27


 1392 0112 6576656E 		.ascii	"eventmask_t\000"
 1392      746D6173 
 1392      6B5F7400 
 1393              	.LASF52:
 1394 011e 4D757465 		.ascii	"Mutex\000"
 1394      7800
 1395              	.LASF26:
 1396 0124 705F6F6C 		.ascii	"p_older\000"
 1396      64657200 
 1397              	.LASF46:
 1398 012c 725F6374 		.ascii	"r_ctx\000"
 1398      7800
 1399              	.LASF39:
 1400 0132 54687265 		.ascii	"ThreadsQueue\000"
 1400      61647351 
 1400      75657565 
 1400      00
 1401              	.LASF50:
 1402 013f 725F6375 		.ascii	"r_current\000"
 1402      7272656E 
 1402      7400
 1403              	.LASF48:
 1404 0149 725F6F6C 		.ascii	"r_older\000"
 1404      64657200 
 1405              	.LASF14:
 1406 0151 74726566 		.ascii	"trefs_t\000"
 1406      735F7400 
 1407              	.LASF22:
 1408 0159 705F7072 		.ascii	"p_prev\000"
 1408      657600
 1409              	.LASF15:
 1410 0160 74707269 		.ascii	"tprio_t\000"
 1410      6F5F7400 
 1411              	.LASF6:
 1412 0168 696E7433 		.ascii	"int32_t\000"
 1412      325F7400 
 1413              	.LASF2:
 1414 0170 756E7369 		.ascii	"unsigned char\000"
 1414      676E6564 
 1414      20636861 
 1414      7200
 1415              	.LASF36:
 1416 017e 705F6D74 		.ascii	"p_mtxlist\000"
 1416      786C6973 
 1416      7400
 1417              	.LASF3:
 1418 0188 73686F72 		.ascii	"short int\000"
 1418      7420696E 
 1418      7400
 1419              	.LASF28:
 1420 0192 705F7374 		.ascii	"p_state\000"
 1420      61746500 
 1421              	.LASF45:
 1422 019a 725F7072 		.ascii	"r_prio\000"
 1422      696F00
 1423              	.LASF59:
 1424 01a1 65776D61 		.ascii	"ewmask\000"
ARM GAS  /tmp/ccWzjkKl.s 			page 28


 1424      736B00
 1425              	.LASF21:
 1426 01a8 705F6E65 		.ascii	"p_next\000"
 1426      787400
 1427              	.LASF29:
 1428 01af 705F666C 		.ascii	"p_flags\000"
 1428      61677300 
 1429              	.LASF20:
 1430 01b7 54687265 		.ascii	"Thread\000"
 1430      616400
 1431              	.LASF35:
 1432 01be 705F6570 		.ascii	"p_epending\000"
 1432      656E6469 
 1432      6E6700
 1433              	.LASF8:
 1434 01c9 75696E74 		.ascii	"uint32_t\000"
 1434      33325F74 
 1434      00
 1435              	.LASF44:
 1436 01d2 725F7175 		.ascii	"r_queue\000"
 1436      65756500 
 1437              	.LASF65:
 1438 01da 2E2E2F6C 		.ascii	"../libs/ChibiOS_2.4.0/os/kernel/src/chregistry.c\000"
 1438      6962732F 
 1438      43686962 
 1438      694F535F 
 1438      322E342E 
 1439              	.LASF60:
 1440 020b 63686172 		.ascii	"char\000"
 1440      00
 1441              	.LASF62:
 1442 0210 63685265 		.ascii	"chRegNextThread\000"
 1442      674E6578 
 1442      74546872 
 1442      65616400 
 1443              	.LASF55:
 1444 0220 6D5F6E65 		.ascii	"m_next\000"
 1444      787400
 1445              	.LASF18:
 1446 0227 73797374 		.ascii	"systime_t\000"
 1446      696D655F 
 1446      7400
 1447              	.LASF37:
 1448 0231 705F7265 		.ascii	"p_realprio\000"
 1448      616C7072 
 1448      696F00
 1449              	.LASF31:
 1450 023c 705F7469 		.ascii	"p_time\000"
 1450      6D6500
 1451              	.LASF42:
 1452 0243 696E7463 		.ascii	"intctx\000"
 1452      747800
 1453              	.LASF33:
 1454 024a 705F6D73 		.ascii	"p_msgqueue\000"
 1454      67717565 
 1454      756500
 1455              	.LASF30:
ARM GAS  /tmp/ccWzjkKl.s 			page 29


 1456 0255 705F7265 		.ascii	"p_refs\000"
 1456      667300
 1457              	.LASF51:
 1458 025c 52656164 		.ascii	"ReadyList\000"
 1458      794C6973 
 1458      7400
 1459              	.LASF63:
 1460 0266 726C6973 		.ascii	"rlist\000"
 1460      7400
 1461              	.LASF5:
 1462 026c 75696E74 		.ascii	"uint8_t\000"
 1462      385F7400 
 1463              	.LASF58:
 1464 0274 77746F62 		.ascii	"wtobjp\000"
 1464      6A7000
 1465              	.LASF64:
 1466 027b 474E5520 		.ascii	"GNU C 4.5.2\000"
 1466      4320342E 
 1466      352E3200 
 1467              	.LASF27:
 1468 0287 705F6E61 		.ascii	"p_name\000"
 1468      6D6500
 1469              	.LASF49:
 1470 028e 725F7072 		.ascii	"r_preempt\000"
 1470      65656D70 
 1470      7400
 1471              	.LASF54:
 1472 0298 6D5F6F77 		.ascii	"m_owner\000"
 1472      6E657200 
 1473              	.LASF24:
 1474 02a0 705F6374 		.ascii	"p_ctx\000"
 1474      7800
 1475              	.LASF32:
 1476 02a6 705F7761 		.ascii	"p_waiting\000"
 1476      6974696E 
 1476      6700
 1477              		.ident	"GCC: (Sourcery G++ Lite 2011.03-42) 4.5.2"
ARM GAS  /tmp/ccWzjkKl.s 			page 30


DEFINED SYMBOLS
                            *ABS*:00000000 chregistry.c
     /tmp/ccWzjkKl.s:26     .text.chRegFirstThread:00000000 $t
     /tmp/ccWzjkKl.s:32     .text.chRegFirstThread:00000000 chRegFirstThread
     /tmp/ccWzjkKl.s:74     .text.chRegFirstThread:00000018 $d
     /tmp/ccWzjkKl.s:79     .text.chRegNextThread:00000000 $t
     /tmp/ccWzjkKl.s:85     .text.chRegNextThread:00000000 chRegNextThread
     /tmp/ccWzjkKl.s:159    .text.chRegNextThread:00000034 $d
                     .debug_frame:00000010 $d
     /tmp/ccWzjkKl.s:78     .text.chRegFirstThread:0000001c $t
     /tmp/ccWzjkKl.s:163    .text.chRegNextThread:00000038 $t

UNDEFINED SYMBOLS
rlist
chThdRelease
