ARM GAS  /tmp/cc7LaFOh.s 			page 1


   1              		.syntax unified
   2              		.cpu cortex-m4
   3              		.eabi_attribute 27, 3
   4              		.eabi_attribute 28, 1
   5              		.fpu fpv4-sp-d16
   6              		.eabi_attribute 20, 1
   7              		.eabi_attribute 21, 1
   8              		.eabi_attribute 23, 3
   9              		.eabi_attribute 24, 1
  10              		.eabi_attribute 25, 1
  11              		.eabi_attribute 26, 1
  12              		.eabi_attribute 30, 2
  13              		.eabi_attribute 18, 4
  14              		.thumb
  15              		.file	"chsys.c"
  16              		.section	.debug_abbrev,"",%progbits
  17              	.Ldebug_abbrev0:
  18              		.section	.debug_info,"",%progbits
  19              	.Ldebug_info0:
  20              		.section	.debug_line,"",%progbits
  21              	.Ldebug_line0:
  22 0000 C6010000 		.text
  22      02006801 
  22      00000201 
  22      FB0E0D00 
  22      01010101 
  23              	.Ltext0:
  24              		.cfi_sections	.debug_frame
  25              		.section	.text._idle_thread,"ax",%progbits
  26              		.align	2
  27              		.p2align 4,,15
  28              		.global	_idle_thread
  29              		.thumb
  30              		.thumb_func
  31              		.type	_idle_thread, %function
  32              	_idle_thread:
  33              	.LFB7:
  34              		.file 1 "../libs/ChibiOS_2.4.0/os/kernel/src/chsys.c"
  35              		.loc 1 59 0
  36              		.cfi_startproc
  37              		@ args = 0, pretend = 0, frame = 0
  38              		@ frame_needed = 0, uses_anonymous_args = 0
  39              		@ link register save eliminated.
  40              	.LVL0:
  41              		.loc 1 62 0
  42 0000 0248     		ldr	r0, .L4
  43              	.LVL1:
  44 0002 034A     		ldr	r2, .L4+4
  45 0004 C369     		ldr	r3, [r0, #28]
  46 0006 9A61     		str	r2, [r3, #24]
  47              	.L2:
  48 0008 FEE7     		b	.L2
  49              	.L5:
  50 000a 00BF     		.align	2
  51              	.L4:
  52 000c 00000000 		.word	rlist
  53 0010 00000000 		.word	.LC0
ARM GAS  /tmp/cc7LaFOh.s 			page 2


  54              		.cfi_endproc
  55              	.LFE7:
  56              		.size	_idle_thread, .-_idle_thread
  57 0014 AFF30080 		.section	.text.chSysInit,"ax",%progbits
  57      AFF30080 
  57      AFF30080 
  58              		.align	2
  59              		.p2align 4,,15
  60              		.global	chSysInit
  61              		.thumb
  62              		.thumb_func
  63              		.type	chSysInit, %function
  64              	chSysInit:
  65              	.LFB8:
  66              		.loc 1 82 0
  67              		.cfi_startproc
  68              		@ args = 0, pretend = 0, frame = 0
  69              		@ frame_needed = 0, uses_anonymous_args = 0
  70 0000 10B5     		push	{r4, lr}
  71              	.LCFI0:
  72              		.cfi_def_cfa_offset 8
  73 0002 82B0     		sub	sp, sp, #8
  74              	.LCFI1:
  75              		.cfi_def_cfa_offset 16
  76              		.loc 1 88 0
  77              		.cfi_offset 14, -4
  78              		.cfi_offset 4, -8
  79 0004 FFF7FEFF 		bl	_port_init
  80              		.loc 1 89 0
  81 0008 FFF7FEFF 		bl	_scheduler_init
  82              		.loc 1 90 0
  83 000c FFF7FEFF 		bl	_vt_init
  84              		.loc 1 92 0
  85 0010 FFF7FEFF 		bl	_core_init
  86              		.loc 1 95 0
  87 0014 FFF7FEFF 		bl	_heap_init
  88              		.loc 1 102 0
  89 0018 4021     		movs	r1, #64
  90 001a 0B48     		ldr	r0, .L7
  91 001c FFF7FEFF 		bl	_thread_init
  92 0020 0A49     		ldr	r1, .L7+4
  93              		.loc 1 103 0
  94 0022 0122     		movs	r2, #1
  95              		.loc 1 102 0
  96 0024 C861     		str	r0, [r1, #28]
  97              		.loc 1 103 0
  98 0026 0277     		strb	r2, [r0, #28]
  99              	.LBB2:
 100              		.loc 1 109 0
 101 0028 0023     		movs	r3, #0
 102              	.LVL2:
 103              	@ 109 "../libs/ChibiOS_2.4.0/os/kernel/src/chsys.c" 1
 104 002a 83F31188 		msr     BASEPRI, r3                    
 105 002e 62B6     		cpsie   i
 106              	@ 0 "" 2
 107              	.LVL3:
 108              		.thumb
ARM GAS  /tmp/cc7LaFOh.s 			page 3


 109              	.LBE2:
 110              		.loc 1 111 0
 111 0030 074C     		ldr	r4, .L7+8
 112 0032 C969     		ldr	r1, [r1, #28]
 113              		.loc 1 117 0
 114 0034 0748     		ldr	r0, .L7+12
 115              		.loc 1 111 0
 116 0036 8C61     		str	r4, [r1, #24]
 117              		.loc 1 117 0
 118 0038 1C46     		mov	r4, r3
 119 003a B021     		movs	r1, #176
 120 003c 064B     		ldr	r3, .L7+16
 121              	.LVL4:
 122 003e 0094     		str	r4, [sp, #0]
 123              	.LVL5:
 124 0040 FFF7FEFF 		bl	chThdCreateStatic
 125              		.loc 1 120 0
 126 0044 02B0     		add	sp, sp, #8
 127 0046 10BD     		pop	{r4, pc}
 128              	.L8:
 129              		.align	2
 130              	.L7:
 131 0048 00000000 		.word	.LANCHOR0
 132 004c 00000000 		.word	rlist
 133 0050 08000000 		.word	.LC1
 134 0054 00000000 		.word	.LANCHOR1
 135 0058 00000000 		.word	_idle_thread
 136              		.cfi_endproc
 137              	.LFE8:
 138              		.size	chSysInit, .-chSysInit
 139 005c AFF30080 		.section	.text.chSysTimerHandlerI,"ax",%progbits
 140              		.align	2
 141              		.p2align 4,,15
 142              		.global	chSysTimerHandlerI
 143              		.thumb
 144              		.thumb_func
 145              		.type	chSysTimerHandlerI, %function
 146              	chSysTimerHandlerI:
 147              	.LFB9:
 148              		.loc 1 133 0
 149              		.cfi_startproc
 150              		@ args = 0, pretend = 0, frame = 0
 151              		@ frame_needed = 0, uses_anonymous_args = 0
 152              		.loc 1 139 0
 153 0000 114B     		ldr	r3, .L14
 154 0002 9A69     		ldr	r2, [r3, #24]
 155 0004 002A     		cmp	r2, #0
 156              		.loc 1 133 0
 157 0006 70B5     		push	{r4, r5, r6, lr}
 158              	.LCFI2:
 159              		.cfi_def_cfa_offset 16
 160              		.loc 1 139 0
 161 0008 01DD     		ble	.L10
 162              		.cfi_offset 14, -4
 163              		.cfi_offset 6, -8
 164              		.cfi_offset 5, -12
 165              		.cfi_offset 4, -16
ARM GAS  /tmp/cc7LaFOh.s 			page 4


 166              		.loc 1 141 0
 167 000a 013A     		subs	r2, r2, #1
 168 000c 9A61     		str	r2, [r3, #24]
 169              	.L10:
 170              		.loc 1 144 0
 171 000e DA69     		ldr	r2, [r3, #28]
 172              		.loc 1 146 0
 173 0010 0E4C     		ldr	r4, .L14+4
 174              		.loc 1 144 0
 175 0012 116A     		ldr	r1, [r2, #32]
 176              		.loc 1 146 0
 177 0014 2368     		ldr	r3, [r4, #0]
 178              		.loc 1 144 0
 179 0016 481C     		adds	r0, r1, #1
 180 0018 1062     		str	r0, [r2, #32]
 181              		.loc 1 146 0
 182 001a E168     		ldr	r1, [r4, #12]
 183 001c 481C     		adds	r0, r1, #1
 184 001e A342     		cmp	r3, r4
 185 0020 E060     		str	r0, [r4, #12]
 186 0022 0FD0     		beq	.L9
 187              	.LBB3:
 188              		.loc 1 146 0 is_stmt 0 discriminator 1
 189 0024 9D68     		ldr	r5, [r3, #8]
 190 0026 013D     		subs	r5, r5, #1
 191 0028 9D60     		str	r5, [r3, #8]
 192              	.LVL6:
 193 002a 5DB9     		cbnz	r5, .L9
 194              		.loc 1 146 0
 195 002c 2646     		mov	r6, r4
 196              	.LVL7:
 197              	.L12:
 198              	.LBB4:
 199              		.loc 1 146 0 discriminator 3
 200 002e 1968     		ldr	r1, [r3, #0]
 201 0030 DA68     		ldr	r2, [r3, #12]
 202              	.LVL8:
 203 0032 1869     		ldr	r0, [r3, #16]
 204 0034 DD60     		str	r5, [r3, #12]
 205 0036 4E60     		str	r6, [r1, #4]
 206 0038 2160     		str	r1, [r4, #0]
 207 003a 9047     		blx	r2
 208              	.LVL9:
 209              	.LBE4:
 210 003c 2368     		ldr	r3, [r4, #0]
 211              	.LVL10:
 212 003e 9868     		ldr	r0, [r3, #8]
 213 0040 0028     		cmp	r0, #0
 214 0042 F4D0     		beq	.L12
 215              	.LVL11:
 216              	.L9:
 217 0044 70BD     		pop	{r4, r5, r6, pc}
 218              	.L15:
 219 0046 00BF     		.align	2
 220              	.L14:
 221 0048 00000000 		.word	rlist
 222 004c 00000000 		.word	vtlist
ARM GAS  /tmp/cc7LaFOh.s 			page 5


 223              	.LBE3:
 224              		.cfi_endproc
 225              	.LFE9:
 226              		.size	chSysTimerHandlerI, .-chSysTimerHandlerI
 227              		.global	_idle_thread_wa
 228              		.section	.bss.mainthread.4661,"aw",%nobits
 229              		.align	2
 230              		.set	.LANCHOR0,. + 0
 231              		.type	mainthread.4661, %object
 232              		.size	mainthread.4661, 72
 233              	mainthread.4661:
 234 0000 00000000 		.space	72
 234      00000000 
 234      00000000 
 234      00000000 
 234      00000000 
 235              		.section	.rodata.str1.4,"aMS",%progbits,1
 236              		.align	2
 237              	.LC0:
 238 0000 69646C65 		.ascii	"idle\000"
 238      00
 239 0005 000000   		.space	3
 240              	.LC1:
 241 0008 6D61696E 		.ascii	"main\000"
 241      00
 242 000d 000000   		.section	.bss._idle_thread_wa,"aw",%nobits
 243              		.align	3
 244              		.set	.LANCHOR1,. + 0
 245              		.type	_idle_thread_wa, %object
 246              		.size	_idle_thread_wa, 176
 247              	_idle_thread_wa:
 248 0000 00000000 		.space	176
 248      00000000 
 248      00000000 
 248      00000000 
 248      00000000 
 249              		.text
 250              	.Letext0:
 251              		.section	.debug_loc,"",%progbits
 252              	.Ldebug_loc0:
 253              	.LLST0:
 254 0000 00000000 		.4byte	.LVL0
 255 0004 02000000 		.4byte	.LVL1
 256 0008 0100     		.2byte	0x1
 257 000a 50       		.byte	0x50
 258 000b 00000000 		.4byte	0x0
 259 000f 00000000 		.4byte	0x0
 260              	.LLST1:
 261 0013 00000000 		.4byte	.LFB8
 262 0017 02000000 		.4byte	.LCFI0
 263 001b 0200     		.2byte	0x2
 264 001d 7D       		.byte	0x7d
 265 001e 00       		.sleb128 0
 266 001f 02000000 		.4byte	.LCFI0
 267 0023 04000000 		.4byte	.LCFI1
 268 0027 0200     		.2byte	0x2
 269 0029 7D       		.byte	0x7d
ARM GAS  /tmp/cc7LaFOh.s 			page 6


 270 002a 08       		.sleb128 8
 271 002b 04000000 		.4byte	.LCFI1
 272 002f 5C000000 		.4byte	.LFE8
 273 0033 0200     		.2byte	0x2
 274 0035 7D       		.byte	0x7d
 275 0036 10       		.sleb128 16
 276 0037 00000000 		.4byte	0x0
 277 003b 00000000 		.4byte	0x0
 278              	.LLST2:
 279 003f 30000000 		.4byte	.LVL3
 280 0043 3E000000 		.4byte	.LVL4
 281 0047 0100     		.2byte	0x1
 282 0049 53       		.byte	0x53
 283 004a 40000000 		.4byte	.LVL5
 284 004e 5C000000 		.4byte	.LFE8
 285 0052 0100     		.2byte	0x1
 286 0054 54       		.byte	0x54
 287 0055 00000000 		.4byte	0x0
 288 0059 00000000 		.4byte	0x0
 289              	.LLST3:
 290 005d 00000000 		.4byte	.LFB9
 291 0061 08000000 		.4byte	.LCFI2
 292 0065 0200     		.2byte	0x2
 293 0067 7D       		.byte	0x7d
 294 0068 00       		.sleb128 0
 295 0069 08000000 		.4byte	.LCFI2
 296 006d 50000000 		.4byte	.LFE9
 297 0071 0200     		.2byte	0x2
 298 0073 7D       		.byte	0x7d
 299 0074 10       		.sleb128 16
 300 0075 00000000 		.4byte	0x0
 301 0079 00000000 		.4byte	0x0
 302              	.LLST4:
 303 007d 2A000000 		.4byte	.LVL6
 304 0081 2E000000 		.4byte	.LVL7
 305 0085 0200     		.2byte	0x2
 306 0087 74       		.byte	0x74
 307 0088 00       		.sleb128 0
 308 0089 2E000000 		.4byte	.LVL7
 309 008d 3B000000 		.4byte	.LVL9-1
 310 0091 0100     		.2byte	0x1
 311 0093 53       		.byte	0x53
 312 0094 3E000000 		.4byte	.LVL10
 313 0098 44000000 		.4byte	.LVL11
 314 009c 0200     		.2byte	0x2
 315 009e 74       		.byte	0x74
 316 009f 00       		.sleb128 0
 317 00a0 00000000 		.4byte	0x0
 318 00a4 00000000 		.4byte	0x0
 319              	.LLST5:
 320 00a8 32000000 		.4byte	.LVL8
 321 00ac 3B000000 		.4byte	.LVL9-1
 322 00b0 0200     		.2byte	0x2
 323 00b2 73       		.byte	0x73
 324 00b3 0C       		.sleb128 12
 325 00b4 00000000 		.4byte	0x0
 326 00b8 00000000 		.4byte	0x0
ARM GAS  /tmp/cc7LaFOh.s 			page 7


 327              		.file 2 "/opt/stm32/arm-none-eabi-2011.03/bin/../lib/gcc/arm-none-eabi/4.5.2/../../../../arm-none-
 328              		.file 3 "../libs/ChibiOS_2.4.0/os/ports/GCC/ARMCMx/chtypes.h"
 329              		.file 4 "../libs/ChibiOS_2.4.0/os/kernel/include/chlists.h"
 330              		.file 5 "../libs/ChibiOS_2.4.0/os/kernel/include/chthreads.h"
 331              		.file 6 "../libs/ChibiOS_2.4.0/os/ports/GCC/ARMCMx/chcore_v7m.h"
 332              		.file 7 "../libs/ChibiOS_2.4.0/os/kernel/include/chvt.h"
 333              		.file 8 "../libs/ChibiOS_2.4.0/os/kernel/include/chschd.h"
 334              		.file 9 "../libs/ChibiOS_2.4.0/os/kernel/include/chmtx.h"
 335              		.file 10 "../libs/ChibiOS_2.4.0/os/kernel/include/ch.h"
 336              		.section	.debug_info
 337 0000 48060000 		.4byte	0x648
 338 0004 0200     		.2byte	0x2
 339 0006 00000000 		.4byte	.Ldebug_abbrev0
 340 000a 04       		.byte	0x4
 341 000b 01       		.uleb128 0x1
 342 000c DC020000 		.4byte	.LASF80
 343 0010 01       		.byte	0x1
 344 0011 6A020000 		.4byte	.LASF81
 345 0015 23030000 		.4byte	.LASF82
 346 0019 00000000 		.4byte	0x0
 347 001d 00000000 		.4byte	0x0
 348 0021 00000000 		.4byte	.Ldebug_ranges0+0x0
 349 0025 00000000 		.4byte	.Ldebug_line0
 350 0029 02       		.uleb128 0x2
 351 002a 04       		.byte	0x4
 352 002b 05       		.byte	0x5
 353 002c 696E7400 		.ascii	"int\000"
 354 0030 03       		.uleb128 0x3
 355 0031 04       		.byte	0x4
 356 0032 07       		.byte	0x7
 357 0033 E7000000 		.4byte	.LASF0
 358 0037 03       		.uleb128 0x3
 359 0038 01       		.byte	0x1
 360 0039 06       		.byte	0x6
 361 003a 78000000 		.4byte	.LASF1
 362 003e 04       		.uleb128 0x4
 363 003f CD020000 		.4byte	.LASF5
 364 0043 02       		.byte	0x2
 365 0044 2A       		.byte	0x2a
 366 0045 49000000 		.4byte	0x49
 367 0049 03       		.uleb128 0x3
 368 004a 01       		.byte	0x1
 369 004b 08       		.byte	0x8
 370 004c C9010000 		.4byte	.LASF2
 371 0050 03       		.uleb128 0x3
 372 0051 02       		.byte	0x2
 373 0052 05       		.byte	0x5
 374 0053 E1010000 		.4byte	.LASF3
 375 0057 03       		.uleb128 0x3
 376 0058 02       		.byte	0x2
 377 0059 07       		.byte	0x7
 378 005a 16010000 		.4byte	.LASF4
 379 005e 04       		.uleb128 0x4
 380 005f C1010000 		.4byte	.LASF6
 381 0063 02       		.byte	0x2
 382 0064 4F       		.byte	0x4f
 383 0065 69000000 		.4byte	0x69
ARM GAS  /tmp/cc7LaFOh.s 			page 8


 384 0069 03       		.uleb128 0x3
 385 006a 04       		.byte	0x4
 386 006b 05       		.byte	0x5
 387 006c 9E000000 		.4byte	.LASF7
 388 0070 04       		.uleb128 0x4
 389 0071 22020000 		.4byte	.LASF8
 390 0075 02       		.byte	0x2
 391 0076 50       		.byte	0x50
 392 0077 7B000000 		.4byte	0x7b
 393 007b 03       		.uleb128 0x3
 394 007c 04       		.byte	0x4
 395 007d 07       		.byte	0x7
 396 007e FC000000 		.4byte	.LASF9
 397 0082 03       		.uleb128 0x3
 398 0083 08       		.byte	0x8
 399 0084 05       		.byte	0x5
 400 0085 6A000000 		.4byte	.LASF10
 401 0089 04       		.uleb128 0x4
 402 008a 15000000 		.4byte	.LASF11
 403 008e 02       		.byte	0x2
 404 008f 78       		.byte	0x78
 405 0090 94000000 		.4byte	0x94
 406 0094 03       		.uleb128 0x3
 407 0095 08       		.byte	0x8
 408 0096 07       		.byte	0x7
 409 0097 38000000 		.4byte	.LASF12
 410 009b 04       		.uleb128 0x4
 411 009c 2F010000 		.4byte	.LASF13
 412 00a0 03       		.byte	0x3
 413 00a1 2F       		.byte	0x2f
 414 00a2 3E000000 		.4byte	0x3e
 415 00a6 04       		.uleb128 0x4
 416 00a7 A7000000 		.4byte	.LASF14
 417 00ab 03       		.byte	0x3
 418 00ac 30       		.byte	0x30
 419 00ad 3E000000 		.4byte	0x3e
 420 00b1 04       		.uleb128 0x4
 421 00b2 AA010000 		.4byte	.LASF15
 422 00b6 03       		.byte	0x3
 423 00b7 31       		.byte	0x31
 424 00b8 3E000000 		.4byte	0x3e
 425 00bc 04       		.uleb128 0x4
 426 00bd B9010000 		.4byte	.LASF16
 427 00c1 03       		.byte	0x3
 428 00c2 32       		.byte	0x32
 429 00c3 70000000 		.4byte	0x70
 430 00c7 04       		.uleb128 0x4
 431 00c8 29010000 		.4byte	.LASF17
 432 00cc 03       		.byte	0x3
 433 00cd 33       		.byte	0x33
 434 00ce 5E000000 		.4byte	0x5e
 435 00d2 04       		.uleb128 0x4
 436 00d3 43010000 		.4byte	.LASF18
 437 00d7 03       		.byte	0x3
 438 00d8 35       		.byte	0x35
 439 00d9 70000000 		.4byte	0x70
 440 00dd 04       		.uleb128 0x4
ARM GAS  /tmp/cc7LaFOh.s 			page 9


 441 00de 4C020000 		.4byte	.LASF19
 442 00e2 03       		.byte	0x3
 443 00e3 36       		.byte	0x36
 444 00e4 70000000 		.4byte	0x70
 445 00e8 04       		.uleb128 0x4
 446 00e9 E1000000 		.4byte	.LASF20
 447 00ed 03       		.byte	0x3
 448 00ee 37       		.byte	0x37
 449 00ef 5E000000 		.4byte	0x5e
 450 00f3 04       		.uleb128 0x4
 451 00f4 10020000 		.4byte	.LASF21
 452 00f8 04       		.byte	0x4
 453 00f9 2A       		.byte	0x2a
 454 00fa FE000000 		.4byte	0xfe
 455 00fe 05       		.uleb128 0x5
 456 00ff 10020000 		.4byte	.LASF21
 457 0103 48       		.byte	0x48
 458 0104 05       		.byte	0x5
 459 0105 5E       		.byte	0x5e
 460 0106 15020000 		.4byte	0x215
 461 010a 06       		.uleb128 0x6
 462 010b 01020000 		.4byte	.LASF22
 463 010f 05       		.byte	0x5
 464 0110 5F       		.byte	0x5f
 465 0111 3A020000 		.4byte	0x23a
 466 0115 02       		.byte	0x2
 467 0116 23       		.byte	0x23
 468 0117 00       		.uleb128 0x0
 469 0118 06       		.uleb128 0x6
 470 0119 B2010000 		.4byte	.LASF23
 471 011d 05       		.byte	0x5
 472 011e 61       		.byte	0x61
 473 011f 3A020000 		.4byte	0x23a
 474 0123 02       		.byte	0x2
 475 0124 23       		.byte	0x23
 476 0125 04       		.uleb128 0x4
 477 0126 06       		.uleb128 0x6
 478 0127 63000000 		.4byte	.LASF24
 479 012b 05       		.byte	0x5
 480 012c 63       		.byte	0x63
 481 012d BC000000 		.4byte	0xbc
 482 0131 02       		.byte	0x2
 483 0132 23       		.byte	0x23
 484 0133 08       		.uleb128 0x8
 485 0134 06       		.uleb128 0x6
 486 0135 13030000 		.4byte	.LASF25
 487 0139 05       		.byte	0x5
 488 013a 64       		.byte	0x64
 489 013b 12030000 		.4byte	0x312
 490 013f 02       		.byte	0x2
 491 0140 23       		.byte	0x23
 492 0141 0C       		.uleb128 0xc
 493 0142 06       		.uleb128 0x6
 494 0143 B0000000 		.4byte	.LASF26
 495 0147 05       		.byte	0x5
 496 0148 66       		.byte	0x66
 497 0149 3A020000 		.4byte	0x23a
ARM GAS  /tmp/cc7LaFOh.s 			page 10


 498 014d 02       		.byte	0x2
 499 014e 23       		.byte	0x23
 500 014f 10       		.uleb128 0x10
 501 0150 06       		.uleb128 0x6
 502 0151 70010000 		.4byte	.LASF27
 503 0155 05       		.byte	0x5
 504 0156 67       		.byte	0x67
 505 0157 3A020000 		.4byte	0x23a
 506 015b 02       		.byte	0x2
 507 015c 23       		.byte	0x23
 508 015d 14       		.uleb128 0x14
 509 015e 06       		.uleb128 0x6
 510 015f E8020000 		.4byte	.LASF28
 511 0163 05       		.byte	0x5
 512 0164 6E       		.byte	0x6e
 513 0165 FA040000 		.4byte	0x4fa
 514 0169 02       		.byte	0x2
 515 016a 23       		.byte	0x23
 516 016b 18       		.uleb128 0x18
 517 016c 06       		.uleb128 0x6
 518 016d EB010000 		.4byte	.LASF29
 519 0171 05       		.byte	0x5
 520 0172 79       		.byte	0x79
 521 0173 A6000000 		.4byte	0xa6
 522 0177 02       		.byte	0x2
 523 0178 23       		.byte	0x23
 524 0179 1C       		.uleb128 0x1c
 525 017a 06       		.uleb128 0x6
 526 017b 08020000 		.4byte	.LASF30
 527 017f 05       		.byte	0x5
 528 0180 7D       		.byte	0x7d
 529 0181 9B000000 		.4byte	0x9b
 530 0185 02       		.byte	0x2
 531 0186 23       		.byte	0x23
 532 0187 1D       		.uleb128 0x1d
 533 0188 06       		.uleb128 0x6
 534 0189 B6020000 		.4byte	.LASF31
 535 018d 05       		.byte	0x5
 536 018e 82       		.byte	0x82
 537 018f B1000000 		.4byte	0xb1
 538 0193 02       		.byte	0x2
 539 0194 23       		.byte	0x23
 540 0195 1E       		.uleb128 0x1e
 541 0196 06       		.uleb128 0x6
 542 0197 96020000 		.4byte	.LASF32
 543 019b 05       		.byte	0x5
 544 019c 89       		.byte	0x89
 545 019d F7030000 		.4byte	0x3f7
 546 01a1 02       		.byte	0x2
 547 01a2 23       		.byte	0x23
 548 01a3 20       		.uleb128 0x20
 549 01a4 07       		.uleb128 0x7
 550 01a5 705F7500 		.ascii	"p_u\000"
 551 01a9 05       		.byte	0x5
 552 01aa AE       		.byte	0xae
 553 01ab C5040000 		.4byte	0x4c5
 554 01af 02       		.byte	0x2
ARM GAS  /tmp/cc7LaFOh.s 			page 11


 555 01b0 23       		.byte	0x23
 556 01b1 24       		.uleb128 0x24
 557 01b2 06       		.uleb128 0x6
 558 01b3 19030000 		.4byte	.LASF33
 559 01b7 05       		.byte	0x5
 560 01b8 B3       		.byte	0xb3
 561 01b9 62020000 		.4byte	0x262
 562 01bd 02       		.byte	0x2
 563 01be 23       		.byte	0x23
 564 01bf 28       		.uleb128 0x28
 565 01c0 06       		.uleb128 0x6
 566 01c1 A4020000 		.4byte	.LASF34
 567 01c5 05       		.byte	0x5
 568 01c6 B9       		.byte	0xb9
 569 01c7 40020000 		.4byte	0x240
 570 01cb 02       		.byte	0x2
 571 01cc 23       		.byte	0x23
 572 01cd 2C       		.uleb128 0x2c
 573 01ce 06       		.uleb128 0x6
 574 01cf 08000000 		.4byte	.LASF35
 575 01d3 05       		.byte	0x5
 576 01d4 BD       		.byte	0xbd
 577 01d5 C7000000 		.4byte	0xc7
 578 01d9 02       		.byte	0x2
 579 01da 23       		.byte	0x23
 580 01db 34       		.uleb128 0x34
 581 01dc 06       		.uleb128 0x6
 582 01dd 17020000 		.4byte	.LASF36
 583 01e1 05       		.byte	0x5
 584 01e2 C3       		.byte	0xc3
 585 01e3 D2000000 		.4byte	0xd2
 586 01e7 02       		.byte	0x2
 587 01e8 23       		.byte	0x23
 588 01e9 38       		.uleb128 0x38
 589 01ea 06       		.uleb128 0x6
 590 01eb D7010000 		.4byte	.LASF37
 591 01ef 05       		.byte	0x5
 592 01f0 CA       		.byte	0xca
 593 01f1 0C050000 		.4byte	0x50c
 594 01f5 02       		.byte	0x2
 595 01f6 23       		.byte	0x23
 596 01f7 3C       		.uleb128 0x3c
 597 01f8 06       		.uleb128 0x6
 598 01f9 56020000 		.4byte	.LASF38
 599 01fd 05       		.byte	0x5
 600 01fe CE       		.byte	0xce
 601 01ff BC000000 		.4byte	0xbc
 602 0203 02       		.byte	0x2
 603 0204 23       		.byte	0x23
 604 0205 40       		.uleb128 0x40
 605 0206 06       		.uleb128 0x6
 606 0207 8E000000 		.4byte	.LASF39
 607 020b 05       		.byte	0x5
 608 020c D4       		.byte	0xd4
 609 020d 78020000 		.4byte	0x278
 610 0211 02       		.byte	0x2
 611 0212 23       		.byte	0x23
ARM GAS  /tmp/cc7LaFOh.s 			page 12


 612 0213 44       		.uleb128 0x44
 613 0214 00       		.byte	0x0
 614 0215 08       		.uleb128 0x8
 615 0216 08       		.byte	0x8
 616 0217 04       		.byte	0x4
 617 0218 61       		.byte	0x61
 618 0219 3A020000 		.4byte	0x23a
 619 021d 06       		.uleb128 0x6
 620 021e 01020000 		.4byte	.LASF22
 621 0222 04       		.byte	0x4
 622 0223 62       		.byte	0x62
 623 0224 3A020000 		.4byte	0x23a
 624 0228 02       		.byte	0x2
 625 0229 23       		.byte	0x23
 626 022a 00       		.uleb128 0x0
 627 022b 06       		.uleb128 0x6
 628 022c B2010000 		.4byte	.LASF23
 629 0230 04       		.byte	0x4
 630 0231 64       		.byte	0x64
 631 0232 3A020000 		.4byte	0x23a
 632 0236 02       		.byte	0x2
 633 0237 23       		.byte	0x23
 634 0238 04       		.uleb128 0x4
 635 0239 00       		.byte	0x0
 636 023a 09       		.uleb128 0x9
 637 023b 04       		.byte	0x4
 638 023c F3000000 		.4byte	0xf3
 639 0240 04       		.uleb128 0x4
 640 0241 7E010000 		.4byte	.LASF40
 641 0245 04       		.byte	0x4
 642 0246 66       		.byte	0x66
 643 0247 15020000 		.4byte	0x215
 644 024b 08       		.uleb128 0x8
 645 024c 04       		.byte	0x4
 646 024d 04       		.byte	0x4
 647 024e 6B       		.byte	0x6b
 648 024f 62020000 		.4byte	0x262
 649 0253 06       		.uleb128 0x6
 650 0254 01020000 		.4byte	.LASF22
 651 0258 04       		.byte	0x4
 652 0259 6D       		.byte	0x6d
 653 025a 3A020000 		.4byte	0x23a
 654 025e 02       		.byte	0x2
 655 025f 23       		.byte	0x23
 656 0260 00       		.uleb128 0x0
 657 0261 00       		.byte	0x0
 658 0262 04       		.uleb128 0x4
 659 0263 37010000 		.4byte	.LASF41
 660 0267 04       		.byte	0x4
 661 0268 70       		.byte	0x70
 662 0269 4B020000 		.4byte	0x24b
 663 026d 04       		.uleb128 0x4
 664 026e D0000000 		.4byte	.LASF42
 665 0272 06       		.byte	0x6
 666 0273 D7       		.byte	0xd7
 667 0274 78020000 		.4byte	0x278
 668 0278 0A       		.uleb128 0xa
ARM GAS  /tmp/cc7LaFOh.s 			page 13


 669 0279 04       		.byte	0x4
 670 027a 04       		.uleb128 0x4
 671 027b 55010000 		.4byte	.LASF43
 672 027f 06       		.byte	0x6
 673 0280 DD       		.byte	0xdd
 674 0281 89000000 		.4byte	0x89
 675 0285 05       		.uleb128 0x5
 676 0286 9D020000 		.4byte	.LASF44
 677 028a 24       		.byte	0x24
 678 028b 06       		.byte	0x6
 679 028c FE       		.byte	0xfe
 680 028d 12030000 		.4byte	0x312
 681 0291 0B       		.uleb128 0xb
 682 0292 723400   		.ascii	"r4\000"
 683 0295 06       		.byte	0x6
 684 0296 1101     		.2byte	0x111
 685 0298 6D020000 		.4byte	0x26d
 686 029c 02       		.byte	0x2
 687 029d 23       		.byte	0x23
 688 029e 00       		.uleb128 0x0
 689 029f 0B       		.uleb128 0xb
 690 02a0 723500   		.ascii	"r5\000"
 691 02a3 06       		.byte	0x6
 692 02a4 1201     		.2byte	0x112
 693 02a6 6D020000 		.4byte	0x26d
 694 02aa 02       		.byte	0x2
 695 02ab 23       		.byte	0x23
 696 02ac 04       		.uleb128 0x4
 697 02ad 0B       		.uleb128 0xb
 698 02ae 723600   		.ascii	"r6\000"
 699 02b1 06       		.byte	0x6
 700 02b2 1301     		.2byte	0x113
 701 02b4 6D020000 		.4byte	0x26d
 702 02b8 02       		.byte	0x2
 703 02b9 23       		.byte	0x23
 704 02ba 08       		.uleb128 0x8
 705 02bb 0B       		.uleb128 0xb
 706 02bc 723700   		.ascii	"r7\000"
 707 02bf 06       		.byte	0x6
 708 02c0 1401     		.2byte	0x114
 709 02c2 6D020000 		.4byte	0x26d
 710 02c6 02       		.byte	0x2
 711 02c7 23       		.byte	0x23
 712 02c8 0C       		.uleb128 0xc
 713 02c9 0B       		.uleb128 0xb
 714 02ca 723800   		.ascii	"r8\000"
 715 02cd 06       		.byte	0x6
 716 02ce 1501     		.2byte	0x115
 717 02d0 6D020000 		.4byte	0x26d
 718 02d4 02       		.byte	0x2
 719 02d5 23       		.byte	0x23
 720 02d6 10       		.uleb128 0x10
 721 02d7 0B       		.uleb128 0xb
 722 02d8 723900   		.ascii	"r9\000"
 723 02db 06       		.byte	0x6
 724 02dc 1601     		.2byte	0x116
 725 02de 6D020000 		.4byte	0x26d
ARM GAS  /tmp/cc7LaFOh.s 			page 14


 726 02e2 02       		.byte	0x2
 727 02e3 23       		.byte	0x23
 728 02e4 14       		.uleb128 0x14
 729 02e5 0B       		.uleb128 0xb
 730 02e6 72313000 		.ascii	"r10\000"
 731 02ea 06       		.byte	0x6
 732 02eb 1701     		.2byte	0x117
 733 02ed 6D020000 		.4byte	0x26d
 734 02f1 02       		.byte	0x2
 735 02f2 23       		.byte	0x23
 736 02f3 18       		.uleb128 0x18
 737 02f4 0B       		.uleb128 0xb
 738 02f5 72313100 		.ascii	"r11\000"
 739 02f9 06       		.byte	0x6
 740 02fa 1801     		.2byte	0x118
 741 02fc 6D020000 		.4byte	0x26d
 742 0300 02       		.byte	0x2
 743 0301 23       		.byte	0x23
 744 0302 1C       		.uleb128 0x1c
 745 0303 0B       		.uleb128 0xb
 746 0304 6C7200   		.ascii	"lr\000"
 747 0307 06       		.byte	0x6
 748 0308 1901     		.2byte	0x119
 749 030a 6D020000 		.4byte	0x26d
 750 030e 02       		.byte	0x2
 751 030f 23       		.byte	0x23
 752 0310 20       		.uleb128 0x20
 753 0311 00       		.byte	0x0
 754 0312 0C       		.uleb128 0xc
 755 0313 0E010000 		.4byte	.LASF45
 756 0317 04       		.byte	0x4
 757 0318 06       		.byte	0x6
 758 0319 2301     		.2byte	0x123
 759 031b 2F030000 		.4byte	0x32f
 760 031f 0B       		.uleb128 0xb
 761 0320 72313300 		.ascii	"r13\000"
 762 0324 06       		.byte	0x6
 763 0325 2401     		.2byte	0x124
 764 0327 2F030000 		.4byte	0x32f
 765 032b 02       		.byte	0x2
 766 032c 23       		.byte	0x23
 767 032d 00       		.uleb128 0x0
 768 032e 00       		.byte	0x0
 769 032f 09       		.uleb128 0x9
 770 0330 04       		.byte	0x4
 771 0331 85020000 		.4byte	0x285
 772 0335 04       		.uleb128 0x4
 773 0336 61020000 		.4byte	.LASF46
 774 033a 07       		.byte	0x7
 775 033b 53       		.byte	0x53
 776 033c 40030000 		.4byte	0x340
 777 0340 09       		.uleb128 0x9
 778 0341 04       		.byte	0x4
 779 0342 46030000 		.4byte	0x346
 780 0346 0D       		.uleb128 0xd
 781 0347 01       		.byte	0x1
 782 0348 52030000 		.4byte	0x352
ARM GAS  /tmp/cc7LaFOh.s 			page 15


 783 034c 0E       		.uleb128 0xe
 784 034d 78020000 		.4byte	0x278
 785 0351 00       		.byte	0x0
 786 0352 04       		.uleb128 0x4
 787 0353 33020000 		.4byte	.LASF47
 788 0357 07       		.byte	0x7
 789 0358 58       		.byte	0x58
 790 0359 5D030000 		.4byte	0x35d
 791 035d 05       		.uleb128 0x5
 792 035e 33020000 		.4byte	.LASF47
 793 0362 14       		.byte	0x14
 794 0363 07       		.byte	0x7
 795 0364 5F       		.byte	0x5f
 796 0365 B0030000 		.4byte	0x3b0
 797 0369 06       		.uleb128 0x6
 798 036a F4000000 		.4byte	.LASF48
 799 036e 07       		.byte	0x7
 800 036f 60       		.byte	0x60
 801 0370 B0030000 		.4byte	0x3b0
 802 0374 02       		.byte	0x2
 803 0375 23       		.byte	0x23
 804 0376 00       		.uleb128 0x0
 805 0377 06       		.uleb128 0x6
 806 0378 D9000000 		.4byte	.LASF49
 807 037c 07       		.byte	0x7
 808 037d 62       		.byte	0x62
 809 037e B0030000 		.4byte	0x3b0
 810 0382 02       		.byte	0x2
 811 0383 23       		.byte	0x23
 812 0384 04       		.uleb128 0x4
 813 0385 06       		.uleb128 0x6
 814 0386 60010000 		.4byte	.LASF50
 815 038a 07       		.byte	0x7
 816 038b 64       		.byte	0x64
 817 038c DD000000 		.4byte	0xdd
 818 0390 02       		.byte	0x2
 819 0391 23       		.byte	0x23
 820 0392 08       		.uleb128 0x8
 821 0393 06       		.uleb128 0x6
 822 0394 68010000 		.4byte	.LASF51
 823 0398 07       		.byte	0x7
 824 0399 65       		.byte	0x65
 825 039a 35030000 		.4byte	0x335
 826 039e 02       		.byte	0x2
 827 039f 23       		.byte	0x23
 828 03a0 0C       		.uleb128 0xc
 829 03a1 06       		.uleb128 0x6
 830 03a2 AF020000 		.4byte	.LASF52
 831 03a6 07       		.byte	0x7
 832 03a7 67       		.byte	0x67
 833 03a8 78020000 		.4byte	0x278
 834 03ac 02       		.byte	0x2
 835 03ad 23       		.byte	0x23
 836 03ae 10       		.uleb128 0x10
 837 03af 00       		.byte	0x0
 838 03b0 09       		.uleb128 0x9
 839 03b1 04       		.byte	0x4
ARM GAS  /tmp/cc7LaFOh.s 			page 16


 840 03b2 52030000 		.4byte	0x352
 841 03b6 08       		.uleb128 0x8
 842 03b7 10       		.byte	0x10
 843 03b8 07       		.byte	0x7
 844 03b9 71       		.byte	0x71
 845 03ba F7030000 		.4byte	0x3f7
 846 03be 06       		.uleb128 0x6
 847 03bf F4000000 		.4byte	.LASF48
 848 03c3 07       		.byte	0x7
 849 03c4 72       		.byte	0x72
 850 03c5 B0030000 		.4byte	0x3b0
 851 03c9 02       		.byte	0x2
 852 03ca 23       		.byte	0x23
 853 03cb 00       		.uleb128 0x0
 854 03cc 06       		.uleb128 0x6
 855 03cd D9000000 		.4byte	.LASF49
 856 03d1 07       		.byte	0x7
 857 03d2 74       		.byte	0x74
 858 03d3 B0030000 		.4byte	0x3b0
 859 03d7 02       		.byte	0x2
 860 03d8 23       		.byte	0x23
 861 03d9 04       		.uleb128 0x4
 862 03da 06       		.uleb128 0x6
 863 03db 60010000 		.4byte	.LASF50
 864 03df 07       		.byte	0x7
 865 03e0 76       		.byte	0x76
 866 03e1 DD000000 		.4byte	0xdd
 867 03e5 02       		.byte	0x2
 868 03e6 23       		.byte	0x23
 869 03e7 08       		.uleb128 0x8
 870 03e8 06       		.uleb128 0x6
 871 03e9 EF020000 		.4byte	.LASF53
 872 03ed 07       		.byte	0x7
 873 03ee 77       		.byte	0x77
 874 03ef F7030000 		.4byte	0x3f7
 875 03f3 02       		.byte	0x2
 876 03f4 23       		.byte	0x23
 877 03f5 0C       		.uleb128 0xc
 878 03f6 00       		.byte	0x0
 879 03f7 0F       		.uleb128 0xf
 880 03f8 DD000000 		.4byte	0xdd
 881 03fc 04       		.uleb128 0x4
 882 03fd FA020000 		.4byte	.LASF54
 883 0401 07       		.byte	0x7
 884 0402 78       		.byte	0x78
 885 0403 B6030000 		.4byte	0x3b6
 886 0407 08       		.uleb128 0x8
 887 0408 20       		.byte	0x20
 888 0409 08       		.byte	0x8
 889 040a 5E       		.byte	0x5e
 890 040b 72040000 		.4byte	0x472
 891 040f 06       		.uleb128 0x6
 892 0410 2B020000 		.4byte	.LASF55
 893 0414 08       		.byte	0x8
 894 0415 5F       		.byte	0x5f
 895 0416 40020000 		.4byte	0x240
 896 041a 02       		.byte	0x2
ARM GAS  /tmp/cc7LaFOh.s 			page 17


 897 041b 23       		.byte	0x23
 898 041c 00       		.uleb128 0x0
 899 041d 06       		.uleb128 0x6
 900 041e F3010000 		.4byte	.LASF56
 901 0422 08       		.byte	0x8
 902 0423 60       		.byte	0x60
 903 0424 BC000000 		.4byte	0xbc
 904 0428 02       		.byte	0x2
 905 0429 23       		.byte	0x23
 906 042a 08       		.uleb128 0x8
 907 042b 06       		.uleb128 0x6
 908 042c 78010000 		.4byte	.LASF57
 909 0430 08       		.byte	0x8
 910 0431 62       		.byte	0x62
 911 0432 12030000 		.4byte	0x312
 912 0436 02       		.byte	0x2
 913 0437 23       		.byte	0x23
 914 0438 0C       		.uleb128 0xc
 915 0439 06       		.uleb128 0x6
 916 043a C8000000 		.4byte	.LASF58
 917 043e 08       		.byte	0x8
 918 043f 65       		.byte	0x65
 919 0440 3A020000 		.4byte	0x23a
 920 0444 02       		.byte	0x2
 921 0445 23       		.byte	0x23
 922 0446 10       		.uleb128 0x10
 923 0447 06       		.uleb128 0x6
 924 0448 95010000 		.4byte	.LASF59
 925 044c 08       		.byte	0x8
 926 044d 66       		.byte	0x66
 927 044e 3A020000 		.4byte	0x23a
 928 0452 02       		.byte	0x2
 929 0453 23       		.byte	0x23
 930 0454 14       		.uleb128 0x14
 931 0455 06       		.uleb128 0x6
 932 0456 01030000 		.4byte	.LASF60
 933 045a 08       		.byte	0x8
 934 045b 6A       		.byte	0x6a
 935 045c E8000000 		.4byte	0xe8
 936 0460 02       		.byte	0x2
 937 0461 23       		.byte	0x23
 938 0462 18       		.uleb128 0x18
 939 0463 06       		.uleb128 0x6
 940 0464 8B010000 		.4byte	.LASF61
 941 0468 08       		.byte	0x8
 942 0469 6C       		.byte	0x6c
 943 046a 3A020000 		.4byte	0x23a
 944 046e 02       		.byte	0x2
 945 046f 23       		.byte	0x23
 946 0470 1C       		.uleb128 0x1c
 947 0471 00       		.byte	0x0
 948 0472 04       		.uleb128 0x4
 949 0473 BD020000 		.4byte	.LASF62
 950 0477 08       		.byte	0x8
 951 0478 6E       		.byte	0x6e
 952 0479 07040000 		.4byte	0x407
 953 047d 05       		.uleb128 0x5
ARM GAS  /tmp/cc7LaFOh.s 			page 18


 954 047e 4F010000 		.4byte	.LASF63
 955 0482 10       		.byte	0x10
 956 0483 09       		.byte	0x9
 957 0484 2C       		.byte	0x2c
 958 0485 B4040000 		.4byte	0x4b4
 959 0489 06       		.uleb128 0x6
 960 048a 96000000 		.4byte	.LASF64
 961 048e 09       		.byte	0x9
 962 048f 2D       		.byte	0x2d
 963 0490 40020000 		.4byte	0x240
 964 0494 02       		.byte	0x2
 965 0495 23       		.byte	0x23
 966 0496 00       		.uleb128 0x0
 967 0497 06       		.uleb128 0x6
 968 0498 0B030000 		.4byte	.LASF65
 969 049c 09       		.byte	0x9
 970 049d 2F       		.byte	0x2f
 971 049e 3A020000 		.4byte	0x23a
 972 04a2 02       		.byte	0x2
 973 04a3 23       		.byte	0x23
 974 04a4 08       		.uleb128 0x8
 975 04a5 06       		.uleb128 0x6
 976 04a6 45020000 		.4byte	.LASF66
 977 04aa 09       		.byte	0x9
 978 04ab 31       		.byte	0x31
 979 04ac B4040000 		.4byte	0x4b4
 980 04b0 02       		.byte	0x2
 981 04b1 23       		.byte	0x23
 982 04b2 0C       		.uleb128 0xc
 983 04b3 00       		.byte	0x0
 984 04b4 09       		.uleb128 0x9
 985 04b5 04       		.byte	0x4
 986 04b6 7D040000 		.4byte	0x47d
 987 04ba 04       		.uleb128 0x4
 988 04bb 4F010000 		.4byte	.LASF63
 989 04bf 09       		.byte	0x9
 990 04c0 33       		.byte	0x33
 991 04c1 7D040000 		.4byte	0x47d
 992 04c5 10       		.uleb128 0x10
 993 04c6 04       		.byte	0x4
 994 04c7 05       		.byte	0x5
 995 04c8 90       		.byte	0x90
 996 04c9 FA040000 		.4byte	0x4fa
 997 04cd 11       		.uleb128 0x11
 998 04ce 0E000000 		.4byte	.LASF67
 999 04d2 05       		.byte	0x5
 1000 04d3 97       		.byte	0x97
 1001 04d4 C7000000 		.4byte	0xc7
 1002 04d8 11       		.uleb128 0x11
 1003 04d9 4F000000 		.4byte	.LASF68
 1004 04dd 05       		.byte	0x5
 1005 04de 9E       		.byte	0x9e
 1006 04df C7000000 		.4byte	0xc7
 1007 04e3 11       		.uleb128 0x11
 1008 04e4 D5020000 		.4byte	.LASF69
 1009 04e8 05       		.byte	0x5
 1010 04e9 A5       		.byte	0xa5
ARM GAS  /tmp/cc7LaFOh.s 			page 19


 1011 04ea 78020000 		.4byte	0x278
 1012 04ee 11       		.uleb128 0x11
 1013 04ef FA010000 		.4byte	.LASF70
 1014 04f3 05       		.byte	0x5
 1015 04f4 AC       		.byte	0xac
 1016 04f5 D2000000 		.4byte	0xd2
 1017 04f9 00       		.byte	0x0
 1018 04fa 09       		.uleb128 0x9
 1019 04fb 04       		.byte	0x4
 1020 04fc 00050000 		.4byte	0x500
 1021 0500 12       		.uleb128 0x12
 1022 0501 05050000 		.4byte	0x505
 1023 0505 03       		.uleb128 0x3
 1024 0506 01       		.byte	0x1
 1025 0507 08       		.byte	0x8
 1026 0508 40020000 		.4byte	.LASF71
 1027 050c 09       		.uleb128 0x9
 1028 050d 04       		.byte	0x4
 1029 050e BA040000 		.4byte	0x4ba
 1030 0512 04       		.uleb128 0x4
 1031 0513 00000000 		.4byte	.LASF72
 1032 0517 05       		.byte	0x5
 1033 0518 DF       		.byte	0xdf
 1034 0519 1D050000 		.4byte	0x51d
 1035 051d 09       		.uleb128 0x9
 1036 051e 04       		.byte	0x4
 1037 051f 23050000 		.4byte	0x523
 1038 0523 13       		.uleb128 0x13
 1039 0524 01       		.byte	0x1
 1040 0525 C7000000 		.4byte	0xc7
 1041 0529 33050000 		.4byte	0x533
 1042 052d 0E       		.uleb128 0xe
 1043 052e 78020000 		.4byte	0x278
 1044 0532 00       		.byte	0x0
 1045 0533 14       		.uleb128 0x14
 1046 0534 01       		.byte	0x1
 1047 0535 9D010000 		.4byte	.LASF73
 1048 0539 01       		.byte	0x1
 1049 053a 3B       		.byte	0x3b
 1050 053b 01       		.byte	0x1
 1051 053c 00000000 		.4byte	.LFB7
 1052 0540 14000000 		.4byte	.LFE7
 1053 0544 02       		.byte	0x2
 1054 0545 7D       		.byte	0x7d
 1055 0546 00       		.sleb128 0
 1056 0547 59050000 		.4byte	0x559
 1057 054b 15       		.uleb128 0x15
 1058 054c 7000     		.ascii	"p\000"
 1059 054e 01       		.byte	0x1
 1060 054f 3B       		.byte	0x3b
 1061 0550 78020000 		.4byte	0x278
 1062 0554 00000000 		.4byte	.LLST0
 1063 0558 00       		.byte	0x0
 1064 0559 16       		.uleb128 0x16
 1065 055a 01       		.byte	0x1
 1066 055b 84000000 		.4byte	.LASF74
 1067 055f 01       		.byte	0x1
ARM GAS  /tmp/cc7LaFOh.s 			page 20


 1068 0560 52       		.byte	0x52
 1069 0561 01       		.byte	0x1
 1070 0562 00000000 		.4byte	.LFB8
 1071 0566 5C000000 		.4byte	.LFE8
 1072 056a 13000000 		.4byte	.LLST1
 1073 056e 9D050000 		.4byte	0x59d
 1074 0572 17       		.uleb128 0x17
 1075 0573 58000000 		.4byte	.LASF75
 1076 0577 01       		.byte	0x1
 1077 0578 53       		.byte	0x53
 1078 0579 F3000000 		.4byte	0xf3
 1079 057d 05       		.byte	0x5
 1080 057e 03       		.byte	0x3
 1081 057f 00000000 		.4byte	mainthread.4661
 1082 0583 18       		.uleb128 0x18
 1083 0584 28000000 		.4byte	.LBB2
 1084 0588 30000000 		.4byte	.LBE2
 1085 058c 19       		.uleb128 0x19
 1086 058d 746D7000 		.ascii	"tmp\000"
 1087 0591 01       		.byte	0x1
 1088 0592 6D       		.byte	0x6d
 1089 0593 70000000 		.4byte	0x70
 1090 0597 3F000000 		.4byte	.LLST2
 1091 059b 00       		.byte	0x0
 1092 059c 00       		.byte	0x0
 1093 059d 16       		.uleb128 0x16
 1094 059e 01       		.byte	0x1
 1095 059f 25000000 		.4byte	.LASF76
 1096 05a3 01       		.byte	0x1
 1097 05a4 85       		.byte	0x85
 1098 05a5 01       		.byte	0x1
 1099 05a6 00000000 		.4byte	.LFB9
 1100 05aa 50000000 		.4byte	.LFE9
 1101 05ae 5D000000 		.4byte	.LLST3
 1102 05b2 E8050000 		.4byte	0x5e8
 1103 05b6 18       		.uleb128 0x18
 1104 05b7 24000000 		.4byte	.LBB3
 1105 05bb 50000000 		.4byte	.LBE3
 1106 05bf 19       		.uleb128 0x19
 1107 05c0 76747000 		.ascii	"vtp\000"
 1108 05c4 01       		.byte	0x1
 1109 05c5 92       		.byte	0x92
 1110 05c6 B0030000 		.4byte	0x3b0
 1111 05ca 7D000000 		.4byte	.LLST4
 1112 05ce 18       		.uleb128 0x18
 1113 05cf 2E000000 		.4byte	.LBB4
 1114 05d3 3C000000 		.4byte	.LBE4
 1115 05d7 19       		.uleb128 0x19
 1116 05d8 666E00   		.ascii	"fn\000"
 1117 05db 01       		.byte	0x1
 1118 05dc 92       		.byte	0x92
 1119 05dd 35030000 		.4byte	0x335
 1120 05e1 A8000000 		.4byte	.LLST5
 1121 05e5 00       		.byte	0x0
 1122 05e6 00       		.byte	0x0
 1123 05e7 00       		.byte	0x0
 1124 05e8 1A       		.uleb128 0x1a
ARM GAS  /tmp/cc7LaFOh.s 			page 21


 1125 05e9 1E000000 		.4byte	.LASF77
 1126 05ed 07       		.byte	0x7
 1127 05ee 7A       		.byte	0x7a
 1128 05ef FC030000 		.4byte	0x3fc
 1129 05f3 01       		.byte	0x1
 1130 05f4 01       		.byte	0x1
 1131 05f5 1A       		.uleb128 0x1a
 1132 05f6 C7020000 		.4byte	.LASF78
 1133 05fa 08       		.byte	0x8
 1134 05fb 72       		.byte	0x72
 1135 05fc 72040000 		.4byte	0x472
 1136 0600 01       		.byte	0x1
 1137 0601 01       		.byte	0x1
 1138 0602 1B       		.uleb128 0x1b
 1139 0603 7A020000 		.4byte	0x27a
 1140 0607 12060000 		.4byte	0x612
 1141 060b 1C       		.uleb128 0x1c
 1142 060c 30000000 		.4byte	0x30
 1143 0610 15       		.byte	0x15
 1144 0611 00       		.byte	0x0
 1145 0612 1A       		.uleb128 0x1a
 1146 0613 B8000000 		.4byte	.LASF79
 1147 0617 0A       		.byte	0xa
 1148 0618 6E       		.byte	0x6e
 1149 0619 02060000 		.4byte	0x602
 1150 061d 01       		.byte	0x1
 1151 061e 01       		.byte	0x1
 1152 061f 1A       		.uleb128 0x1a
 1153 0620 1E000000 		.4byte	.LASF77
 1154 0624 07       		.byte	0x7
 1155 0625 7A       		.byte	0x7a
 1156 0626 FC030000 		.4byte	0x3fc
 1157 062a 01       		.byte	0x1
 1158 062b 01       		.byte	0x1
 1159 062c 1A       		.uleb128 0x1a
 1160 062d C7020000 		.4byte	.LASF78
 1161 0631 08       		.byte	0x8
 1162 0632 72       		.byte	0x72
 1163 0633 72040000 		.4byte	0x472
 1164 0637 01       		.byte	0x1
 1165 0638 01       		.byte	0x1
 1166 0639 1D       		.uleb128 0x1d
 1167 063a B8000000 		.4byte	.LASF79
 1168 063e 01       		.byte	0x1
 1169 063f 2F       		.byte	0x2f
 1170 0640 02060000 		.4byte	0x602
 1171 0644 01       		.byte	0x1
 1172 0645 05       		.byte	0x5
 1173 0646 03       		.byte	0x3
 1174 0647 00000000 		.4byte	_idle_thread_wa
 1175 064b 00       		.byte	0x0
 1176              		.section	.debug_abbrev
 1177 0000 01       		.uleb128 0x1
 1178 0001 11       		.uleb128 0x11
 1179 0002 01       		.byte	0x1
 1180 0003 25       		.uleb128 0x25
 1181 0004 0E       		.uleb128 0xe
ARM GAS  /tmp/cc7LaFOh.s 			page 22


 1182 0005 13       		.uleb128 0x13
 1183 0006 0B       		.uleb128 0xb
 1184 0007 03       		.uleb128 0x3
 1185 0008 0E       		.uleb128 0xe
 1186 0009 1B       		.uleb128 0x1b
 1187 000a 0E       		.uleb128 0xe
 1188 000b 11       		.uleb128 0x11
 1189 000c 01       		.uleb128 0x1
 1190 000d 52       		.uleb128 0x52
 1191 000e 01       		.uleb128 0x1
 1192 000f 55       		.uleb128 0x55
 1193 0010 06       		.uleb128 0x6
 1194 0011 10       		.uleb128 0x10
 1195 0012 06       		.uleb128 0x6
 1196 0013 00       		.byte	0x0
 1197 0014 00       		.byte	0x0
 1198 0015 02       		.uleb128 0x2
 1199 0016 24       		.uleb128 0x24
 1200 0017 00       		.byte	0x0
 1201 0018 0B       		.uleb128 0xb
 1202 0019 0B       		.uleb128 0xb
 1203 001a 3E       		.uleb128 0x3e
 1204 001b 0B       		.uleb128 0xb
 1205 001c 03       		.uleb128 0x3
 1206 001d 08       		.uleb128 0x8
 1207 001e 00       		.byte	0x0
 1208 001f 00       		.byte	0x0
 1209 0020 03       		.uleb128 0x3
 1210 0021 24       		.uleb128 0x24
 1211 0022 00       		.byte	0x0
 1212 0023 0B       		.uleb128 0xb
 1213 0024 0B       		.uleb128 0xb
 1214 0025 3E       		.uleb128 0x3e
 1215 0026 0B       		.uleb128 0xb
 1216 0027 03       		.uleb128 0x3
 1217 0028 0E       		.uleb128 0xe
 1218 0029 00       		.byte	0x0
 1219 002a 00       		.byte	0x0
 1220 002b 04       		.uleb128 0x4
 1221 002c 16       		.uleb128 0x16
 1222 002d 00       		.byte	0x0
 1223 002e 03       		.uleb128 0x3
 1224 002f 0E       		.uleb128 0xe
 1225 0030 3A       		.uleb128 0x3a
 1226 0031 0B       		.uleb128 0xb
 1227 0032 3B       		.uleb128 0x3b
 1228 0033 0B       		.uleb128 0xb
 1229 0034 49       		.uleb128 0x49
 1230 0035 13       		.uleb128 0x13
 1231 0036 00       		.byte	0x0
 1232 0037 00       		.byte	0x0
 1233 0038 05       		.uleb128 0x5
 1234 0039 13       		.uleb128 0x13
 1235 003a 01       		.byte	0x1
 1236 003b 03       		.uleb128 0x3
 1237 003c 0E       		.uleb128 0xe
 1238 003d 0B       		.uleb128 0xb
ARM GAS  /tmp/cc7LaFOh.s 			page 23


 1239 003e 0B       		.uleb128 0xb
 1240 003f 3A       		.uleb128 0x3a
 1241 0040 0B       		.uleb128 0xb
 1242 0041 3B       		.uleb128 0x3b
 1243 0042 0B       		.uleb128 0xb
 1244 0043 01       		.uleb128 0x1
 1245 0044 13       		.uleb128 0x13
 1246 0045 00       		.byte	0x0
 1247 0046 00       		.byte	0x0
 1248 0047 06       		.uleb128 0x6
 1249 0048 0D       		.uleb128 0xd
 1250 0049 00       		.byte	0x0
 1251 004a 03       		.uleb128 0x3
 1252 004b 0E       		.uleb128 0xe
 1253 004c 3A       		.uleb128 0x3a
 1254 004d 0B       		.uleb128 0xb
 1255 004e 3B       		.uleb128 0x3b
 1256 004f 0B       		.uleb128 0xb
 1257 0050 49       		.uleb128 0x49
 1258 0051 13       		.uleb128 0x13
 1259 0052 38       		.uleb128 0x38
 1260 0053 0A       		.uleb128 0xa
 1261 0054 00       		.byte	0x0
 1262 0055 00       		.byte	0x0
 1263 0056 07       		.uleb128 0x7
 1264 0057 0D       		.uleb128 0xd
 1265 0058 00       		.byte	0x0
 1266 0059 03       		.uleb128 0x3
 1267 005a 08       		.uleb128 0x8
 1268 005b 3A       		.uleb128 0x3a
 1269 005c 0B       		.uleb128 0xb
 1270 005d 3B       		.uleb128 0x3b
 1271 005e 0B       		.uleb128 0xb
 1272 005f 49       		.uleb128 0x49
 1273 0060 13       		.uleb128 0x13
 1274 0061 38       		.uleb128 0x38
 1275 0062 0A       		.uleb128 0xa
 1276 0063 00       		.byte	0x0
 1277 0064 00       		.byte	0x0
 1278 0065 08       		.uleb128 0x8
 1279 0066 13       		.uleb128 0x13
 1280 0067 01       		.byte	0x1
 1281 0068 0B       		.uleb128 0xb
 1282 0069 0B       		.uleb128 0xb
 1283 006a 3A       		.uleb128 0x3a
 1284 006b 0B       		.uleb128 0xb
 1285 006c 3B       		.uleb128 0x3b
 1286 006d 0B       		.uleb128 0xb
 1287 006e 01       		.uleb128 0x1
 1288 006f 13       		.uleb128 0x13
 1289 0070 00       		.byte	0x0
 1290 0071 00       		.byte	0x0
 1291 0072 09       		.uleb128 0x9
 1292 0073 0F       		.uleb128 0xf
 1293 0074 00       		.byte	0x0
 1294 0075 0B       		.uleb128 0xb
 1295 0076 0B       		.uleb128 0xb
ARM GAS  /tmp/cc7LaFOh.s 			page 24


 1296 0077 49       		.uleb128 0x49
 1297 0078 13       		.uleb128 0x13
 1298 0079 00       		.byte	0x0
 1299 007a 00       		.byte	0x0
 1300 007b 0A       		.uleb128 0xa
 1301 007c 0F       		.uleb128 0xf
 1302 007d 00       		.byte	0x0
 1303 007e 0B       		.uleb128 0xb
 1304 007f 0B       		.uleb128 0xb
 1305 0080 00       		.byte	0x0
 1306 0081 00       		.byte	0x0
 1307 0082 0B       		.uleb128 0xb
 1308 0083 0D       		.uleb128 0xd
 1309 0084 00       		.byte	0x0
 1310 0085 03       		.uleb128 0x3
 1311 0086 08       		.uleb128 0x8
 1312 0087 3A       		.uleb128 0x3a
 1313 0088 0B       		.uleb128 0xb
 1314 0089 3B       		.uleb128 0x3b
 1315 008a 05       		.uleb128 0x5
 1316 008b 49       		.uleb128 0x49
 1317 008c 13       		.uleb128 0x13
 1318 008d 38       		.uleb128 0x38
 1319 008e 0A       		.uleb128 0xa
 1320 008f 00       		.byte	0x0
 1321 0090 00       		.byte	0x0
 1322 0091 0C       		.uleb128 0xc
 1323 0092 13       		.uleb128 0x13
 1324 0093 01       		.byte	0x1
 1325 0094 03       		.uleb128 0x3
 1326 0095 0E       		.uleb128 0xe
 1327 0096 0B       		.uleb128 0xb
 1328 0097 0B       		.uleb128 0xb
 1329 0098 3A       		.uleb128 0x3a
 1330 0099 0B       		.uleb128 0xb
 1331 009a 3B       		.uleb128 0x3b
 1332 009b 05       		.uleb128 0x5
 1333 009c 01       		.uleb128 0x1
 1334 009d 13       		.uleb128 0x13
 1335 009e 00       		.byte	0x0
 1336 009f 00       		.byte	0x0
 1337 00a0 0D       		.uleb128 0xd
 1338 00a1 15       		.uleb128 0x15
 1339 00a2 01       		.byte	0x1
 1340 00a3 27       		.uleb128 0x27
 1341 00a4 0C       		.uleb128 0xc
 1342 00a5 01       		.uleb128 0x1
 1343 00a6 13       		.uleb128 0x13
 1344 00a7 00       		.byte	0x0
 1345 00a8 00       		.byte	0x0
 1346 00a9 0E       		.uleb128 0xe
 1347 00aa 05       		.uleb128 0x5
 1348 00ab 00       		.byte	0x0
 1349 00ac 49       		.uleb128 0x49
 1350 00ad 13       		.uleb128 0x13
 1351 00ae 00       		.byte	0x0
 1352 00af 00       		.byte	0x0
ARM GAS  /tmp/cc7LaFOh.s 			page 25


 1353 00b0 0F       		.uleb128 0xf
 1354 00b1 35       		.uleb128 0x35
 1355 00b2 00       		.byte	0x0
 1356 00b3 49       		.uleb128 0x49
 1357 00b4 13       		.uleb128 0x13
 1358 00b5 00       		.byte	0x0
 1359 00b6 00       		.byte	0x0
 1360 00b7 10       		.uleb128 0x10
 1361 00b8 17       		.uleb128 0x17
 1362 00b9 01       		.byte	0x1
 1363 00ba 0B       		.uleb128 0xb
 1364 00bb 0B       		.uleb128 0xb
 1365 00bc 3A       		.uleb128 0x3a
 1366 00bd 0B       		.uleb128 0xb
 1367 00be 3B       		.uleb128 0x3b
 1368 00bf 0B       		.uleb128 0xb
 1369 00c0 01       		.uleb128 0x1
 1370 00c1 13       		.uleb128 0x13
 1371 00c2 00       		.byte	0x0
 1372 00c3 00       		.byte	0x0
 1373 00c4 11       		.uleb128 0x11
 1374 00c5 0D       		.uleb128 0xd
 1375 00c6 00       		.byte	0x0
 1376 00c7 03       		.uleb128 0x3
 1377 00c8 0E       		.uleb128 0xe
 1378 00c9 3A       		.uleb128 0x3a
 1379 00ca 0B       		.uleb128 0xb
 1380 00cb 3B       		.uleb128 0x3b
 1381 00cc 0B       		.uleb128 0xb
 1382 00cd 49       		.uleb128 0x49
 1383 00ce 13       		.uleb128 0x13
 1384 00cf 00       		.byte	0x0
 1385 00d0 00       		.byte	0x0
 1386 00d1 12       		.uleb128 0x12
 1387 00d2 26       		.uleb128 0x26
 1388 00d3 00       		.byte	0x0
 1389 00d4 49       		.uleb128 0x49
 1390 00d5 13       		.uleb128 0x13
 1391 00d6 00       		.byte	0x0
 1392 00d7 00       		.byte	0x0
 1393 00d8 13       		.uleb128 0x13
 1394 00d9 15       		.uleb128 0x15
 1395 00da 01       		.byte	0x1
 1396 00db 27       		.uleb128 0x27
 1397 00dc 0C       		.uleb128 0xc
 1398 00dd 49       		.uleb128 0x49
 1399 00de 13       		.uleb128 0x13
 1400 00df 01       		.uleb128 0x1
 1401 00e0 13       		.uleb128 0x13
 1402 00e1 00       		.byte	0x0
 1403 00e2 00       		.byte	0x0
 1404 00e3 14       		.uleb128 0x14
 1405 00e4 2E       		.uleb128 0x2e
 1406 00e5 01       		.byte	0x1
 1407 00e6 3F       		.uleb128 0x3f
 1408 00e7 0C       		.uleb128 0xc
 1409 00e8 03       		.uleb128 0x3
ARM GAS  /tmp/cc7LaFOh.s 			page 26


 1410 00e9 0E       		.uleb128 0xe
 1411 00ea 3A       		.uleb128 0x3a
 1412 00eb 0B       		.uleb128 0xb
 1413 00ec 3B       		.uleb128 0x3b
 1414 00ed 0B       		.uleb128 0xb
 1415 00ee 27       		.uleb128 0x27
 1416 00ef 0C       		.uleb128 0xc
 1417 00f0 11       		.uleb128 0x11
 1418 00f1 01       		.uleb128 0x1
 1419 00f2 12       		.uleb128 0x12
 1420 00f3 01       		.uleb128 0x1
 1421 00f4 40       		.uleb128 0x40
 1422 00f5 0A       		.uleb128 0xa
 1423 00f6 01       		.uleb128 0x1
 1424 00f7 13       		.uleb128 0x13
 1425 00f8 00       		.byte	0x0
 1426 00f9 00       		.byte	0x0
 1427 00fa 15       		.uleb128 0x15
 1428 00fb 05       		.uleb128 0x5
 1429 00fc 00       		.byte	0x0
 1430 00fd 03       		.uleb128 0x3
 1431 00fe 08       		.uleb128 0x8
 1432 00ff 3A       		.uleb128 0x3a
 1433 0100 0B       		.uleb128 0xb
 1434 0101 3B       		.uleb128 0x3b
 1435 0102 0B       		.uleb128 0xb
 1436 0103 49       		.uleb128 0x49
 1437 0104 13       		.uleb128 0x13
 1438 0105 02       		.uleb128 0x2
 1439 0106 06       		.uleb128 0x6
 1440 0107 00       		.byte	0x0
 1441 0108 00       		.byte	0x0
 1442 0109 16       		.uleb128 0x16
 1443 010a 2E       		.uleb128 0x2e
 1444 010b 01       		.byte	0x1
 1445 010c 3F       		.uleb128 0x3f
 1446 010d 0C       		.uleb128 0xc
 1447 010e 03       		.uleb128 0x3
 1448 010f 0E       		.uleb128 0xe
 1449 0110 3A       		.uleb128 0x3a
 1450 0111 0B       		.uleb128 0xb
 1451 0112 3B       		.uleb128 0x3b
 1452 0113 0B       		.uleb128 0xb
 1453 0114 27       		.uleb128 0x27
 1454 0115 0C       		.uleb128 0xc
 1455 0116 11       		.uleb128 0x11
 1456 0117 01       		.uleb128 0x1
 1457 0118 12       		.uleb128 0x12
 1458 0119 01       		.uleb128 0x1
 1459 011a 40       		.uleb128 0x40
 1460 011b 06       		.uleb128 0x6
 1461 011c 01       		.uleb128 0x1
 1462 011d 13       		.uleb128 0x13
 1463 011e 00       		.byte	0x0
 1464 011f 00       		.byte	0x0
 1465 0120 17       		.uleb128 0x17
 1466 0121 34       		.uleb128 0x34
ARM GAS  /tmp/cc7LaFOh.s 			page 27


 1467 0122 00       		.byte	0x0
 1468 0123 03       		.uleb128 0x3
 1469 0124 0E       		.uleb128 0xe
 1470 0125 3A       		.uleb128 0x3a
 1471 0126 0B       		.uleb128 0xb
 1472 0127 3B       		.uleb128 0x3b
 1473 0128 0B       		.uleb128 0xb
 1474 0129 49       		.uleb128 0x49
 1475 012a 13       		.uleb128 0x13
 1476 012b 02       		.uleb128 0x2
 1477 012c 0A       		.uleb128 0xa
 1478 012d 00       		.byte	0x0
 1479 012e 00       		.byte	0x0
 1480 012f 18       		.uleb128 0x18
 1481 0130 0B       		.uleb128 0xb
 1482 0131 01       		.byte	0x1
 1483 0132 11       		.uleb128 0x11
 1484 0133 01       		.uleb128 0x1
 1485 0134 12       		.uleb128 0x12
 1486 0135 01       		.uleb128 0x1
 1487 0136 00       		.byte	0x0
 1488 0137 00       		.byte	0x0
 1489 0138 19       		.uleb128 0x19
 1490 0139 34       		.uleb128 0x34
 1491 013a 00       		.byte	0x0
 1492 013b 03       		.uleb128 0x3
 1493 013c 08       		.uleb128 0x8
 1494 013d 3A       		.uleb128 0x3a
 1495 013e 0B       		.uleb128 0xb
 1496 013f 3B       		.uleb128 0x3b
 1497 0140 0B       		.uleb128 0xb
 1498 0141 49       		.uleb128 0x49
 1499 0142 13       		.uleb128 0x13
 1500 0143 02       		.uleb128 0x2
 1501 0144 06       		.uleb128 0x6
 1502 0145 00       		.byte	0x0
 1503 0146 00       		.byte	0x0
 1504 0147 1A       		.uleb128 0x1a
 1505 0148 34       		.uleb128 0x34
 1506 0149 00       		.byte	0x0
 1507 014a 03       		.uleb128 0x3
 1508 014b 0E       		.uleb128 0xe
 1509 014c 3A       		.uleb128 0x3a
 1510 014d 0B       		.uleb128 0xb
 1511 014e 3B       		.uleb128 0x3b
 1512 014f 0B       		.uleb128 0xb
 1513 0150 49       		.uleb128 0x49
 1514 0151 13       		.uleb128 0x13
 1515 0152 3F       		.uleb128 0x3f
 1516 0153 0C       		.uleb128 0xc
 1517 0154 3C       		.uleb128 0x3c
 1518 0155 0C       		.uleb128 0xc
 1519 0156 00       		.byte	0x0
 1520 0157 00       		.byte	0x0
 1521 0158 1B       		.uleb128 0x1b
 1522 0159 01       		.uleb128 0x1
 1523 015a 01       		.byte	0x1
ARM GAS  /tmp/cc7LaFOh.s 			page 28


 1524 015b 49       		.uleb128 0x49
 1525 015c 13       		.uleb128 0x13
 1526 015d 01       		.uleb128 0x1
 1527 015e 13       		.uleb128 0x13
 1528 015f 00       		.byte	0x0
 1529 0160 00       		.byte	0x0
 1530 0161 1C       		.uleb128 0x1c
 1531 0162 21       		.uleb128 0x21
 1532 0163 00       		.byte	0x0
 1533 0164 49       		.uleb128 0x49
 1534 0165 13       		.uleb128 0x13
 1535 0166 2F       		.uleb128 0x2f
 1536 0167 0B       		.uleb128 0xb
 1537 0168 00       		.byte	0x0
 1538 0169 00       		.byte	0x0
 1539 016a 1D       		.uleb128 0x1d
 1540 016b 34       		.uleb128 0x34
 1541 016c 00       		.byte	0x0
 1542 016d 03       		.uleb128 0x3
 1543 016e 0E       		.uleb128 0xe
 1544 016f 3A       		.uleb128 0x3a
 1545 0170 0B       		.uleb128 0xb
 1546 0171 3B       		.uleb128 0x3b
 1547 0172 0B       		.uleb128 0xb
 1548 0173 49       		.uleb128 0x49
 1549 0174 13       		.uleb128 0x13
 1550 0175 3F       		.uleb128 0x3f
 1551 0176 0C       		.uleb128 0xc
 1552 0177 02       		.uleb128 0x2
 1553 0178 0A       		.uleb128 0xa
 1554 0179 00       		.byte	0x0
 1555 017a 00       		.byte	0x0
 1556 017b 00       		.byte	0x0
 1557              		.section	.debug_pubnames,"",%progbits
 1558 0000 58000000 		.4byte	0x58
 1559 0004 0200     		.2byte	0x2
 1560 0006 00000000 		.4byte	.Ldebug_info0
 1561 000a 4C060000 		.4byte	0x64c
 1562 000e 33050000 		.4byte	0x533
 1563 0012 5F69646C 		.ascii	"_idle_thread\000"
 1563      655F7468 
 1563      72656164 
 1563      00
 1564 001f 59050000 		.4byte	0x559
 1565 0023 63685379 		.ascii	"chSysInit\000"
 1565      73496E69 
 1565      7400
 1566 002d 9D050000 		.4byte	0x59d
 1567 0031 63685379 		.ascii	"chSysTimerHandlerI\000"
 1567      7354696D 
 1567      65724861 
 1567      6E646C65 
 1567      724900
 1568 0044 39060000 		.4byte	0x639
 1569 0048 5F69646C 		.ascii	"_idle_thread_wa\000"
 1569      655F7468 
 1569      72656164 
ARM GAS  /tmp/cc7LaFOh.s 			page 29


 1569      5F776100 
 1570 0058 00000000 		.4byte	0x0
 1571              		.section	.debug_pubtypes,"",%progbits
 1572 0000 75010000 		.4byte	0x175
 1573 0004 0200     		.2byte	0x2
 1574 0006 00000000 		.4byte	.Ldebug_info0
 1575 000a 4C060000 		.4byte	0x64c
 1576 000e 3E000000 		.4byte	0x3e
 1577 0012 75696E74 		.ascii	"uint8_t\000"
 1577      385F7400 
 1578 001a 5E000000 		.4byte	0x5e
 1579 001e 696E7433 		.ascii	"int32_t\000"
 1579      325F7400 
 1580 0026 70000000 		.4byte	0x70
 1581 002a 75696E74 		.ascii	"uint32_t\000"
 1581      33325F74 
 1581      00
 1582 0033 89000000 		.4byte	0x89
 1583 0037 75696E74 		.ascii	"uint64_t\000"
 1583      36345F74 
 1583      00
 1584 0040 9B000000 		.4byte	0x9b
 1585 0044 746D6F64 		.ascii	"tmode_t\000"
 1585      655F7400 
 1586 004c A6000000 		.4byte	0xa6
 1587 0050 74737461 		.ascii	"tstate_t\000"
 1587      74655F74 
 1587      00
 1588 0059 B1000000 		.4byte	0xb1
 1589 005d 74726566 		.ascii	"trefs_t\000"
 1589      735F7400 
 1590 0065 BC000000 		.4byte	0xbc
 1591 0069 74707269 		.ascii	"tprio_t\000"
 1591      6F5F7400 
 1592 0071 C7000000 		.4byte	0xc7
 1593 0075 6D73675F 		.ascii	"msg_t\000"
 1593      7400
 1594 007b D2000000 		.4byte	0xd2
 1595 007f 6576656E 		.ascii	"eventmask_t\000"
 1595      746D6173 
 1595      6B5F7400 
 1596 008b DD000000 		.4byte	0xdd
 1597 008f 73797374 		.ascii	"systime_t\000"
 1597      696D655F 
 1597      7400
 1598 0099 E8000000 		.4byte	0xe8
 1599 009d 636E745F 		.ascii	"cnt_t\000"
 1599      7400
 1600 00a3 F3000000 		.4byte	0xf3
 1601 00a7 54687265 		.ascii	"Thread\000"
 1601      616400
 1602 00ae 40020000 		.4byte	0x240
 1603 00b2 54687265 		.ascii	"ThreadsQueue\000"
 1603      61647351 
 1603      75657565 
 1603      00
 1604 00bf 62020000 		.4byte	0x262
ARM GAS  /tmp/cc7LaFOh.s 			page 30


 1605 00c3 54687265 		.ascii	"ThreadsList\000"
 1605      6164734C 
 1605      69737400 
 1606 00cf 6D020000 		.4byte	0x26d
 1607 00d3 72656761 		.ascii	"regarm_t\000"
 1607      726D5F74 
 1607      00
 1608 00dc 7A020000 		.4byte	0x27a
 1609 00e0 73746B61 		.ascii	"stkalign_t\000"
 1609      6C69676E 
 1609      5F7400
 1610 00eb 85020000 		.4byte	0x285
 1611 00ef 696E7463 		.ascii	"intctx\000"
 1611      747800
 1612 00f6 12030000 		.4byte	0x312
 1613 00fa 636F6E74 		.ascii	"context\000"
 1613      65787400 
 1614 0102 35030000 		.4byte	0x335
 1615 0106 76746675 		.ascii	"vtfunc_t\000"
 1615      6E635F74 
 1615      00
 1616 010f 52030000 		.4byte	0x352
 1617 0113 56697274 		.ascii	"VirtualTimer\000"
 1617      75616C54 
 1617      696D6572 
 1617      00
 1618 0120 5D030000 		.4byte	0x35d
 1619 0124 56697274 		.ascii	"VirtualTimer\000"
 1619      75616C54 
 1619      696D6572 
 1619      00
 1620 0131 FC030000 		.4byte	0x3fc
 1621 0135 56544C69 		.ascii	"VTList\000"
 1621      737400
 1622 013c 72040000 		.4byte	0x472
 1623 0140 52656164 		.ascii	"ReadyList\000"
 1623      794C6973 
 1623      7400
 1624 014a 7D040000 		.4byte	0x47d
 1625 014e 4D757465 		.ascii	"Mutex\000"
 1625      7800
 1626 0154 BA040000 		.4byte	0x4ba
 1627 0158 4D757465 		.ascii	"Mutex\000"
 1627      7800
 1628 015e FE000000 		.4byte	0xfe
 1629 0162 54687265 		.ascii	"Thread\000"
 1629      616400
 1630 0169 12050000 		.4byte	0x512
 1631 016d 7466756E 		.ascii	"tfunc_t\000"
 1631      635F7400 
 1632 0175 00000000 		.4byte	0x0
 1633              		.section	.debug_aranges,"",%progbits
 1634 0000 2C000000 		.4byte	0x2c
 1635 0004 0200     		.2byte	0x2
 1636 0006 00000000 		.4byte	.Ldebug_info0
 1637 000a 04       		.byte	0x4
 1638 000b 00       		.byte	0x0
ARM GAS  /tmp/cc7LaFOh.s 			page 31


 1639 000c 0000     		.2byte	0x0
 1640 000e 0000     		.2byte	0x0
 1641 0010 00000000 		.4byte	.LFB7
 1642 0014 14000000 		.4byte	.LFE7-.LFB7
 1643 0018 00000000 		.4byte	.LFB8
 1644 001c 5C000000 		.4byte	.LFE8-.LFB8
 1645 0020 00000000 		.4byte	.LFB9
 1646 0024 50000000 		.4byte	.LFE9-.LFB9
 1647 0028 00000000 		.4byte	0x0
 1648 002c 00000000 		.4byte	0x0
 1649              		.section	.debug_ranges,"",%progbits
 1650              	.Ldebug_ranges0:
 1651 0000 00000000 		.4byte	.LFB7
 1652 0004 14000000 		.4byte	.LFE7
 1653 0008 00000000 		.4byte	.LFB8
 1654 000c 5C000000 		.4byte	.LFE8
 1655 0010 00000000 		.4byte	.LFB9
 1656 0014 50000000 		.4byte	.LFE9
 1657 0018 00000000 		.4byte	0x0
 1658 001c 00000000 		.4byte	0x0
 1659              		.section	.debug_str,"MS",%progbits,1
 1660              	.LASF72:
 1661 0000 7466756E 		.ascii	"tfunc_t\000"
 1661      635F7400 
 1662              	.LASF35:
 1663 0008 705F6D73 		.ascii	"p_msg\000"
 1663      6700
 1664              	.LASF67:
 1665 000e 7264796D 		.ascii	"rdymsg\000"
 1665      736700
 1666              	.LASF11:
 1667 0015 75696E74 		.ascii	"uint64_t\000"
 1667      36345F74 
 1667      00
 1668              	.LASF77:
 1669 001e 76746C69 		.ascii	"vtlist\000"
 1669      737400
 1670              	.LASF76:
 1671 0025 63685379 		.ascii	"chSysTimerHandlerI\000"
 1671      7354696D 
 1671      65724861 
 1671      6E646C65 
 1671      724900
 1672              	.LASF12:
 1673 0038 6C6F6E67 		.ascii	"long long unsigned int\000"
 1673      206C6F6E 
 1673      6720756E 
 1673      7369676E 
 1673      65642069 
 1674              	.LASF68:
 1675 004f 65786974 		.ascii	"exitcode\000"
 1675      636F6465 
 1675      00
 1676              	.LASF75:
 1677 0058 6D61696E 		.ascii	"mainthread\000"
 1677      74687265 
 1677      616400
ARM GAS  /tmp/cc7LaFOh.s 			page 32


 1678              	.LASF24:
 1679 0063 705F7072 		.ascii	"p_prio\000"
 1679      696F00
 1680              	.LASF10:
 1681 006a 6C6F6E67 		.ascii	"long long int\000"
 1681      206C6F6E 
 1681      6720696E 
 1681      7400
 1682              	.LASF1:
 1683 0078 7369676E 		.ascii	"signed char\000"
 1683      65642063 
 1683      68617200 
 1684              	.LASF74:
 1685 0084 63685379 		.ascii	"chSysInit\000"
 1685      73496E69 
 1685      7400
 1686              	.LASF39:
 1687 008e 705F6D70 		.ascii	"p_mpool\000"
 1687      6F6F6C00 
 1688              	.LASF64:
 1689 0096 6D5F7175 		.ascii	"m_queue\000"
 1689      65756500 
 1690              	.LASF7:
 1691 009e 6C6F6E67 		.ascii	"long int\000"
 1691      20696E74 
 1691      00
 1692              	.LASF14:
 1693 00a7 74737461 		.ascii	"tstate_t\000"
 1693      74655F74 
 1693      00
 1694              	.LASF26:
 1695 00b0 705F6E65 		.ascii	"p_newer\000"
 1695      77657200 
 1696              	.LASF79:
 1697 00b8 5F69646C 		.ascii	"_idle_thread_wa\000"
 1697      655F7468 
 1697      72656164 
 1697      5F776100 
 1698              	.LASF58:
 1699 00c8 725F6E65 		.ascii	"r_newer\000"
 1699      77657200 
 1700              	.LASF42:
 1701 00d0 72656761 		.ascii	"regarm_t\000"
 1701      726D5F74 
 1701      00
 1702              	.LASF49:
 1703 00d9 76745F70 		.ascii	"vt_prev\000"
 1703      72657600 
 1704              	.LASF20:
 1705 00e1 636E745F 		.ascii	"cnt_t\000"
 1705      7400
 1706              	.LASF0:
 1707 00e7 756E7369 		.ascii	"unsigned int\000"
 1707      676E6564 
 1707      20696E74 
 1707      00
 1708              	.LASF48:
ARM GAS  /tmp/cc7LaFOh.s 			page 33


 1709 00f4 76745F6E 		.ascii	"vt_next\000"
 1709      65787400 
 1710              	.LASF9:
 1711 00fc 6C6F6E67 		.ascii	"long unsigned int\000"
 1711      20756E73 
 1711      69676E65 
 1711      6420696E 
 1711      7400
 1712              	.LASF45:
 1713 010e 636F6E74 		.ascii	"context\000"
 1713      65787400 
 1714              	.LASF4:
 1715 0116 73686F72 		.ascii	"short unsigned int\000"
 1715      7420756E 
 1715      7369676E 
 1715      65642069 
 1715      6E7400
 1716              	.LASF17:
 1717 0129 6D73675F 		.ascii	"msg_t\000"
 1717      7400
 1718              	.LASF13:
 1719 012f 746D6F64 		.ascii	"tmode_t\000"
 1719      655F7400 
 1720              	.LASF41:
 1721 0137 54687265 		.ascii	"ThreadsList\000"
 1721      6164734C 
 1721      69737400 
 1722              	.LASF18:
 1723 0143 6576656E 		.ascii	"eventmask_t\000"
 1723      746D6173 
 1723      6B5F7400 
 1724              	.LASF63:
 1725 014f 4D757465 		.ascii	"Mutex\000"
 1725      7800
 1726              	.LASF43:
 1727 0155 73746B61 		.ascii	"stkalign_t\000"
 1727      6C69676E 
 1727      5F7400
 1728              	.LASF50:
 1729 0160 76745F74 		.ascii	"vt_time\000"
 1729      696D6500 
 1730              	.LASF51:
 1731 0168 76745F66 		.ascii	"vt_func\000"
 1731      756E6300 
 1732              	.LASF27:
 1733 0170 705F6F6C 		.ascii	"p_older\000"
 1733      64657200 
 1734              	.LASF57:
 1735 0178 725F6374 		.ascii	"r_ctx\000"
 1735      7800
 1736              	.LASF40:
 1737 017e 54687265 		.ascii	"ThreadsQueue\000"
 1737      61647351 
 1737      75657565 
 1737      00
 1738              	.LASF61:
 1739 018b 725F6375 		.ascii	"r_current\000"
ARM GAS  /tmp/cc7LaFOh.s 			page 34


 1739      7272656E 
 1739      7400
 1740              	.LASF59:
 1741 0195 725F6F6C 		.ascii	"r_older\000"
 1741      64657200 
 1742              	.LASF73:
 1743 019d 5F69646C 		.ascii	"_idle_thread\000"
 1743      655F7468 
 1743      72656164 
 1743      00
 1744              	.LASF15:
 1745 01aa 74726566 		.ascii	"trefs_t\000"
 1745      735F7400 
 1746              	.LASF23:
 1747 01b2 705F7072 		.ascii	"p_prev\000"
 1747      657600
 1748              	.LASF16:
 1749 01b9 74707269 		.ascii	"tprio_t\000"
 1749      6F5F7400 
 1750              	.LASF6:
 1751 01c1 696E7433 		.ascii	"int32_t\000"
 1751      325F7400 
 1752              	.LASF2:
 1753 01c9 756E7369 		.ascii	"unsigned char\000"
 1753      676E6564 
 1753      20636861 
 1753      7200
 1754              	.LASF37:
 1755 01d7 705F6D74 		.ascii	"p_mtxlist\000"
 1755      786C6973 
 1755      7400
 1756              	.LASF3:
 1757 01e1 73686F72 		.ascii	"short int\000"
 1757      7420696E 
 1757      7400
 1758              	.LASF29:
 1759 01eb 705F7374 		.ascii	"p_state\000"
 1759      61746500 
 1760              	.LASF56:
 1761 01f3 725F7072 		.ascii	"r_prio\000"
 1761      696F00
 1762              	.LASF70:
 1763 01fa 65776D61 		.ascii	"ewmask\000"
 1763      736B00
 1764              	.LASF22:
 1765 0201 705F6E65 		.ascii	"p_next\000"
 1765      787400
 1766              	.LASF30:
 1767 0208 705F666C 		.ascii	"p_flags\000"
 1767      61677300 
 1768              	.LASF21:
 1769 0210 54687265 		.ascii	"Thread\000"
 1769      616400
 1770              	.LASF36:
 1771 0217 705F6570 		.ascii	"p_epending\000"
 1771      656E6469 
 1771      6E6700
ARM GAS  /tmp/cc7LaFOh.s 			page 35


 1772              	.LASF8:
 1773 0222 75696E74 		.ascii	"uint32_t\000"
 1773      33325F74 
 1773      00
 1774              	.LASF55:
 1775 022b 725F7175 		.ascii	"r_queue\000"
 1775      65756500 
 1776              	.LASF47:
 1777 0233 56697274 		.ascii	"VirtualTimer\000"
 1777      75616C54 
 1777      696D6572 
 1777      00
 1778              	.LASF71:
 1779 0240 63686172 		.ascii	"char\000"
 1779      00
 1780              	.LASF66:
 1781 0245 6D5F6E65 		.ascii	"m_next\000"
 1781      787400
 1782              	.LASF19:
 1783 024c 73797374 		.ascii	"systime_t\000"
 1783      696D655F 
 1783      7400
 1784              	.LASF38:
 1785 0256 705F7265 		.ascii	"p_realprio\000"
 1785      616C7072 
 1785      696F00
 1786              	.LASF46:
 1787 0261 76746675 		.ascii	"vtfunc_t\000"
 1787      6E635F74 
 1787      00
 1788              	.LASF81:
 1789 026a 2E2E2F6C 		.ascii	"../libs/ChibiOS_2.4.0/os/kernel/src/chsys.c\000"
 1789      6962732F 
 1789      43686962 
 1789      694F535F 
 1789      322E342E 
 1790              	.LASF32:
 1791 0296 705F7469 		.ascii	"p_time\000"
 1791      6D6500
 1792              	.LASF44:
 1793 029d 696E7463 		.ascii	"intctx\000"
 1793      747800
 1794              	.LASF34:
 1795 02a4 705F6D73 		.ascii	"p_msgqueue\000"
 1795      67717565 
 1795      756500
 1796              	.LASF52:
 1797 02af 76745F70 		.ascii	"vt_par\000"
 1797      617200
 1798              	.LASF31:
 1799 02b6 705F7265 		.ascii	"p_refs\000"
 1799      667300
 1800              	.LASF62:
 1801 02bd 52656164 		.ascii	"ReadyList\000"
 1801      794C6973 
 1801      7400
 1802              	.LASF78:
ARM GAS  /tmp/cc7LaFOh.s 			page 36


 1803 02c7 726C6973 		.ascii	"rlist\000"
 1803      7400
 1804              	.LASF5:
 1805 02cd 75696E74 		.ascii	"uint8_t\000"
 1805      385F7400 
 1806              	.LASF69:
 1807 02d5 77746F62 		.ascii	"wtobjp\000"
 1807      6A7000
 1808              	.LASF80:
 1809 02dc 474E5520 		.ascii	"GNU C 4.5.2\000"
 1809      4320342E 
 1809      352E3200 
 1810              	.LASF28:
 1811 02e8 705F6E61 		.ascii	"p_name\000"
 1811      6D6500
 1812              	.LASF53:
 1813 02ef 76745F73 		.ascii	"vt_systime\000"
 1813      79737469 
 1813      6D6500
 1814              	.LASF54:
 1815 02fa 56544C69 		.ascii	"VTList\000"
 1815      737400
 1816              	.LASF60:
 1817 0301 725F7072 		.ascii	"r_preempt\000"
 1817      65656D70 
 1817      7400
 1818              	.LASF65:
 1819 030b 6D5F6F77 		.ascii	"m_owner\000"
 1819      6E657200 
 1820              	.LASF25:
 1821 0313 705F6374 		.ascii	"p_ctx\000"
 1821      7800
 1822              	.LASF33:
 1823 0319 705F7761 		.ascii	"p_waiting\000"
 1823      6974696E 
 1823      6700
 1824              	.LASF82:
 1825 0323 2F686F6D 		.ascii	"/home/stm32/Workspace/FirmwareSpykee\000"
 1825      652F7374 
 1825      6D33322F 
 1825      576F726B 
 1825      73706163 
 1826              		.ident	"GCC: (Sourcery G++ Lite 2011.03-42) 4.5.2"
ARM GAS  /tmp/cc7LaFOh.s 			page 37


DEFINED SYMBOLS
                            *ABS*:00000000 chsys.c
     /tmp/cc7LaFOh.s:26     .text._idle_thread:00000000 $t
     /tmp/cc7LaFOh.s:32     .text._idle_thread:00000000 _idle_thread
     /tmp/cc7LaFOh.s:52     .text._idle_thread:0000000c $d
     /tmp/cc7LaFOh.s:58     .text.chSysInit:00000000 $t
     /tmp/cc7LaFOh.s:64     .text.chSysInit:00000000 chSysInit
     /tmp/cc7LaFOh.s:131    .text.chSysInit:00000048 $d
     /tmp/cc7LaFOh.s:140    .text.chSysTimerHandlerI:00000000 $t
     /tmp/cc7LaFOh.s:146    .text.chSysTimerHandlerI:00000000 chSysTimerHandlerI
     /tmp/cc7LaFOh.s:221    .text.chSysTimerHandlerI:00000048 $d
     /tmp/cc7LaFOh.s:247    .bss._idle_thread_wa:00000000 _idle_thread_wa
     /tmp/cc7LaFOh.s:229    .bss.mainthread.4661:00000000 $d
     /tmp/cc7LaFOh.s:233    .bss.mainthread.4661:00000000 mainthread.4661
     /tmp/cc7LaFOh.s:236    .rodata.str1.4:00000000 $d
     /tmp/cc7LaFOh.s:243    .bss._idle_thread_wa:00000000 $d
                     .debug_frame:00000010 $d
     /tmp/cc7LaFOh.s:57     .text._idle_thread:00000014 $t
     /tmp/cc7LaFOh.s:139    .text.chSysInit:0000005c $t

UNDEFINED SYMBOLS
rlist
_port_init
_scheduler_init
_vt_init
_core_init
_heap_init
_thread_init
chThdCreateStatic
vtlist
