ARM GAS  /tmp/ccwhAe9c.s 			page 1


   1              		.syntax unified
   2              		.cpu cortex-m4
   3              		.eabi_attribute 27, 3
   4              		.eabi_attribute 28, 1
   5              		.fpu fpv4-sp-d16
   6              		.eabi_attribute 20, 1
   7              		.eabi_attribute 21, 1
   8              		.eabi_attribute 23, 3
   9              		.eabi_attribute 24, 1
  10              		.eabi_attribute 25, 1
  11              		.eabi_attribute 26, 1
  12              		.eabi_attribute 30, 2
  13              		.eabi_attribute 18, 4
  14              		.thumb
  15              		.file	"chvt.c"
  16              		.section	.debug_abbrev,"",%progbits
  17              	.Ldebug_abbrev0:
  18              		.section	.debug_info,"",%progbits
  19              	.Ldebug_info0:
  20              		.section	.debug_line,"",%progbits
  21              	.Ldebug_line0:
  22 0000 96010000 		.text
  22      02001C01 
  22      00000201 
  22      FB0E0D00 
  22      01010101 
  23              	.Ltext0:
  24              		.cfi_sections	.debug_frame
  25              		.section	.text._vt_init,"ax",%progbits
  26              		.align	2
  27              		.p2align 4,,15
  28              		.global	_vt_init
  29              		.thumb
  30              		.thumb_func
  31              		.type	_vt_init, %function
  32              	_vt_init:
  33              	.LFB7:
  34              		.file 1 "../libs/ChibiOS_2.4.0/os/kernel/src/chvt.c"
  35              		.loc 1 50 0
  36              		.cfi_startproc
  37              		@ args = 0, pretend = 0, frame = 0
  38              		@ frame_needed = 0, uses_anonymous_args = 0
  39              		@ link register save eliminated.
  40              		.loc 1 52 0
  41 0000 044B     		ldr	r3, .L2
  42              		.loc 1 53 0
  43 0002 4FF0FF30 		mov	r0, #-1
  44              		.loc 1 54 0
  45 0006 0022     		movs	r2, #0
  46              		.loc 1 52 0
  47 0008 5B60     		str	r3, [r3, #4]
  48 000a 1B60     		str	r3, [r3, #0]
  49              		.loc 1 53 0
  50 000c 9860     		str	r0, [r3, #8]
  51              		.loc 1 54 0
  52 000e DA60     		str	r2, [r3, #12]
  53              		.loc 1 55 0
ARM GAS  /tmp/ccwhAe9c.s 			page 2


  54 0010 7047     		bx	lr
  55              	.L3:
  56 0012 00BF     		.align	2
  57              	.L2:
  58 0014 00000000 		.word	.LANCHOR0
  59              		.cfi_endproc
  60              	.LFE7:
  61              		.size	_vt_init, .-_vt_init
  62 0018 AFF30080 		.section	.text.chVTSetI,"ax",%progbits
  62      AFF30080 
  63              		.align	2
  64              		.p2align 4,,15
  65              		.global	chVTSetI
  66              		.thumb
  67              		.thumb_func
  68              		.type	chVTSetI, %function
  69              	chVTSetI:
  70              	.LFB8:
  71              		.loc 1 77 0
  72              		.cfi_startproc
  73              		@ args = 0, pretend = 0, frame = 0
  74              		@ frame_needed = 0, uses_anonymous_args = 0
  75              		@ link register save eliminated.
  76              	.LVL0:
  77 0000 70B4     		push	{r4, r5, r6}
  78              	.LCFI0:
  79              		.cfi_def_cfa_offset 12
  80              		.loc 1 86 0
  81 0002 0C4D     		ldr	r5, .L11
  82              		.cfi_offset 6, -4
  83              		.cfi_offset 5, -8
  84              		.cfi_offset 4, -12
  85              		.loc 1 84 0
  86 0004 0361     		str	r3, [r0, #16]
  87              		.loc 1 86 0
  88 0006 2C68     		ldr	r4, [r5, #0]
  89              	.LVL1:
  90              		.loc 1 85 0
  91 0008 C260     		str	r2, [r0, #12]
  92              		.loc 1 87 0
  93 000a A668     		ldr	r6, [r4, #8]
  94 000c B142     		cmp	r1, r6
  95 000e 04D9     		bls	.L5
  96              	.LVL2:
  97              	.L8:
  98              		.loc 1 89 0
  99 0010 2468     		ldr	r4, [r4, #0]
 100              	.LVL3:
 101              		.loc 1 88 0
 102 0012 891B     		subs	r1, r1, r6
 103              	.LVL4:
 104              		.loc 1 87 0
 105 0014 A668     		ldr	r6, [r4, #8]
 106 0016 8E42     		cmp	r6, r1
 107 0018 FAD3     		bcc	.L8
 108              	.L5:
 109              		.loc 1 92 0
ARM GAS  /tmp/ccwhAe9c.s 			page 3


 110 001a 6368     		ldr	r3, [r4, #4]
 111              	.LVL5:
 112 001c 0460     		str	r4, [r0, #0]
 113              		.loc 1 95 0
 114 001e AC42     		cmp	r4, r5
 115              		.loc 1 92 0
 116 0020 4360     		str	r3, [r0, #4]
 117              		.loc 1 93 0
 118 0022 1860     		str	r0, [r3, #0]
 119 0024 6060     		str	r0, [r4, #4]
 120              		.loc 1 94 0
 121 0026 8160     		str	r1, [r0, #8]
 122              		.loc 1 95 0
 123 0028 02D0     		beq	.L4
 124              		.loc 1 96 0
 125 002a A068     		ldr	r0, [r4, #8]
 126              	.LVL6:
 127 002c 411A     		subs	r1, r0, r1
 128              	.LVL7:
 129 002e A160     		str	r1, [r4, #8]
 130              	.L4:
 131              		.loc 1 97 0
 132 0030 70BC     		pop	{r4, r5, r6}
 133 0032 7047     		bx	lr
 134              	.L12:
 135              		.align	2
 136              	.L11:
 137 0034 00000000 		.word	.LANCHOR0
 138              		.cfi_endproc
 139              	.LFE8:
 140              		.size	chVTSetI, .-chVTSetI
 141 0038 AFF30080 		.section	.text.chVTResetI,"ax",%progbits
 141      AFF30080 
 142              		.align	2
 143              		.p2align 4,,15
 144              		.global	chVTResetI
 145              		.thumb
 146              		.thumb_func
 147              		.type	chVTResetI, %function
 148              	chVTResetI:
 149              	.LFB9:
 150              		.loc 1 107 0
 151              		.cfi_startproc
 152              		@ args = 0, pretend = 0, frame = 0
 153              		@ frame_needed = 0, uses_anonymous_args = 0
 154              		@ link register save eliminated.
 155              	.LVL8:
 156              		.loc 1 115 0
 157 0000 0368     		ldr	r3, [r0, #0]
 158 0002 074A     		ldr	r2, .L15
 159 0004 9342     		cmp	r3, r2
 160 0006 03D0     		beq	.L14
 161              		.loc 1 116 0
 162 0008 9968     		ldr	r1, [r3, #8]
 163 000a 8268     		ldr	r2, [r0, #8]
 164 000c 8918     		adds	r1, r1, r2
 165 000e 9960     		str	r1, [r3, #8]
ARM GAS  /tmp/ccwhAe9c.s 			page 4


 166              	.L14:
 167              		.loc 1 117 0
 168 0010 4268     		ldr	r2, [r0, #4]
 169 0012 1360     		str	r3, [r2, #0]
 170              		.loc 1 118 0
 171 0014 0168     		ldr	r1, [r0, #0]
 172              		.loc 1 119 0
 173 0016 0023     		movs	r3, #0
 174              		.loc 1 118 0
 175 0018 4A60     		str	r2, [r1, #4]
 176              		.loc 1 119 0
 177 001a C360     		str	r3, [r0, #12]
 178              		.loc 1 120 0
 179 001c 7047     		bx	lr
 180              	.L16:
 181 001e 00BF     		.align	2
 182              	.L15:
 183 0020 00000000 		.word	.LANCHOR0
 184              		.cfi_endproc
 185              	.LFE9:
 186              		.size	chVTResetI, .-chVTResetI
 187 0024 AFF30080 		.section	.text.chTimeIsWithin,"ax",%progbits
 187      AFF30080 
 187      AFF30080 
 188              		.align	2
 189              		.p2align 4,,15
 190              		.global	chTimeIsWithin
 191              		.thumb
 192              		.thumb_func
 193              		.type	chTimeIsWithin, %function
 194              	chTimeIsWithin:
 195              	.LFB10:
 196              		.loc 1 135 0
 197              		.cfi_startproc
 198              		@ args = 0, pretend = 0, frame = 0
 199              		@ frame_needed = 0, uses_anonymous_args = 0
 200              		@ link register save eliminated.
 201              	.LVL9:
 202              		.loc 1 137 0
 203 0000 084B     		ldr	r3, .L23
 204              		.loc 1 138 0
 205 0002 8142     		cmp	r1, r0
 206              		.loc 1 137 0
 207 0004 DB68     		ldr	r3, [r3, #12]
 208              	.LVL10:
 209              		.loc 1 138 0
 210 0006 06D9     		bls	.L18
 211              		.loc 1 138 0 is_stmt 0 discriminator 1
 212 0008 8342     		cmp	r3, r0
 213 000a 08D3     		bcc	.L20
 214              	.L22:
 215              		.loc 1 138 0
 216 000c 8B42     		cmp	r3, r1
 217 000e 2CBF     		ite	cs
 218 0010 0020     		movcs	r0, #0
 219              	.LVL11:
 220 0012 0120     		movcc	r0, #1
ARM GAS  /tmp/ccwhAe9c.s 			page 5


 221 0014 7047     		bx	lr
 222              	.LVL12:
 223              	.L18:
 224              		.loc 1 138 0 discriminator 2
 225 0016 8342     		cmp	r3, r0
 226 0018 F8D3     		bcc	.L22
 227              		.loc 1 138 0
 228 001a 0120     		movs	r0, #1
 229              	.LVL13:
 230              		.loc 1 140 0 is_stmt 1
 231 001c 7047     		bx	lr
 232              	.LVL14:
 233              	.L20:
 234              		.loc 1 138 0
 235 001e 0020     		movs	r0, #0
 236              	.LVL15:
 237 0020 7047     		bx	lr
 238              	.L24:
 239 0022 00BF     		.align	2
 240              	.L23:
 241 0024 00000000 		.word	.LANCHOR0
 242              		.cfi_endproc
 243              	.LFE10:
 244              		.size	chTimeIsWithin, .-chTimeIsWithin
 245              		.global	vtlist
 246 0028 AFF30080 		.section	.bss.vtlist,"aw",%nobits
 246      AFF30080 
 247              		.align	2
 248              		.set	.LANCHOR0,. + 0
 249              		.type	vtlist, %object
 250              		.size	vtlist, 16
 251              	vtlist:
 252 0000 00000000 		.space	16
 252      00000000 
 252      00000000 
 252      00000000 
 253              		.text
 254              	.Letext0:
 255              		.section	.debug_loc,"",%progbits
 256              	.Ldebug_loc0:
 257              	.LLST0:
 258 0000 00000000 		.4byte	.LFB8
 259 0004 02000000 		.4byte	.LCFI0
 260 0008 0200     		.2byte	0x2
 261 000a 7D       		.byte	0x7d
 262 000b 00       		.sleb128 0
 263 000c 02000000 		.4byte	.LCFI0
 264 0010 38000000 		.4byte	.LFE8
 265 0014 0200     		.2byte	0x2
 266 0016 7D       		.byte	0x7d
 267 0017 0C       		.sleb128 12
 268 0018 00000000 		.4byte	0x0
 269 001c 00000000 		.4byte	0x0
 270              	.LLST1:
 271 0020 00000000 		.4byte	.LVL0
 272 0024 2C000000 		.4byte	.LVL6
 273 0028 0100     		.2byte	0x1
ARM GAS  /tmp/ccwhAe9c.s 			page 6


 274 002a 50       		.byte	0x50
 275 002b 2C000000 		.4byte	.LVL6
 276 002f 38000000 		.4byte	.LFE8
 277 0033 0200     		.2byte	0x2
 278 0035 74       		.byte	0x74
 279 0036 04       		.sleb128 4
 280 0037 00000000 		.4byte	0x0
 281 003b 00000000 		.4byte	0x0
 282              	.LLST2:
 283 003f 00000000 		.4byte	.LVL0
 284 0043 14000000 		.4byte	.LVL4
 285 0047 0100     		.2byte	0x1
 286 0049 51       		.byte	0x51
 287 004a 14000000 		.4byte	.LVL4
 288 004e 2E000000 		.4byte	.LVL7
 289 0052 0100     		.2byte	0x1
 290 0054 51       		.byte	0x51
 291 0055 2E000000 		.4byte	.LVL7
 292 0059 38000000 		.4byte	.LFE8
 293 005d 0500     		.2byte	0x5
 294 005f 74       		.byte	0x74
 295 0060 04       		.sleb128 4
 296 0061 06       		.byte	0x6
 297 0062 23       		.byte	0x23
 298 0063 08       		.uleb128 0x8
 299 0064 00000000 		.4byte	0x0
 300 0068 00000000 		.4byte	0x0
 301              	.LLST3:
 302 006c 00000000 		.4byte	.LVL0
 303 0070 1C000000 		.4byte	.LVL5
 304 0074 0100     		.2byte	0x1
 305 0076 53       		.byte	0x53
 306 0077 1C000000 		.4byte	.LVL5
 307 007b 2C000000 		.4byte	.LVL6
 308 007f 0200     		.2byte	0x2
 309 0081 70       		.byte	0x70
 310 0082 10       		.sleb128 16
 311 0083 2C000000 		.4byte	.LVL6
 312 0087 38000000 		.4byte	.LFE8
 313 008b 0500     		.2byte	0x5
 314 008d 74       		.byte	0x74
 315 008e 04       		.sleb128 4
 316 008f 06       		.byte	0x6
 317 0090 23       		.byte	0x23
 318 0091 10       		.uleb128 0x10
 319 0092 00000000 		.4byte	0x0
 320 0096 00000000 		.4byte	0x0
 321              	.LLST4:
 322 009a 08000000 		.4byte	.LVL1
 323 009e 10000000 		.4byte	.LVL2
 324 00a2 0500     		.2byte	0x5
 325 00a4 03       		.byte	0x3
 326 00a5 00000000 		.4byte	vtlist
 327 00a9 10000000 		.4byte	.LVL2
 328 00ad 12000000 		.4byte	.LVL3
 329 00b1 0100     		.2byte	0x1
 330 00b3 54       		.byte	0x54
ARM GAS  /tmp/ccwhAe9c.s 			page 7


 331 00b4 14000000 		.4byte	.LVL4
 332 00b8 38000000 		.4byte	.LFE8
 333 00bc 0100     		.2byte	0x1
 334 00be 54       		.byte	0x54
 335 00bf 00000000 		.4byte	0x0
 336 00c3 00000000 		.4byte	0x0
 337              	.LLST5:
 338 00c7 00000000 		.4byte	.LVL9
 339 00cb 12000000 		.4byte	.LVL11
 340 00cf 0100     		.2byte	0x1
 341 00d1 50       		.byte	0x50
 342 00d2 16000000 		.4byte	.LVL12
 343 00d6 1C000000 		.4byte	.LVL13
 344 00da 0100     		.2byte	0x1
 345 00dc 50       		.byte	0x50
 346 00dd 1E000000 		.4byte	.LVL14
 347 00e1 20000000 		.4byte	.LVL15
 348 00e5 0100     		.2byte	0x1
 349 00e7 50       		.byte	0x50
 350 00e8 00000000 		.4byte	0x0
 351 00ec 00000000 		.4byte	0x0
 352              		.file 2 "/opt/stm32/arm-none-eabi-2011.03/bin/../lib/gcc/arm-none-eabi/4.5.2/../../../../arm-none-
 353              		.file 3 "../libs/ChibiOS_2.4.0/os/ports/GCC/ARMCMx/chtypes.h"
 354              		.file 4 "../libs/ChibiOS_2.4.0/os/kernel/include/chvt.h"
 355              		.section	.debug_info
 356 0000 77020000 		.4byte	0x277
 357 0004 0200     		.2byte	0x2
 358 0006 00000000 		.4byte	.Ldebug_abbrev0
 359 000a 04       		.byte	0x4
 360 000b 01       		.uleb128 0x1
 361 000c 09000000 		.4byte	.LASF29
 362 0010 01       		.byte	0x1
 363 0011 69010000 		.4byte	.LASF30
 364 0015 25010000 		.4byte	.LASF31
 365 0019 00000000 		.4byte	0x0
 366 001d 00000000 		.4byte	0x0
 367 0021 00000000 		.4byte	.Ldebug_ranges0+0x0
 368 0025 00000000 		.4byte	.Ldebug_line0
 369 0029 02       		.uleb128 0x2
 370 002a 04       		.byte	0x4
 371 002b 05       		.byte	0x5
 372 002c 696E7400 		.ascii	"int\000"
 373 0030 03       		.uleb128 0x3
 374 0031 04       		.byte	0x4
 375 0032 07       		.byte	0x7
 376 0033 7E000000 		.4byte	.LASF0
 377 0037 03       		.uleb128 0x3
 378 0038 01       		.byte	0x1
 379 0039 06       		.byte	0x6
 380 003a 43010000 		.4byte	.LASF1
 381 003e 03       		.uleb128 0x3
 382 003f 01       		.byte	0x1
 383 0040 08       		.byte	0x8
 384 0041 67000000 		.4byte	.LASF2
 385 0045 03       		.uleb128 0x3
 386 0046 02       		.byte	0x2
 387 0047 05       		.byte	0x5
ARM GAS  /tmp/ccwhAe9c.s 			page 8


 388 0048 F2000000 		.4byte	.LASF3
 389 004c 03       		.uleb128 0x3
 390 004d 02       		.byte	0x2
 391 004e 07       		.byte	0x7
 392 004f 47000000 		.4byte	.LASF4
 393 0053 04       		.uleb128 0x4
 394 0054 B6000000 		.4byte	.LASF6
 395 0058 02       		.byte	0x2
 396 0059 4F       		.byte	0x4f
 397 005a 5E000000 		.4byte	0x5e
 398 005e 03       		.uleb128 0x3
 399 005f 04       		.byte	0x4
 400 0060 05       		.byte	0x5
 401 0061 1C010000 		.4byte	.LASF5
 402 0065 04       		.uleb128 0x4
 403 0066 13010000 		.4byte	.LASF7
 404 006a 02       		.byte	0x2
 405 006b 50       		.byte	0x50
 406 006c 70000000 		.4byte	0x70
 407 0070 03       		.uleb128 0x3
 408 0071 04       		.byte	0x4
 409 0072 07       		.byte	0x7
 410 0073 35000000 		.4byte	.LASF8
 411 0077 03       		.uleb128 0x3
 412 0078 08       		.byte	0x8
 413 0079 05       		.byte	0x5
 414 007a C9000000 		.4byte	.LASF9
 415 007e 03       		.uleb128 0x3
 416 007f 08       		.byte	0x8
 417 0080 07       		.byte	0x7
 418 0081 8B000000 		.4byte	.LASF10
 419 0085 04       		.uleb128 0x4
 420 0086 25000000 		.4byte	.LASF11
 421 008a 03       		.byte	0x3
 422 008b 2E       		.byte	0x2e
 423 008c 53000000 		.4byte	0x53
 424 0090 04       		.uleb128 0x4
 425 0091 15000000 		.4byte	.LASF12
 426 0095 03       		.byte	0x3
 427 0096 36       		.byte	0x36
 428 0097 65000000 		.4byte	0x65
 429 009b 05       		.uleb128 0x5
 430 009c 04       		.byte	0x4
 431 009d 04       		.uleb128 0x4
 432 009e 2C000000 		.4byte	.LASF13
 433 00a2 04       		.byte	0x4
 434 00a3 53       		.byte	0x53
 435 00a4 A8000000 		.4byte	0xa8
 436 00a8 06       		.uleb128 0x6
 437 00a9 04       		.byte	0x4
 438 00aa AE000000 		.4byte	0xae
 439 00ae 07       		.uleb128 0x7
 440 00af 01       		.byte	0x1
 441 00b0 BA000000 		.4byte	0xba
 442 00b4 08       		.uleb128 0x8
 443 00b5 9B000000 		.4byte	0x9b
 444 00b9 00       		.byte	0x0
ARM GAS  /tmp/ccwhAe9c.s 			page 9


 445 00ba 04       		.uleb128 0x4
 446 00bb 5A000000 		.4byte	.LASF14
 447 00bf 04       		.byte	0x4
 448 00c0 58       		.byte	0x58
 449 00c1 C5000000 		.4byte	0xc5
 450 00c5 09       		.uleb128 0x9
 451 00c6 5A000000 		.4byte	.LASF14
 452 00ca 14       		.byte	0x14
 453 00cb 04       		.byte	0x4
 454 00cc 5F       		.byte	0x5f
 455 00cd 18010000 		.4byte	0x118
 456 00d1 0A       		.uleb128 0xa
 457 00d2 56010000 		.4byte	.LASF15
 458 00d6 04       		.byte	0x4
 459 00d7 60       		.byte	0x60
 460 00d8 18010000 		.4byte	0x118
 461 00dc 02       		.byte	0x2
 462 00dd 23       		.byte	0x23
 463 00de 00       		.uleb128 0x0
 464 00df 0A       		.uleb128 0xa
 465 00e0 0B010000 		.4byte	.LASF16
 466 00e4 04       		.byte	0x4
 467 00e5 62       		.byte	0x62
 468 00e6 18010000 		.4byte	0x118
 469 00ea 02       		.byte	0x2
 470 00eb 23       		.byte	0x23
 471 00ec 04       		.uleb128 0x4
 472 00ed 0A       		.uleb128 0xa
 473 00ee AE000000 		.4byte	.LASF17
 474 00f2 04       		.byte	0x4
 475 00f3 64       		.byte	0x64
 476 00f4 90000000 		.4byte	0x90
 477 00f8 02       		.byte	0x2
 478 00f9 23       		.byte	0x23
 479 00fa 08       		.uleb128 0x8
 480 00fb 0A       		.uleb128 0xa
 481 00fc D7000000 		.4byte	.LASF18
 482 0100 04       		.byte	0x4
 483 0101 65       		.byte	0x65
 484 0102 9D000000 		.4byte	0x9d
 485 0106 02       		.byte	0x2
 486 0107 23       		.byte	0x23
 487 0108 0C       		.uleb128 0xc
 488 0109 0A       		.uleb128 0xa
 489 010a EB000000 		.4byte	.LASF19
 490 010e 04       		.byte	0x4
 491 010f 67       		.byte	0x67
 492 0110 9B000000 		.4byte	0x9b
 493 0114 02       		.byte	0x2
 494 0115 23       		.byte	0x23
 495 0116 10       		.uleb128 0x10
 496 0117 00       		.byte	0x0
 497 0118 06       		.uleb128 0x6
 498 0119 04       		.byte	0x4
 499 011a BA000000 		.4byte	0xba
 500 011e 0B       		.uleb128 0xb
 501 011f 10       		.byte	0x10
ARM GAS  /tmp/ccwhAe9c.s 			page 10


 502 0120 04       		.byte	0x4
 503 0121 71       		.byte	0x71
 504 0122 5F010000 		.4byte	0x15f
 505 0126 0A       		.uleb128 0xa
 506 0127 56010000 		.4byte	.LASF15
 507 012b 04       		.byte	0x4
 508 012c 72       		.byte	0x72
 509 012d 18010000 		.4byte	0x118
 510 0131 02       		.byte	0x2
 511 0132 23       		.byte	0x23
 512 0133 00       		.uleb128 0x0
 513 0134 0A       		.uleb128 0xa
 514 0135 0B010000 		.4byte	.LASF16
 515 0139 04       		.byte	0x4
 516 013a 74       		.byte	0x74
 517 013b 18010000 		.4byte	0x118
 518 013f 02       		.byte	0x2
 519 0140 23       		.byte	0x23
 520 0141 04       		.uleb128 0x4
 521 0142 0A       		.uleb128 0xa
 522 0143 AE000000 		.4byte	.LASF17
 523 0147 04       		.byte	0x4
 524 0148 76       		.byte	0x76
 525 0149 90000000 		.4byte	0x90
 526 014d 02       		.byte	0x2
 527 014e 23       		.byte	0x23
 528 014f 08       		.uleb128 0x8
 529 0150 0A       		.uleb128 0xa
 530 0151 BE000000 		.4byte	.LASF20
 531 0155 04       		.byte	0x4
 532 0156 77       		.byte	0x77
 533 0157 5F010000 		.4byte	0x15f
 534 015b 02       		.byte	0x2
 535 015c 23       		.byte	0x23
 536 015d 0C       		.uleb128 0xc
 537 015e 00       		.byte	0x0
 538 015f 0C       		.uleb128 0xc
 539 0160 90000000 		.4byte	0x90
 540 0164 04       		.uleb128 0x4
 541 0165 4F010000 		.4byte	.LASF21
 542 0169 04       		.byte	0x4
 543 016a 78       		.byte	0x78
 544 016b 1E010000 		.4byte	0x11e
 545 016f 03       		.uleb128 0x3
 546 0170 01       		.byte	0x1
 547 0171 08       		.byte	0x8
 548 0172 E6000000 		.4byte	.LASF22
 549 0176 0D       		.uleb128 0xd
 550 0177 01       		.byte	0x1
 551 0178 75000000 		.4byte	.LASF32
 552 017c 01       		.byte	0x1
 553 017d 32       		.byte	0x32
 554 017e 01       		.byte	0x1
 555 017f 00000000 		.4byte	.LFB7
 556 0183 18000000 		.4byte	.LFE7
 557 0187 02       		.byte	0x2
 558 0188 7D       		.byte	0x7d
ARM GAS  /tmp/ccwhAe9c.s 			page 11


 559 0189 00       		.sleb128 0
 560 018a 0E       		.uleb128 0xe
 561 018b 01       		.byte	0x1
 562 018c 00000000 		.4byte	.LASF25
 563 0190 01       		.byte	0x1
 564 0191 4D       		.byte	0x4d
 565 0192 01       		.byte	0x1
 566 0193 00000000 		.4byte	.LFB8
 567 0197 38000000 		.4byte	.LFE8
 568 019b 00000000 		.4byte	.LLST0
 569 019f EB010000 		.4byte	0x1eb
 570 01a3 0F       		.uleb128 0xf
 571 01a4 76747000 		.ascii	"vtp\000"
 572 01a8 01       		.byte	0x1
 573 01a9 4D       		.byte	0x4d
 574 01aa 18010000 		.4byte	0x118
 575 01ae 20000000 		.4byte	.LLST1
 576 01b2 10       		.uleb128 0x10
 577 01b3 A9000000 		.4byte	.LASF23
 578 01b7 01       		.byte	0x1
 579 01b8 4D       		.byte	0x4d
 580 01b9 90000000 		.4byte	0x90
 581 01bd 3F000000 		.4byte	.LLST2
 582 01c1 11       		.uleb128 0x11
 583 01c2 DF000000 		.4byte	.LASF24
 584 01c6 01       		.byte	0x1
 585 01c7 4D       		.byte	0x4d
 586 01c8 9D000000 		.4byte	0x9d
 587 01cc 01       		.byte	0x1
 588 01cd 52       		.byte	0x52
 589 01ce 0F       		.uleb128 0xf
 590 01cf 70617200 		.ascii	"par\000"
 591 01d3 01       		.byte	0x1
 592 01d4 4D       		.byte	0x4d
 593 01d5 9B000000 		.4byte	0x9b
 594 01d9 6C000000 		.4byte	.LLST3
 595 01dd 12       		.uleb128 0x12
 596 01de 7000     		.ascii	"p\000"
 597 01e0 01       		.byte	0x1
 598 01e1 4E       		.byte	0x4e
 599 01e2 18010000 		.4byte	0x118
 600 01e6 9A000000 		.4byte	.LLST4
 601 01ea 00       		.byte	0x0
 602 01eb 13       		.uleb128 0x13
 603 01ec 01       		.byte	0x1
 604 01ed 5E010000 		.4byte	.LASF26
 605 01f1 01       		.byte	0x1
 606 01f2 6B       		.byte	0x6b
 607 01f3 01       		.byte	0x1
 608 01f4 00000000 		.4byte	.LFB9
 609 01f8 24000000 		.4byte	.LFE9
 610 01fc 02       		.byte	0x2
 611 01fd 7D       		.byte	0x7d
 612 01fe 00       		.sleb128 0
 613 01ff 11020000 		.4byte	0x211
 614 0203 14       		.uleb128 0x14
 615 0204 76747000 		.ascii	"vtp\000"
ARM GAS  /tmp/ccwhAe9c.s 			page 12


 616 0208 01       		.byte	0x1
 617 0209 6B       		.byte	0x6b
 618 020a 18010000 		.4byte	0x118
 619 020e 01       		.byte	0x1
 620 020f 50       		.byte	0x50
 621 0210 00       		.byte	0x0
 622 0211 15       		.uleb128 0x15
 623 0212 01       		.byte	0x1
 624 0213 FC000000 		.4byte	.LASF33
 625 0217 01       		.byte	0x1
 626 0218 87       		.byte	0x87
 627 0219 01       		.byte	0x1
 628 021a 85000000 		.4byte	0x85
 629 021e 00000000 		.4byte	.LFB10
 630 0222 28000000 		.4byte	.LFE10
 631 0226 02       		.byte	0x2
 632 0227 7D       		.byte	0x7d
 633 0228 00       		.sleb128 0
 634 0229 5B020000 		.4byte	0x25b
 635 022d 10       		.uleb128 0x10
 636 022e 1F000000 		.4byte	.LASF27
 637 0232 01       		.byte	0x1
 638 0233 87       		.byte	0x87
 639 0234 90000000 		.4byte	0x90
 640 0238 C7000000 		.4byte	.LLST5
 641 023c 14       		.uleb128 0x14
 642 023d 656E6400 		.ascii	"end\000"
 643 0241 01       		.byte	0x1
 644 0242 87       		.byte	0x87
 645 0243 90000000 		.4byte	0x90
 646 0247 01       		.byte	0x1
 647 0248 51       		.byte	0x51
 648 0249 16       		.uleb128 0x16
 649 024a A9000000 		.4byte	.LASF23
 650 024e 01       		.byte	0x1
 651 024f 89       		.byte	0x89
 652 0250 90000000 		.4byte	0x90
 653 0254 05       		.byte	0x5
 654 0255 03       		.byte	0x3
 655 0256 0C000000 		.4byte	vtlist+12
 656 025a 00       		.byte	0x0
 657 025b 17       		.uleb128 0x17
 658 025c A2000000 		.4byte	.LASF28
 659 0260 04       		.byte	0x4
 660 0261 7A       		.byte	0x7a
 661 0262 64010000 		.4byte	0x164
 662 0266 01       		.byte	0x1
 663 0267 01       		.byte	0x1
 664 0268 18       		.uleb128 0x18
 665 0269 A2000000 		.4byte	.LASF28
 666 026d 01       		.byte	0x1
 667 026e 2A       		.byte	0x2a
 668 026f 64010000 		.4byte	0x164
 669 0273 01       		.byte	0x1
 670 0274 05       		.byte	0x5
 671 0275 03       		.byte	0x3
 672 0276 00000000 		.4byte	vtlist
ARM GAS  /tmp/ccwhAe9c.s 			page 13


 673 027a 00       		.byte	0x0
 674              		.section	.debug_abbrev
 675 0000 01       		.uleb128 0x1
 676 0001 11       		.uleb128 0x11
 677 0002 01       		.byte	0x1
 678 0003 25       		.uleb128 0x25
 679 0004 0E       		.uleb128 0xe
 680 0005 13       		.uleb128 0x13
 681 0006 0B       		.uleb128 0xb
 682 0007 03       		.uleb128 0x3
 683 0008 0E       		.uleb128 0xe
 684 0009 1B       		.uleb128 0x1b
 685 000a 0E       		.uleb128 0xe
 686 000b 11       		.uleb128 0x11
 687 000c 01       		.uleb128 0x1
 688 000d 52       		.uleb128 0x52
 689 000e 01       		.uleb128 0x1
 690 000f 55       		.uleb128 0x55
 691 0010 06       		.uleb128 0x6
 692 0011 10       		.uleb128 0x10
 693 0012 06       		.uleb128 0x6
 694 0013 00       		.byte	0x0
 695 0014 00       		.byte	0x0
 696 0015 02       		.uleb128 0x2
 697 0016 24       		.uleb128 0x24
 698 0017 00       		.byte	0x0
 699 0018 0B       		.uleb128 0xb
 700 0019 0B       		.uleb128 0xb
 701 001a 3E       		.uleb128 0x3e
 702 001b 0B       		.uleb128 0xb
 703 001c 03       		.uleb128 0x3
 704 001d 08       		.uleb128 0x8
 705 001e 00       		.byte	0x0
 706 001f 00       		.byte	0x0
 707 0020 03       		.uleb128 0x3
 708 0021 24       		.uleb128 0x24
 709 0022 00       		.byte	0x0
 710 0023 0B       		.uleb128 0xb
 711 0024 0B       		.uleb128 0xb
 712 0025 3E       		.uleb128 0x3e
 713 0026 0B       		.uleb128 0xb
 714 0027 03       		.uleb128 0x3
 715 0028 0E       		.uleb128 0xe
 716 0029 00       		.byte	0x0
 717 002a 00       		.byte	0x0
 718 002b 04       		.uleb128 0x4
 719 002c 16       		.uleb128 0x16
 720 002d 00       		.byte	0x0
 721 002e 03       		.uleb128 0x3
 722 002f 0E       		.uleb128 0xe
 723 0030 3A       		.uleb128 0x3a
 724 0031 0B       		.uleb128 0xb
 725 0032 3B       		.uleb128 0x3b
 726 0033 0B       		.uleb128 0xb
 727 0034 49       		.uleb128 0x49
 728 0035 13       		.uleb128 0x13
 729 0036 00       		.byte	0x0
ARM GAS  /tmp/ccwhAe9c.s 			page 14


 730 0037 00       		.byte	0x0
 731 0038 05       		.uleb128 0x5
 732 0039 0F       		.uleb128 0xf
 733 003a 00       		.byte	0x0
 734 003b 0B       		.uleb128 0xb
 735 003c 0B       		.uleb128 0xb
 736 003d 00       		.byte	0x0
 737 003e 00       		.byte	0x0
 738 003f 06       		.uleb128 0x6
 739 0040 0F       		.uleb128 0xf
 740 0041 00       		.byte	0x0
 741 0042 0B       		.uleb128 0xb
 742 0043 0B       		.uleb128 0xb
 743 0044 49       		.uleb128 0x49
 744 0045 13       		.uleb128 0x13
 745 0046 00       		.byte	0x0
 746 0047 00       		.byte	0x0
 747 0048 07       		.uleb128 0x7
 748 0049 15       		.uleb128 0x15
 749 004a 01       		.byte	0x1
 750 004b 27       		.uleb128 0x27
 751 004c 0C       		.uleb128 0xc
 752 004d 01       		.uleb128 0x1
 753 004e 13       		.uleb128 0x13
 754 004f 00       		.byte	0x0
 755 0050 00       		.byte	0x0
 756 0051 08       		.uleb128 0x8
 757 0052 05       		.uleb128 0x5
 758 0053 00       		.byte	0x0
 759 0054 49       		.uleb128 0x49
 760 0055 13       		.uleb128 0x13
 761 0056 00       		.byte	0x0
 762 0057 00       		.byte	0x0
 763 0058 09       		.uleb128 0x9
 764 0059 13       		.uleb128 0x13
 765 005a 01       		.byte	0x1
 766 005b 03       		.uleb128 0x3
 767 005c 0E       		.uleb128 0xe
 768 005d 0B       		.uleb128 0xb
 769 005e 0B       		.uleb128 0xb
 770 005f 3A       		.uleb128 0x3a
 771 0060 0B       		.uleb128 0xb
 772 0061 3B       		.uleb128 0x3b
 773 0062 0B       		.uleb128 0xb
 774 0063 01       		.uleb128 0x1
 775 0064 13       		.uleb128 0x13
 776 0065 00       		.byte	0x0
 777 0066 00       		.byte	0x0
 778 0067 0A       		.uleb128 0xa
 779 0068 0D       		.uleb128 0xd
 780 0069 00       		.byte	0x0
 781 006a 03       		.uleb128 0x3
 782 006b 0E       		.uleb128 0xe
 783 006c 3A       		.uleb128 0x3a
 784 006d 0B       		.uleb128 0xb
 785 006e 3B       		.uleb128 0x3b
 786 006f 0B       		.uleb128 0xb
ARM GAS  /tmp/ccwhAe9c.s 			page 15


 787 0070 49       		.uleb128 0x49
 788 0071 13       		.uleb128 0x13
 789 0072 38       		.uleb128 0x38
 790 0073 0A       		.uleb128 0xa
 791 0074 00       		.byte	0x0
 792 0075 00       		.byte	0x0
 793 0076 0B       		.uleb128 0xb
 794 0077 13       		.uleb128 0x13
 795 0078 01       		.byte	0x1
 796 0079 0B       		.uleb128 0xb
 797 007a 0B       		.uleb128 0xb
 798 007b 3A       		.uleb128 0x3a
 799 007c 0B       		.uleb128 0xb
 800 007d 3B       		.uleb128 0x3b
 801 007e 0B       		.uleb128 0xb
 802 007f 01       		.uleb128 0x1
 803 0080 13       		.uleb128 0x13
 804 0081 00       		.byte	0x0
 805 0082 00       		.byte	0x0
 806 0083 0C       		.uleb128 0xc
 807 0084 35       		.uleb128 0x35
 808 0085 00       		.byte	0x0
 809 0086 49       		.uleb128 0x49
 810 0087 13       		.uleb128 0x13
 811 0088 00       		.byte	0x0
 812 0089 00       		.byte	0x0
 813 008a 0D       		.uleb128 0xd
 814 008b 2E       		.uleb128 0x2e
 815 008c 00       		.byte	0x0
 816 008d 3F       		.uleb128 0x3f
 817 008e 0C       		.uleb128 0xc
 818 008f 03       		.uleb128 0x3
 819 0090 0E       		.uleb128 0xe
 820 0091 3A       		.uleb128 0x3a
 821 0092 0B       		.uleb128 0xb
 822 0093 3B       		.uleb128 0x3b
 823 0094 0B       		.uleb128 0xb
 824 0095 27       		.uleb128 0x27
 825 0096 0C       		.uleb128 0xc
 826 0097 11       		.uleb128 0x11
 827 0098 01       		.uleb128 0x1
 828 0099 12       		.uleb128 0x12
 829 009a 01       		.uleb128 0x1
 830 009b 40       		.uleb128 0x40
 831 009c 0A       		.uleb128 0xa
 832 009d 00       		.byte	0x0
 833 009e 00       		.byte	0x0
 834 009f 0E       		.uleb128 0xe
 835 00a0 2E       		.uleb128 0x2e
 836 00a1 01       		.byte	0x1
 837 00a2 3F       		.uleb128 0x3f
 838 00a3 0C       		.uleb128 0xc
 839 00a4 03       		.uleb128 0x3
 840 00a5 0E       		.uleb128 0xe
 841 00a6 3A       		.uleb128 0x3a
 842 00a7 0B       		.uleb128 0xb
 843 00a8 3B       		.uleb128 0x3b
ARM GAS  /tmp/ccwhAe9c.s 			page 16


 844 00a9 0B       		.uleb128 0xb
 845 00aa 27       		.uleb128 0x27
 846 00ab 0C       		.uleb128 0xc
 847 00ac 11       		.uleb128 0x11
 848 00ad 01       		.uleb128 0x1
 849 00ae 12       		.uleb128 0x12
 850 00af 01       		.uleb128 0x1
 851 00b0 40       		.uleb128 0x40
 852 00b1 06       		.uleb128 0x6
 853 00b2 01       		.uleb128 0x1
 854 00b3 13       		.uleb128 0x13
 855 00b4 00       		.byte	0x0
 856 00b5 00       		.byte	0x0
 857 00b6 0F       		.uleb128 0xf
 858 00b7 05       		.uleb128 0x5
 859 00b8 00       		.byte	0x0
 860 00b9 03       		.uleb128 0x3
 861 00ba 08       		.uleb128 0x8
 862 00bb 3A       		.uleb128 0x3a
 863 00bc 0B       		.uleb128 0xb
 864 00bd 3B       		.uleb128 0x3b
 865 00be 0B       		.uleb128 0xb
 866 00bf 49       		.uleb128 0x49
 867 00c0 13       		.uleb128 0x13
 868 00c1 02       		.uleb128 0x2
 869 00c2 06       		.uleb128 0x6
 870 00c3 00       		.byte	0x0
 871 00c4 00       		.byte	0x0
 872 00c5 10       		.uleb128 0x10
 873 00c6 05       		.uleb128 0x5
 874 00c7 00       		.byte	0x0
 875 00c8 03       		.uleb128 0x3
 876 00c9 0E       		.uleb128 0xe
 877 00ca 3A       		.uleb128 0x3a
 878 00cb 0B       		.uleb128 0xb
 879 00cc 3B       		.uleb128 0x3b
 880 00cd 0B       		.uleb128 0xb
 881 00ce 49       		.uleb128 0x49
 882 00cf 13       		.uleb128 0x13
 883 00d0 02       		.uleb128 0x2
 884 00d1 06       		.uleb128 0x6
 885 00d2 00       		.byte	0x0
 886 00d3 00       		.byte	0x0
 887 00d4 11       		.uleb128 0x11
 888 00d5 05       		.uleb128 0x5
 889 00d6 00       		.byte	0x0
 890 00d7 03       		.uleb128 0x3
 891 00d8 0E       		.uleb128 0xe
 892 00d9 3A       		.uleb128 0x3a
 893 00da 0B       		.uleb128 0xb
 894 00db 3B       		.uleb128 0x3b
 895 00dc 0B       		.uleb128 0xb
 896 00dd 49       		.uleb128 0x49
 897 00de 13       		.uleb128 0x13
 898 00df 02       		.uleb128 0x2
 899 00e0 0A       		.uleb128 0xa
 900 00e1 00       		.byte	0x0
ARM GAS  /tmp/ccwhAe9c.s 			page 17


 901 00e2 00       		.byte	0x0
 902 00e3 12       		.uleb128 0x12
 903 00e4 34       		.uleb128 0x34
 904 00e5 00       		.byte	0x0
 905 00e6 03       		.uleb128 0x3
 906 00e7 08       		.uleb128 0x8
 907 00e8 3A       		.uleb128 0x3a
 908 00e9 0B       		.uleb128 0xb
 909 00ea 3B       		.uleb128 0x3b
 910 00eb 0B       		.uleb128 0xb
 911 00ec 49       		.uleb128 0x49
 912 00ed 13       		.uleb128 0x13
 913 00ee 02       		.uleb128 0x2
 914 00ef 06       		.uleb128 0x6
 915 00f0 00       		.byte	0x0
 916 00f1 00       		.byte	0x0
 917 00f2 13       		.uleb128 0x13
 918 00f3 2E       		.uleb128 0x2e
 919 00f4 01       		.byte	0x1
 920 00f5 3F       		.uleb128 0x3f
 921 00f6 0C       		.uleb128 0xc
 922 00f7 03       		.uleb128 0x3
 923 00f8 0E       		.uleb128 0xe
 924 00f9 3A       		.uleb128 0x3a
 925 00fa 0B       		.uleb128 0xb
 926 00fb 3B       		.uleb128 0x3b
 927 00fc 0B       		.uleb128 0xb
 928 00fd 27       		.uleb128 0x27
 929 00fe 0C       		.uleb128 0xc
 930 00ff 11       		.uleb128 0x11
 931 0100 01       		.uleb128 0x1
 932 0101 12       		.uleb128 0x12
 933 0102 01       		.uleb128 0x1
 934 0103 40       		.uleb128 0x40
 935 0104 0A       		.uleb128 0xa
 936 0105 01       		.uleb128 0x1
 937 0106 13       		.uleb128 0x13
 938 0107 00       		.byte	0x0
 939 0108 00       		.byte	0x0
 940 0109 14       		.uleb128 0x14
 941 010a 05       		.uleb128 0x5
 942 010b 00       		.byte	0x0
 943 010c 03       		.uleb128 0x3
 944 010d 08       		.uleb128 0x8
 945 010e 3A       		.uleb128 0x3a
 946 010f 0B       		.uleb128 0xb
 947 0110 3B       		.uleb128 0x3b
 948 0111 0B       		.uleb128 0xb
 949 0112 49       		.uleb128 0x49
 950 0113 13       		.uleb128 0x13
 951 0114 02       		.uleb128 0x2
 952 0115 0A       		.uleb128 0xa
 953 0116 00       		.byte	0x0
 954 0117 00       		.byte	0x0
 955 0118 15       		.uleb128 0x15
 956 0119 2E       		.uleb128 0x2e
 957 011a 01       		.byte	0x1
ARM GAS  /tmp/ccwhAe9c.s 			page 18


 958 011b 3F       		.uleb128 0x3f
 959 011c 0C       		.uleb128 0xc
 960 011d 03       		.uleb128 0x3
 961 011e 0E       		.uleb128 0xe
 962 011f 3A       		.uleb128 0x3a
 963 0120 0B       		.uleb128 0xb
 964 0121 3B       		.uleb128 0x3b
 965 0122 0B       		.uleb128 0xb
 966 0123 27       		.uleb128 0x27
 967 0124 0C       		.uleb128 0xc
 968 0125 49       		.uleb128 0x49
 969 0126 13       		.uleb128 0x13
 970 0127 11       		.uleb128 0x11
 971 0128 01       		.uleb128 0x1
 972 0129 12       		.uleb128 0x12
 973 012a 01       		.uleb128 0x1
 974 012b 40       		.uleb128 0x40
 975 012c 0A       		.uleb128 0xa
 976 012d 01       		.uleb128 0x1
 977 012e 13       		.uleb128 0x13
 978 012f 00       		.byte	0x0
 979 0130 00       		.byte	0x0
 980 0131 16       		.uleb128 0x16
 981 0132 34       		.uleb128 0x34
 982 0133 00       		.byte	0x0
 983 0134 03       		.uleb128 0x3
 984 0135 0E       		.uleb128 0xe
 985 0136 3A       		.uleb128 0x3a
 986 0137 0B       		.uleb128 0xb
 987 0138 3B       		.uleb128 0x3b
 988 0139 0B       		.uleb128 0xb
 989 013a 49       		.uleb128 0x49
 990 013b 13       		.uleb128 0x13
 991 013c 02       		.uleb128 0x2
 992 013d 0A       		.uleb128 0xa
 993 013e 00       		.byte	0x0
 994 013f 00       		.byte	0x0
 995 0140 17       		.uleb128 0x17
 996 0141 34       		.uleb128 0x34
 997 0142 00       		.byte	0x0
 998 0143 03       		.uleb128 0x3
 999 0144 0E       		.uleb128 0xe
 1000 0145 3A       		.uleb128 0x3a
 1001 0146 0B       		.uleb128 0xb
 1002 0147 3B       		.uleb128 0x3b
 1003 0148 0B       		.uleb128 0xb
 1004 0149 49       		.uleb128 0x49
 1005 014a 13       		.uleb128 0x13
 1006 014b 3F       		.uleb128 0x3f
 1007 014c 0C       		.uleb128 0xc
 1008 014d 3C       		.uleb128 0x3c
 1009 014e 0C       		.uleb128 0xc
 1010 014f 00       		.byte	0x0
 1011 0150 00       		.byte	0x0
 1012 0151 18       		.uleb128 0x18
 1013 0152 34       		.uleb128 0x34
 1014 0153 00       		.byte	0x0
ARM GAS  /tmp/ccwhAe9c.s 			page 19


 1015 0154 03       		.uleb128 0x3
 1016 0155 0E       		.uleb128 0xe
 1017 0156 3A       		.uleb128 0x3a
 1018 0157 0B       		.uleb128 0xb
 1019 0158 3B       		.uleb128 0x3b
 1020 0159 0B       		.uleb128 0xb
 1021 015a 49       		.uleb128 0x49
 1022 015b 13       		.uleb128 0x13
 1023 015c 3F       		.uleb128 0x3f
 1024 015d 0C       		.uleb128 0xc
 1025 015e 02       		.uleb128 0x2
 1026 015f 0A       		.uleb128 0xa
 1027 0160 00       		.byte	0x0
 1028 0161 00       		.byte	0x0
 1029 0162 00       		.byte	0x0
 1030              		.section	.debug_pubnames,"",%progbits
 1031 0000 55000000 		.4byte	0x55
 1032 0004 0200     		.2byte	0x2
 1033 0006 00000000 		.4byte	.Ldebug_info0
 1034 000a 7B020000 		.4byte	0x27b
 1035 000e 76010000 		.4byte	0x176
 1036 0012 5F76745F 		.ascii	"_vt_init\000"
 1036      696E6974 
 1036      00
 1037 001b 8A010000 		.4byte	0x18a
 1038 001f 63685654 		.ascii	"chVTSetI\000"
 1038      53657449 
 1038      00
 1039 0028 EB010000 		.4byte	0x1eb
 1040 002c 63685654 		.ascii	"chVTResetI\000"
 1040      52657365 
 1040      744900
 1041 0037 11020000 		.4byte	0x211
 1042 003b 63685469 		.ascii	"chTimeIsWithin\000"
 1042      6D654973 
 1042      57697468 
 1042      696E00
 1043 004a 68020000 		.4byte	0x268
 1044 004e 76746C69 		.ascii	"vtlist\000"
 1044      737400
 1045 0055 00000000 		.4byte	0x0
 1046              		.section	.debug_pubtypes,"",%progbits
 1047 0000 7A000000 		.4byte	0x7a
 1048 0004 0200     		.2byte	0x2
 1049 0006 00000000 		.4byte	.Ldebug_info0
 1050 000a 7B020000 		.4byte	0x27b
 1051 000e 53000000 		.4byte	0x53
 1052 0012 696E7433 		.ascii	"int32_t\000"
 1052      325F7400 
 1053 001a 65000000 		.4byte	0x65
 1054 001e 75696E74 		.ascii	"uint32_t\000"
 1054      33325F74 
 1054      00
 1055 0027 85000000 		.4byte	0x85
 1056 002b 626F6F6C 		.ascii	"bool_t\000"
 1056      5F7400
 1057 0032 90000000 		.4byte	0x90
ARM GAS  /tmp/ccwhAe9c.s 			page 20


 1058 0036 73797374 		.ascii	"systime_t\000"
 1058      696D655F 
 1058      7400
 1059 0040 9D000000 		.4byte	0x9d
 1060 0044 76746675 		.ascii	"vtfunc_t\000"
 1060      6E635F74 
 1060      00
 1061 004d BA000000 		.4byte	0xba
 1062 0051 56697274 		.ascii	"VirtualTimer\000"
 1062      75616C54 
 1062      696D6572 
 1062      00
 1063 005e C5000000 		.4byte	0xc5
 1064 0062 56697274 		.ascii	"VirtualTimer\000"
 1064      75616C54 
 1064      696D6572 
 1064      00
 1065 006f 64010000 		.4byte	0x164
 1066 0073 56544C69 		.ascii	"VTList\000"
 1066      737400
 1067 007a 00000000 		.4byte	0x0
 1068              		.section	.debug_aranges,"",%progbits
 1069 0000 34000000 		.4byte	0x34
 1070 0004 0200     		.2byte	0x2
 1071 0006 00000000 		.4byte	.Ldebug_info0
 1072 000a 04       		.byte	0x4
 1073 000b 00       		.byte	0x0
 1074 000c 0000     		.2byte	0x0
 1075 000e 0000     		.2byte	0x0
 1076 0010 00000000 		.4byte	.LFB7
 1077 0014 18000000 		.4byte	.LFE7-.LFB7
 1078 0018 00000000 		.4byte	.LFB8
 1079 001c 38000000 		.4byte	.LFE8-.LFB8
 1080 0020 00000000 		.4byte	.LFB9
 1081 0024 24000000 		.4byte	.LFE9-.LFB9
 1082 0028 00000000 		.4byte	.LFB10
 1083 002c 28000000 		.4byte	.LFE10-.LFB10
 1084 0030 00000000 		.4byte	0x0
 1085 0034 00000000 		.4byte	0x0
 1086              		.section	.debug_ranges,"",%progbits
 1087              	.Ldebug_ranges0:
 1088 0000 00000000 		.4byte	.LFB7
 1089 0004 18000000 		.4byte	.LFE7
 1090 0008 00000000 		.4byte	.LFB8
 1091 000c 38000000 		.4byte	.LFE8
 1092 0010 00000000 		.4byte	.LFB9
 1093 0014 24000000 		.4byte	.LFE9
 1094 0018 00000000 		.4byte	.LFB10
 1095 001c 28000000 		.4byte	.LFE10
 1096 0020 00000000 		.4byte	0x0
 1097 0024 00000000 		.4byte	0x0
 1098              		.section	.debug_str,"MS",%progbits,1
 1099              	.LASF25:
 1100 0000 63685654 		.ascii	"chVTSetI\000"
 1100      53657449 
 1100      00
 1101              	.LASF29:
ARM GAS  /tmp/ccwhAe9c.s 			page 21


 1102 0009 474E5520 		.ascii	"GNU C 4.5.2\000"
 1102      4320342E 
 1102      352E3200 
 1103              	.LASF12:
 1104 0015 73797374 		.ascii	"systime_t\000"
 1104      696D655F 
 1104      7400
 1105              	.LASF27:
 1106 001f 73746172 		.ascii	"start\000"
 1106      7400
 1107              	.LASF11:
 1108 0025 626F6F6C 		.ascii	"bool_t\000"
 1108      5F7400
 1109              	.LASF13:
 1110 002c 76746675 		.ascii	"vtfunc_t\000"
 1110      6E635F74 
 1110      00
 1111              	.LASF8:
 1112 0035 6C6F6E67 		.ascii	"long unsigned int\000"
 1112      20756E73 
 1112      69676E65 
 1112      6420696E 
 1112      7400
 1113              	.LASF4:
 1114 0047 73686F72 		.ascii	"short unsigned int\000"
 1114      7420756E 
 1114      7369676E 
 1114      65642069 
 1114      6E7400
 1115              	.LASF14:
 1116 005a 56697274 		.ascii	"VirtualTimer\000"
 1116      75616C54 
 1116      696D6572 
 1116      00
 1117              	.LASF2:
 1118 0067 756E7369 		.ascii	"unsigned char\000"
 1118      676E6564 
 1118      20636861 
 1118      7200
 1119              	.LASF32:
 1120 0075 5F76745F 		.ascii	"_vt_init\000"
 1120      696E6974 
 1120      00
 1121              	.LASF0:
 1122 007e 756E7369 		.ascii	"unsigned int\000"
 1122      676E6564 
 1122      20696E74 
 1122      00
 1123              	.LASF10:
 1124 008b 6C6F6E67 		.ascii	"long long unsigned int\000"
 1124      206C6F6E 
 1124      6720756E 
 1124      7369676E 
 1124      65642069 
 1125              	.LASF28:
 1126 00a2 76746C69 		.ascii	"vtlist\000"
 1126      737400
ARM GAS  /tmp/ccwhAe9c.s 			page 22


 1127              	.LASF23:
 1128 00a9 74696D65 		.ascii	"time\000"
 1128      00
 1129              	.LASF17:
 1130 00ae 76745F74 		.ascii	"vt_time\000"
 1130      696D6500 
 1131              	.LASF6:
 1132 00b6 696E7433 		.ascii	"int32_t\000"
 1132      325F7400 
 1133              	.LASF20:
 1134 00be 76745F73 		.ascii	"vt_systime\000"
 1134      79737469 
 1134      6D6500
 1135              	.LASF9:
 1136 00c9 6C6F6E67 		.ascii	"long long int\000"
 1136      206C6F6E 
 1136      6720696E 
 1136      7400
 1137              	.LASF18:
 1138 00d7 76745F66 		.ascii	"vt_func\000"
 1138      756E6300 
 1139              	.LASF24:
 1140 00df 76746675 		.ascii	"vtfunc\000"
 1140      6E6300
 1141              	.LASF22:
 1142 00e6 63686172 		.ascii	"char\000"
 1142      00
 1143              	.LASF19:
 1144 00eb 76745F70 		.ascii	"vt_par\000"
 1144      617200
 1145              	.LASF3:
 1146 00f2 73686F72 		.ascii	"short int\000"
 1146      7420696E 
 1146      7400
 1147              	.LASF33:
 1148 00fc 63685469 		.ascii	"chTimeIsWithin\000"
 1148      6D654973 
 1148      57697468 
 1148      696E00
 1149              	.LASF16:
 1150 010b 76745F70 		.ascii	"vt_prev\000"
 1150      72657600 
 1151              	.LASF7:
 1152 0113 75696E74 		.ascii	"uint32_t\000"
 1152      33325F74 
 1152      00
 1153              	.LASF5:
 1154 011c 6C6F6E67 		.ascii	"long int\000"
 1154      20696E74 
 1154      00
 1155              	.LASF31:
 1156 0125 2F686F6D 		.ascii	"/home/stm32/Workspace/demoarm\000"
 1156      652F7374 
 1156      6D33322F 
 1156      576F726B 
 1156      73706163 
 1157              	.LASF1:
ARM GAS  /tmp/ccwhAe9c.s 			page 23


 1158 0143 7369676E 		.ascii	"signed char\000"
 1158      65642063 
 1158      68617200 
 1159              	.LASF21:
 1160 014f 56544C69 		.ascii	"VTList\000"
 1160      737400
 1161              	.LASF15:
 1162 0156 76745F6E 		.ascii	"vt_next\000"
 1162      65787400 
 1163              	.LASF26:
 1164 015e 63685654 		.ascii	"chVTResetI\000"
 1164      52657365 
 1164      744900
 1165              	.LASF30:
 1166 0169 2E2E2F6C 		.ascii	"../libs/ChibiOS_2.4.0/os/kernel/src/chvt.c\000"
 1166      6962732F 
 1166      43686962 
 1166      694F535F 
 1166      322E342E 
 1167              		.ident	"GCC: (Sourcery G++ Lite 2011.03-42) 4.5.2"
ARM GAS  /tmp/ccwhAe9c.s 			page 24


DEFINED SYMBOLS
                            *ABS*:00000000 chvt.c
     /tmp/ccwhAe9c.s:26     .text._vt_init:00000000 $t
     /tmp/ccwhAe9c.s:32     .text._vt_init:00000000 _vt_init
     /tmp/ccwhAe9c.s:58     .text._vt_init:00000014 $d
     /tmp/ccwhAe9c.s:63     .text.chVTSetI:00000000 $t
     /tmp/ccwhAe9c.s:69     .text.chVTSetI:00000000 chVTSetI
     /tmp/ccwhAe9c.s:137    .text.chVTSetI:00000034 $d
     /tmp/ccwhAe9c.s:142    .text.chVTResetI:00000000 $t
     /tmp/ccwhAe9c.s:148    .text.chVTResetI:00000000 chVTResetI
     /tmp/ccwhAe9c.s:183    .text.chVTResetI:00000020 $d
     /tmp/ccwhAe9c.s:188    .text.chTimeIsWithin:00000000 $t
     /tmp/ccwhAe9c.s:194    .text.chTimeIsWithin:00000000 chTimeIsWithin
     /tmp/ccwhAe9c.s:241    .text.chTimeIsWithin:00000024 $d
     /tmp/ccwhAe9c.s:251    .bss.vtlist:00000000 vtlist
     /tmp/ccwhAe9c.s:247    .bss.vtlist:00000000 $d
                     .debug_frame:00000010 $d
     /tmp/ccwhAe9c.s:62     .text._vt_init:00000018 $t
     /tmp/ccwhAe9c.s:141    .text.chVTSetI:00000038 $t
     /tmp/ccwhAe9c.s:187    .text.chVTResetI:00000024 $t
     /tmp/ccwhAe9c.s:246    .text.chTimeIsWithin:00000028 $t

NO UNDEFINED SYMBOLS
