ARM GAS  /tmp/ccdn9Qhg.s 			page 1


   1              		.syntax unified
   2              		.cpu cortex-m4
   3              		.eabi_attribute 27, 3
   4              		.eabi_attribute 28, 1
   5              		.fpu fpv4-sp-d16
   6              		.eabi_attribute 20, 1
   7              		.eabi_attribute 21, 1
   8              		.eabi_attribute 23, 3
   9              		.eabi_attribute 24, 1
  10              		.eabi_attribute 25, 1
  11              		.eabi_attribute 26, 1
  12              		.eabi_attribute 30, 2
  13              		.eabi_attribute 18, 4
  14              		.thumb
  15              		.file	"pal.c"
  16              		.section	.debug_abbrev,"",%progbits
  17              	.Ldebug_abbrev0:
  18              		.section	.debug_info,"",%progbits
  19              	.Ldebug_info0:
  20              		.section	.debug_line,"",%progbits
  21              	.Ldebug_line0:
  22 0000 A8010000 		.text
  22      02006701 
  22      00000201 
  22      FB0E0D00 
  22      01010101 
  23              	.Ltext0:
  24              		.cfi_sections	.debug_frame
  25              		.section	.text.palReadBus,"ax",%progbits
  26              		.align	2
  27              		.p2align 4,,15
  28              		.global	palReadBus
  29              		.thumb
  30              		.thumb_func
  31              		.type	palReadBus, %function
  32              	palReadBus:
  33              	.LFB117:
  34              		.file 1 "../libs/ChibiOS_2.4.0/os/hal/src/pal.c"
  35              		.loc 1 76 0
  36              		.cfi_startproc
  37              		@ args = 0, pretend = 0, frame = 0
  38              		@ frame_needed = 0, uses_anonymous_args = 0
  39              		@ link register save eliminated.
  40              	.LVL0:
  41              		.loc 1 81 0
  42 0000 0368     		ldr	r3, [r0, #0]
  43 0002 8268     		ldr	r2, [r0, #8]
  44 0004 1969     		ldr	r1, [r3, #16]
  45 0006 4368     		ldr	r3, [r0, #4]
  46 0008 31FA02F0 		lsrs	r0, r1, r2
  47              	.LVL1:
  48              		.loc 1 82 0
  49 000c 1840     		ands	r0, r0, r3
  50 000e 7047     		bx	lr
  51              		.cfi_endproc
  52              	.LFE117:
  53              		.size	palReadBus, .-palReadBus
ARM GAS  /tmp/ccdn9Qhg.s 			page 2


  54              		.section	.text.palWriteBus,"ax",%progbits
  55              		.align	2
  56              		.p2align 4,,15
  57              		.global	palWriteBus
  58              		.thumb
  59              		.thumb_func
  60              		.type	palWriteBus, %function
  61              	palWriteBus:
  62              	.LFB118:
  63              		.loc 1 101 0
  64              		.cfi_startproc
  65              		@ args = 0, pretend = 0, frame = 0
  66              		@ frame_needed = 0, uses_anonymous_args = 0
  67              		@ link register save eliminated.
  68              	.LVL2:
  69              		.loc 1 106 0
  70 0000 8368     		ldr	r3, [r0, #8]
  71 0002 4268     		ldr	r2, [r0, #4]
  72 0004 0068     		ldr	r0, [r0, #0]
  73              	.LVL3:
  74              		.loc 1 101 0
  75 0006 30B4     		push	{r4, r5}
  76              	.LCFI0:
  77              		.cfi_def_cfa_offset 8
  78              		.loc 1 106 0
  79 0008 22EA0105 		bic	r5, r2, r1
  80              		.cfi_offset 5, -4
  81              		.cfi_offset 4, -8
  82 000c 03F11004 		add	r4, r3, #16
  83 0010 01EA0202 		and	r2, r1, r2
  84 0014 15FA04F4 		lsls	r4, r5, r4
  85 0018 12FA03F1 		lsls	r1, r2, r3
  86              	.LVL4:
  87 001c 44EA0103 		orr	r3, r4, r1
  88 0020 8361     		str	r3, [r0, #24]
  89              		.loc 1 107 0
  90 0022 30BC     		pop	{r4, r5}
  91 0024 7047     		bx	lr
  92              		.cfi_endproc
  93              	.LFE118:
  94              		.size	palWriteBus, .-palWriteBus
  95 0026 00BFAFF3 		.section	.text.palSetBusMode,"ax",%progbits
  95      0080AFF3 
  95      0080
  96              		.align	2
  97              		.p2align 4,,15
  98              		.global	palSetBusMode
  99              		.thumb
 100              		.thumb_func
 101              		.type	palSetBusMode, %function
 102              	palSetBusMode:
 103              	.LFB119:
 104              		.loc 1 124 0
 105              		.cfi_startproc
 106              		@ args = 0, pretend = 0, frame = 0
 107              		@ frame_needed = 0, uses_anonymous_args = 0
 108              		@ link register save eliminated.
ARM GAS  /tmp/ccdn9Qhg.s 			page 3


 109              	.LVL5:
 110              		.loc 1 129 0
 111 0000 8368     		ldr	r3, [r0, #8]
 112              		.loc 1 124 0
 113 0002 0A46     		mov	r2, r1
 114              		.loc 1 129 0
 115 0004 4168     		ldr	r1, [r0, #4]
 116              	.LVL6:
 117 0006 0068     		ldr	r0, [r0, #0]
 118              	.LVL7:
 119 0008 9940     		lsls	r1, r1, r3
 120              		.loc 1 130 0
 121              		.loc 1 129 0
 122 000a FFF7FEBF 		b	_pal_lld_setgroupmode
 123              		.cfi_endproc
 124              	.LFE119:
 125              		.size	palSetBusMode, .-palSetBusMode
 126 000e 00BF     		.text
 127              	.Letext0:
 128              		.section	.debug_loc,"",%progbits
 129              	.Ldebug_loc0:
 130              	.LLST0:
 131 0000 00000000 		.4byte	.LVL0
 132 0004 0C000000 		.4byte	.LVL1
 133 0008 0100     		.2byte	0x1
 134 000a 50       		.byte	0x50
 135 000b 00000000 		.4byte	0x0
 136 000f 00000000 		.4byte	0x0
 137              	.LLST1:
 138 0013 00000000 		.4byte	.LFB118
 139 0017 08000000 		.4byte	.LCFI0
 140 001b 0200     		.2byte	0x2
 141 001d 7D       		.byte	0x7d
 142 001e 00       		.sleb128 0
 143 001f 08000000 		.4byte	.LCFI0
 144 0023 26000000 		.4byte	.LFE118
 145 0027 0200     		.2byte	0x2
 146 0029 7D       		.byte	0x7d
 147 002a 08       		.sleb128 8
 148 002b 00000000 		.4byte	0x0
 149 002f 00000000 		.4byte	0x0
 150              	.LLST2:
 151 0033 00000000 		.4byte	.LVL2
 152 0037 06000000 		.4byte	.LVL3
 153 003b 0100     		.2byte	0x1
 154 003d 50       		.byte	0x50
 155 003e 00000000 		.4byte	0x0
 156 0042 00000000 		.4byte	0x0
 157              	.LLST3:
 158 0046 00000000 		.4byte	.LVL2
 159 004a 1C000000 		.4byte	.LVL4
 160 004e 0100     		.2byte	0x1
 161 0050 51       		.byte	0x51
 162 0051 00000000 		.4byte	0x0
 163 0055 00000000 		.4byte	0x0
 164              	.LLST4:
 165 0059 00000000 		.4byte	.LVL5
ARM GAS  /tmp/ccdn9Qhg.s 			page 4


 166 005d 08000000 		.4byte	.LVL7
 167 0061 0100     		.2byte	0x1
 168 0063 50       		.byte	0x50
 169 0064 00000000 		.4byte	0x0
 170 0068 00000000 		.4byte	0x0
 171              	.LLST5:
 172 006c 00000000 		.4byte	.LVL5
 173 0070 06000000 		.4byte	.LVL6
 174 0074 0100     		.2byte	0x1
 175 0076 51       		.byte	0x51
 176 0077 06000000 		.4byte	.LVL6
 177 007b 0E000000 		.4byte	.LFE119
 178 007f 0100     		.2byte	0x1
 179 0081 52       		.byte	0x52
 180 0082 00000000 		.4byte	0x0
 181 0086 00000000 		.4byte	0x0
 182              		.file 2 "/opt/stm32/arm-none-eabi-2011.03/bin/../lib/gcc/arm-none-eabi/4.5.2/../../../../arm-none-
 183              		.file 3 "../libs/ChibiOS_2.4.0/os/hal/platforms/STM32/GPIOv2/pal_lld.h"
 184              		.file 4 "../libs/ChibiOS_2.4.0/os/hal/include/pal.h"
 185              		.file 5 "../libs/ChibiOS_2.4.0/os/ports/common/ARMCMx/CMSIS/include/core_cm4.h"
 186              		.section	.debug_info
 187 0000 B0020000 		.4byte	0x2b0
 188 0004 0200     		.2byte	0x2
 189 0006 00000000 		.4byte	.Ldebug_abbrev0
 190 000a 04       		.byte	0x4
 191 000b 01       		.uleb128 0x1
 192 000c 11000000 		.4byte	.LASF36
 193 0010 01       		.byte	0x1
 194 0011 C2000000 		.4byte	.LASF37
 195 0015 72010000 		.4byte	.LASF38
 196 0019 00000000 		.4byte	0x0
 197 001d 00000000 		.4byte	0x0
 198 0021 00000000 		.4byte	.Ldebug_ranges0+0x0
 199 0025 00000000 		.4byte	.Ldebug_line0
 200 0029 02       		.uleb128 0x2
 201 002a 04       		.byte	0x4
 202 002b 05       		.byte	0x5
 203 002c 696E7400 		.ascii	"int\000"
 204 0030 03       		.uleb128 0x3
 205 0031 04       		.byte	0x4
 206 0032 07       		.byte	0x7
 207 0033 FB000000 		.4byte	.LASF0
 208 0037 03       		.uleb128 0x3
 209 0038 01       		.byte	0x1
 210 0039 06       		.byte	0x6
 211 003a 97010000 		.4byte	.LASF1
 212 003e 03       		.uleb128 0x3
 213 003f 01       		.byte	0x1
 214 0040 08       		.byte	0x8
 215 0041 78000000 		.4byte	.LASF2
 216 0045 03       		.uleb128 0x3
 217 0046 02       		.byte	0x2
 218 0047 05       		.byte	0x5
 219 0048 E9000000 		.4byte	.LASF3
 220 004c 04       		.uleb128 0x4
 221 004d 57010000 		.4byte	.LASF5
 222 0051 02       		.byte	0x2
ARM GAS  /tmp/ccdn9Qhg.s 			page 5


 223 0052 36       		.byte	0x36
 224 0053 57000000 		.4byte	0x57
 225 0057 03       		.uleb128 0x3
 226 0058 02       		.byte	0x2
 227 0059 07       		.byte	0x7
 228 005a 9D000000 		.4byte	.LASF4
 229 005e 04       		.uleb128 0x4
 230 005f 1F010000 		.4byte	.LASF6
 231 0063 02       		.byte	0x2
 232 0064 4F       		.byte	0x4f
 233 0065 69000000 		.4byte	0x69
 234 0069 03       		.uleb128 0x3
 235 006a 04       		.byte	0x4
 236 006b 05       		.byte	0x5
 237 006c 69010000 		.4byte	.LASF7
 238 0070 04       		.uleb128 0x4
 239 0071 60010000 		.4byte	.LASF8
 240 0075 02       		.byte	0x2
 241 0076 50       		.byte	0x50
 242 0077 7B000000 		.4byte	0x7b
 243 007b 03       		.uleb128 0x3
 244 007c 04       		.byte	0x4
 245 007d 07       		.byte	0x7
 246 007e 8B000000 		.4byte	.LASF9
 247 0082 03       		.uleb128 0x3
 248 0083 08       		.byte	0x8
 249 0084 05       		.byte	0x5
 250 0085 2D010000 		.4byte	.LASF10
 251 0089 03       		.uleb128 0x3
 252 008a 08       		.byte	0x8
 253 008b 07       		.byte	0x7
 254 008c A3010000 		.4byte	.LASF11
 255 0090 04       		.uleb128 0x4
 256 0091 28000000 		.4byte	.LASF12
 257 0095 02       		.byte	0x2
 258 0096 A0       		.byte	0xa0
 259 0097 30000000 		.4byte	0x30
 260 009b 05       		.uleb128 0x5
 261 009c 70000000 		.4byte	0x70
 262 00a0 03       		.uleb128 0x3
 263 00a1 01       		.byte	0x1
 264 00a2 08       		.byte	0x8
 265 00a3 15010000 		.4byte	.LASF13
 266 00a7 05       		.uleb128 0x5
 267 00a8 5E000000 		.4byte	0x5e
 268 00ac 06       		.uleb128 0x6
 269 00ad 04       		.byte	0x4
 270 00ae 03       		.byte	0x3
 271 00af 9D       		.byte	0x9d
 272 00b0 D1000000 		.4byte	0xd1
 273 00b4 07       		.uleb128 0x7
 274 00b5 73657400 		.ascii	"set\000"
 275 00b9 03       		.byte	0x3
 276 00ba 9E       		.byte	0x9e
 277 00bb 4C000000 		.4byte	0x4c
 278 00bf 02       		.byte	0x2
 279 00c0 23       		.byte	0x23
ARM GAS  /tmp/ccdn9Qhg.s 			page 6


 280 00c1 00       		.uleb128 0x0
 281 00c2 08       		.uleb128 0x8
 282 00c3 05000000 		.4byte	.LASF14
 283 00c7 03       		.byte	0x3
 284 00c8 9F       		.byte	0x9f
 285 00c9 4C000000 		.4byte	0x4c
 286 00cd 02       		.byte	0x2
 287 00ce 23       		.byte	0x23
 288 00cf 02       		.uleb128 0x2
 289 00d0 00       		.byte	0x0
 290 00d1 09       		.uleb128 0x9
 291 00d2 04       		.byte	0x4
 292 00d3 03       		.byte	0x3
 293 00d4 9B       		.byte	0x9b
 294 00d5 EC000000 		.4byte	0xec
 295 00d9 0A       		.uleb128 0xa
 296 00da 5700     		.ascii	"W\000"
 297 00dc 03       		.byte	0x3
 298 00dd 9C       		.byte	0x9c
 299 00de 70000000 		.4byte	0x70
 300 00e2 0A       		.uleb128 0xa
 301 00e3 4800     		.ascii	"H\000"
 302 00e5 03       		.byte	0x3
 303 00e6 A0       		.byte	0xa0
 304 00e7 AC000000 		.4byte	0xac
 305 00eb 00       		.byte	0x0
 306 00ec 06       		.uleb128 0x6
 307 00ed 28       		.byte	0x28
 308 00ee 03       		.byte	0x3
 309 00ef 93       		.byte	0x93
 310 00f0 81010000 		.4byte	0x181
 311 00f4 08       		.uleb128 0x8
 312 00f5 0B000000 		.4byte	.LASF15
 313 00f9 03       		.byte	0x3
 314 00fa 95       		.byte	0x95
 315 00fb 9B000000 		.4byte	0x9b
 316 00ff 02       		.byte	0x2
 317 0100 23       		.byte	0x23
 318 0101 00       		.uleb128 0x0
 319 0102 08       		.uleb128 0x8
 320 0103 68000000 		.4byte	.LASF16
 321 0107 03       		.byte	0x3
 322 0108 96       		.byte	0x96
 323 0109 9B000000 		.4byte	0x9b
 324 010d 02       		.byte	0x2
 325 010e 23       		.byte	0x23
 326 010f 04       		.uleb128 0x4
 327 0110 08       		.uleb128 0x8
 328 0111 F3000000 		.4byte	.LASF17
 329 0115 03       		.byte	0x3
 330 0116 97       		.byte	0x97
 331 0117 9B000000 		.4byte	0x9b
 332 011b 02       		.byte	0x2
 333 011c 23       		.byte	0x23
 334 011d 08       		.uleb128 0x8
 335 011e 08       		.uleb128 0x8
 336 011f 27010000 		.4byte	.LASF18
ARM GAS  /tmp/ccdn9Qhg.s 			page 7


 337 0123 03       		.byte	0x3
 338 0124 98       		.byte	0x98
 339 0125 9B000000 		.4byte	0x9b
 340 0129 02       		.byte	0x2
 341 012a 23       		.byte	0x23
 342 012b 0C       		.uleb128 0xc
 343 012c 07       		.uleb128 0x7
 344 012d 49445200 		.ascii	"IDR\000"
 345 0131 03       		.byte	0x3
 346 0132 99       		.byte	0x99
 347 0133 9B000000 		.4byte	0x9b
 348 0137 02       		.byte	0x2
 349 0138 23       		.byte	0x23
 350 0139 10       		.uleb128 0x10
 351 013a 07       		.uleb128 0x7
 352 013b 4F445200 		.ascii	"ODR\000"
 353 013f 03       		.byte	0x3
 354 0140 9A       		.byte	0x9a
 355 0141 9B000000 		.4byte	0x9b
 356 0145 02       		.byte	0x2
 357 0146 23       		.byte	0x23
 358 0147 14       		.uleb128 0x14
 359 0148 08       		.uleb128 0x8
 360 0149 35000000 		.4byte	.LASF19
 361 014d 03       		.byte	0x3
 362 014e A1       		.byte	0xa1
 363 014f 81010000 		.4byte	0x181
 364 0153 02       		.byte	0x2
 365 0154 23       		.byte	0x23
 366 0155 18       		.uleb128 0x18
 367 0156 08       		.uleb128 0x8
 368 0157 00000000 		.4byte	.LASF20
 369 015b 03       		.byte	0x3
 370 015c A2       		.byte	0xa2
 371 015d 9B000000 		.4byte	0x9b
 372 0161 02       		.byte	0x2
 373 0162 23       		.byte	0x23
 374 0163 1C       		.uleb128 0x1c
 375 0164 08       		.uleb128 0x8
 376 0165 B0000000 		.4byte	.LASF21
 377 0169 03       		.byte	0x3
 378 016a A3       		.byte	0xa3
 379 016b 9B000000 		.4byte	0x9b
 380 016f 02       		.byte	0x2
 381 0170 23       		.byte	0x23
 382 0171 20       		.uleb128 0x20
 383 0172 08       		.uleb128 0x8
 384 0173 86000000 		.4byte	.LASF22
 385 0177 03       		.byte	0x3
 386 0178 A4       		.byte	0xa4
 387 0179 9B000000 		.4byte	0x9b
 388 017d 02       		.byte	0x2
 389 017e 23       		.byte	0x23
 390 017f 24       		.uleb128 0x24
 391 0180 00       		.byte	0x0
 392 0181 05       		.uleb128 0x5
 393 0182 D1000000 		.4byte	0xd1
ARM GAS  /tmp/ccdn9Qhg.s 			page 8


 394 0186 04       		.uleb128 0x4
 395 0187 08010000 		.4byte	.LASF23
 396 018b 03       		.byte	0x3
 397 018c A5       		.byte	0xa5
 398 018d EC000000 		.4byte	0xec
 399 0191 04       		.uleb128 0x4
 400 0192 5B000000 		.4byte	.LASF24
 401 0196 03       		.byte	0x3
 402 0197 EF       		.byte	0xef
 403 0198 70000000 		.4byte	0x70
 404 019c 04       		.uleb128 0x4
 405 019d 6F000000 		.4byte	.LASF25
 406 01a1 03       		.byte	0x3
 407 01a2 F4       		.byte	0xf4
 408 01a3 70000000 		.4byte	0x70
 409 01a7 04       		.uleb128 0x4
 410 01a8 4C010000 		.4byte	.LASF26
 411 01ac 03       		.byte	0x3
 412 01ad FC       		.byte	0xfc
 413 01ae B2010000 		.4byte	0x1b2
 414 01b2 0B       		.uleb128 0xb
 415 01b3 04       		.byte	0x4
 416 01b4 86010000 		.4byte	0x186
 417 01b8 06       		.uleb128 0x6
 418 01b9 0C       		.byte	0xc
 419 01ba 04       		.byte	0x4
 420 01bb 85       		.byte	0x85
 421 01bc EB010000 		.4byte	0x1eb
 422 01c0 08       		.uleb128 0x8
 423 01c1 54000000 		.4byte	.LASF27
 424 01c5 04       		.byte	0x4
 425 01c6 89       		.byte	0x89
 426 01c7 A7010000 		.4byte	0x1a7
 427 01cb 02       		.byte	0x2
 428 01cc 23       		.byte	0x23
 429 01cd 00       		.uleb128 0x0
 430 01ce 08       		.uleb128 0x8
 431 01cf 3B010000 		.4byte	.LASF28
 432 01d3 04       		.byte	0x4
 433 01d4 8F       		.byte	0x8f
 434 01d5 91010000 		.4byte	0x191
 435 01d9 02       		.byte	0x2
 436 01da 23       		.byte	0x23
 437 01db 04       		.uleb128 0x4
 438 01dc 08       		.uleb128 0x8
 439 01dd 45010000 		.4byte	.LASF29
 440 01e1 04       		.byte	0x4
 441 01e2 93       		.byte	0x93
 442 01e3 90000000 		.4byte	0x90
 443 01e7 02       		.byte	0x2
 444 01e8 23       		.byte	0x23
 445 01e9 08       		.uleb128 0x8
 446 01ea 00       		.byte	0x0
 447 01eb 04       		.uleb128 0x4
 448 01ec BA010000 		.4byte	.LASF30
 449 01f0 04       		.byte	0x4
 450 01f1 94       		.byte	0x94
ARM GAS  /tmp/ccdn9Qhg.s 			page 9


 451 01f2 B8010000 		.4byte	0x1b8
 452 01f6 0C       		.uleb128 0xc
 453 01f7 01       		.byte	0x1
 454 01f8 1D000000 		.4byte	.LASF39
 455 01fc 01       		.byte	0x1
 456 01fd 4C       		.byte	0x4c
 457 01fe 01       		.byte	0x1
 458 01ff 91010000 		.4byte	0x191
 459 0203 00000000 		.4byte	.LFB117
 460 0207 10000000 		.4byte	.LFE117
 461 020b 02       		.byte	0x2
 462 020c 7D       		.byte	0x7d
 463 020d 00       		.sleb128 0
 464 020e 22020000 		.4byte	0x222
 465 0212 0D       		.uleb128 0xd
 466 0213 62757300 		.ascii	"bus\000"
 467 0217 01       		.byte	0x1
 468 0218 4C       		.byte	0x4c
 469 0219 22020000 		.4byte	0x222
 470 021d 00000000 		.4byte	.LLST0
 471 0221 00       		.byte	0x0
 472 0222 0B       		.uleb128 0xb
 473 0223 04       		.byte	0x4
 474 0224 EB010000 		.4byte	0x1eb
 475 0228 0E       		.uleb128 0xe
 476 0229 01       		.byte	0x1
 477 022a 3A000000 		.4byte	.LASF32
 478 022e 01       		.byte	0x1
 479 022f 65       		.byte	0x65
 480 0230 01       		.byte	0x1
 481 0231 00000000 		.4byte	.LFB118
 482 0235 26000000 		.4byte	.LFE118
 483 0239 13000000 		.4byte	.LLST1
 484 023d 60020000 		.4byte	0x260
 485 0241 0D       		.uleb128 0xd
 486 0242 62757300 		.ascii	"bus\000"
 487 0246 01       		.byte	0x1
 488 0247 65       		.byte	0x65
 489 0248 22020000 		.4byte	0x222
 490 024c 33000000 		.4byte	.LLST2
 491 0250 0F       		.uleb128 0xf
 492 0251 40010000 		.4byte	.LASF31
 493 0255 01       		.byte	0x1
 494 0256 65       		.byte	0x65
 495 0257 91010000 		.4byte	0x191
 496 025b 46000000 		.4byte	.LLST3
 497 025f 00       		.byte	0x0
 498 0260 10       		.uleb128 0x10
 499 0261 01       		.byte	0x1
 500 0262 46000000 		.4byte	.LASF33
 501 0266 01       		.byte	0x1
 502 0267 7C       		.byte	0x7c
 503 0268 01       		.byte	0x1
 504 0269 00000000 		.4byte	.LFB119
 505 026d 0E000000 		.4byte	.LFE119
 506 0271 02       		.byte	0x2
 507 0272 7D       		.byte	0x7d
ARM GAS  /tmp/ccdn9Qhg.s 			page 10


 508 0273 00       		.sleb128 0
 509 0274 97020000 		.4byte	0x297
 510 0278 0D       		.uleb128 0xd
 511 0279 62757300 		.ascii	"bus\000"
 512 027d 01       		.byte	0x1
 513 027e 7C       		.byte	0x7c
 514 027f 22020000 		.4byte	0x222
 515 0283 59000000 		.4byte	.LLST4
 516 0287 0F       		.uleb128 0xf
 517 0288 1A010000 		.4byte	.LASF34
 518 028c 01       		.byte	0x1
 519 028d 7C       		.byte	0x7c
 520 028e 9C010000 		.4byte	0x19c
 521 0292 6C000000 		.4byte	.LLST5
 522 0296 00       		.byte	0x0
 523 0297 11       		.uleb128 0x11
 524 0298 B5000000 		.4byte	.LASF35
 525 029c 05       		.byte	0x5
 526 029d 1A05     		.2byte	0x51a
 527 029f A7000000 		.4byte	0xa7
 528 02a3 01       		.byte	0x1
 529 02a4 01       		.byte	0x1
 530 02a5 11       		.uleb128 0x11
 531 02a6 B5000000 		.4byte	.LASF35
 532 02aa 05       		.byte	0x5
 533 02ab 1A05     		.2byte	0x51a
 534 02ad A7000000 		.4byte	0xa7
 535 02b1 01       		.byte	0x1
 536 02b2 01       		.byte	0x1
 537 02b3 00       		.byte	0x0
 538              		.section	.debug_abbrev
 539 0000 01       		.uleb128 0x1
 540 0001 11       		.uleb128 0x11
 541 0002 01       		.byte	0x1
 542 0003 25       		.uleb128 0x25
 543 0004 0E       		.uleb128 0xe
 544 0005 13       		.uleb128 0x13
 545 0006 0B       		.uleb128 0xb
 546 0007 03       		.uleb128 0x3
 547 0008 0E       		.uleb128 0xe
 548 0009 1B       		.uleb128 0x1b
 549 000a 0E       		.uleb128 0xe
 550 000b 11       		.uleb128 0x11
 551 000c 01       		.uleb128 0x1
 552 000d 52       		.uleb128 0x52
 553 000e 01       		.uleb128 0x1
 554 000f 55       		.uleb128 0x55
 555 0010 06       		.uleb128 0x6
 556 0011 10       		.uleb128 0x10
 557 0012 06       		.uleb128 0x6
 558 0013 00       		.byte	0x0
 559 0014 00       		.byte	0x0
 560 0015 02       		.uleb128 0x2
 561 0016 24       		.uleb128 0x24
 562 0017 00       		.byte	0x0
 563 0018 0B       		.uleb128 0xb
 564 0019 0B       		.uleb128 0xb
ARM GAS  /tmp/ccdn9Qhg.s 			page 11


 565 001a 3E       		.uleb128 0x3e
 566 001b 0B       		.uleb128 0xb
 567 001c 03       		.uleb128 0x3
 568 001d 08       		.uleb128 0x8
 569 001e 00       		.byte	0x0
 570 001f 00       		.byte	0x0
 571 0020 03       		.uleb128 0x3
 572 0021 24       		.uleb128 0x24
 573 0022 00       		.byte	0x0
 574 0023 0B       		.uleb128 0xb
 575 0024 0B       		.uleb128 0xb
 576 0025 3E       		.uleb128 0x3e
 577 0026 0B       		.uleb128 0xb
 578 0027 03       		.uleb128 0x3
 579 0028 0E       		.uleb128 0xe
 580 0029 00       		.byte	0x0
 581 002a 00       		.byte	0x0
 582 002b 04       		.uleb128 0x4
 583 002c 16       		.uleb128 0x16
 584 002d 00       		.byte	0x0
 585 002e 03       		.uleb128 0x3
 586 002f 0E       		.uleb128 0xe
 587 0030 3A       		.uleb128 0x3a
 588 0031 0B       		.uleb128 0xb
 589 0032 3B       		.uleb128 0x3b
 590 0033 0B       		.uleb128 0xb
 591 0034 49       		.uleb128 0x49
 592 0035 13       		.uleb128 0x13
 593 0036 00       		.byte	0x0
 594 0037 00       		.byte	0x0
 595 0038 05       		.uleb128 0x5
 596 0039 35       		.uleb128 0x35
 597 003a 00       		.byte	0x0
 598 003b 49       		.uleb128 0x49
 599 003c 13       		.uleb128 0x13
 600 003d 00       		.byte	0x0
 601 003e 00       		.byte	0x0
 602 003f 06       		.uleb128 0x6
 603 0040 13       		.uleb128 0x13
 604 0041 01       		.byte	0x1
 605 0042 0B       		.uleb128 0xb
 606 0043 0B       		.uleb128 0xb
 607 0044 3A       		.uleb128 0x3a
 608 0045 0B       		.uleb128 0xb
 609 0046 3B       		.uleb128 0x3b
 610 0047 0B       		.uleb128 0xb
 611 0048 01       		.uleb128 0x1
 612 0049 13       		.uleb128 0x13
 613 004a 00       		.byte	0x0
 614 004b 00       		.byte	0x0
 615 004c 07       		.uleb128 0x7
 616 004d 0D       		.uleb128 0xd
 617 004e 00       		.byte	0x0
 618 004f 03       		.uleb128 0x3
 619 0050 08       		.uleb128 0x8
 620 0051 3A       		.uleb128 0x3a
 621 0052 0B       		.uleb128 0xb
ARM GAS  /tmp/ccdn9Qhg.s 			page 12


 622 0053 3B       		.uleb128 0x3b
 623 0054 0B       		.uleb128 0xb
 624 0055 49       		.uleb128 0x49
 625 0056 13       		.uleb128 0x13
 626 0057 38       		.uleb128 0x38
 627 0058 0A       		.uleb128 0xa
 628 0059 00       		.byte	0x0
 629 005a 00       		.byte	0x0
 630 005b 08       		.uleb128 0x8
 631 005c 0D       		.uleb128 0xd
 632 005d 00       		.byte	0x0
 633 005e 03       		.uleb128 0x3
 634 005f 0E       		.uleb128 0xe
 635 0060 3A       		.uleb128 0x3a
 636 0061 0B       		.uleb128 0xb
 637 0062 3B       		.uleb128 0x3b
 638 0063 0B       		.uleb128 0xb
 639 0064 49       		.uleb128 0x49
 640 0065 13       		.uleb128 0x13
 641 0066 38       		.uleb128 0x38
 642 0067 0A       		.uleb128 0xa
 643 0068 00       		.byte	0x0
 644 0069 00       		.byte	0x0
 645 006a 09       		.uleb128 0x9
 646 006b 17       		.uleb128 0x17
 647 006c 01       		.byte	0x1
 648 006d 0B       		.uleb128 0xb
 649 006e 0B       		.uleb128 0xb
 650 006f 3A       		.uleb128 0x3a
 651 0070 0B       		.uleb128 0xb
 652 0071 3B       		.uleb128 0x3b
 653 0072 0B       		.uleb128 0xb
 654 0073 01       		.uleb128 0x1
 655 0074 13       		.uleb128 0x13
 656 0075 00       		.byte	0x0
 657 0076 00       		.byte	0x0
 658 0077 0A       		.uleb128 0xa
 659 0078 0D       		.uleb128 0xd
 660 0079 00       		.byte	0x0
 661 007a 03       		.uleb128 0x3
 662 007b 08       		.uleb128 0x8
 663 007c 3A       		.uleb128 0x3a
 664 007d 0B       		.uleb128 0xb
 665 007e 3B       		.uleb128 0x3b
 666 007f 0B       		.uleb128 0xb
 667 0080 49       		.uleb128 0x49
 668 0081 13       		.uleb128 0x13
 669 0082 00       		.byte	0x0
 670 0083 00       		.byte	0x0
 671 0084 0B       		.uleb128 0xb
 672 0085 0F       		.uleb128 0xf
 673 0086 00       		.byte	0x0
 674 0087 0B       		.uleb128 0xb
 675 0088 0B       		.uleb128 0xb
 676 0089 49       		.uleb128 0x49
 677 008a 13       		.uleb128 0x13
 678 008b 00       		.byte	0x0
ARM GAS  /tmp/ccdn9Qhg.s 			page 13


 679 008c 00       		.byte	0x0
 680 008d 0C       		.uleb128 0xc
 681 008e 2E       		.uleb128 0x2e
 682 008f 01       		.byte	0x1
 683 0090 3F       		.uleb128 0x3f
 684 0091 0C       		.uleb128 0xc
 685 0092 03       		.uleb128 0x3
 686 0093 0E       		.uleb128 0xe
 687 0094 3A       		.uleb128 0x3a
 688 0095 0B       		.uleb128 0xb
 689 0096 3B       		.uleb128 0x3b
 690 0097 0B       		.uleb128 0xb
 691 0098 27       		.uleb128 0x27
 692 0099 0C       		.uleb128 0xc
 693 009a 49       		.uleb128 0x49
 694 009b 13       		.uleb128 0x13
 695 009c 11       		.uleb128 0x11
 696 009d 01       		.uleb128 0x1
 697 009e 12       		.uleb128 0x12
 698 009f 01       		.uleb128 0x1
 699 00a0 40       		.uleb128 0x40
 700 00a1 0A       		.uleb128 0xa
 701 00a2 01       		.uleb128 0x1
 702 00a3 13       		.uleb128 0x13
 703 00a4 00       		.byte	0x0
 704 00a5 00       		.byte	0x0
 705 00a6 0D       		.uleb128 0xd
 706 00a7 05       		.uleb128 0x5
 707 00a8 00       		.byte	0x0
 708 00a9 03       		.uleb128 0x3
 709 00aa 08       		.uleb128 0x8
 710 00ab 3A       		.uleb128 0x3a
 711 00ac 0B       		.uleb128 0xb
 712 00ad 3B       		.uleb128 0x3b
 713 00ae 0B       		.uleb128 0xb
 714 00af 49       		.uleb128 0x49
 715 00b0 13       		.uleb128 0x13
 716 00b1 02       		.uleb128 0x2
 717 00b2 06       		.uleb128 0x6
 718 00b3 00       		.byte	0x0
 719 00b4 00       		.byte	0x0
 720 00b5 0E       		.uleb128 0xe
 721 00b6 2E       		.uleb128 0x2e
 722 00b7 01       		.byte	0x1
 723 00b8 3F       		.uleb128 0x3f
 724 00b9 0C       		.uleb128 0xc
 725 00ba 03       		.uleb128 0x3
 726 00bb 0E       		.uleb128 0xe
 727 00bc 3A       		.uleb128 0x3a
 728 00bd 0B       		.uleb128 0xb
 729 00be 3B       		.uleb128 0x3b
 730 00bf 0B       		.uleb128 0xb
 731 00c0 27       		.uleb128 0x27
 732 00c1 0C       		.uleb128 0xc
 733 00c2 11       		.uleb128 0x11
 734 00c3 01       		.uleb128 0x1
 735 00c4 12       		.uleb128 0x12
ARM GAS  /tmp/ccdn9Qhg.s 			page 14


 736 00c5 01       		.uleb128 0x1
 737 00c6 40       		.uleb128 0x40
 738 00c7 06       		.uleb128 0x6
 739 00c8 01       		.uleb128 0x1
 740 00c9 13       		.uleb128 0x13
 741 00ca 00       		.byte	0x0
 742 00cb 00       		.byte	0x0
 743 00cc 0F       		.uleb128 0xf
 744 00cd 05       		.uleb128 0x5
 745 00ce 00       		.byte	0x0
 746 00cf 03       		.uleb128 0x3
 747 00d0 0E       		.uleb128 0xe
 748 00d1 3A       		.uleb128 0x3a
 749 00d2 0B       		.uleb128 0xb
 750 00d3 3B       		.uleb128 0x3b
 751 00d4 0B       		.uleb128 0xb
 752 00d5 49       		.uleb128 0x49
 753 00d6 13       		.uleb128 0x13
 754 00d7 02       		.uleb128 0x2
 755 00d8 06       		.uleb128 0x6
 756 00d9 00       		.byte	0x0
 757 00da 00       		.byte	0x0
 758 00db 10       		.uleb128 0x10
 759 00dc 2E       		.uleb128 0x2e
 760 00dd 01       		.byte	0x1
 761 00de 3F       		.uleb128 0x3f
 762 00df 0C       		.uleb128 0xc
 763 00e0 03       		.uleb128 0x3
 764 00e1 0E       		.uleb128 0xe
 765 00e2 3A       		.uleb128 0x3a
 766 00e3 0B       		.uleb128 0xb
 767 00e4 3B       		.uleb128 0x3b
 768 00e5 0B       		.uleb128 0xb
 769 00e6 27       		.uleb128 0x27
 770 00e7 0C       		.uleb128 0xc
 771 00e8 11       		.uleb128 0x11
 772 00e9 01       		.uleb128 0x1
 773 00ea 12       		.uleb128 0x12
 774 00eb 01       		.uleb128 0x1
 775 00ec 40       		.uleb128 0x40
 776 00ed 0A       		.uleb128 0xa
 777 00ee 01       		.uleb128 0x1
 778 00ef 13       		.uleb128 0x13
 779 00f0 00       		.byte	0x0
 780 00f1 00       		.byte	0x0
 781 00f2 11       		.uleb128 0x11
 782 00f3 34       		.uleb128 0x34
 783 00f4 00       		.byte	0x0
 784 00f5 03       		.uleb128 0x3
 785 00f6 0E       		.uleb128 0xe
 786 00f7 3A       		.uleb128 0x3a
 787 00f8 0B       		.uleb128 0xb
 788 00f9 3B       		.uleb128 0x3b
 789 00fa 05       		.uleb128 0x5
 790 00fb 49       		.uleb128 0x49
 791 00fc 13       		.uleb128 0x13
 792 00fd 3F       		.uleb128 0x3f
ARM GAS  /tmp/ccdn9Qhg.s 			page 15


 793 00fe 0C       		.uleb128 0xc
 794 00ff 3C       		.uleb128 0x3c
 795 0100 0C       		.uleb128 0xc
 796 0101 00       		.byte	0x0
 797 0102 00       		.byte	0x0
 798 0103 00       		.byte	0x0
 799              		.section	.debug_pubnames,"",%progbits
 800 0000 3F000000 		.4byte	0x3f
 801 0004 0200     		.2byte	0x2
 802 0006 00000000 		.4byte	.Ldebug_info0
 803 000a B4020000 		.4byte	0x2b4
 804 000e F6010000 		.4byte	0x1f6
 805 0012 70616C52 		.ascii	"palReadBus\000"
 805      65616442 
 805      757300
 806 001d 28020000 		.4byte	0x228
 807 0021 70616C57 		.ascii	"palWriteBus\000"
 807      72697465 
 807      42757300 
 808 002d 60020000 		.4byte	0x260
 809 0031 70616C53 		.ascii	"palSetBusMode\000"
 809      65744275 
 809      734D6F64 
 809      6500
 810 003f 00000000 		.4byte	0x0
 811              		.section	.debug_pubtypes,"",%progbits
 812 0000 8D000000 		.4byte	0x8d
 813 0004 0200     		.2byte	0x2
 814 0006 00000000 		.4byte	.Ldebug_info0
 815 000a B4020000 		.4byte	0x2b4
 816 000e 4C000000 		.4byte	0x4c
 817 0012 75696E74 		.ascii	"uint16_t\000"
 817      31365F74 
 817      00
 818 001b 5E000000 		.4byte	0x5e
 819 001f 696E7433 		.ascii	"int32_t\000"
 819      325F7400 
 820 0027 70000000 		.4byte	0x70
 821 002b 75696E74 		.ascii	"uint32_t\000"
 821      33325F74 
 821      00
 822 0034 90000000 		.4byte	0x90
 823 0038 75696E74 		.ascii	"uint_fast8_t\000"
 823      5F666173 
 823      74385F74 
 823      00
 824 0045 86010000 		.4byte	0x186
 825 0049 4750494F 		.ascii	"GPIO_TypeDef\000"
 825      5F547970 
 825      65446566 
 825      00
 826 0056 91010000 		.4byte	0x191
 827 005a 696F706F 		.ascii	"ioportmask_t\000"
 827      72746D61 
 827      736B5F74 
 827      00
 828 0067 9C010000 		.4byte	0x19c
ARM GAS  /tmp/ccdn9Qhg.s 			page 16


 829 006b 696F6D6F 		.ascii	"iomode_t\000"
 829      64655F74 
 829      00
 830 0074 A7010000 		.4byte	0x1a7
 831 0078 696F706F 		.ascii	"ioportid_t\000"
 831      72746964 
 831      5F7400
 832 0083 EB010000 		.4byte	0x1eb
 833 0087 494F4275 		.ascii	"IOBus\000"
 833      7300
 834 008d 00000000 		.4byte	0x0
 835              		.section	.debug_aranges,"",%progbits
 836 0000 2C000000 		.4byte	0x2c
 837 0004 0200     		.2byte	0x2
 838 0006 00000000 		.4byte	.Ldebug_info0
 839 000a 04       		.byte	0x4
 840 000b 00       		.byte	0x0
 841 000c 0000     		.2byte	0x0
 842 000e 0000     		.2byte	0x0
 843 0010 00000000 		.4byte	.LFB117
 844 0014 10000000 		.4byte	.LFE117-.LFB117
 845 0018 00000000 		.4byte	.LFB118
 846 001c 26000000 		.4byte	.LFE118-.LFB118
 847 0020 00000000 		.4byte	.LFB119
 848 0024 0E000000 		.4byte	.LFE119-.LFB119
 849 0028 00000000 		.4byte	0x0
 850 002c 00000000 		.4byte	0x0
 851              		.section	.debug_ranges,"",%progbits
 852              	.Ldebug_ranges0:
 853 0000 00000000 		.4byte	.LFB117
 854 0004 10000000 		.4byte	.LFE117
 855 0008 00000000 		.4byte	.LFB118
 856 000c 26000000 		.4byte	.LFE118
 857 0010 00000000 		.4byte	.LFB119
 858 0014 0E000000 		.4byte	.LFE119
 859 0018 00000000 		.4byte	0x0
 860 001c 00000000 		.4byte	0x0
 861              		.section	.debug_str,"MS",%progbits,1
 862              	.LASF20:
 863 0000 4C434B52 		.ascii	"LCKR\000"
 863      00
 864              	.LASF14:
 865 0005 636C6561 		.ascii	"clear\000"
 865      7200
 866              	.LASF15:
 867 000b 4D4F4445 		.ascii	"MODER\000"
 867      5200
 868              	.LASF36:
 869 0011 474E5520 		.ascii	"GNU C 4.5.2\000"
 869      4320342E 
 869      352E3200 
 870              	.LASF39:
 871 001d 70616C52 		.ascii	"palReadBus\000"
 871      65616442 
 871      757300
 872              	.LASF12:
 873 0028 75696E74 		.ascii	"uint_fast8_t\000"
ARM GAS  /tmp/ccdn9Qhg.s 			page 17


 873      5F666173 
 873      74385F74 
 873      00
 874              	.LASF19:
 875 0035 42535252 		.ascii	"BSRR\000"
 875      00
 876              	.LASF32:
 877 003a 70616C57 		.ascii	"palWriteBus\000"
 877      72697465 
 877      42757300 
 878              	.LASF33:
 879 0046 70616C53 		.ascii	"palSetBusMode\000"
 879      65744275 
 879      734D6F64 
 879      6500
 880              	.LASF27:
 881 0054 706F7274 		.ascii	"portid\000"
 881      696400
 882              	.LASF24:
 883 005b 696F706F 		.ascii	"ioportmask_t\000"
 883      72746D61 
 883      736B5F74 
 883      00
 884              	.LASF16:
 885 0068 4F545950 		.ascii	"OTYPER\000"
 885      455200
 886              	.LASF25:
 887 006f 696F6D6F 		.ascii	"iomode_t\000"
 887      64655F74 
 887      00
 888              	.LASF2:
 889 0078 756E7369 		.ascii	"unsigned char\000"
 889      676E6564 
 889      20636861 
 889      7200
 890              	.LASF22:
 891 0086 41465248 		.ascii	"AFRH\000"
 891      00
 892              	.LASF9:
 893 008b 6C6F6E67 		.ascii	"long unsigned int\000"
 893      20756E73 
 893      69676E65 
 893      6420696E 
 893      7400
 894              	.LASF4:
 895 009d 73686F72 		.ascii	"short unsigned int\000"
 895      7420756E 
 895      7369676E 
 895      65642069 
 895      6E7400
 896              	.LASF21:
 897 00b0 4146524C 		.ascii	"AFRL\000"
 897      00
 898              	.LASF35:
 899 00b5 49544D5F 		.ascii	"ITM_RxBuffer\000"
 899      52784275 
 899      66666572 
ARM GAS  /tmp/ccdn9Qhg.s 			page 18


 899      00
 900              	.LASF37:
 901 00c2 2E2E2F6C 		.ascii	"../libs/ChibiOS_2.4.0/os/hal/src/pal.c\000"
 901      6962732F 
 901      43686962 
 901      694F535F 
 901      322E342E 
 902              	.LASF3:
 903 00e9 73686F72 		.ascii	"short int\000"
 903      7420696E 
 903      7400
 904              	.LASF17:
 905 00f3 4F535045 		.ascii	"OSPEEDR\000"
 905      45445200 
 906              	.LASF0:
 907 00fb 756E7369 		.ascii	"unsigned int\000"
 907      676E6564 
 907      20696E74 
 907      00
 908              	.LASF23:
 909 0108 4750494F 		.ascii	"GPIO_TypeDef\000"
 909      5F547970 
 909      65446566 
 909      00
 910              	.LASF13:
 911 0115 63686172 		.ascii	"char\000"
 911      00
 912              	.LASF34:
 913 011a 6D6F6465 		.ascii	"mode\000"
 913      00
 914              	.LASF6:
 915 011f 696E7433 		.ascii	"int32_t\000"
 915      325F7400 
 916              	.LASF18:
 917 0127 50555044 		.ascii	"PUPDR\000"
 917      5200
 918              	.LASF10:
 919 012d 6C6F6E67 		.ascii	"long long int\000"
 919      206C6F6E 
 919      6720696E 
 919      7400
 920              	.LASF28:
 921 013b 6D61736B 		.ascii	"mask\000"
 921      00
 922              	.LASF31:
 923 0140 62697473 		.ascii	"bits\000"
 923      00
 924              	.LASF29:
 925 0145 6F666673 		.ascii	"offset\000"
 925      657400
 926              	.LASF26:
 927 014c 696F706F 		.ascii	"ioportid_t\000"
 927      72746964 
 927      5F7400
 928              	.LASF5:
 929 0157 75696E74 		.ascii	"uint16_t\000"
 929      31365F74 
ARM GAS  /tmp/ccdn9Qhg.s 			page 19


 929      00
 930              	.LASF8:
 931 0160 75696E74 		.ascii	"uint32_t\000"
 931      33325F74 
 931      00
 932              	.LASF7:
 933 0169 6C6F6E67 		.ascii	"long int\000"
 933      20696E74 
 933      00
 934              	.LASF38:
 935 0172 2F686F6D 		.ascii	"/home/stm32/Workspace/FirmwareSpykee\000"
 935      652F7374 
 935      6D33322F 
 935      576F726B 
 935      73706163 
 936              	.LASF1:
 937 0197 7369676E 		.ascii	"signed char\000"
 937      65642063 
 937      68617200 
 938              	.LASF11:
 939 01a3 6C6F6E67 		.ascii	"long long unsigned int\000"
 939      206C6F6E 
 939      6720756E 
 939      7369676E 
 939      65642069 
 940              	.LASF30:
 941 01ba 494F4275 		.ascii	"IOBus\000"
 941      7300
 942              		.ident	"GCC: (Sourcery G++ Lite 2011.03-42) 4.5.2"
ARM GAS  /tmp/ccdn9Qhg.s 			page 20


DEFINED SYMBOLS
                            *ABS*:00000000 pal.c
     /tmp/ccdn9Qhg.s:26     .text.palReadBus:00000000 $t
     /tmp/ccdn9Qhg.s:32     .text.palReadBus:00000000 palReadBus
     /tmp/ccdn9Qhg.s:55     .text.palWriteBus:00000000 $t
     /tmp/ccdn9Qhg.s:61     .text.palWriteBus:00000000 palWriteBus
     /tmp/ccdn9Qhg.s:96     .text.palSetBusMode:00000000 $t
     /tmp/ccdn9Qhg.s:102    .text.palSetBusMode:00000000 palSetBusMode
                     .debug_frame:00000010 $d

UNDEFINED SYMBOLS
_pal_lld_setgroupmode
