ARM GAS  /tmp/ccyWfcG3.s 			page 1


   1              		.syntax unified
   2              		.cpu cortex-m4
   3              		.eabi_attribute 27, 3
   4              		.eabi_attribute 28, 1
   5              		.fpu fpv4-sp-d16
   6              		.eabi_attribute 20, 1
   7              		.eabi_attribute 21, 1
   8              		.eabi_attribute 23, 3
   9              		.eabi_attribute 24, 1
  10              		.eabi_attribute 25, 1
  11              		.eabi_attribute 26, 1
  12              		.eabi_attribute 30, 2
  13              		.eabi_attribute 18, 4
  14              		.thumb
  15              		.file	"pal_lld.c"
  16              		.section	.debug_abbrev,"",%progbits
  17              	.Ldebug_abbrev0:
  18              		.section	.debug_info,"",%progbits
  19              	.Ldebug_info0:
  20              		.section	.debug_line,"",%progbits
  21              	.Ldebug_line0:
  22 0000 0E020000 		.text
  22      02005C01 
  22      00000201 
  22      FB0E0D00 
  22      01010101 
  23              	.Ltext0:
  24              		.cfi_sections	.debug_frame
  25              		.section	.text._pal_lld_init,"ax",%progbits
  26              		.align	2
  27              		.p2align 4,,15
  28              		.global	_pal_lld_init
  29              		.thumb
  30              		.thumb_func
  31              		.type	_pal_lld_init, %function
  32              	_pal_lld_init:
  33              	.LFB118:
  34              		.file 1 "../libs/ChibiOS_2.4.0/os/hal/platforms/STM32/GPIOv2/pal_lld.c"
  35              		.loc 1 102 0
  36              		.cfi_startproc
  37              		@ args = 0, pretend = 0, frame = 0
  38              		@ frame_needed = 0, uses_anonymous_args = 0
  39              		@ link register save eliminated.
  40              	.LVL0:
  41 0000 2DE9F007 		push	{r4, r5, r6, r7, r8, r9, sl}
  42              	.LCFI0:
  43              		.cfi_def_cfa_offset 28
  44              		.loc 1 110 0
  45 0004 DFF8E8A1 		ldr	sl, .L2+28
  46              		.cfi_offset 10, -4
  47              		.cfi_offset 9, -8
  48              		.cfi_offset 8, -12
  49              		.cfi_offset 7, -16
  50              		.cfi_offset 6, -20
  51              		.cfi_offset 5, -24
  52              		.cfi_offset 4, -28
  53              	.LBB20:
ARM GAS  /tmp/ccyWfcG3.s 			page 2


  54              	.LBB21:
  55              		.loc 1 77 0
  56 0008 DFF8E881 		ldr	r8, .L2+32
  57              	.LBE21:
  58              	.LBE20:
  59              		.loc 1 110 0
  60 000c DAF83090 		ldr	r9, [sl, #48]
  61              	.LBB23:
  62              	.LBB24:
  63              		.loc 1 77 0
  64 0010 DFF8E4C1 		ldr	ip, .L2+36
  65              	.LBE24:
  66              	.LBE23:
  67              	.LBB26:
  68              	.LBB27:
  69 0014 6F4F     		ldr	r7, .L2
  70              	.LBE27:
  71              	.LBE26:
  72              	.LBB29:
  73              	.LBB30:
  74 0016 704E     		ldr	r6, .L2+4
  75              	.LBE30:
  76              	.LBE29:
  77              	.LBB32:
  78              	.LBB33:
  79 0018 704D     		ldr	r5, .L2+8
  80              	.LBE33:
  81              	.LBE32:
  82              	.LBB35:
  83              	.LBB36:
  84 001a 714C     		ldr	r4, .L2+12
  85              	.LBE36:
  86              	.LBE35:
  87              	.LBB38:
  88              	.LBB39:
  89 001c 7149     		ldr	r1, .L2+16
  90              	.LBE39:
  91              	.LBE38:
  92              	.LBB41:
  93              	.LBB42:
  94 001e 724A     		ldr	r2, .L2+20
  95              	.LBE42:
  96              	.LBE41:
  97              	.LBB44:
  98              	.LBB45:
  99 0020 724B     		ldr	r3, .L2+24
 100              	.LBE45:
 101              	.LBE44:
 102              		.loc 1 110 0
 103 0022 6FEA5929 		mvn	r9, r9, lsr #9
 104 0026 6FEA4929 		mvn	r9, r9, lsl #9
 105 002a CAF83090 		str	r9, [sl, #48]
 106              		.loc 1 111 0
 107 002e DAF85090 		ldr	r9, [sl, #80]
 108 0032 6FEA5929 		mvn	r9, r9, lsr #9
 109 0036 6FEA4929 		mvn	r9, r9, lsl #9
 110 003a CAF85090 		str	r9, [sl, #80]
ARM GAS  /tmp/ccyWfcG3.s 			page 3


 111              	.LVL1:
 112              	.LBB47:
 113              	.LBB22:
 114              		.loc 1 77 0
 115 003e D0F80090 		ldr	r9, [r0, #0]
 116 0042 C8F80090 		str	r9, [r8, #0]
 117              		.loc 1 78 0
 118 0046 D0F80490 		ldr	r9, [r0, #4]
 119 004a C8F80490 		str	r9, [r8, #4]
 120              		.loc 1 79 0
 121 004e D0F80890 		ldr	r9, [r0, #8]
 122 0052 C8F80890 		str	r9, [r8, #8]
 123              		.loc 1 80 0
 124 0056 D0F80C90 		ldr	r9, [r0, #12]
 125 005a C8F80C90 		str	r9, [r8, #12]
 126              		.loc 1 81 0
 127 005e D0F81090 		ldr	r9, [r0, #16]
 128 0062 C8F81490 		str	r9, [r8, #20]
 129              		.loc 1 82 0
 130 0066 D0F81490 		ldr	r9, [r0, #20]
 131 006a C8F82090 		str	r9, [r8, #32]
 132              		.loc 1 83 0
 133 006e D0F81890 		ldr	r9, [r0, #24]
 134 0072 C8F82490 		str	r9, [r8, #36]
 135              	.LVL2:
 136              	.LBE22:
 137              	.LBE47:
 138              	.LBB48:
 139              	.LBB25:
 140              		.loc 1 77 0
 141 0076 D0F81C80 		ldr	r8, [r0, #28]
 142 007a CCF80080 		str	r8, [ip, #0]
 143              		.loc 1 78 0
 144 007e D0F82080 		ldr	r8, [r0, #32]
 145 0082 CCF80480 		str	r8, [ip, #4]
 146              		.loc 1 79 0
 147 0086 D0F82480 		ldr	r8, [r0, #36]
 148 008a CCF80880 		str	r8, [ip, #8]
 149              		.loc 1 80 0
 150 008e D0F82880 		ldr	r8, [r0, #40]
 151 0092 CCF80C80 		str	r8, [ip, #12]
 152              		.loc 1 81 0
 153 0096 D0F82C80 		ldr	r8, [r0, #44]
 154 009a CCF81480 		str	r8, [ip, #20]
 155              		.loc 1 82 0
 156 009e D0F83080 		ldr	r8, [r0, #48]
 157 00a2 CCF82080 		str	r8, [ip, #32]
 158              		.loc 1 83 0
 159 00a6 D0F83480 		ldr	r8, [r0, #52]
 160 00aa CCF82480 		str	r8, [ip, #36]
 161              	.LVL3:
 162              	.LBE25:
 163              	.LBE48:
 164              	.LBB49:
 165              	.LBB28:
 166              		.loc 1 77 0
 167 00ae D0F838C0 		ldr	ip, [r0, #56]
ARM GAS  /tmp/ccyWfcG3.s 			page 4


 168 00b2 C7F800C0 		str	ip, [r7, #0]
 169              		.loc 1 78 0
 170 00b6 D0F83CC0 		ldr	ip, [r0, #60]
 171 00ba C7F804C0 		str	ip, [r7, #4]
 172              		.loc 1 79 0
 173 00be D0F840C0 		ldr	ip, [r0, #64]
 174 00c2 C7F808C0 		str	ip, [r7, #8]
 175              		.loc 1 80 0
 176 00c6 D0F844C0 		ldr	ip, [r0, #68]
 177 00ca C7F80CC0 		str	ip, [r7, #12]
 178              		.loc 1 81 0
 179 00ce D0F848C0 		ldr	ip, [r0, #72]
 180 00d2 C7F814C0 		str	ip, [r7, #20]
 181              		.loc 1 82 0
 182 00d6 D0F84CC0 		ldr	ip, [r0, #76]
 183 00da C7F820C0 		str	ip, [r7, #32]
 184              		.loc 1 83 0
 185 00de D0F850C0 		ldr	ip, [r0, #80]
 186 00e2 C7F824C0 		str	ip, [r7, #36]
 187              	.LVL4:
 188              	.LBE28:
 189              	.LBE49:
 190              	.LBB50:
 191              	.LBB31:
 192              		.loc 1 77 0
 193 00e6 476D     		ldr	r7, [r0, #84]
 194 00e8 3760     		str	r7, [r6, #0]
 195              		.loc 1 78 0
 196 00ea 876D     		ldr	r7, [r0, #88]
 197 00ec 7760     		str	r7, [r6, #4]
 198              		.loc 1 79 0
 199 00ee C76D     		ldr	r7, [r0, #92]
 200 00f0 B760     		str	r7, [r6, #8]
 201              		.loc 1 80 0
 202 00f2 076E     		ldr	r7, [r0, #96]
 203 00f4 F760     		str	r7, [r6, #12]
 204              		.loc 1 81 0
 205 00f6 476E     		ldr	r7, [r0, #100]
 206 00f8 7761     		str	r7, [r6, #20]
 207              		.loc 1 82 0
 208 00fa 876E     		ldr	r7, [r0, #104]
 209 00fc 3762     		str	r7, [r6, #32]
 210              		.loc 1 83 0
 211 00fe C76E     		ldr	r7, [r0, #108]
 212 0100 7762     		str	r7, [r6, #36]
 213              	.LVL5:
 214              	.LBE31:
 215              	.LBE50:
 216              	.LBB51:
 217              	.LBB34:
 218              		.loc 1 77 0
 219 0102 066F     		ldr	r6, [r0, #112]
 220 0104 2E60     		str	r6, [r5, #0]
 221              		.loc 1 78 0
 222 0106 466F     		ldr	r6, [r0, #116]
 223 0108 6E60     		str	r6, [r5, #4]
 224              		.loc 1 79 0
ARM GAS  /tmp/ccyWfcG3.s 			page 5


 225 010a 866F     		ldr	r6, [r0, #120]
 226 010c AE60     		str	r6, [r5, #8]
 227              		.loc 1 80 0
 228 010e C66F     		ldr	r6, [r0, #124]
 229 0110 EE60     		str	r6, [r5, #12]
 230              		.loc 1 81 0
 231 0112 D0F88060 		ldr	r6, [r0, #128]
 232 0116 6E61     		str	r6, [r5, #20]
 233              		.loc 1 82 0
 234 0118 D0F88460 		ldr	r6, [r0, #132]
 235 011c 2E62     		str	r6, [r5, #32]
 236              		.loc 1 83 0
 237 011e D0F88860 		ldr	r6, [r0, #136]
 238 0122 6E62     		str	r6, [r5, #36]
 239              	.LVL6:
 240              	.LBE34:
 241              	.LBE51:
 242              	.LBB52:
 243              	.LBB37:
 244              		.loc 1 77 0
 245 0124 D0F88C50 		ldr	r5, [r0, #140]
 246 0128 2560     		str	r5, [r4, #0]
 247              		.loc 1 78 0
 248 012a D0F89050 		ldr	r5, [r0, #144]
 249 012e 6560     		str	r5, [r4, #4]
 250              		.loc 1 79 0
 251 0130 D0F89450 		ldr	r5, [r0, #148]
 252 0134 A560     		str	r5, [r4, #8]
 253              		.loc 1 80 0
 254 0136 D0F89850 		ldr	r5, [r0, #152]
 255 013a E560     		str	r5, [r4, #12]
 256              		.loc 1 81 0
 257 013c D0F89C50 		ldr	r5, [r0, #156]
 258 0140 6561     		str	r5, [r4, #20]
 259              		.loc 1 82 0
 260 0142 D0F8A050 		ldr	r5, [r0, #160]
 261 0146 2562     		str	r5, [r4, #32]
 262              		.loc 1 83 0
 263 0148 D0F8A450 		ldr	r5, [r0, #164]
 264 014c 6562     		str	r5, [r4, #36]
 265              	.LVL7:
 266              	.LBE37:
 267              	.LBE52:
 268              	.LBB53:
 269              	.LBB40:
 270              		.loc 1 77 0
 271 014e D0F8A840 		ldr	r4, [r0, #168]
 272 0152 0C60     		str	r4, [r1, #0]
 273              		.loc 1 78 0
 274 0154 D0F8AC40 		ldr	r4, [r0, #172]
 275 0158 4C60     		str	r4, [r1, #4]
 276              		.loc 1 79 0
 277 015a D0F8B040 		ldr	r4, [r0, #176]
 278 015e 8C60     		str	r4, [r1, #8]
 279              		.loc 1 80 0
 280 0160 D0F8B440 		ldr	r4, [r0, #180]
 281 0164 CC60     		str	r4, [r1, #12]
ARM GAS  /tmp/ccyWfcG3.s 			page 6


 282              		.loc 1 81 0
 283 0166 D0F8B840 		ldr	r4, [r0, #184]
 284 016a 4C61     		str	r4, [r1, #20]
 285              		.loc 1 82 0
 286 016c D0F8BC40 		ldr	r4, [r0, #188]
 287 0170 0C62     		str	r4, [r1, #32]
 288              		.loc 1 83 0
 289 0172 D0F8C040 		ldr	r4, [r0, #192]
 290 0176 4C62     		str	r4, [r1, #36]
 291              	.LVL8:
 292              	.LBE40:
 293              	.LBE53:
 294              	.LBB54:
 295              	.LBB43:
 296              		.loc 1 77 0
 297 0178 D0F8C410 		ldr	r1, [r0, #196]
 298 017c 1160     		str	r1, [r2, #0]
 299              		.loc 1 78 0
 300 017e D0F8C810 		ldr	r1, [r0, #200]
 301 0182 5160     		str	r1, [r2, #4]
 302              		.loc 1 79 0
 303 0184 D0F8CC10 		ldr	r1, [r0, #204]
 304 0188 9160     		str	r1, [r2, #8]
 305              		.loc 1 80 0
 306 018a D0F8D010 		ldr	r1, [r0, #208]
 307 018e D160     		str	r1, [r2, #12]
 308              		.loc 1 81 0
 309 0190 D0F8D410 		ldr	r1, [r0, #212]
 310 0194 5161     		str	r1, [r2, #20]
 311              		.loc 1 82 0
 312 0196 D0F8D810 		ldr	r1, [r0, #216]
 313 019a 1162     		str	r1, [r2, #32]
 314              		.loc 1 83 0
 315 019c D0F8DC10 		ldr	r1, [r0, #220]
 316 01a0 5162     		str	r1, [r2, #36]
 317              	.LVL9:
 318              	.LBE43:
 319              	.LBE54:
 320              	.LBB55:
 321              	.LBB46:
 322              		.loc 1 77 0
 323 01a2 D0F8E020 		ldr	r2, [r0, #224]
 324 01a6 1A60     		str	r2, [r3, #0]
 325              		.loc 1 78 0
 326 01a8 D0F8E410 		ldr	r1, [r0, #228]
 327 01ac 5960     		str	r1, [r3, #4]
 328              		.loc 1 79 0
 329 01ae D0F8E820 		ldr	r2, [r0, #232]
 330 01b2 9A60     		str	r2, [r3, #8]
 331              		.loc 1 80 0
 332 01b4 D0F8EC10 		ldr	r1, [r0, #236]
 333 01b8 D960     		str	r1, [r3, #12]
 334              		.loc 1 81 0
 335 01ba D0F8F020 		ldr	r2, [r0, #240]
 336 01be 5A61     		str	r2, [r3, #20]
 337              		.loc 1 82 0
 338 01c0 D0F8F410 		ldr	r1, [r0, #244]
ARM GAS  /tmp/ccyWfcG3.s 			page 7


 339 01c4 1962     		str	r1, [r3, #32]
 340              		.loc 1 83 0
 341 01c6 D0F8F820 		ldr	r2, [r0, #248]
 342 01ca 5A62     		str	r2, [r3, #36]
 343              	.LBE46:
 344              	.LBE55:
 345              		.loc 1 136 0
 346 01cc BDE8F007 		pop	{r4, r5, r6, r7, r8, r9, sl}
 347 01d0 7047     		bx	lr
 348              	.L3:
 349 01d2 00BF     		.align	2
 350              	.L2:
 351 01d4 00080240 		.word	1073874944
 352 01d8 000C0240 		.word	1073875968
 353 01dc 00100240 		.word	1073876992
 354 01e0 00140240 		.word	1073878016
 355 01e4 00180240 		.word	1073879040
 356 01e8 001C0240 		.word	1073880064
 357 01ec 00200240 		.word	1073881088
 358 01f0 00380240 		.word	1073887232
 359 01f4 00000240 		.word	1073872896
 360 01f8 00040240 		.word	1073873920
 361              		.cfi_endproc
 362              	.LFE118:
 363              		.size	_pal_lld_init, .-_pal_lld_init
 364 01fc AFF30080 		.section	.text._pal_lld_setgroupmode,"ax",%progbits
 365              		.align	2
 366              		.p2align 4,,15
 367              		.global	_pal_lld_setgroupmode
 368              		.thumb
 369              		.thumb_func
 370              		.type	_pal_lld_setgroupmode, %function
 371              	_pal_lld_setgroupmode:
 372              	.LFB119:
 373              		.loc 1 154 0
 374              		.cfi_startproc
 375              		@ args = 0, pretend = 0, frame = 0
 376              		@ frame_needed = 0, uses_anonymous_args = 0
 377              		@ link register save eliminated.
 378              	.LVL10:
 379 0000 2DE9F00F 		push	{r4, r5, r6, r7, r8, r9, sl, fp}
 380              	.LCFI1:
 381              		.cfi_def_cfa_offset 32
 382              		.loc 1 156 0
 383 0004 02F00307 		and	r7, r2, #3
 384              		.cfi_offset 11, -4
 385              		.cfi_offset 10, -8
 386              		.cfi_offset 9, -12
 387              		.cfi_offset 8, -16
 388              		.cfi_offset 7, -20
 389              		.cfi_offset 6, -24
 390              		.cfi_offset 5, -28
 391              		.cfi_offset 4, -32
 392              	.LVL11:
 393              		.loc 1 157 0
 394 0008 C2F38006 		ubfx	r6, r2, #2, #1
 395              	.LVL12:
ARM GAS  /tmp/ccyWfcG3.s 			page 8


 396              		.loc 1 158 0
 397 000c C2F3C105 		ubfx	r5, r2, #3, #2
 398              	.LVL13:
 399              		.loc 1 159 0
 400 0010 C2F34114 		ubfx	r4, r2, #5, #2
 401              	.LVL14:
 402              		.loc 1 160 0
 403 0014 C2F3C312 		ubfx	r2, r2, #7, #4
 404              	.LVL15:
 405              		.loc 1 161 0
 406 0018 0023     		movs	r3, #0
 407              	.LBB56:
 408              		.loc 1 167 0
 409 001a 4FF00F09 		mov	r9, #15
 410              		.loc 1 172 0
 411 001e 4FF0010B 		mov	fp, #1
 412              		.loc 1 174 0
 413 0022 9246     		mov	sl, r2
 414 0024 32E0     		b	.L9
 415              	.LVL16:
 416              	.L11:
 417              		.loc 1 169 0
 418 0026 D0F82080 		ldr	r8, [r0, #32]
 419 002a 28EA0C0C 		bic	ip, r8, ip
 420              	.LVL17:
 421 002e 4CEA0202 		orr	r2, ip, r2
 422              	.LVL18:
 423 0032 0262     		str	r2, [r0, #32]
 424              	.L7:
 425              	.LVL19:
 426              		.loc 1 173 0
 427 0034 4268     		ldr	r2, [r0, #4]
 428              		.loc 1 172 0
 429 0036 0BFA03FC 		lsl	ip, fp, r3
 430              		.loc 1 173 0
 431 003a 22EA0C08 		bic	r8, r2, ip
 432 003e 48EA0602 		orr	r2, r8, r6
 433 0042 4260     		str	r2, [r0, #4]
 434              	.LVL20:
 435              		.loc 1 174 0
 436 0044 4FF00308 		mov	r8, #3
 437              		.loc 1 152 0
 438 0048 5A00     		lsls	r2, r3, #1
 439              		.loc 1 175 0
 440 004a D0F808C0 		ldr	ip, [r0, #8]
 441              		.loc 1 174 0
 442 004e 08FA02F2 		lsl	r2, r8, r2
 443              		.loc 1 175 0
 444 0052 D243     		mvns	r2, r2
 445 0054 02EA0C0C 		and	ip, r2, ip
 446 0058 4CEA050C 		orr	ip, ip, r5
 447 005c C0F808C0 		str	ip, [r0, #8]
 448              		.loc 1 176 0
 449 0060 D0F80CC0 		ldr	ip, [r0, #12]
 450 0064 02EA0C0C 		and	ip, r2, ip
 451 0068 4CEA040C 		orr	ip, ip, r4
 452 006c C0F80CC0 		str	ip, [r0, #12]
ARM GAS  /tmp/ccyWfcG3.s 			page 9


 453              		.loc 1 177 0
 454 0070 D0F800C0 		ldr	ip, [r0, #0]
 455 0074 02EA0C0C 		and	ip, r2, ip
 456 0078 4CEA0702 		orr	r2, ip, r7
 457 007c 0260     		str	r2, [r0, #0]
 458              	.LVL21:
 459              	.L5:
 460              	.LBE56:
 461              		.loc 1 180 0
 462 007e 4908     		lsrs	r1, r1, #1
 463              	.LVL22:
 464 0080 19D0     		beq	.L4
 465              		.loc 1 182 0
 466 0082 7600     		lsls	r6, r6, #1
 467              	.LVL23:
 468              		.loc 1 183 0
 469 0084 AD00     		lsls	r5, r5, #2
 470              	.LVL24:
 471              		.loc 1 184 0
 472 0086 A400     		lsls	r4, r4, #2
 473              	.LVL25:
 474              		.loc 1 185 0
 475 0088 BF00     		lsls	r7, r7, #2
 476              	.LVL26:
 477              		.loc 1 186 0
 478 008a 0133     		adds	r3, r3, #1
 479              	.LVL27:
 480              	.L9:
 481              		.loc 1 163 0
 482 008c 11F0010F 		tst	r1, #1
 483 0090 F5D0     		beq	.L5
 484              	.LBB57:
 485              		.loc 1 166 0
 486 0092 03F00708 		and	r8, r3, #7
 487 0096 4FEA880C 		lsl	ip, r8, #2
 488              		.loc 1 168 0
 489 009a 072B     		cmp	r3, #7
 490              		.loc 1 166 0
 491 009c 0AFA0CF2 		lsl	r2, sl, ip
 492              	.LVL28:
 493              		.loc 1 167 0
 494 00a0 09FA0CFC 		lsl	ip, r9, ip
 495              	.LVL29:
 496              		.loc 1 168 0
 497 00a4 BFD9     		bls	.L11
 498              		.loc 1 171 0
 499 00a6 D0F82480 		ldr	r8, [r0, #36]
 500 00aa 28EA0C0C 		bic	ip, r8, ip
 501              	.LVL30:
 502 00ae 4CEA0202 		orr	r2, ip, r2
 503              	.LVL31:
 504 00b2 4262     		str	r2, [r0, #36]
 505 00b4 BEE7     		b	.L7
 506              	.L4:
 507              	.LBE57:
 508              		.loc 1 188 0
 509 00b6 BDE8F00F 		pop	{r4, r5, r6, r7, r8, r9, sl, fp}
ARM GAS  /tmp/ccyWfcG3.s 			page 10


 510 00ba 7047     		bx	lr
 511              		.cfi_endproc
 512              	.LFE119:
 513              		.size	_pal_lld_setgroupmode, .-_pal_lld_setgroupmode
 514 00bc AFF30080 		.text
 515              	.Letext0:
 516              		.section	.debug_loc,"",%progbits
 517              	.Ldebug_loc0:
 518              	.LLST0:
 519 0000 00000000 		.4byte	.LFB118
 520 0004 04000000 		.4byte	.LCFI0
 521 0008 0200     		.2byte	0x2
 522 000a 7D       		.byte	0x7d
 523 000b 00       		.sleb128 0
 524 000c 04000000 		.4byte	.LCFI0
 525 0010 FC010000 		.4byte	.LFE118
 526 0014 0200     		.2byte	0x2
 527 0016 7D       		.byte	0x7d
 528 0017 1C       		.sleb128 28
 529 0018 00000000 		.4byte	0x0
 530 001c 00000000 		.4byte	0x0
 531              	.LLST1:
 532 0020 00000000 		.4byte	.LFB119
 533 0024 04000000 		.4byte	.LCFI1
 534 0028 0200     		.2byte	0x2
 535 002a 7D       		.byte	0x7d
 536 002b 00       		.sleb128 0
 537 002c 04000000 		.4byte	.LCFI1
 538 0030 BC000000 		.4byte	.LFE119
 539 0034 0200     		.2byte	0x2
 540 0036 7D       		.byte	0x7d
 541 0037 20       		.sleb128 32
 542 0038 00000000 		.4byte	0x0
 543 003c 00000000 		.4byte	0x0
 544              	.LLST2:
 545 0040 00000000 		.4byte	.LVL10
 546 0044 7E000000 		.4byte	.LVL21
 547 0048 0100     		.2byte	0x1
 548 004a 51       		.byte	0x51
 549 004b 7E000000 		.4byte	.LVL21
 550 004f 80000000 		.4byte	.LVL22
 551 0053 0500     		.2byte	0x5
 552 0055 71       		.byte	0x71
 553 0056 00       		.sleb128 0
 554 0057 31       		.byte	0x31
 555 0058 25       		.byte	0x25
 556 0059 9F       		.byte	0x9f
 557 005a 80000000 		.4byte	.LVL22
 558 005e BC000000 		.4byte	.LFE119
 559 0062 0100     		.2byte	0x1
 560 0064 51       		.byte	0x51
 561 0065 00000000 		.4byte	0x0
 562 0069 00000000 		.4byte	0x0
 563              	.LLST3:
 564 006d 00000000 		.4byte	.LVL10
 565 0071 18000000 		.4byte	.LVL15
 566 0075 0100     		.2byte	0x1
ARM GAS  /tmp/ccyWfcG3.s 			page 11


 567 0077 52       		.byte	0x52
 568 0078 00000000 		.4byte	0x0
 569 007c 00000000 		.4byte	0x0
 570              	.LLST4:
 571 0080 08000000 		.4byte	.LVL11
 572 0084 8A000000 		.4byte	.LVL26
 573 0088 0100     		.2byte	0x1
 574 008a 57       		.byte	0x57
 575 008b 8A000000 		.4byte	.LVL26
 576 008f BC000000 		.4byte	.LFE119
 577 0093 0100     		.2byte	0x1
 578 0095 57       		.byte	0x57
 579 0096 00000000 		.4byte	0x0
 580 009a 00000000 		.4byte	0x0
 581              	.LLST5:
 582 009e 0C000000 		.4byte	.LVL12
 583 00a2 84000000 		.4byte	.LVL23
 584 00a6 0100     		.2byte	0x1
 585 00a8 56       		.byte	0x56
 586 00a9 84000000 		.4byte	.LVL23
 587 00ad BC000000 		.4byte	.LFE119
 588 00b1 0100     		.2byte	0x1
 589 00b3 56       		.byte	0x56
 590 00b4 00000000 		.4byte	0x0
 591 00b8 00000000 		.4byte	0x0
 592              	.LLST6:
 593 00bc 10000000 		.4byte	.LVL13
 594 00c0 86000000 		.4byte	.LVL24
 595 00c4 0100     		.2byte	0x1
 596 00c6 55       		.byte	0x55
 597 00c7 86000000 		.4byte	.LVL24
 598 00cb BC000000 		.4byte	.LFE119
 599 00cf 0100     		.2byte	0x1
 600 00d1 55       		.byte	0x55
 601 00d2 00000000 		.4byte	0x0
 602 00d6 00000000 		.4byte	0x0
 603              	.LLST7:
 604 00da 14000000 		.4byte	.LVL14
 605 00de 88000000 		.4byte	.LVL25
 606 00e2 0100     		.2byte	0x1
 607 00e4 54       		.byte	0x54
 608 00e5 88000000 		.4byte	.LVL25
 609 00e9 BC000000 		.4byte	.LFE119
 610 00ed 0100     		.2byte	0x1
 611 00ef 54       		.byte	0x54
 612 00f0 00000000 		.4byte	0x0
 613 00f4 00000000 		.4byte	0x0
 614              	.LLST8:
 615 00f8 18000000 		.4byte	.LVL15
 616 00fc 26000000 		.4byte	.LVL16
 617 0100 0100     		.2byte	0x1
 618 0102 52       		.byte	0x52
 619 0103 26000000 		.4byte	.LVL16
 620 0107 BC000000 		.4byte	.LFE119
 621 010b 0100     		.2byte	0x1
 622 010d 5A       		.byte	0x5a
 623 010e 00000000 		.4byte	0x0
ARM GAS  /tmp/ccyWfcG3.s 			page 12


 624 0112 00000000 		.4byte	0x0
 625              	.LLST9:
 626 0116 18000000 		.4byte	.LVL15
 627 011a 26000000 		.4byte	.LVL16
 628 011e 0200     		.2byte	0x2
 629 0120 30       		.byte	0x30
 630 0121 9F       		.byte	0x9f
 631 0122 26000000 		.4byte	.LVL16
 632 0126 8C000000 		.4byte	.LVL27
 633 012a 0100     		.2byte	0x1
 634 012c 53       		.byte	0x53
 635 012d 8C000000 		.4byte	.LVL27
 636 0131 BC000000 		.4byte	.LFE119
 637 0135 0100     		.2byte	0x1
 638 0137 53       		.byte	0x53
 639 0138 00000000 		.4byte	0x0
 640 013c 00000000 		.4byte	0x0
 641              	.LLST10:
 642 0140 26000000 		.4byte	.LVL16
 643 0144 32000000 		.4byte	.LVL18
 644 0148 0100     		.2byte	0x1
 645 014a 52       		.byte	0x52
 646 014b A0000000 		.4byte	.LVL28
 647 014f B2000000 		.4byte	.LVL31
 648 0153 0100     		.2byte	0x1
 649 0155 52       		.byte	0x52
 650 0156 00000000 		.4byte	0x0
 651 015a 00000000 		.4byte	0x0
 652              	.LLST11:
 653 015e 34000000 		.4byte	.LVL19
 654 0162 7E000000 		.4byte	.LVL21
 655 0166 0500     		.2byte	0x5
 656 0168 31       		.byte	0x31
 657 0169 73       		.byte	0x73
 658 016a 00       		.sleb128 0
 659 016b 24       		.byte	0x24
 660 016c 9F       		.byte	0x9f
 661 016d 00000000 		.4byte	0x0
 662 0171 00000000 		.4byte	0x0
 663              	.LLST12:
 664 0175 44000000 		.4byte	.LVL20
 665 0179 7E000000 		.4byte	.LVL21
 666 017d 0700     		.2byte	0x7
 667 017f 33       		.byte	0x33
 668 0180 73       		.byte	0x73
 669 0181 00       		.sleb128 0
 670 0182 31       		.byte	0x31
 671 0183 24       		.byte	0x24
 672 0184 24       		.byte	0x24
 673 0185 9F       		.byte	0x9f
 674 0186 00000000 		.4byte	0x0
 675 018a 00000000 		.4byte	0x0
 676              	.LLST13:
 677 018e 26000000 		.4byte	.LVL16
 678 0192 2E000000 		.4byte	.LVL17
 679 0196 0100     		.2byte	0x1
 680 0198 5C       		.byte	0x5c
ARM GAS  /tmp/ccyWfcG3.s 			page 13


 681 0199 A4000000 		.4byte	.LVL29
 682 019d AE000000 		.4byte	.LVL30
 683 01a1 0100     		.2byte	0x1
 684 01a3 5C       		.byte	0x5c
 685 01a4 00000000 		.4byte	0x0
 686 01a8 00000000 		.4byte	0x0
 687              		.file 2 "/opt/stm32/arm-none-eabi-2011.03/bin/../lib/gcc/arm-none-eabi/4.5.2/../../../../arm-none-
 688              		.file 3 "../libs/ChibiOS_2.4.0/os/hal/platforms/STM32F4xx/stm32f4xx.h"
 689              		.file 4 "../libs/ChibiOS_2.4.0/os/hal/platforms/STM32/GPIOv2/pal_lld.h"
 690              		.file 5 "../libs/ChibiOS_2.4.0/os/ports/common/ARMCMx/CMSIS/include/core_cm4.h"
 691              		.section	.debug_info
 692 0000 50070000 		.4byte	0x750
 693 0004 0200     		.2byte	0x2
 694 0006 00000000 		.4byte	.Ldebug_abbrev0
 695 000a 04       		.byte	0x4
 696 000b 01       		.uleb128 0x1
 697 000c CF020000 		.4byte	.LASF81
 698 0010 01       		.byte	0x1
 699 0011 48010000 		.4byte	.LASF82
 700 0015 E7000000 		.4byte	.LASF83
 701 0019 00000000 		.4byte	0x0
 702 001d 00000000 		.4byte	0x0
 703 0021 F0000000 		.4byte	.Ldebug_ranges0+0xf0
 704 0025 00000000 		.4byte	.Ldebug_line0
 705 0029 02       		.uleb128 0x2
 706 002a 04       		.byte	0x4
 707 002b 05       		.byte	0x5
 708 002c 696E7400 		.ascii	"int\000"
 709 0030 03       		.uleb128 0x3
 710 0031 04       		.byte	0x4
 711 0032 07       		.byte	0x7
 712 0033 30030000 		.4byte	.LASF0
 713 0037 03       		.uleb128 0x3
 714 0038 01       		.byte	0x1
 715 0039 06       		.byte	0x6
 716 003a CA010000 		.4byte	.LASF1
 717 003e 03       		.uleb128 0x3
 718 003f 01       		.byte	0x1
 719 0040 08       		.byte	0x8
 720 0041 B4010000 		.4byte	.LASF2
 721 0045 03       		.uleb128 0x3
 722 0046 02       		.byte	0x2
 723 0047 05       		.byte	0x5
 724 0048 6C000000 		.4byte	.LASF3
 725 004c 04       		.uleb128 0x4
 726 004d 06020000 		.4byte	.LASF5
 727 0051 02       		.byte	0x2
 728 0052 36       		.byte	0x36
 729 0053 57000000 		.4byte	0x57
 730 0057 03       		.uleb128 0x3
 731 0058 02       		.byte	0x2
 732 0059 07       		.byte	0x7
 733 005a 33020000 		.4byte	.LASF4
 734 005e 04       		.uleb128 0x4
 735 005f 55020000 		.4byte	.LASF6
 736 0063 02       		.byte	0x2
 737 0064 4F       		.byte	0x4f
ARM GAS  /tmp/ccyWfcG3.s 			page 14


 738 0065 69000000 		.4byte	0x69
 739 0069 03       		.uleb128 0x3
 740 006a 04       		.byte	0x4
 741 006b 05       		.byte	0x5
 742 006c 38010000 		.4byte	.LASF7
 743 0070 04       		.uleb128 0x4
 744 0071 ED010000 		.4byte	.LASF8
 745 0075 02       		.byte	0x2
 746 0076 50       		.byte	0x50
 747 0077 7B000000 		.4byte	0x7b
 748 007b 03       		.uleb128 0x3
 749 007c 04       		.byte	0x4
 750 007d 07       		.byte	0x7
 751 007e 0F020000 		.4byte	.LASF9
 752 0082 03       		.uleb128 0x3
 753 0083 08       		.byte	0x8
 754 0084 05       		.byte	0x5
 755 0085 1C010000 		.4byte	.LASF10
 756 0089 03       		.uleb128 0x3
 757 008a 08       		.byte	0x8
 758 008b 07       		.byte	0x7
 759 008c D6010000 		.4byte	.LASF11
 760 0090 05       		.uleb128 0x5
 761 0091 70000000 		.4byte	0x70
 762 0095 03       		.uleb128 0x3
 763 0096 01       		.byte	0x1
 764 0097 08       		.byte	0x8
 765 0098 50020000 		.4byte	.LASF12
 766 009c 06       		.uleb128 0x6
 767 009d 70000000 		.4byte	0x70
 768 00a1 AC000000 		.4byte	0xac
 769 00a5 07       		.uleb128 0x7
 770 00a6 30000000 		.4byte	0x30
 771 00aa 01       		.byte	0x1
 772 00ab 00       		.byte	0x0
 773 00ac 05       		.uleb128 0x5
 774 00ad 5E000000 		.4byte	0x5e
 775 00b1 08       		.uleb128 0x8
 776 00b2 88       		.byte	0x88
 777 00b3 03       		.byte	0x3
 778 00b4 DB02     		.2byte	0x2db
 779 00b6 7E020000 		.4byte	0x27e
 780 00ba 09       		.uleb128 0x9
 781 00bb 435200   		.ascii	"CR\000"
 782 00be 03       		.byte	0x3
 783 00bf DD02     		.2byte	0x2dd
 784 00c1 90000000 		.4byte	0x90
 785 00c5 02       		.byte	0x2
 786 00c6 23       		.byte	0x23
 787 00c7 00       		.uleb128 0x0
 788 00c8 0A       		.uleb128 0xa
 789 00c9 26020000 		.4byte	.LASF13
 790 00cd 03       		.byte	0x3
 791 00ce DE02     		.2byte	0x2de
 792 00d0 90000000 		.4byte	0x90
 793 00d4 02       		.byte	0x2
 794 00d5 23       		.byte	0x23
ARM GAS  /tmp/ccyWfcG3.s 			page 15


 795 00d6 04       		.uleb128 0x4
 796 00d7 0A       		.uleb128 0xa
 797 00d8 3D030000 		.4byte	.LASF14
 798 00dc 03       		.byte	0x3
 799 00dd DF02     		.2byte	0x2df
 800 00df 90000000 		.4byte	0x90
 801 00e3 02       		.byte	0x2
 802 00e4 23       		.byte	0x23
 803 00e5 08       		.uleb128 0x8
 804 00e6 09       		.uleb128 0x9
 805 00e7 43495200 		.ascii	"CIR\000"
 806 00eb 03       		.byte	0x3
 807 00ec E002     		.2byte	0x2e0
 808 00ee 90000000 		.4byte	0x90
 809 00f2 02       		.byte	0x2
 810 00f3 23       		.byte	0x23
 811 00f4 0C       		.uleb128 0xc
 812 00f5 0A       		.uleb128 0xa
 813 00f6 F6020000 		.4byte	.LASF15
 814 00fa 03       		.byte	0x3
 815 00fb E102     		.2byte	0x2e1
 816 00fd 90000000 		.4byte	0x90
 817 0101 02       		.byte	0x2
 818 0102 23       		.byte	0x23
 819 0103 10       		.uleb128 0x10
 820 0104 0A       		.uleb128 0xa
 821 0105 FD010000 		.4byte	.LASF16
 822 0109 03       		.byte	0x3
 823 010a E202     		.2byte	0x2e2
 824 010c 90000000 		.4byte	0x90
 825 0110 02       		.byte	0x2
 826 0111 23       		.byte	0x23
 827 0112 14       		.uleb128 0x14
 828 0113 0A       		.uleb128 0xa
 829 0114 0C030000 		.4byte	.LASF17
 830 0118 03       		.byte	0x3
 831 0119 E302     		.2byte	0x2e3
 832 011b 90000000 		.4byte	0x90
 833 011f 02       		.byte	0x2
 834 0120 23       		.byte	0x23
 835 0121 18       		.uleb128 0x18
 836 0122 0A       		.uleb128 0xa
 837 0123 82020000 		.4byte	.LASF18
 838 0127 03       		.byte	0x3
 839 0128 E402     		.2byte	0x2e4
 840 012a 70000000 		.4byte	0x70
 841 012e 02       		.byte	0x2
 842 012f 23       		.byte	0x23
 843 0130 1C       		.uleb128 0x1c
 844 0131 0A       		.uleb128 0xa
 845 0132 33000000 		.4byte	.LASF19
 846 0136 03       		.byte	0x3
 847 0137 E502     		.2byte	0x2e5
 848 0139 90000000 		.4byte	0x90
 849 013d 02       		.byte	0x2
 850 013e 23       		.byte	0x23
 851 013f 20       		.uleb128 0x20
ARM GAS  /tmp/ccyWfcG3.s 			page 16


 852 0140 0A       		.uleb128 0xa
 853 0141 8C010000 		.4byte	.LASF20
 854 0145 03       		.byte	0x3
 855 0146 E602     		.2byte	0x2e6
 856 0148 90000000 		.4byte	0x90
 857 014c 02       		.byte	0x2
 858 014d 23       		.byte	0x23
 859 014e 24       		.uleb128 0x24
 860 014f 0A       		.uleb128 0xa
 861 0150 8C020000 		.4byte	.LASF21
 862 0154 03       		.byte	0x3
 863 0155 E702     		.2byte	0x2e7
 864 0157 9C000000 		.4byte	0x9c
 865 015b 02       		.byte	0x2
 866 015c 23       		.byte	0x23
 867 015d 28       		.uleb128 0x28
 868 015e 0A       		.uleb128 0xa
 869 015f 9C000000 		.4byte	.LASF22
 870 0163 03       		.byte	0x3
 871 0164 E802     		.2byte	0x2e8
 872 0166 90000000 		.4byte	0x90
 873 016a 02       		.byte	0x2
 874 016b 23       		.byte	0x23
 875 016c 30       		.uleb128 0x30
 876 016d 0A       		.uleb128 0xa
 877 016e 3C000000 		.4byte	.LASF23
 878 0172 03       		.byte	0x3
 879 0173 E902     		.2byte	0x2e9
 880 0175 90000000 		.4byte	0x90
 881 0179 02       		.byte	0x2
 882 017a 23       		.byte	0x23
 883 017b 34       		.uleb128 0x34
 884 017c 0A       		.uleb128 0xa
 885 017d 0C010000 		.4byte	.LASF24
 886 0181 03       		.byte	0x3
 887 0182 EA02     		.2byte	0x2ea
 888 0184 90000000 		.4byte	0x90
 889 0188 02       		.byte	0x2
 890 0189 23       		.byte	0x23
 891 018a 38       		.uleb128 0x38
 892 018b 0A       		.uleb128 0xa
 893 018c 96020000 		.4byte	.LASF25
 894 0190 03       		.byte	0x3
 895 0191 EB02     		.2byte	0x2eb
 896 0193 70000000 		.4byte	0x70
 897 0197 02       		.byte	0x2
 898 0198 23       		.byte	0x23
 899 0199 3C       		.uleb128 0x3c
 900 019a 0A       		.uleb128 0xa
 901 019b CB000000 		.4byte	.LASF26
 902 019f 03       		.byte	0x3
 903 01a0 EC02     		.2byte	0x2ec
 904 01a2 90000000 		.4byte	0x90
 905 01a6 02       		.byte	0x2
 906 01a7 23       		.byte	0x23
 907 01a8 40       		.uleb128 0x40
 908 01a9 0A       		.uleb128 0xa
ARM GAS  /tmp/ccyWfcG3.s 			page 17


 909 01aa C2010000 		.4byte	.LASF27
 910 01ae 03       		.byte	0x3
 911 01af ED02     		.2byte	0x2ed
 912 01b1 90000000 		.4byte	0x90
 913 01b5 02       		.byte	0x2
 914 01b6 23       		.byte	0x23
 915 01b7 44       		.uleb128 0x44
 916 01b8 0A       		.uleb128 0xa
 917 01b9 A0020000 		.4byte	.LASF28
 918 01bd 03       		.byte	0x3
 919 01be EE02     		.2byte	0x2ee
 920 01c0 9C000000 		.4byte	0x9c
 921 01c4 02       		.byte	0x2
 922 01c5 23       		.byte	0x23
 923 01c6 48       		.uleb128 0x48
 924 01c7 0A       		.uleb128 0xa
 925 01c8 00000000 		.4byte	.LASF29
 926 01cc 03       		.byte	0x3
 927 01cd EF02     		.2byte	0x2ef
 928 01cf 90000000 		.4byte	0x90
 929 01d3 02       		.byte	0x2
 930 01d4 23       		.byte	0x23
 931 01d5 50       		.uleb128 0x50
 932 01d6 0A       		.uleb128 0xa
 933 01d7 6C020000 		.4byte	.LASF30
 934 01db 03       		.byte	0x3
 935 01dc F002     		.2byte	0x2f0
 936 01de 90000000 		.4byte	0x90
 937 01e2 02       		.byte	0x2
 938 01e3 23       		.byte	0x23
 939 01e4 54       		.uleb128 0x54
 940 01e5 0A       		.uleb128 0xa
 941 01e6 B1000000 		.4byte	.LASF31
 942 01ea 03       		.byte	0x3
 943 01eb F102     		.2byte	0x2f1
 944 01ed 90000000 		.4byte	0x90
 945 01f1 02       		.byte	0x2
 946 01f2 23       		.byte	0x23
 947 01f3 58       		.uleb128 0x58
 948 01f4 0A       		.uleb128 0xa
 949 01f5 AA020000 		.4byte	.LASF32
 950 01f9 03       		.byte	0x3
 951 01fa F202     		.2byte	0x2f2
 952 01fc 70000000 		.4byte	0x70
 953 0200 02       		.byte	0x2
 954 0201 23       		.byte	0x23
 955 0202 5C       		.uleb128 0x5c
 956 0203 0A       		.uleb128 0xa
 957 0204 46020000 		.4byte	.LASF33
 958 0208 03       		.byte	0x3
 959 0209 F302     		.2byte	0x2f3
 960 020b 90000000 		.4byte	0x90
 961 020f 02       		.byte	0x2
 962 0210 23       		.byte	0x23
 963 0211 60       		.uleb128 0x60
 964 0212 0A       		.uleb128 0xa
 965 0213 47030000 		.4byte	.LASF34
ARM GAS  /tmp/ccyWfcG3.s 			page 18


 966 0217 03       		.byte	0x3
 967 0218 F402     		.2byte	0x2f4
 968 021a 90000000 		.4byte	0x90
 969 021e 02       		.byte	0x2
 970 021f 23       		.byte	0x23
 971 0220 64       		.uleb128 0x64
 972 0221 0A       		.uleb128 0xa
 973 0222 B4020000 		.4byte	.LASF35
 974 0226 03       		.byte	0x3
 975 0227 F502     		.2byte	0x2f5
 976 0229 9C000000 		.4byte	0x9c
 977 022d 02       		.byte	0x2
 978 022e 23       		.byte	0x23
 979 022f 68       		.uleb128 0x68
 980 0230 0A       		.uleb128 0xa
 981 0231 85000000 		.4byte	.LASF36
 982 0235 03       		.byte	0x3
 983 0236 F602     		.2byte	0x2f6
 984 0238 90000000 		.4byte	0x90
 985 023c 02       		.byte	0x2
 986 023d 23       		.byte	0x23
 987 023e 70       		.uleb128 0x70
 988 023f 09       		.uleb128 0x9
 989 0240 43535200 		.ascii	"CSR\000"
 990 0244 03       		.byte	0x3
 991 0245 F702     		.2byte	0x2f7
 992 0247 90000000 		.4byte	0x90
 993 024b 02       		.byte	0x2
 994 024c 23       		.byte	0x23
 995 024d 74       		.uleb128 0x74
 996 024e 0A       		.uleb128 0xa
 997 024f BE020000 		.4byte	.LASF37
 998 0253 03       		.byte	0x3
 999 0254 F802     		.2byte	0x2f8
 1000 0256 9C000000 		.4byte	0x9c
 1001 025a 02       		.byte	0x2
 1002 025b 23       		.byte	0x23
 1003 025c 78       		.uleb128 0x78
 1004 025d 0A       		.uleb128 0xa
 1005 025e A4000000 		.4byte	.LASF38
 1006 0262 03       		.byte	0x3
 1007 0263 F902     		.2byte	0x2f9
 1008 0265 90000000 		.4byte	0x90
 1009 0269 03       		.byte	0x3
 1010 026a 23       		.byte	0x23
 1011 026b 8001     		.uleb128 0x80
 1012 026d 0A       		.uleb128 0xa
 1013 026e 91000000 		.4byte	.LASF39
 1014 0272 03       		.byte	0x3
 1015 0273 FA02     		.2byte	0x2fa
 1016 0275 90000000 		.4byte	0x90
 1017 0279 03       		.byte	0x3
 1018 027a 23       		.byte	0x23
 1019 027b 8401     		.uleb128 0x84
 1020 027d 00       		.byte	0x0
 1021 027e 0B       		.uleb128 0xb
 1022 027f 11000000 		.4byte	.LASF40
ARM GAS  /tmp/ccyWfcG3.s 			page 19


 1023 0283 03       		.byte	0x3
 1024 0284 FB02     		.2byte	0x2fb
 1025 0286 B1000000 		.4byte	0xb1
 1026 028a 0C       		.uleb128 0xc
 1027 028b 04       		.byte	0x4
 1028 028c 04       		.byte	0x4
 1029 028d 9D       		.byte	0x9d
 1030 028e AF020000 		.4byte	0x2af
 1031 0292 0D       		.uleb128 0xd
 1032 0293 73657400 		.ascii	"set\000"
 1033 0297 04       		.byte	0x4
 1034 0298 9E       		.byte	0x9e
 1035 0299 4C000000 		.4byte	0x4c
 1036 029d 02       		.byte	0x2
 1037 029e 23       		.byte	0x23
 1038 029f 00       		.uleb128 0x0
 1039 02a0 0E       		.uleb128 0xe
 1040 02a1 95010000 		.4byte	.LASF41
 1041 02a5 04       		.byte	0x4
 1042 02a6 9F       		.byte	0x9f
 1043 02a7 4C000000 		.4byte	0x4c
 1044 02ab 02       		.byte	0x2
 1045 02ac 23       		.byte	0x23
 1046 02ad 02       		.uleb128 0x2
 1047 02ae 00       		.byte	0x0
 1048 02af 0F       		.uleb128 0xf
 1049 02b0 04       		.byte	0x4
 1050 02b1 04       		.byte	0x4
 1051 02b2 9B       		.byte	0x9b
 1052 02b3 CA020000 		.4byte	0x2ca
 1053 02b7 10       		.uleb128 0x10
 1054 02b8 5700     		.ascii	"W\000"
 1055 02ba 04       		.byte	0x4
 1056 02bb 9C       		.byte	0x9c
 1057 02bc 70000000 		.4byte	0x70
 1058 02c0 10       		.uleb128 0x10
 1059 02c1 4800     		.ascii	"H\000"
 1060 02c3 04       		.byte	0x4
 1061 02c4 A0       		.byte	0xa0
 1062 02c5 8A020000 		.4byte	0x28a
 1063 02c9 00       		.byte	0x0
 1064 02ca 0C       		.uleb128 0xc
 1065 02cb 28       		.byte	0x28
 1066 02cc 04       		.byte	0x4
 1067 02cd 93       		.byte	0x93
 1068 02ce 5F030000 		.4byte	0x35f
 1069 02d2 0E       		.uleb128 0xe
 1070 02d3 86010000 		.4byte	.LASF42
 1071 02d7 04       		.byte	0x4
 1072 02d8 95       		.byte	0x95
 1073 02d9 90000000 		.4byte	0x90
 1074 02dd 02       		.byte	0x2
 1075 02de 23       		.byte	0x23
 1076 02df 00       		.uleb128 0x0
 1077 02e0 0E       		.uleb128 0xe
 1078 02e1 E0000000 		.4byte	.LASF43
 1079 02e5 04       		.byte	0x4
ARM GAS  /tmp/ccyWfcG3.s 			page 20


 1080 02e6 96       		.byte	0x96
 1081 02e7 90000000 		.4byte	0x90
 1082 02eb 02       		.byte	0x2
 1083 02ec 23       		.byte	0x23
 1084 02ed 04       		.uleb128 0x4
 1085 02ee 0E       		.uleb128 0xe
 1086 02ef 14010000 		.4byte	.LASF44
 1087 02f3 04       		.byte	0x4
 1088 02f4 97       		.byte	0x97
 1089 02f5 90000000 		.4byte	0x90
 1090 02f9 02       		.byte	0x2
 1091 02fa 23       		.byte	0x23
 1092 02fb 08       		.uleb128 0x8
 1093 02fc 0E       		.uleb128 0xe
 1094 02fd 2A010000 		.4byte	.LASF45
 1095 0301 04       		.byte	0x4
 1096 0302 98       		.byte	0x98
 1097 0303 90000000 		.4byte	0x90
 1098 0307 02       		.byte	0x2
 1099 0308 23       		.byte	0x23
 1100 0309 0C       		.uleb128 0xc
 1101 030a 0D       		.uleb128 0xd
 1102 030b 49445200 		.ascii	"IDR\000"
 1103 030f 04       		.byte	0x4
 1104 0310 99       		.byte	0x99
 1105 0311 90000000 		.4byte	0x90
 1106 0315 02       		.byte	0x2
 1107 0316 23       		.byte	0x23
 1108 0317 10       		.uleb128 0x10
 1109 0318 0D       		.uleb128 0xd
 1110 0319 4F445200 		.ascii	"ODR\000"
 1111 031d 04       		.byte	0x4
 1112 031e 9A       		.byte	0x9a
 1113 031f 90000000 		.4byte	0x90
 1114 0323 02       		.byte	0x2
 1115 0324 23       		.byte	0x23
 1116 0325 14       		.uleb128 0x14
 1117 0326 0E       		.uleb128 0xe
 1118 0327 51030000 		.4byte	.LASF46
 1119 032b 04       		.byte	0x4
 1120 032c A1       		.byte	0xa1
 1121 032d 5F030000 		.4byte	0x35f
 1122 0331 02       		.byte	0x2
 1123 0332 23       		.byte	0x23
 1124 0333 18       		.uleb128 0x18
 1125 0334 0E       		.uleb128 0xe
 1126 0335 42030000 		.4byte	.LASF47
 1127 0339 04       		.byte	0x4
 1128 033a A2       		.byte	0xa2
 1129 033b 90000000 		.4byte	0x90
 1130 033f 02       		.byte	0x2
 1131 0340 23       		.byte	0x23
 1132 0341 1C       		.uleb128 0x1c
 1133 0342 0E       		.uleb128 0xe
 1134 0343 2E020000 		.4byte	.LASF48
 1135 0347 04       		.byte	0x4
 1136 0348 A3       		.byte	0xa3
ARM GAS  /tmp/ccyWfcG3.s 			page 21


 1137 0349 90000000 		.4byte	0x90
 1138 034d 02       		.byte	0x2
 1139 034e 23       		.byte	0x23
 1140 034f 20       		.uleb128 0x20
 1141 0350 0E       		.uleb128 0xe
 1142 0351 21020000 		.4byte	.LASF49
 1143 0355 04       		.byte	0x4
 1144 0356 A4       		.byte	0xa4
 1145 0357 90000000 		.4byte	0x90
 1146 035b 02       		.byte	0x2
 1147 035c 23       		.byte	0x23
 1148 035d 24       		.uleb128 0x24
 1149 035e 00       		.byte	0x0
 1150 035f 05       		.uleb128 0x5
 1151 0360 AF020000 		.4byte	0x2af
 1152 0364 04       		.uleb128 0x4
 1153 0365 FF020000 		.4byte	.LASF50
 1154 0369 04       		.byte	0x4
 1155 036a A5       		.byte	0xa5
 1156 036b CA020000 		.4byte	0x2ca
 1157 036f 0C       		.uleb128 0xc
 1158 0370 1C       		.byte	0x1c
 1159 0371 04       		.byte	0x4
 1160 0372 AA       		.byte	0xaa
 1161 0373 DA030000 		.4byte	0x3da
 1162 0377 0E       		.uleb128 0xe
 1163 0378 F0020000 		.4byte	.LASF51
 1164 037c 04       		.byte	0x4
 1165 037d AC       		.byte	0xac
 1166 037e 70000000 		.4byte	0x70
 1167 0382 02       		.byte	0x2
 1168 0383 23       		.byte	0x23
 1169 0384 00       		.uleb128 0x0
 1170 0385 0E       		.uleb128 0xe
 1171 0386 F6010000 		.4byte	.LASF52
 1172 038a 04       		.byte	0x4
 1173 038b AE       		.byte	0xae
 1174 038c 70000000 		.4byte	0x70
 1175 0390 02       		.byte	0x2
 1176 0391 23       		.byte	0x23
 1177 0392 04       		.uleb128 0x4
 1178 0393 0E       		.uleb128 0xe
 1179 0394 30010000 		.4byte	.LASF53
 1180 0398 04       		.byte	0x4
 1181 0399 B0       		.byte	0xb0
 1182 039a 70000000 		.4byte	0x70
 1183 039e 02       		.byte	0x2
 1184 039f 23       		.byte	0x23
 1185 03a0 08       		.uleb128 0x8
 1186 03a1 0E       		.uleb128 0xe
 1187 03a2 E0020000 		.4byte	.LASF54
 1188 03a6 04       		.byte	0x4
 1189 03a7 B2       		.byte	0xb2
 1190 03a8 70000000 		.4byte	0x70
 1191 03ac 02       		.byte	0x2
 1192 03ad 23       		.byte	0x23
 1193 03ae 0C       		.uleb128 0xc
ARM GAS  /tmp/ccyWfcG3.s 			page 22


 1194 03af 0D       		.uleb128 0xd
 1195 03b0 6F647200 		.ascii	"odr\000"
 1196 03b4 04       		.byte	0x4
 1197 03b5 B4       		.byte	0xb4
 1198 03b6 70000000 		.4byte	0x70
 1199 03ba 02       		.byte	0x2
 1200 03bb 23       		.byte	0x23
 1201 03bc 10       		.uleb128 0x10
 1202 03bd 0E       		.uleb128 0xe
 1203 03be EB020000 		.4byte	.LASF55
 1204 03c2 04       		.byte	0x4
 1205 03c3 B6       		.byte	0xb6
 1206 03c4 70000000 		.4byte	0x70
 1207 03c8 02       		.byte	0x2
 1208 03c9 23       		.byte	0x23
 1209 03ca 14       		.uleb128 0x14
 1210 03cb 0E       		.uleb128 0xe
 1211 03cc E6020000 		.4byte	.LASF56
 1212 03d0 04       		.byte	0x4
 1213 03d1 B8       		.byte	0xb8
 1214 03d2 70000000 		.4byte	0x70
 1215 03d6 02       		.byte	0x2
 1216 03d7 23       		.byte	0x23
 1217 03d8 18       		.uleb128 0x18
 1218 03d9 00       		.byte	0x0
 1219 03da 04       		.uleb128 0x4
 1220 03db 44000000 		.4byte	.LASF57
 1221 03df 04       		.byte	0x4
 1222 03e0 B9       		.byte	0xb9
 1223 03e1 6F030000 		.4byte	0x36f
 1224 03e5 0C       		.uleb128 0xc
 1225 03e6 FC       		.byte	0xfc
 1226 03e7 04       		.byte	0x4
 1227 03e8 C2       		.byte	0xc2
 1228 03e9 70040000 		.4byte	0x470
 1229 03ed 0E       		.uleb128 0xe
 1230 03ee A2010000 		.4byte	.LASF58
 1231 03f2 04       		.byte	0x4
 1232 03f3 C4       		.byte	0xc4
 1233 03f4 DA030000 		.4byte	0x3da
 1234 03f8 02       		.byte	0x2
 1235 03f9 23       		.byte	0x23
 1236 03fa 00       		.uleb128 0x0
 1237 03fb 0E       		.uleb128 0xe
 1238 03fc AA000000 		.4byte	.LASF59
 1239 0400 04       		.byte	0x4
 1240 0401 C6       		.byte	0xc6
 1241 0402 DA030000 		.4byte	0x3da
 1242 0406 02       		.byte	0x2
 1243 0407 23       		.byte	0x23
 1244 0408 1C       		.uleb128 0x1c
 1245 0409 0E       		.uleb128 0xe
 1246 040a 0A000000 		.4byte	.LASF60
 1247 040e 04       		.byte	0x4
 1248 040f C8       		.byte	0xc8
 1249 0410 DA030000 		.4byte	0x3da
 1250 0414 02       		.byte	0x2
ARM GAS  /tmp/ccyWfcG3.s 			page 23


 1251 0415 23       		.byte	0x23
 1252 0416 38       		.uleb128 0x38
 1253 0417 0E       		.uleb128 0xe
 1254 0418 41010000 		.4byte	.LASF61
 1255 041c 04       		.byte	0x4
 1256 041d CA       		.byte	0xca
 1257 041e DA030000 		.4byte	0x3da
 1258 0422 02       		.byte	0x2
 1259 0423 23       		.byte	0x23
 1260 0424 54       		.uleb128 0x54
 1261 0425 0E       		.uleb128 0xe
 1262 0426 7B020000 		.4byte	.LASF62
 1263 042a 04       		.byte	0x4
 1264 042b CD       		.byte	0xcd
 1265 042c DA030000 		.4byte	0x3da
 1266 0430 02       		.byte	0x2
 1267 0431 23       		.byte	0x23
 1268 0432 70       		.uleb128 0x70
 1269 0433 0E       		.uleb128 0xe
 1270 0434 57000000 		.4byte	.LASF63
 1271 0438 04       		.byte	0x4
 1272 0439 D1       		.byte	0xd1
 1273 043a DA030000 		.4byte	0x3da
 1274 043e 03       		.byte	0x3
 1275 043f 23       		.byte	0x23
 1276 0440 8C01     		.uleb128 0x8c
 1277 0442 0E       		.uleb128 0xe
 1278 0443 9B010000 		.4byte	.LASF64
 1279 0447 04       		.byte	0x4
 1280 0448 D5       		.byte	0xd5
 1281 0449 DA030000 		.4byte	0x3da
 1282 044d 03       		.byte	0x3
 1283 044e 23       		.byte	0x23
 1284 044f A801     		.uleb128 0xa8
 1285 0451 0E       		.uleb128 0xe
 1286 0452 C8020000 		.4byte	.LASF65
 1287 0456 04       		.byte	0x4
 1288 0457 D9       		.byte	0xd9
 1289 0458 DA030000 		.4byte	0x3da
 1290 045c 03       		.byte	0x3
 1291 045d 23       		.byte	0x23
 1292 045e C401     		.uleb128 0xc4
 1293 0460 0E       		.uleb128 0xe
 1294 0461 8A000000 		.4byte	.LASF66
 1295 0465 04       		.byte	0x4
 1296 0466 DD       		.byte	0xdd
 1297 0467 DA030000 		.4byte	0x3da
 1298 046b 03       		.byte	0x3
 1299 046c 23       		.byte	0x23
 1300 046d E001     		.uleb128 0xe0
 1301 046f 00       		.byte	0x0
 1302 0470 04       		.uleb128 0x4
 1303 0471 5D020000 		.4byte	.LASF67
 1304 0475 04       		.byte	0x4
 1305 0476 DF       		.byte	0xdf
 1306 0477 E5030000 		.4byte	0x3e5
 1307 047b 04       		.uleb128 0x4
ARM GAS  /tmp/ccyWfcG3.s 			page 24


 1308 047c D3000000 		.4byte	.LASF68
 1309 0480 04       		.byte	0x4
 1310 0481 EF       		.byte	0xef
 1311 0482 70000000 		.4byte	0x70
 1312 0486 04       		.uleb128 0x4
 1313 0487 C2000000 		.4byte	.LASF69
 1314 048b 04       		.byte	0x4
 1315 048c F4       		.byte	0xf4
 1316 048d 70000000 		.4byte	0x70
 1317 0491 04       		.uleb128 0x4
 1318 0492 A9010000 		.4byte	.LASF70
 1319 0496 04       		.byte	0x4
 1320 0497 FC       		.byte	0xfc
 1321 0498 9C040000 		.4byte	0x49c
 1322 049c 11       		.uleb128 0x11
 1323 049d 04       		.byte	0x4
 1324 049e 64030000 		.4byte	0x364
 1325 04a2 12       		.uleb128 0x12
 1326 04a3 76000000 		.4byte	.LASF84
 1327 04a7 01       		.byte	0x1
 1328 04a8 4B       		.byte	0x4b
 1329 04a9 01       		.byte	0x1
 1330 04aa 01       		.byte	0x1
 1331 04ab C6040000 		.4byte	0x4c6
 1332 04af 13       		.uleb128 0x13
 1333 04b0 7F000000 		.4byte	.LASF71
 1334 04b4 01       		.byte	0x1
 1335 04b5 4B       		.byte	0x4b
 1336 04b6 9C040000 		.4byte	0x49c
 1337 04ba 13       		.uleb128 0x13
 1338 04bb BB000000 		.4byte	.LASF72
 1339 04bf 01       		.byte	0x1
 1340 04c0 4B       		.byte	0x4b
 1341 04c1 C6040000 		.4byte	0x4c6
 1342 04c5 00       		.byte	0x0
 1343 04c6 11       		.uleb128 0x11
 1344 04c7 04       		.byte	0x4
 1345 04c8 CC040000 		.4byte	0x4cc
 1346 04cc 14       		.uleb128 0x14
 1347 04cd DA030000 		.4byte	0x3da
 1348 04d1 15       		.uleb128 0x15
 1349 04d2 01       		.byte	0x1
 1350 04d3 5E000000 		.4byte	.LASF73
 1351 04d7 01       		.byte	0x1
 1352 04d8 66       		.byte	0x66
 1353 04d9 01       		.byte	0x1
 1354 04da 00000000 		.4byte	.LFB118
 1355 04de FC010000 		.4byte	.LFE118
 1356 04e2 00000000 		.4byte	.LLST0
 1357 04e6 4E060000 		.4byte	0x64e
 1358 04ea 16       		.uleb128 0x16
 1359 04eb BB000000 		.4byte	.LASF72
 1360 04ef 01       		.byte	0x1
 1361 04f0 66       		.byte	0x66
 1362 04f1 4E060000 		.4byte	0x64e
 1363 04f5 01       		.byte	0x1
 1364 04f6 50       		.byte	0x50
ARM GAS  /tmp/ccyWfcG3.s 			page 25


 1365 04f7 17       		.uleb128 0x17
 1366 04f8 A2040000 		.4byte	0x4a2
 1367 04fc 08000000 		.4byte	.LBB20
 1368 0500 00000000 		.4byte	.Ldebug_ranges0+0x0
 1369 0504 01       		.byte	0x1
 1370 0505 75       		.byte	0x75
 1371 0506 1B050000 		.4byte	0x51b
 1372 050a 18       		.uleb128 0x18
 1373 050b BA040000 		.4byte	0x4ba
 1374 050f 01       		.byte	0x1
 1375 0510 50       		.byte	0x50
 1376 0511 19       		.uleb128 0x19
 1377 0512 AF040000 		.4byte	0x4af
 1378 0516 00000240 		.4byte	0x40020000
 1379 051a 00       		.byte	0x0
 1380 051b 17       		.uleb128 0x17
 1381 051c A2040000 		.4byte	0x4a2
 1382 0520 10000000 		.4byte	.LBB23
 1383 0524 18000000 		.4byte	.Ldebug_ranges0+0x18
 1384 0528 01       		.byte	0x1
 1385 0529 76       		.byte	0x76
 1386 052a 41050000 		.4byte	0x541
 1387 052e 18       		.uleb128 0x18
 1388 052f BA040000 		.4byte	0x4ba
 1389 0533 03       		.byte	0x3
 1390 0534 70       		.byte	0x70
 1391 0535 1C       		.sleb128 28
 1392 0536 9F       		.byte	0x9f
 1393 0537 19       		.uleb128 0x19
 1394 0538 AF040000 		.4byte	0x4af
 1395 053c 00040240 		.4byte	0x40020400
 1396 0540 00       		.byte	0x0
 1397 0541 17       		.uleb128 0x17
 1398 0542 A2040000 		.4byte	0x4a2
 1399 0546 14000000 		.4byte	.LBB26
 1400 054a 30000000 		.4byte	.Ldebug_ranges0+0x30
 1401 054e 01       		.byte	0x1
 1402 054f 77       		.byte	0x77
 1403 0550 67050000 		.4byte	0x567
 1404 0554 18       		.uleb128 0x18
 1405 0555 BA040000 		.4byte	0x4ba
 1406 0559 03       		.byte	0x3
 1407 055a 70       		.byte	0x70
 1408 055b 38       		.sleb128 56
 1409 055c 9F       		.byte	0x9f
 1410 055d 19       		.uleb128 0x19
 1411 055e AF040000 		.4byte	0x4af
 1412 0562 00080240 		.4byte	0x40020800
 1413 0566 00       		.byte	0x0
 1414 0567 17       		.uleb128 0x17
 1415 0568 A2040000 		.4byte	0x4a2
 1416 056c 16000000 		.4byte	.LBB29
 1417 0570 48000000 		.4byte	.Ldebug_ranges0+0x48
 1418 0574 01       		.byte	0x1
 1419 0575 78       		.byte	0x78
 1420 0576 8E050000 		.4byte	0x58e
 1421 057a 18       		.uleb128 0x18
ARM GAS  /tmp/ccyWfcG3.s 			page 26


 1422 057b BA040000 		.4byte	0x4ba
 1423 057f 04       		.byte	0x4
 1424 0580 70       		.byte	0x70
 1425 0581 D400     		.sleb128 84
 1426 0583 9F       		.byte	0x9f
 1427 0584 19       		.uleb128 0x19
 1428 0585 AF040000 		.4byte	0x4af
 1429 0589 000C0240 		.4byte	0x40020c00
 1430 058d 00       		.byte	0x0
 1431 058e 17       		.uleb128 0x17
 1432 058f A2040000 		.4byte	0x4a2
 1433 0593 18000000 		.4byte	.LBB32
 1434 0597 60000000 		.4byte	.Ldebug_ranges0+0x60
 1435 059b 01       		.byte	0x1
 1436 059c 7A       		.byte	0x7a
 1437 059d B5050000 		.4byte	0x5b5
 1438 05a1 18       		.uleb128 0x18
 1439 05a2 BA040000 		.4byte	0x4ba
 1440 05a6 04       		.byte	0x4
 1441 05a7 70       		.byte	0x70
 1442 05a8 F000     		.sleb128 112
 1443 05aa 9F       		.byte	0x9f
 1444 05ab 19       		.uleb128 0x19
 1445 05ac AF040000 		.4byte	0x4af
 1446 05b0 00100240 		.4byte	0x40021000
 1447 05b4 00       		.byte	0x0
 1448 05b5 17       		.uleb128 0x17
 1449 05b6 A2040000 		.4byte	0x4a2
 1450 05ba 1A000000 		.4byte	.LBB35
 1451 05be 78000000 		.4byte	.Ldebug_ranges0+0x78
 1452 05c2 01       		.byte	0x1
 1453 05c3 7D       		.byte	0x7d
 1454 05c4 DC050000 		.4byte	0x5dc
 1455 05c8 18       		.uleb128 0x18
 1456 05c9 BA040000 		.4byte	0x4ba
 1457 05cd 04       		.byte	0x4
 1458 05ce 70       		.byte	0x70
 1459 05cf 8C01     		.sleb128 140
 1460 05d1 9F       		.byte	0x9f
 1461 05d2 19       		.uleb128 0x19
 1462 05d3 AF040000 		.4byte	0x4af
 1463 05d7 00140240 		.4byte	0x40021400
 1464 05db 00       		.byte	0x0
 1465 05dc 17       		.uleb128 0x17
 1466 05dd A2040000 		.4byte	0x4a2
 1467 05e1 1C000000 		.4byte	.LBB38
 1468 05e5 90000000 		.4byte	.Ldebug_ranges0+0x90
 1469 05e9 01       		.byte	0x1
 1470 05ea 80       		.byte	0x80
 1471 05eb 03060000 		.4byte	0x603
 1472 05ef 18       		.uleb128 0x18
 1473 05f0 BA040000 		.4byte	0x4ba
 1474 05f4 04       		.byte	0x4
 1475 05f5 70       		.byte	0x70
 1476 05f6 A801     		.sleb128 168
 1477 05f8 9F       		.byte	0x9f
 1478 05f9 19       		.uleb128 0x19
ARM GAS  /tmp/ccyWfcG3.s 			page 27


 1479 05fa AF040000 		.4byte	0x4af
 1480 05fe 00180240 		.4byte	0x40021800
 1481 0602 00       		.byte	0x0
 1482 0603 17       		.uleb128 0x17
 1483 0604 A2040000 		.4byte	0x4a2
 1484 0608 1E000000 		.4byte	.LBB41
 1485 060c A8000000 		.4byte	.Ldebug_ranges0+0xa8
 1486 0610 01       		.byte	0x1
 1487 0611 83       		.byte	0x83
 1488 0612 2A060000 		.4byte	0x62a
 1489 0616 18       		.uleb128 0x18
 1490 0617 BA040000 		.4byte	0x4ba
 1491 061b 04       		.byte	0x4
 1492 061c 70       		.byte	0x70
 1493 061d C401     		.sleb128 196
 1494 061f 9F       		.byte	0x9f
 1495 0620 19       		.uleb128 0x19
 1496 0621 AF040000 		.4byte	0x4af
 1497 0625 001C0240 		.4byte	0x40021c00
 1498 0629 00       		.byte	0x0
 1499 062a 1A       		.uleb128 0x1a
 1500 062b A2040000 		.4byte	0x4a2
 1501 062f 20000000 		.4byte	.LBB44
 1502 0633 C0000000 		.4byte	.Ldebug_ranges0+0xc0
 1503 0637 01       		.byte	0x1
 1504 0638 86       		.byte	0x86
 1505 0639 18       		.uleb128 0x18
 1506 063a BA040000 		.4byte	0x4ba
 1507 063e 04       		.byte	0x4
 1508 063f 70       		.byte	0x70
 1509 0640 E001     		.sleb128 224
 1510 0642 9F       		.byte	0x9f
 1511 0643 19       		.uleb128 0x19
 1512 0644 AF040000 		.4byte	0x4af
 1513 0648 00200240 		.4byte	0x40022000
 1514 064c 00       		.byte	0x0
 1515 064d 00       		.byte	0x0
 1516 064e 11       		.uleb128 0x11
 1517 064f 04       		.byte	0x4
 1518 0650 54060000 		.4byte	0x654
 1519 0654 14       		.uleb128 0x14
 1520 0655 70040000 		.4byte	0x470
 1521 0659 15       		.uleb128 0x15
 1522 065a 01       		.byte	0x1
 1523 065b 1D000000 		.4byte	.LASF74
 1524 065f 01       		.byte	0x1
 1525 0660 98       		.byte	0x98
 1526 0661 01       		.byte	0x1
 1527 0662 00000000 		.4byte	.LFB119
 1528 0666 BC000000 		.4byte	.LFE119
 1529 066a 20000000 		.4byte	.LLST1
 1530 066e 37070000 		.4byte	0x737
 1531 0672 16       		.uleb128 0x16
 1532 0673 76020000 		.4byte	.LASF75
 1533 0677 01       		.byte	0x1
 1534 0678 98       		.byte	0x98
 1535 0679 91040000 		.4byte	0x491
ARM GAS  /tmp/ccyWfcG3.s 			page 28


 1536 067d 01       		.byte	0x1
 1537 067e 50       		.byte	0x50
 1538 067f 1B       		.uleb128 0x1b
 1539 0680 DB020000 		.4byte	.LASF76
 1540 0684 01       		.byte	0x1
 1541 0685 99       		.byte	0x99
 1542 0686 7B040000 		.4byte	0x47b
 1543 068a 40000000 		.4byte	.LLST2
 1544 068e 1B       		.uleb128 0x1b
 1545 068f 67020000 		.4byte	.LASF77
 1546 0693 01       		.byte	0x1
 1547 0694 9A       		.byte	0x9a
 1548 0695 86040000 		.4byte	0x486
 1549 0699 6D000000 		.4byte	.LLST3
 1550 069d 1C       		.uleb128 0x1c
 1551 069e F0020000 		.4byte	.LASF51
 1552 06a2 01       		.byte	0x1
 1553 06a3 9C       		.byte	0x9c
 1554 06a4 70000000 		.4byte	0x70
 1555 06a8 80000000 		.4byte	.LLST4
 1556 06ac 1C       		.uleb128 0x1c
 1557 06ad F6010000 		.4byte	.LASF52
 1558 06b1 01       		.byte	0x1
 1559 06b2 9D       		.byte	0x9d
 1560 06b3 70000000 		.4byte	0x70
 1561 06b7 9E000000 		.4byte	.LLST5
 1562 06bb 1C       		.uleb128 0x1c
 1563 06bc 30010000 		.4byte	.LASF53
 1564 06c0 01       		.byte	0x1
 1565 06c1 9E       		.byte	0x9e
 1566 06c2 70000000 		.4byte	0x70
 1567 06c6 BC000000 		.4byte	.LLST6
 1568 06ca 1C       		.uleb128 0x1c
 1569 06cb E0020000 		.4byte	.LASF54
 1570 06cf 01       		.byte	0x1
 1571 06d0 9F       		.byte	0x9f
 1572 06d1 70000000 		.4byte	0x70
 1573 06d5 DA000000 		.4byte	.LLST7
 1574 06d9 1C       		.uleb128 0x1c
 1575 06da 15030000 		.4byte	.LASF78
 1576 06de 01       		.byte	0x1
 1577 06df A0       		.byte	0xa0
 1578 06e0 70000000 		.4byte	0x70
 1579 06e4 F8000000 		.4byte	.LLST8
 1580 06e8 1D       		.uleb128 0x1d
 1581 06e9 62697400 		.ascii	"bit\000"
 1582 06ed 01       		.byte	0x1
 1583 06ee A1       		.byte	0xa1
 1584 06ef 70000000 		.4byte	0x70
 1585 06f3 16010000 		.4byte	.LLST9
 1586 06f7 1E       		.uleb128 0x1e
 1587 06f8 D8000000 		.4byte	.Ldebug_ranges0+0xd8
 1588 06fc 1C       		.uleb128 0x1c
 1589 06fd 27030000 		.4byte	.LASF79
 1590 0701 01       		.byte	0x1
 1591 0702 A4       		.byte	0xa4
 1592 0703 70000000 		.4byte	0x70
ARM GAS  /tmp/ccyWfcG3.s 			page 29


 1593 0707 40010000 		.4byte	.LLST10
 1594 070b 1D       		.uleb128 0x1d
 1595 070c 6D3100   		.ascii	"m1\000"
 1596 070f 01       		.byte	0x1
 1597 0710 A4       		.byte	0xa4
 1598 0711 70000000 		.4byte	0x70
 1599 0715 5E010000 		.4byte	.LLST11
 1600 0719 1D       		.uleb128 0x1d
 1601 071a 6D3200   		.ascii	"m2\000"
 1602 071d 01       		.byte	0x1
 1603 071e A4       		.byte	0xa4
 1604 071f 70000000 		.4byte	0x70
 1605 0723 75010000 		.4byte	.LLST12
 1606 0727 1D       		.uleb128 0x1d
 1607 0728 6D3400   		.ascii	"m4\000"
 1608 072b 01       		.byte	0x1
 1609 072c A4       		.byte	0xa4
 1610 072d 70000000 		.4byte	0x70
 1611 0731 8E010000 		.4byte	.LLST13
 1612 0735 00       		.byte	0x0
 1613 0736 00       		.byte	0x0
 1614 0737 1F       		.uleb128 0x1f
 1615 0738 1A030000 		.4byte	.LASF80
 1616 073c 05       		.byte	0x5
 1617 073d 1A05     		.2byte	0x51a
 1618 073f AC000000 		.4byte	0xac
 1619 0743 01       		.byte	0x1
 1620 0744 01       		.byte	0x1
 1621 0745 1F       		.uleb128 0x1f
 1622 0746 1A030000 		.4byte	.LASF80
 1623 074a 05       		.byte	0x5
 1624 074b 1A05     		.2byte	0x51a
 1625 074d AC000000 		.4byte	0xac
 1626 0751 01       		.byte	0x1
 1627 0752 01       		.byte	0x1
 1628 0753 00       		.byte	0x0
 1629              		.section	.debug_abbrev
 1630 0000 01       		.uleb128 0x1
 1631 0001 11       		.uleb128 0x11
 1632 0002 01       		.byte	0x1
 1633 0003 25       		.uleb128 0x25
 1634 0004 0E       		.uleb128 0xe
 1635 0005 13       		.uleb128 0x13
 1636 0006 0B       		.uleb128 0xb
 1637 0007 03       		.uleb128 0x3
 1638 0008 0E       		.uleb128 0xe
 1639 0009 1B       		.uleb128 0x1b
 1640 000a 0E       		.uleb128 0xe
 1641 000b 11       		.uleb128 0x11
 1642 000c 01       		.uleb128 0x1
 1643 000d 52       		.uleb128 0x52
 1644 000e 01       		.uleb128 0x1
 1645 000f 55       		.uleb128 0x55
 1646 0010 06       		.uleb128 0x6
 1647 0011 10       		.uleb128 0x10
 1648 0012 06       		.uleb128 0x6
 1649 0013 00       		.byte	0x0
ARM GAS  /tmp/ccyWfcG3.s 			page 30


 1650 0014 00       		.byte	0x0
 1651 0015 02       		.uleb128 0x2
 1652 0016 24       		.uleb128 0x24
 1653 0017 00       		.byte	0x0
 1654 0018 0B       		.uleb128 0xb
 1655 0019 0B       		.uleb128 0xb
 1656 001a 3E       		.uleb128 0x3e
 1657 001b 0B       		.uleb128 0xb
 1658 001c 03       		.uleb128 0x3
 1659 001d 08       		.uleb128 0x8
 1660 001e 00       		.byte	0x0
 1661 001f 00       		.byte	0x0
 1662 0020 03       		.uleb128 0x3
 1663 0021 24       		.uleb128 0x24
 1664 0022 00       		.byte	0x0
 1665 0023 0B       		.uleb128 0xb
 1666 0024 0B       		.uleb128 0xb
 1667 0025 3E       		.uleb128 0x3e
 1668 0026 0B       		.uleb128 0xb
 1669 0027 03       		.uleb128 0x3
 1670 0028 0E       		.uleb128 0xe
 1671 0029 00       		.byte	0x0
 1672 002a 00       		.byte	0x0
 1673 002b 04       		.uleb128 0x4
 1674 002c 16       		.uleb128 0x16
 1675 002d 00       		.byte	0x0
 1676 002e 03       		.uleb128 0x3
 1677 002f 0E       		.uleb128 0xe
 1678 0030 3A       		.uleb128 0x3a
 1679 0031 0B       		.uleb128 0xb
 1680 0032 3B       		.uleb128 0x3b
 1681 0033 0B       		.uleb128 0xb
 1682 0034 49       		.uleb128 0x49
 1683 0035 13       		.uleb128 0x13
 1684 0036 00       		.byte	0x0
 1685 0037 00       		.byte	0x0
 1686 0038 05       		.uleb128 0x5
 1687 0039 35       		.uleb128 0x35
 1688 003a 00       		.byte	0x0
 1689 003b 49       		.uleb128 0x49
 1690 003c 13       		.uleb128 0x13
 1691 003d 00       		.byte	0x0
 1692 003e 00       		.byte	0x0
 1693 003f 06       		.uleb128 0x6
 1694 0040 01       		.uleb128 0x1
 1695 0041 01       		.byte	0x1
 1696 0042 49       		.uleb128 0x49
 1697 0043 13       		.uleb128 0x13
 1698 0044 01       		.uleb128 0x1
 1699 0045 13       		.uleb128 0x13
 1700 0046 00       		.byte	0x0
 1701 0047 00       		.byte	0x0
 1702 0048 07       		.uleb128 0x7
 1703 0049 21       		.uleb128 0x21
 1704 004a 00       		.byte	0x0
 1705 004b 49       		.uleb128 0x49
 1706 004c 13       		.uleb128 0x13
ARM GAS  /tmp/ccyWfcG3.s 			page 31


 1707 004d 2F       		.uleb128 0x2f
 1708 004e 0B       		.uleb128 0xb
 1709 004f 00       		.byte	0x0
 1710 0050 00       		.byte	0x0
 1711 0051 08       		.uleb128 0x8
 1712 0052 13       		.uleb128 0x13
 1713 0053 01       		.byte	0x1
 1714 0054 0B       		.uleb128 0xb
 1715 0055 0B       		.uleb128 0xb
 1716 0056 3A       		.uleb128 0x3a
 1717 0057 0B       		.uleb128 0xb
 1718 0058 3B       		.uleb128 0x3b
 1719 0059 05       		.uleb128 0x5
 1720 005a 01       		.uleb128 0x1
 1721 005b 13       		.uleb128 0x13
 1722 005c 00       		.byte	0x0
 1723 005d 00       		.byte	0x0
 1724 005e 09       		.uleb128 0x9
 1725 005f 0D       		.uleb128 0xd
 1726 0060 00       		.byte	0x0
 1727 0061 03       		.uleb128 0x3
 1728 0062 08       		.uleb128 0x8
 1729 0063 3A       		.uleb128 0x3a
 1730 0064 0B       		.uleb128 0xb
 1731 0065 3B       		.uleb128 0x3b
 1732 0066 05       		.uleb128 0x5
 1733 0067 49       		.uleb128 0x49
 1734 0068 13       		.uleb128 0x13
 1735 0069 38       		.uleb128 0x38
 1736 006a 0A       		.uleb128 0xa
 1737 006b 00       		.byte	0x0
 1738 006c 00       		.byte	0x0
 1739 006d 0A       		.uleb128 0xa
 1740 006e 0D       		.uleb128 0xd
 1741 006f 00       		.byte	0x0
 1742 0070 03       		.uleb128 0x3
 1743 0071 0E       		.uleb128 0xe
 1744 0072 3A       		.uleb128 0x3a
 1745 0073 0B       		.uleb128 0xb
 1746 0074 3B       		.uleb128 0x3b
 1747 0075 05       		.uleb128 0x5
 1748 0076 49       		.uleb128 0x49
 1749 0077 13       		.uleb128 0x13
 1750 0078 38       		.uleb128 0x38
 1751 0079 0A       		.uleb128 0xa
 1752 007a 00       		.byte	0x0
 1753 007b 00       		.byte	0x0
 1754 007c 0B       		.uleb128 0xb
 1755 007d 16       		.uleb128 0x16
 1756 007e 00       		.byte	0x0
 1757 007f 03       		.uleb128 0x3
 1758 0080 0E       		.uleb128 0xe
 1759 0081 3A       		.uleb128 0x3a
 1760 0082 0B       		.uleb128 0xb
 1761 0083 3B       		.uleb128 0x3b
 1762 0084 05       		.uleb128 0x5
 1763 0085 49       		.uleb128 0x49
ARM GAS  /tmp/ccyWfcG3.s 			page 32


 1764 0086 13       		.uleb128 0x13
 1765 0087 00       		.byte	0x0
 1766 0088 00       		.byte	0x0
 1767 0089 0C       		.uleb128 0xc
 1768 008a 13       		.uleb128 0x13
 1769 008b 01       		.byte	0x1
 1770 008c 0B       		.uleb128 0xb
 1771 008d 0B       		.uleb128 0xb
 1772 008e 3A       		.uleb128 0x3a
 1773 008f 0B       		.uleb128 0xb
 1774 0090 3B       		.uleb128 0x3b
 1775 0091 0B       		.uleb128 0xb
 1776 0092 01       		.uleb128 0x1
 1777 0093 13       		.uleb128 0x13
 1778 0094 00       		.byte	0x0
 1779 0095 00       		.byte	0x0
 1780 0096 0D       		.uleb128 0xd
 1781 0097 0D       		.uleb128 0xd
 1782 0098 00       		.byte	0x0
 1783 0099 03       		.uleb128 0x3
 1784 009a 08       		.uleb128 0x8
 1785 009b 3A       		.uleb128 0x3a
 1786 009c 0B       		.uleb128 0xb
 1787 009d 3B       		.uleb128 0x3b
 1788 009e 0B       		.uleb128 0xb
 1789 009f 49       		.uleb128 0x49
 1790 00a0 13       		.uleb128 0x13
 1791 00a1 38       		.uleb128 0x38
 1792 00a2 0A       		.uleb128 0xa
 1793 00a3 00       		.byte	0x0
 1794 00a4 00       		.byte	0x0
 1795 00a5 0E       		.uleb128 0xe
 1796 00a6 0D       		.uleb128 0xd
 1797 00a7 00       		.byte	0x0
 1798 00a8 03       		.uleb128 0x3
 1799 00a9 0E       		.uleb128 0xe
 1800 00aa 3A       		.uleb128 0x3a
 1801 00ab 0B       		.uleb128 0xb
 1802 00ac 3B       		.uleb128 0x3b
 1803 00ad 0B       		.uleb128 0xb
 1804 00ae 49       		.uleb128 0x49
 1805 00af 13       		.uleb128 0x13
 1806 00b0 38       		.uleb128 0x38
 1807 00b1 0A       		.uleb128 0xa
 1808 00b2 00       		.byte	0x0
 1809 00b3 00       		.byte	0x0
 1810 00b4 0F       		.uleb128 0xf
 1811 00b5 17       		.uleb128 0x17
 1812 00b6 01       		.byte	0x1
 1813 00b7 0B       		.uleb128 0xb
 1814 00b8 0B       		.uleb128 0xb
 1815 00b9 3A       		.uleb128 0x3a
 1816 00ba 0B       		.uleb128 0xb
 1817 00bb 3B       		.uleb128 0x3b
 1818 00bc 0B       		.uleb128 0xb
 1819 00bd 01       		.uleb128 0x1
 1820 00be 13       		.uleb128 0x13
ARM GAS  /tmp/ccyWfcG3.s 			page 33


 1821 00bf 00       		.byte	0x0
 1822 00c0 00       		.byte	0x0
 1823 00c1 10       		.uleb128 0x10
 1824 00c2 0D       		.uleb128 0xd
 1825 00c3 00       		.byte	0x0
 1826 00c4 03       		.uleb128 0x3
 1827 00c5 08       		.uleb128 0x8
 1828 00c6 3A       		.uleb128 0x3a
 1829 00c7 0B       		.uleb128 0xb
 1830 00c8 3B       		.uleb128 0x3b
 1831 00c9 0B       		.uleb128 0xb
 1832 00ca 49       		.uleb128 0x49
 1833 00cb 13       		.uleb128 0x13
 1834 00cc 00       		.byte	0x0
 1835 00cd 00       		.byte	0x0
 1836 00ce 11       		.uleb128 0x11
 1837 00cf 0F       		.uleb128 0xf
 1838 00d0 00       		.byte	0x0
 1839 00d1 0B       		.uleb128 0xb
 1840 00d2 0B       		.uleb128 0xb
 1841 00d3 49       		.uleb128 0x49
 1842 00d4 13       		.uleb128 0x13
 1843 00d5 00       		.byte	0x0
 1844 00d6 00       		.byte	0x0
 1845 00d7 12       		.uleb128 0x12
 1846 00d8 2E       		.uleb128 0x2e
 1847 00d9 01       		.byte	0x1
 1848 00da 03       		.uleb128 0x3
 1849 00db 0E       		.uleb128 0xe
 1850 00dc 3A       		.uleb128 0x3a
 1851 00dd 0B       		.uleb128 0xb
 1852 00de 3B       		.uleb128 0x3b
 1853 00df 0B       		.uleb128 0xb
 1854 00e0 27       		.uleb128 0x27
 1855 00e1 0C       		.uleb128 0xc
 1856 00e2 20       		.uleb128 0x20
 1857 00e3 0B       		.uleb128 0xb
 1858 00e4 01       		.uleb128 0x1
 1859 00e5 13       		.uleb128 0x13
 1860 00e6 00       		.byte	0x0
 1861 00e7 00       		.byte	0x0
 1862 00e8 13       		.uleb128 0x13
 1863 00e9 05       		.uleb128 0x5
 1864 00ea 00       		.byte	0x0
 1865 00eb 03       		.uleb128 0x3
 1866 00ec 0E       		.uleb128 0xe
 1867 00ed 3A       		.uleb128 0x3a
 1868 00ee 0B       		.uleb128 0xb
 1869 00ef 3B       		.uleb128 0x3b
 1870 00f0 0B       		.uleb128 0xb
 1871 00f1 49       		.uleb128 0x49
 1872 00f2 13       		.uleb128 0x13
 1873 00f3 00       		.byte	0x0
 1874 00f4 00       		.byte	0x0
 1875 00f5 14       		.uleb128 0x14
 1876 00f6 26       		.uleb128 0x26
 1877 00f7 00       		.byte	0x0
ARM GAS  /tmp/ccyWfcG3.s 			page 34


 1878 00f8 49       		.uleb128 0x49
 1879 00f9 13       		.uleb128 0x13
 1880 00fa 00       		.byte	0x0
 1881 00fb 00       		.byte	0x0
 1882 00fc 15       		.uleb128 0x15
 1883 00fd 2E       		.uleb128 0x2e
 1884 00fe 01       		.byte	0x1
 1885 00ff 3F       		.uleb128 0x3f
 1886 0100 0C       		.uleb128 0xc
 1887 0101 03       		.uleb128 0x3
 1888 0102 0E       		.uleb128 0xe
 1889 0103 3A       		.uleb128 0x3a
 1890 0104 0B       		.uleb128 0xb
 1891 0105 3B       		.uleb128 0x3b
 1892 0106 0B       		.uleb128 0xb
 1893 0107 27       		.uleb128 0x27
 1894 0108 0C       		.uleb128 0xc
 1895 0109 11       		.uleb128 0x11
 1896 010a 01       		.uleb128 0x1
 1897 010b 12       		.uleb128 0x12
 1898 010c 01       		.uleb128 0x1
 1899 010d 40       		.uleb128 0x40
 1900 010e 06       		.uleb128 0x6
 1901 010f 01       		.uleb128 0x1
 1902 0110 13       		.uleb128 0x13
 1903 0111 00       		.byte	0x0
 1904 0112 00       		.byte	0x0
 1905 0113 16       		.uleb128 0x16
 1906 0114 05       		.uleb128 0x5
 1907 0115 00       		.byte	0x0
 1908 0116 03       		.uleb128 0x3
 1909 0117 0E       		.uleb128 0xe
 1910 0118 3A       		.uleb128 0x3a
 1911 0119 0B       		.uleb128 0xb
 1912 011a 3B       		.uleb128 0x3b
 1913 011b 0B       		.uleb128 0xb
 1914 011c 49       		.uleb128 0x49
 1915 011d 13       		.uleb128 0x13
 1916 011e 02       		.uleb128 0x2
 1917 011f 0A       		.uleb128 0xa
 1918 0120 00       		.byte	0x0
 1919 0121 00       		.byte	0x0
 1920 0122 17       		.uleb128 0x17
 1921 0123 1D       		.uleb128 0x1d
 1922 0124 01       		.byte	0x1
 1923 0125 31       		.uleb128 0x31
 1924 0126 13       		.uleb128 0x13
 1925 0127 52       		.uleb128 0x52
 1926 0128 01       		.uleb128 0x1
 1927 0129 55       		.uleb128 0x55
 1928 012a 06       		.uleb128 0x6
 1929 012b 58       		.uleb128 0x58
 1930 012c 0B       		.uleb128 0xb
 1931 012d 59       		.uleb128 0x59
 1932 012e 0B       		.uleb128 0xb
 1933 012f 01       		.uleb128 0x1
 1934 0130 13       		.uleb128 0x13
ARM GAS  /tmp/ccyWfcG3.s 			page 35


 1935 0131 00       		.byte	0x0
 1936 0132 00       		.byte	0x0
 1937 0133 18       		.uleb128 0x18
 1938 0134 05       		.uleb128 0x5
 1939 0135 00       		.byte	0x0
 1940 0136 31       		.uleb128 0x31
 1941 0137 13       		.uleb128 0x13
 1942 0138 02       		.uleb128 0x2
 1943 0139 0A       		.uleb128 0xa
 1944 013a 00       		.byte	0x0
 1945 013b 00       		.byte	0x0
 1946 013c 19       		.uleb128 0x19
 1947 013d 05       		.uleb128 0x5
 1948 013e 00       		.byte	0x0
 1949 013f 31       		.uleb128 0x31
 1950 0140 13       		.uleb128 0x13
 1951 0141 1C       		.uleb128 0x1c
 1952 0142 06       		.uleb128 0x6
 1953 0143 00       		.byte	0x0
 1954 0144 00       		.byte	0x0
 1955 0145 1A       		.uleb128 0x1a
 1956 0146 1D       		.uleb128 0x1d
 1957 0147 01       		.byte	0x1
 1958 0148 31       		.uleb128 0x31
 1959 0149 13       		.uleb128 0x13
 1960 014a 52       		.uleb128 0x52
 1961 014b 01       		.uleb128 0x1
 1962 014c 55       		.uleb128 0x55
 1963 014d 06       		.uleb128 0x6
 1964 014e 58       		.uleb128 0x58
 1965 014f 0B       		.uleb128 0xb
 1966 0150 59       		.uleb128 0x59
 1967 0151 0B       		.uleb128 0xb
 1968 0152 00       		.byte	0x0
 1969 0153 00       		.byte	0x0
 1970 0154 1B       		.uleb128 0x1b
 1971 0155 05       		.uleb128 0x5
 1972 0156 00       		.byte	0x0
 1973 0157 03       		.uleb128 0x3
 1974 0158 0E       		.uleb128 0xe
 1975 0159 3A       		.uleb128 0x3a
 1976 015a 0B       		.uleb128 0xb
 1977 015b 3B       		.uleb128 0x3b
 1978 015c 0B       		.uleb128 0xb
 1979 015d 49       		.uleb128 0x49
 1980 015e 13       		.uleb128 0x13
 1981 015f 02       		.uleb128 0x2
 1982 0160 06       		.uleb128 0x6
 1983 0161 00       		.byte	0x0
 1984 0162 00       		.byte	0x0
 1985 0163 1C       		.uleb128 0x1c
 1986 0164 34       		.uleb128 0x34
 1987 0165 00       		.byte	0x0
 1988 0166 03       		.uleb128 0x3
 1989 0167 0E       		.uleb128 0xe
 1990 0168 3A       		.uleb128 0x3a
 1991 0169 0B       		.uleb128 0xb
ARM GAS  /tmp/ccyWfcG3.s 			page 36


 1992 016a 3B       		.uleb128 0x3b
 1993 016b 0B       		.uleb128 0xb
 1994 016c 49       		.uleb128 0x49
 1995 016d 13       		.uleb128 0x13
 1996 016e 02       		.uleb128 0x2
 1997 016f 06       		.uleb128 0x6
 1998 0170 00       		.byte	0x0
 1999 0171 00       		.byte	0x0
 2000 0172 1D       		.uleb128 0x1d
 2001 0173 34       		.uleb128 0x34
 2002 0174 00       		.byte	0x0
 2003 0175 03       		.uleb128 0x3
 2004 0176 08       		.uleb128 0x8
 2005 0177 3A       		.uleb128 0x3a
 2006 0178 0B       		.uleb128 0xb
 2007 0179 3B       		.uleb128 0x3b
 2008 017a 0B       		.uleb128 0xb
 2009 017b 49       		.uleb128 0x49
 2010 017c 13       		.uleb128 0x13
 2011 017d 02       		.uleb128 0x2
 2012 017e 06       		.uleb128 0x6
 2013 017f 00       		.byte	0x0
 2014 0180 00       		.byte	0x0
 2015 0181 1E       		.uleb128 0x1e
 2016 0182 0B       		.uleb128 0xb
 2017 0183 01       		.byte	0x1
 2018 0184 55       		.uleb128 0x55
 2019 0185 06       		.uleb128 0x6
 2020 0186 00       		.byte	0x0
 2021 0187 00       		.byte	0x0
 2022 0188 1F       		.uleb128 0x1f
 2023 0189 34       		.uleb128 0x34
 2024 018a 00       		.byte	0x0
 2025 018b 03       		.uleb128 0x3
 2026 018c 0E       		.uleb128 0xe
 2027 018d 3A       		.uleb128 0x3a
 2028 018e 0B       		.uleb128 0xb
 2029 018f 3B       		.uleb128 0x3b
 2030 0190 05       		.uleb128 0x5
 2031 0191 49       		.uleb128 0x49
 2032 0192 13       		.uleb128 0x13
 2033 0193 3F       		.uleb128 0x3f
 2034 0194 0C       		.uleb128 0xc
 2035 0195 3C       		.uleb128 0x3c
 2036 0196 0C       		.uleb128 0xc
 2037 0197 00       		.byte	0x0
 2038 0198 00       		.byte	0x0
 2039 0199 00       		.byte	0x0
 2040              		.section	.debug_pubnames,"",%progbits
 2041 0000 3A000000 		.4byte	0x3a
 2042 0004 0200     		.2byte	0x2
 2043 0006 00000000 		.4byte	.Ldebug_info0
 2044 000a 54070000 		.4byte	0x754
 2045 000e D1040000 		.4byte	0x4d1
 2046 0012 5F70616C 		.ascii	"_pal_lld_init\000"
 2046      5F6C6C64 
 2046      5F696E69 
ARM GAS  /tmp/ccyWfcG3.s 			page 37


 2046      7400
 2047 0020 59060000 		.4byte	0x659
 2048 0024 5F70616C 		.ascii	"_pal_lld_setgroupmode\000"
 2048      5F6C6C64 
 2048      5F736574 
 2048      67726F75 
 2048      706D6F64 
 2049 003a 00000000 		.4byte	0x0
 2050              		.section	.debug_pubtypes,"",%progbits
 2051 0000 A7000000 		.4byte	0xa7
 2052 0004 0200     		.2byte	0x2
 2053 0006 00000000 		.4byte	.Ldebug_info0
 2054 000a 54070000 		.4byte	0x754
 2055 000e 4C000000 		.4byte	0x4c
 2056 0012 75696E74 		.ascii	"uint16_t\000"
 2056      31365F74 
 2056      00
 2057 001b 5E000000 		.4byte	0x5e
 2058 001f 696E7433 		.ascii	"int32_t\000"
 2058      325F7400 
 2059 0027 70000000 		.4byte	0x70
 2060 002b 75696E74 		.ascii	"uint32_t\000"
 2060      33325F74 
 2060      00
 2061 0034 7E020000 		.4byte	0x27e
 2062 0038 5243435F 		.ascii	"RCC_TypeDef\000"
 2062      54797065 
 2062      44656600 
 2063 0044 64030000 		.4byte	0x364
 2064 0048 4750494F 		.ascii	"GPIO_TypeDef\000"
 2064      5F547970 
 2064      65446566 
 2064      00
 2065 0055 DA030000 		.4byte	0x3da
 2066 0059 73746D33 		.ascii	"stm32_gpio_setup_t\000"
 2066      325F6770 
 2066      696F5F73 
 2066      65747570 
 2066      5F7400
 2067 006c 70040000 		.4byte	0x470
 2068 0070 50414C43 		.ascii	"PALConfig\000"
 2068      6F6E6669 
 2068      6700
 2069 007a 7B040000 		.4byte	0x47b
 2070 007e 696F706F 		.ascii	"ioportmask_t\000"
 2070      72746D61 
 2070      736B5F74 
 2070      00
 2071 008b 86040000 		.4byte	0x486
 2072 008f 696F6D6F 		.ascii	"iomode_t\000"
 2072      64655F74 
 2072      00
 2073 0098 91040000 		.4byte	0x491
 2074 009c 696F706F 		.ascii	"ioportid_t\000"
 2074      72746964 
 2074      5F7400
 2075 00a7 00000000 		.4byte	0x0
ARM GAS  /tmp/ccyWfcG3.s 			page 38


 2076              		.section	.debug_aranges,"",%progbits
 2077 0000 24000000 		.4byte	0x24
 2078 0004 0200     		.2byte	0x2
 2079 0006 00000000 		.4byte	.Ldebug_info0
 2080 000a 04       		.byte	0x4
 2081 000b 00       		.byte	0x0
 2082 000c 0000     		.2byte	0x0
 2083 000e 0000     		.2byte	0x0
 2084 0010 00000000 		.4byte	.LFB118
 2085 0014 FC010000 		.4byte	.LFE118-.LFB118
 2086 0018 00000000 		.4byte	.LFB119
 2087 001c BC000000 		.4byte	.LFE119-.LFB119
 2088 0020 00000000 		.4byte	0x0
 2089 0024 00000000 		.4byte	0x0
 2090              		.section	.debug_ranges,"",%progbits
 2091              	.Ldebug_ranges0:
 2092 0000 08000000 		.4byte	.LBB20
 2093 0004 0C000000 		.4byte	.LBE20
 2094 0008 3E000000 		.4byte	.LBB47
 2095 000c 76000000 		.4byte	.LBE47
 2096 0010 00000000 		.4byte	0x0
 2097 0014 00000000 		.4byte	0x0
 2098 0018 10000000 		.4byte	.LBB23
 2099 001c 14000000 		.4byte	.LBE23
 2100 0020 76000000 		.4byte	.LBB48
 2101 0024 AE000000 		.4byte	.LBE48
 2102 0028 00000000 		.4byte	0x0
 2103 002c 00000000 		.4byte	0x0
 2104 0030 14000000 		.4byte	.LBB26
 2105 0034 16000000 		.4byte	.LBE26
 2106 0038 AE000000 		.4byte	.LBB49
 2107 003c E6000000 		.4byte	.LBE49
 2108 0040 00000000 		.4byte	0x0
 2109 0044 00000000 		.4byte	0x0
 2110 0048 16000000 		.4byte	.LBB29
 2111 004c 18000000 		.4byte	.LBE29
 2112 0050 E6000000 		.4byte	.LBB50
 2113 0054 02010000 		.4byte	.LBE50
 2114 0058 00000000 		.4byte	0x0
 2115 005c 00000000 		.4byte	0x0
 2116 0060 18000000 		.4byte	.LBB32
 2117 0064 1A000000 		.4byte	.LBE32
 2118 0068 02010000 		.4byte	.LBB51
 2119 006c 24010000 		.4byte	.LBE51
 2120 0070 00000000 		.4byte	0x0
 2121 0074 00000000 		.4byte	0x0
 2122 0078 1A000000 		.4byte	.LBB35
 2123 007c 1C000000 		.4byte	.LBE35
 2124 0080 24010000 		.4byte	.LBB52
 2125 0084 4E010000 		.4byte	.LBE52
 2126 0088 00000000 		.4byte	0x0
 2127 008c 00000000 		.4byte	0x0
 2128 0090 1C000000 		.4byte	.LBB38
 2129 0094 1E000000 		.4byte	.LBE38
 2130 0098 4E010000 		.4byte	.LBB53
 2131 009c 78010000 		.4byte	.LBE53
 2132 00a0 00000000 		.4byte	0x0
ARM GAS  /tmp/ccyWfcG3.s 			page 39


 2133 00a4 00000000 		.4byte	0x0
 2134 00a8 1E000000 		.4byte	.LBB41
 2135 00ac 20000000 		.4byte	.LBE41
 2136 00b0 78010000 		.4byte	.LBB54
 2137 00b4 A2010000 		.4byte	.LBE54
 2138 00b8 00000000 		.4byte	0x0
 2139 00bc 00000000 		.4byte	0x0
 2140 00c0 20000000 		.4byte	.LBB44
 2141 00c4 22000000 		.4byte	.LBE44
 2142 00c8 A2010000 		.4byte	.LBB55
 2143 00cc CC010000 		.4byte	.LBE55
 2144 00d0 00000000 		.4byte	0x0
 2145 00d4 00000000 		.4byte	0x0
 2146 00d8 1A000000 		.4byte	.LBB56
 2147 00dc 7E000000 		.4byte	.LBE56
 2148 00e0 92000000 		.4byte	.LBB57
 2149 00e4 B6000000 		.4byte	.LBE57
 2150 00e8 00000000 		.4byte	0x0
 2151 00ec 00000000 		.4byte	0x0
 2152 00f0 00000000 		.4byte	.LFB118
 2153 00f4 FC010000 		.4byte	.LFE118
 2154 00f8 00000000 		.4byte	.LFB119
 2155 00fc BC000000 		.4byte	.LFE119
 2156 0100 00000000 		.4byte	0x0
 2157 0104 00000000 		.4byte	0x0
 2158              		.section	.debug_str,"MS",%progbits,1
 2159              	.LASF29:
 2160 0000 41484231 		.ascii	"AHB1LPENR\000"
 2160      4C50454E 
 2160      5200
 2161              	.LASF60:
 2162 000a 50434461 		.ascii	"PCData\000"
 2162      746100
 2163              	.LASF40:
 2164 0011 5243435F 		.ascii	"RCC_TypeDef\000"
 2164      54797065 
 2164      44656600 
 2165              	.LASF74:
 2166 001d 5F70616C 		.ascii	"_pal_lld_setgroupmode\000"
 2166      5F6C6C64 
 2166      5F736574 
 2166      67726F75 
 2166      706D6F64 
 2167              	.LASF19:
 2168 0033 41504231 		.ascii	"APB1RSTR\000"
 2168      52535452 
 2168      00
 2169              	.LASF23:
 2170 003c 41484232 		.ascii	"AHB2ENR\000"
 2170      454E5200 
 2171              	.LASF57:
 2172 0044 73746D33 		.ascii	"stm32_gpio_setup_t\000"
 2172      325F6770 
 2172      696F5F73 
 2172      65747570 
 2172      5F7400
 2173              	.LASF63:
ARM GAS  /tmp/ccyWfcG3.s 			page 40


 2174 0057 50464461 		.ascii	"PFData\000"
 2174      746100
 2175              	.LASF73:
 2176 005e 5F70616C 		.ascii	"_pal_lld_init\000"
 2176      5F6C6C64 
 2176      5F696E69 
 2176      7400
 2177              	.LASF3:
 2178 006c 73686F72 		.ascii	"short int\000"
 2178      7420696E 
 2178      7400
 2179              	.LASF84:
 2180 0076 696E6974 		.ascii	"initgpio\000"
 2180      6770696F 
 2180      00
 2181              	.LASF71:
 2182 007f 6770696F 		.ascii	"gpiop\000"
 2182      7000
 2183              	.LASF36:
 2184 0085 42444352 		.ascii	"BDCR\000"
 2184      00
 2185              	.LASF66:
 2186 008a 50494461 		.ascii	"PIData\000"
 2186      746100
 2187              	.LASF39:
 2188 0091 504C4C49 		.ascii	"PLLI2SCFGR\000"
 2188      32534346 
 2188      475200
 2189              	.LASF22:
 2190 009c 41484231 		.ascii	"AHB1ENR\000"
 2190      454E5200 
 2191              	.LASF38:
 2192 00a4 53534347 		.ascii	"SSCGR\000"
 2192      5200
 2193              	.LASF59:
 2194 00aa 50424461 		.ascii	"PBData\000"
 2194      746100
 2195              	.LASF31:
 2196 00b1 41484233 		.ascii	"AHB3LPENR\000"
 2196      4C50454E 
 2196      5200
 2197              	.LASF72:
 2198 00bb 636F6E66 		.ascii	"config\000"
 2198      696700
 2199              	.LASF69:
 2200 00c2 696F6D6F 		.ascii	"iomode_t\000"
 2200      64655F74 
 2200      00
 2201              	.LASF26:
 2202 00cb 41504231 		.ascii	"APB1ENR\000"
 2202      454E5200 
 2203              	.LASF68:
 2204 00d3 696F706F 		.ascii	"ioportmask_t\000"
 2204      72746D61 
 2204      736B5F74 
 2204      00
 2205              	.LASF43:
ARM GAS  /tmp/ccyWfcG3.s 			page 41


 2206 00e0 4F545950 		.ascii	"OTYPER\000"
 2206      455200
 2207              	.LASF83:
 2208 00e7 2F686F6D 		.ascii	"/home/stm32/Workspace/FirmwareSpykee\000"
 2208      652F7374 
 2208      6D33322F 
 2208      576F726B 
 2208      73706163 
 2209              	.LASF24:
 2210 010c 41484233 		.ascii	"AHB3ENR\000"
 2210      454E5200 
 2211              	.LASF44:
 2212 0114 4F535045 		.ascii	"OSPEEDR\000"
 2212      45445200 
 2213              	.LASF10:
 2214 011c 6C6F6E67 		.ascii	"long long int\000"
 2214      206C6F6E 
 2214      6720696E 
 2214      7400
 2215              	.LASF45:
 2216 012a 50555044 		.ascii	"PUPDR\000"
 2216      5200
 2217              	.LASF53:
 2218 0130 6F737065 		.ascii	"ospeedr\000"
 2218      65647200 
 2219              	.LASF7:
 2220 0138 6C6F6E67 		.ascii	"long int\000"
 2220      20696E74 
 2220      00
 2221              	.LASF61:
 2222 0141 50444461 		.ascii	"PDData\000"
 2222      746100
 2223              	.LASF82:
 2224 0148 2E2E2F6C 		.ascii	"../libs/ChibiOS_2.4.0/os/hal/platforms/STM32/GPIOv2"
 2224      6962732F 
 2224      43686962 
 2224      694F535F 
 2224      322E342E 
 2225 017b 2F70616C 		.ascii	"/pal_lld.c\000"
 2225      5F6C6C64 
 2225      2E6300
 2226              	.LASF42:
 2227 0186 4D4F4445 		.ascii	"MODER\000"
 2227      5200
 2228              	.LASF20:
 2229 018c 41504232 		.ascii	"APB2RSTR\000"
 2229      52535452 
 2229      00
 2230              	.LASF41:
 2231 0195 636C6561 		.ascii	"clear\000"
 2231      7200
 2232              	.LASF64:
 2233 019b 50474461 		.ascii	"PGData\000"
 2233      746100
 2234              	.LASF58:
 2235 01a2 50414461 		.ascii	"PAData\000"
 2235      746100
ARM GAS  /tmp/ccyWfcG3.s 			page 42


 2236              	.LASF70:
 2237 01a9 696F706F 		.ascii	"ioportid_t\000"
 2237      72746964 
 2237      5F7400
 2238              	.LASF2:
 2239 01b4 756E7369 		.ascii	"unsigned char\000"
 2239      676E6564 
 2239      20636861 
 2239      7200
 2240              	.LASF27:
 2241 01c2 41504232 		.ascii	"APB2ENR\000"
 2241      454E5200 
 2242              	.LASF1:
 2243 01ca 7369676E 		.ascii	"signed char\000"
 2243      65642063 
 2243      68617200 
 2244              	.LASF11:
 2245 01d6 6C6F6E67 		.ascii	"long long unsigned int\000"
 2245      206C6F6E 
 2245      6720756E 
 2245      7369676E 
 2245      65642069 
 2246              	.LASF8:
 2247 01ed 75696E74 		.ascii	"uint32_t\000"
 2247      33325F74 
 2247      00
 2248              	.LASF52:
 2249 01f6 6F747970 		.ascii	"otyper\000"
 2249      657200
 2250              	.LASF16:
 2251 01fd 41484232 		.ascii	"AHB2RSTR\000"
 2251      52535452 
 2251      00
 2252              	.LASF5:
 2253 0206 75696E74 		.ascii	"uint16_t\000"
 2253      31365F74 
 2253      00
 2254              	.LASF9:
 2255 020f 6C6F6E67 		.ascii	"long unsigned int\000"
 2255      20756E73 
 2255      69676E65 
 2255      6420696E 
 2255      7400
 2256              	.LASF49:
 2257 0221 41465248 		.ascii	"AFRH\000"
 2257      00
 2258              	.LASF13:
 2259 0226 504C4C43 		.ascii	"PLLCFGR\000"
 2259      46475200 
 2260              	.LASF48:
 2261 022e 4146524C 		.ascii	"AFRL\000"
 2261      00
 2262              	.LASF4:
 2263 0233 73686F72 		.ascii	"short unsigned int\000"
 2263      7420756E 
 2263      7369676E 
 2263      65642069 
ARM GAS  /tmp/ccyWfcG3.s 			page 43


 2263      6E7400
 2264              	.LASF33:
 2265 0246 41504231 		.ascii	"APB1LPENR\000"
 2265      4C50454E 
 2265      5200
 2266              	.LASF12:
 2267 0250 63686172 		.ascii	"char\000"
 2267      00
 2268              	.LASF6:
 2269 0255 696E7433 		.ascii	"int32_t\000"
 2269      325F7400 
 2270              	.LASF67:
 2271 025d 50414C43 		.ascii	"PALConfig\000"
 2271      6F6E6669 
 2271      6700
 2272              	.LASF77:
 2273 0267 6D6F6465 		.ascii	"mode\000"
 2273      00
 2274              	.LASF30:
 2275 026c 41484232 		.ascii	"AHB2LPENR\000"
 2275      4C50454E 
 2275      5200
 2276              	.LASF75:
 2277 0276 706F7274 		.ascii	"port\000"
 2277      00
 2278              	.LASF62:
 2279 027b 50454461 		.ascii	"PEData\000"
 2279      746100
 2280              	.LASF18:
 2281 0282 52455345 		.ascii	"RESERVED0\000"
 2281      52564544 
 2281      3000
 2282              	.LASF21:
 2283 028c 52455345 		.ascii	"RESERVED1\000"
 2283      52564544 
 2283      3100
 2284              	.LASF25:
 2285 0296 52455345 		.ascii	"RESERVED2\000"
 2285      52564544 
 2285      3200
 2286              	.LASF28:
 2287 02a0 52455345 		.ascii	"RESERVED3\000"
 2287      52564544 
 2287      3300
 2288              	.LASF32:
 2289 02aa 52455345 		.ascii	"RESERVED4\000"
 2289      52564544 
 2289      3400
 2290              	.LASF35:
 2291 02b4 52455345 		.ascii	"RESERVED5\000"
 2291      52564544 
 2291      3500
 2292              	.LASF37:
 2293 02be 52455345 		.ascii	"RESERVED6\000"
 2293      52564544 
 2293      3600
 2294              	.LASF65:
ARM GAS  /tmp/ccyWfcG3.s 			page 44


 2295 02c8 50484461 		.ascii	"PHData\000"
 2295      746100
 2296              	.LASF81:
 2297 02cf 474E5520 		.ascii	"GNU C 4.5.2\000"
 2297      4320342E 
 2297      352E3200 
 2298              	.LASF76:
 2299 02db 6D61736B 		.ascii	"mask\000"
 2299      00
 2300              	.LASF54:
 2301 02e0 70757064 		.ascii	"pupdr\000"
 2301      7200
 2302              	.LASF56:
 2303 02e6 61667268 		.ascii	"afrh\000"
 2303      00
 2304              	.LASF55:
 2305 02eb 6166726C 		.ascii	"afrl\000"
 2305      00
 2306              	.LASF51:
 2307 02f0 6D6F6465 		.ascii	"moder\000"
 2307      7200
 2308              	.LASF15:
 2309 02f6 41484231 		.ascii	"AHB1RSTR\000"
 2309      52535452 
 2309      00
 2310              	.LASF50:
 2311 02ff 4750494F 		.ascii	"GPIO_TypeDef\000"
 2311      5F547970 
 2311      65446566 
 2311      00
 2312              	.LASF17:
 2313 030c 41484233 		.ascii	"AHB3RSTR\000"
 2313      52535452 
 2313      00
 2314              	.LASF78:
 2315 0315 616C7472 		.ascii	"altr\000"
 2315      00
 2316              	.LASF80:
 2317 031a 49544D5F 		.ascii	"ITM_RxBuffer\000"
 2317      52784275 
 2317      66666572 
 2317      00
 2318              	.LASF79:
 2319 0327 616C7472 		.ascii	"altrmask\000"
 2319      6D61736B 
 2319      00
 2320              	.LASF0:
 2321 0330 756E7369 		.ascii	"unsigned int\000"
 2321      676E6564 
 2321      20696E74 
 2321      00
 2322              	.LASF14:
 2323 033d 43464752 		.ascii	"CFGR\000"
 2323      00
 2324              	.LASF47:
 2325 0342 4C434B52 		.ascii	"LCKR\000"
 2325      00
ARM GAS  /tmp/ccyWfcG3.s 			page 45


 2326              	.LASF34:
 2327 0347 41504232 		.ascii	"APB2LPENR\000"
 2327      4C50454E 
 2327      5200
 2328              	.LASF46:
 2329 0351 42535252 		.ascii	"BSRR\000"
 2329      00
 2330              		.ident	"GCC: (Sourcery G++ Lite 2011.03-42) 4.5.2"
ARM GAS  /tmp/ccyWfcG3.s 			page 46


DEFINED SYMBOLS
                            *ABS*:00000000 pal_lld.c
     /tmp/ccyWfcG3.s:26     .text._pal_lld_init:00000000 $t
     /tmp/ccyWfcG3.s:32     .text._pal_lld_init:00000000 _pal_lld_init
     /tmp/ccyWfcG3.s:351    .text._pal_lld_init:000001d4 $d
     /tmp/ccyWfcG3.s:365    .text._pal_lld_setgroupmode:00000000 $t
     /tmp/ccyWfcG3.s:371    .text._pal_lld_setgroupmode:00000000 _pal_lld_setgroupmode
                     .debug_frame:00000010 $d
     /tmp/ccyWfcG3.s:364    .text._pal_lld_init:000001fc $t

NO UNDEFINED SYMBOLS
